INFO - CPAN flexible study not supported
INFO - CRAN flexible study not supported
INFO - Dub flexible study not supported
INFO - Elm flexible study not supported
INFO - Haxelib flexible study not supported
INFO - Homebrew flexible study not supported
INFO - Pub flexible study not supported
INFO - Puppet flexible study not supported
INFO - Atom flexible study not supported
INFO - Cargo flexible study not supported
INFO - Hex flexible study not supported
INFO - Entered LagService.getLag for package manager Maven
INFO - Finished pair collector caching after 0 seconds
INFO - Finished lag service for Maven after 0 seconds
INFO - NPM flexible study not supported
INFO - NuGet flexible study not supported
INFO - Packagist flexible study not supported
INFO - Pypi flexible study not supported
INFO - Entered LagService.getLag for package manager Rubygems
INFO - Finished pair collector caching after 0 seconds
ERROR - org.postgresql.util.PSQLException: This connection has been closed.
ERROR - org.postgresql.util.PSQLException: This connection has been closed.
ERROR - org.postgresql.util.PSQLException: This connection has been closed.
ERROR - org.postgresql.util.PSQLException: This connection has been closed.
ERROR - org.postgresql.util.PSQLException: This connection has been closed.
ERROR - org.postgresql.util.PSQLException: This connection has been closed.
ERROR - org.postgresql.util.PSQLException: This connection has been closed.
ERROR - org.postgresql.util.PSQLException: This connection has been closed.
ERROR - org.postgresql.util.PSQLException: This connection has been closed.
ERROR - org.postgresql.util.PSQLException: This connection has been closed.
ERROR - org.postgresql.util.PSQLException: This connection has been closed.
ERROR - org.postgresql.util.PSQLException: This connection has been closed.
ERROR - org.postgresql.util.PSQLException: This connection has been closed.
ERROR - org.postgresql.util.PSQLException: This connection has been closed.
ERROR - org.postgresql.util.PSQLException: This connection has been closed.
ERROR - org.postgresql.util.PSQLException: This connection has been closed.
ERROR - org.postgresql.util.PSQLException: This connection has been closed.
