INFO - Entered LagService.getLag
INFO - Finished pair collector caching after 0 seconds
INFO - Finished lag service for Maven after 1 seconds
INFO - Entered LagService.getLag
INFO - Finished pair collector caching after 0 seconds
ERROR - org.postgresql.util.PSQLException: This connection has been closed.
ERROR - org.postgresql.util.PSQLException: This connection has been closed.
ERROR - org.postgresql.util.PSQLException: An I/O error occurred while sending to the backend.
ERROR - org.postgresql.util.PSQLException: An I/O error occurred while sending to the backend.
ERROR - org.postgresql.util.PSQLException: This connection has been closed.
ERROR - org.postgresql.util.PSQLException: This connection has been closed.
ERROR - org.postgresql.util.PSQLException: This connection has been closed.
ERROR - org.postgresql.util.PSQLException: This connection has been closed.
ERROR - org.postgresql.util.PSQLException: An I/O error occurred while sending to the backend.
ERROR - org.postgresql.util.PSQLException: An I/O error occurred while sending to the backend.
ERROR - org.postgresql.util.PSQLException: An I/O error occurred while sending to the backend.
ERROR - org.postgresql.util.PSQLException: This connection has been closed.
ERROR - org.postgresql.util.PSQLException: An I/O error occurred while sending to the backend.
ERROR - org.postgresql.util.PSQLException: An I/O error occurred while sending to the backend.
ERROR - org.postgresql.util.PSQLException: An I/O error occurred while sending to the backend.
ERROR - org.postgresql.util.PSQLException: An I/O error occurred while sending to the backend.
ERROR - org.postgresql.util.PSQLException: An I/O error occurred while sending to the backend.
ERROR - org.postgresql.util.PSQLException: An I/O error occurred while sending to the backend.
