INFO - Aggregating data for Atom
INFO - Atom aggregator has been printed
INFO - Atom_A10PLUS_B10PLUS aggregator has been printed
INFO - Aggregating data for Cargo
INFO - Cargo aggregator has been printed
INFO - Cargo_A10PLUS_B10PLUS aggregator has been printed
INFO - Aggregating data for Hex
INFO - Hex aggregator has been printed
INFO - Hex_A10PLUS_B10PLUS aggregator has been printed
INFO - Aggregating data for Maven
INFO - Maven aggregator has been printed
INFO - Maven_A10PLUS_B10PLUS aggregator has been printed
INFO - Aggregating data for NPM
INFO - NPM aggregator has been printed
INFO - NPM_A10PLUS_B10PLUS aggregator has been printed
INFO - Aggregating data for NuGet
INFO - NuGet aggregator has been printed
INFO - NuGet_A10PLUS_B10PLUS aggregator has been printed
INFO - Aggregating data for Packagist
INFO - Packagist aggregator has been printed
INFO - Packagist_A10PLUS_B10PLUS aggregator has been printed
INFO - Aggregating data for Pypi
INFO - Pypi aggregator has been printed
INFO - Pypi_A10PLUS_B10PLUS aggregator has been printed
INFO - Aggregating data for Rubygems
INFO - Rubygems aggregator has been printed
INFO - Rubygems_A10PLUS_B10PLUS aggregator has been printed
INFO - ALL aggregator has been printed
