INFO - CPAN flexible study not supported
INFO - CRAN flexible study not supported
INFO - Dub flexible study not supported
INFO - Elm flexible study not supported
INFO - Haxelib flexible study not supported
INFO - Homebrew flexible study not supported
INFO - Pub flexible study not supported
INFO - Puppet flexible study not supported
INFO - Entered LagService.getLag for package manager Atom
INFO - Finished pair collector caching after 0 seconds
INFO - Pair information written to file
INFO - Semver.satisfies() checks completed in node
INFO - 100000 pair results analysed
INFO - 200000 pair results analysed
INFO - Finished lag service for Atom after 0 seconds
INFO - Cargo flexible study not supported
INFO - Hex flexible study not supported
INFO - 3765146 in Maven
INFO - Entered LagService.getLag for package manager NPM
INFO - Finished pair collector caching after 0 seconds
INFO - Pair information written to file
INFO - Semver.satisfies() checks completed in node
INFO - 100000 pair results analysed
INFO - 200000 pair results analysed
INFO - 300000 pair results analysed
INFO - 400000 pair results analysed
INFO - 500000 pair results analysed
INFO - 600000 pair results analysed
INFO - 700000 pair results analysed
INFO - 800000 pair results analysed
INFO - 900000 pair results analysed
INFO - 0 pairs processed in the package manager NPM
