INFO - CPAN flexible study not supported
INFO - CRAN flexible study not supported
INFO - Dub flexible study not supported
INFO - Elm flexible study not supported
INFO - Haxelib flexible study not supported
INFO - Homebrew flexible study not supported
INFO - Pub flexible study not supported
INFO - Puppet flexible study not supported
INFO - 244915 in Atom
INFO - Cargo flexible study not supported
INFO - Hex flexible study not supported
INFO - 3765146 in Maven
INFO - Entered LagService.getLag for package manager NPM
INFO - Finished pair collector caching after 0 seconds
INFO - Pair information written to file
INFO - Semver.satisfies() checks completed in node
DEBUG - Number of lines in NPM file: 0
INFO - Finished lag service for NPM after 11 seconds
INFO - NuGet flexible study not supported
INFO - 4673413 in Packagist
INFO - Pypi flexible study not supported
INFO - 4780660 in Rubygems
