INFO - Aggregating data for CPAN
INFO - CPAN aggregator has been printed
INFO - CPAN_A10PLUS_B10PLUS aggregator has been printed
INFO - Aggregating data for CRAN
INFO - CRAN aggregator has been printed
INFO - CRAN_A10PLUS_B10PLUS aggregator has been printed
INFO - Aggregating data for Dub
INFO - Dub aggregator has been printed
INFO - Dub_A10PLUS_B10PLUS aggregator has been printed
INFO - Aggregating data for Elm
INFO - Elm aggregator has been printed
INFO - Elm_A10PLUS_B10PLUS aggregator has been printed
INFO - Aggregating data for Haxelib
INFO - Haxelib aggregator has been printed
INFO - Haxelib_A10PLUS_B10PLUS aggregator has been printed
INFO - Aggregating data for Homebrew
INFO - Homebrew aggregator has been printed
INFO - Homebrew_A10PLUS_B10PLUS aggregator has been printed
INFO - Aggregating data for Pub
INFO - Pub aggregator has been printed
INFO - Pub_A10PLUS_B10PLUS aggregator has been printed
INFO - Aggregating data for Puppet
