INFO - 244915 in Atom
INFO - 521143 in Cargo
INFO - CPAN flexible study not supported
INFO - CRAN flexible study not supported
INFO - Entered LagService.getLag for package manager Dub
INFO - Finished pair collector caching after 0 seconds
INFO - Parsing rules for: Atom
INFO - parsing rules from C:\Users\Jacob\Desktop\MasseyReadings\Masters\masters\rules\Atom.rules
INFO - 	running in strict mode
DEBUG - 	adding: Rule: if matches "^(\s*\^[v\s]*[1-9]\d*(\.[xX\*\d]+){0,2}|[=v\s]*\d+.[xX\*]+(\.[xX\*\d]+)?|[=v\s\~]*\d+([xX\*\.]+)?)(-.*)?$" then classify "var-minor" // def. in line 24
DEBUG - 	adding: Rule: if matches "^(\s*~[v\s]*\d+\.\d+(\.[xX\*\d]+)?|[=v~\s]*\d+\.\d+(\.[xX\*])?|\^[v\s]*0(\.[xX\*\d]+){0,2})(-.*)?$" then classify "var-micro" // def. in line 38
DEBUG - 	adding: Rule: if matches "^[=v\s]*\d+\.\d+\.\d+(-.*)?$" then classify "fixed" // def. in line 46
DEBUG - 	adding: Rule: if matches "^[=v\s]*[\*xX](\.[\dxX\*]+){0,2}(-.*)?$" then classify "any" // def. in line 53
DEBUG - 	adding: Rule: if matches ".+\|\|.+" then classify "other" // def. in line 59
DEBUG - 	adding: Rule: if matches "^\s*>=?[v\s]*[\dxX\*]+(\.[\dxX\*]+){0,2}(-.*)?$" then classify "at-least" // def. in line 66
DEBUG - 	adding: Rule: if matches "^\s*<=?[v\s]*[\dxX\*]+(\.[\dxX\*]+){0,2}(-.*)?$" then classify "at-most" // def. in line 73
DEBUG - 	adding: Rule: if matches "^\s*>[=v\s]*[^<]*<.*$" then classify "range" // def. in line 79
DEBUG - 	adding: Rule: if matches "^[=v\s]*[xX\*\d]+(\.[xX\*\d]+){0,2}(-[\.\w]+)?\s+-\s+[=v\s]*[xX\*\d]+(\.[xX\*\d]+){0,2}(-.*)?$" then classify "range" // def. in line 86
DEBUG - 	adding: Rule: if matches "^\s*<[^>]+>.*$" then classify "not" // def. in line 92
DEBUG - 	adding: Rule: if matches "^\s*(?i:latest)\s*$" then classify "latest" // def. in line 99
DEBUG - 	adding: Rule: if matches "^\s*(git(hub|\+(https?|ssh))?:(//)?|https?://|file:).*$" then classify "other" // def. in line 111
INFO - Parsing rules for: CPAN
INFO - parsing rules from C:\Users\Jacob\Desktop\MasseyReadings\Masters\masters\rules\CPAN.rules
INFO - 	running in strict mode
DEBUG - 	adding: Rule: if matches "0" then classify "any" // def. in line 25
DEBUG - 	adding: Rule: if matches "\s*(\w+|\.)+\s*" then classify "at-least" // def. in line 31
DEBUG - 	adding: Rule: if matches "\s*\=\=\s*(\w+|\.)+\s*" then classify "fixed" // def. in line 36
DEBUG - 	adding: Rule: if matches "\s*\<\=?\s*(\w+|\.)+\s*" then classify "at-most" // def. in line 42
DEBUG - 	adding: Rule: if matches "(,?\s*\!\=\s*(\w+|\.)+\s*)+" then classify "not" // def. in line 48
DEBUG - 	adding: Rule: if matches "\s*\>\=?\s*(\w+|\.)+\s*" then classify "at-least" // def. in line 54
DEBUG - 	adding: Rule: if matches "\s*\>\=?\s*(\w+|\.)+\s*,\s*\<\=?\s*(\w+|\.)+\s*" then classify "range" // def. in line 59
DEBUG - 	adding: Rule: if matches "\s*(\!\=|\<\=?|\>\=?|\=\=)?\s*(\w+|\.)+\s*(\s*,\s*(\!\=|\<\=?|\>\=?|\=\=)?\s*(\w+|\.)+\s*)+" then classify "other" // def. in line 64
INFO - Parsing rules for: CRAN
INFO - parsing rules from C:\Users\Jacob\Desktop\MasseyReadings\Masters\masters\rules\CRAN.rules
INFO - 	running in strict mode
DEBUG - 	adding: Rule: if matches ">=\s*\d+(\.\d+)*" then classify "at-least" // def. in line 43
DEBUG - 	adding: Rule: if matches ">\s*\d+(\.\d+)*" then classify "at-least" // def. in line 49
DEBUG - 	adding: Rule: if matches "<=\s*\d+(\.\d+)*" then classify "at-most" // def. in line 56
DEBUG - 	adding: Rule: if matches "<\s*\d+(\.\d+)*" then classify "at-most" // def. in line 62
DEBUG - 	adding: Rule: if matches "==\s*\d+(\.\d+)*" then classify "fixed" // def. in line 69
DEBUG - 	adding: Rule: if matches "\*" then classify "any" // def. in line 74
INFO - Parsing rules for: Cargo
INFO - parsing rules from C:\Users\Jacob\Desktop\MasseyReadings\Masters\masters\rules\Cargo.rules
INFO - 	running in strict mode
DEBUG - 	adding: Rule: if matches "0.0.\d+(-(\w|.)*)?" then classify "fixed" // def. in line 25
DEBUG - 	adding: Rule: if matches "0.[1-9]\d*(.\d+)?(-(\w|.)*)?" then classify "var-micro" // def. in line 34
DEBUG - 	adding: Rule: if matches "0.0" then classify "var-micro" // def. in line 38
DEBUG - 	adding: Rule: if matches "[1-9]\d*(.\d+)*(-(\w|.)*)?" then classify "var-minor" // def. in line 48
DEBUG - 	adding: Rule: if matches "0" then classify "var-minor" // def. in line 52
DEBUG - 	adding: Rule: if matches "\^0.0.\d+(-(\w|.)*)?" then classify "fixed" // def. in line 63
DEBUG - 	adding: Rule: if matches "\^0.[1-9]\d*(.\d+)?(-(\w|.)*)?" then classify "var-micro" // def. in line 73
DEBUG - 	adding: Rule: if matches "\^0.0" then classify "var-micro" // def. in line 77
DEBUG - 	adding: Rule: if matches "\^[1-9]\d*(.\d+)*(-(\w|.)*)?" then classify "var-minor" // def. in line 89
DEBUG - 	adding: Rule: if matches "\^0" then classify "var-minor" // def. in line 93
DEBUG - 	adding: Rule: if matches "~\d+.\d+(.\d+)?(-(\w|.)*)?" then classify "var-micro" // def. in line 104
DEBUG - 	adding: Rule: if matches "~\d+(-(\w|.)*)?" then classify "var-minor" // def. in line 108
DEBUG - 	adding: Rule: if matches "=(\s)*(\w|\.|-)+" then classify "fixed" // def. in line 122
DEBUG - 	adding: Rule: if matches "(<=|<)(\s)*(\w|\.|-)+" then classify "at-most" // def. in line 140
DEBUG - 	adding: Rule: if matches "(>=|>)(\s)*(\w|\.|-)+" then classify "at-least" // def. in line 154
DEBUG - 	adding: Rule: if matches "(>=|>)(\s)*(\w|\.|-)+(\s)*(,)(\s)*(<=|<)(\s)*(\w|\.|-)+" then classify "range" // def. in line 170
DEBUG - 	adding: Rule: if matches "(<|<=)(\s)*(\w|\.|-)+(\s)*(,)(\s)*(>=|>)(\s)*(\w|\.|-)+" then classify "range" // def. in line 174
DEBUG - 	adding: Rule: if matches "\^(\w|\.|-)+, (<=|<|>|>=)(\s)*(\w|\.|-)+" then classify "range" // def. in line 179
DEBUG - 	adding: Rule: if matches "\d+\.\*(\w|\.|-|\*)*" then classify "var-minor" // def. in line 189
DEBUG - 	adding: Rule: if matches "\d+\.\d+\.\*(\w|\.|-)*" then classify "var-micro" // def. in line 197
DEBUG - 	adding: Rule: if matches "(\w|\s|\.|\^|>|>=|\*)+,\s*(\w|\s|\^|\.|,|>|>=|\*|~)+" then classify "other" // def. in line 202
DEBUG - 	adding: Rule: if matches "\*" then classify "any" // def. in line 207
INFO - Parsing rules for: Dub
INFO - parsing rules from C:\Users\Jacob\Desktop\MasseyReadings\Masters\masters\rules\Dub.rules
INFO - 	running in strict mode
DEBUG - 	adding: Rule: if matches "((\>\=)|(\>))((\d.+|\d))\s((\<\=)|(\<))((\d.+|\d))" then classify "range" // def. in line 16
DEBUG - 	adding: Rule: if matches "((==)\s*((\d.+)|\d))|(((\d.+)|\d))" then classify "fixed" // def. in line 29
DEBUG - 	adding: Rule: if matches "(~>)\s*((\d.\d\d)|(\d.\d)|(\d.\d\D+)|(\d))" then classify "var-minor" // def. in line 37
DEBUG - 	adding: Rule: if matches "(~>)((\s\d.+\d.+\d+)|(\d.+\d+.\d+)(\w|\.|-|\+)*)" then classify "var-micro" // def. in line 45
DEBUG - 	adding: Rule: if matches "((>)|(>=))\s*(\d.+|\d)" then classify "at-least" // def. in line 57
DEBUG - 	adding: Rule: if matches "((<=)|<)\s*((\d.+)|(\d))" then classify "at-most" // def. in line 69
DEBUG - 	adding: Rule: if matches "\*" then classify "any" // def. in line 75
DEBUG - 	adding: Rule: if matches "\~(\w.+|\d.)*" then classify "other" // def. in line 84
INFO - Parsing rules for: Elm
INFO - parsing rules from C:\Users\Jacob\Desktop\MasseyReadings\Masters\masters\rules\Elm.rules
INFO - 	running in strict mode
DEBUG - 	adding: Rule: if matches "(\w|\.)+(\s)*(<|<=)(\s)*v(\s)*(<|<=)(\s)*(\w|\.)+" then classify "range" // def. in line 24
INFO - Parsing rules for: Haxelib
INFO - parsing rules from C:\Users\Jacob\Desktop\MasseyReadings\Masters\masters\rules\Haxelib.rules
INFO - 	running in strict mode
DEBUG - 	adding: Rule: if matches "\w(\w|\.|-)*" then classify "fixed" // def. in line 20
DEBUG - 	adding: Rule: if matches "\*" then classify "any" // def. in line 25
INFO - Parsing rules for: Hex
INFO - parsing rules from C:\Users\Jacob\Desktop\MasseyReadings\Masters\masters\rules\Hex.rules
INFO - 	running in strict mode
DEBUG - 	adding: Rule: if matches "\d+.\d+(\w|\.|-|\+)*" then classify "fixed" // def. in line 24
DEBUG - 	adding: Rule: if matches "==\s*(\w|\.|-|\+)+" then classify "fixed" // def. in line 32
DEBUG - 	adding: Rule: if matches ">\s*(\w|\.|-|\+)+" then classify "at-least" // def. in line 40
DEBUG - 	adding: Rule: if matches ">=\s*(\w|\.|-|\+)+" then classify "at-least" // def. in line 48
DEBUG - 	adding: Rule: if matches "<\s*(\w|\.|-|\+)+" then classify "at-most" // def. in line 56
DEBUG - 	adding: Rule: if matches "<=\s*(\w|\.|-|\+)+" then classify "at-most" // def. in line 64
DEBUG - 	adding: Rule: if matches ">=?\s*(\w|\.|-|\+)+\s+and\s+<=?\s*(\w|\.|-|\+)+" then classify "range" // def. in line 72
DEBUG - 	adding: Rule: if matches "\s?~>\s*\d+.\d+(-(\w|\.|-|\+)+)?" then classify "var-minor" // def. in line 81
DEBUG - 	adding: Rule: if matches "\s?~>\s*\d+.\d+.\d+(-(\w|\.|-|\+)+)?" then classify "var-micro" // def. in line 92
DEBUG - 	adding: Rule: if matches "~>\s*(\w|\.|-|\+)*(\s+or\s+~>\s+(\w|\.|-|\+)*)+" then classify "other" // def. in line 103
DEBUG - 	adding: Rule: if matches "((>=?)|(<=?))\s+\d+.\d+.\d+(-(\w|.)+)?\s+and\s+~>\s+\d+.\d+.\d+(-(\w|.)+)?" then classify "var-micro" // def. in line 109
DEBUG - 	adding: Rule: if matches "~>\s+\d+.\d+.\d+(-(\w|.)+)?\s+and\s+((>=?)|(<=?))\s+\d+.\d+.\d+(-(\w|.)+)?" then classify "var-micro" // def. in line 115
DEBUG - 	adding: Rule: if matches "((>=?)|(<=?))\s+\d+.\d+(-(\w|.)+)?\s+and\s+~>\s+\d+.\d+(-(\w|.)+)?" then classify "var-minor" // def. in line 121
DEBUG - 	adding: Rule: if matches "~>\s+\d+.\d+(-(\w|.)+)?\s+and\s+((<=?)|(>=?))\s+\d+.\d+(-(\w|.)+)?" then classify "var-minor" // def. in line 127
DEBUG - 	adding: Rule: if matches "((~>)|(<=?)|(>=?)|(==))?\s*\d+\.\d+(\w|\.|-|\+)*(\s+((and)|(or))\s+((~>)|(<=?)|(>=?)|(==))?\s*\d+\.\d+(\w|\.|-|\+)*)*" then classify "other" // def. in line 135
INFO - Parsing rules for: Homebrew
INFO - parsing rules from C:\Users\Jacob\Desktop\MasseyReadings\Masters\masters\rules\Homebrew.rules
INFO - 	running in strict mode
DEBUG - 	adding: Rule: if matches "\*" then classify "any" // def. in line 13
INFO - Parsing rules for: Maven
INFO - parsing rules from C:\Users\Jacob\Desktop\MasseyReadings\Masters\masters\rules\Maven.rules
INFO - 	running in strict mode
DEBUG - 	adding: Rule: if matches "(\w|\.|-)+" then classify "soft" // def. in line 21
DEBUG - 	adding: Rule: if matches "\[(\w|\.|-)+\]" then classify "fixed" // def. in line 27
DEBUG - 	adding: Rule: if matches "\+" then classify "latest" // def. in line 33
DEBUG - 	adding: Rule: if matches "(\(|\[)\s*,(\w|\.|-|\s)+(\)|\])" then classify "at-most" // def. in line 41
DEBUG - 	adding: Rule: if matches "(\(|\[)(\w|\.|-|\s)+,\s*(\)|\])" then classify "at-least" // def. in line 49
DEBUG - 	adding: Rule: if matches "\d+\.\+" then classify "var-minor" // def. in line 62
DEBUG - 	adding: Rule: if matches "\d+\+" then classify "at-least" // def. in line 69
DEBUG - 	adding: Rule: if matches "\d+\.\d+\.\d*\+" then classify "var-micro" // def. in line 78
DEBUG - 	adding: Rule: if matches "\d+\.\d+\+" then classify "var-minor" // def. in line 84
DEBUG - 	adding: Rule: if matches "(\[|\()(\w|\.|-|\s)+,(\w|\.|-|\s)+(\]|\))" then classify "range" // def. in line 93
DEBUG - 	adding: Rule: if matches "(\[|\])\s*\d+\.\d+(\.\d+)?\s*,\s*\d+\.\d+(\.\d+)?\s*(\[|\])" then classify "range" // def. in line 104
DEBUG - 	adding: Rule: if matches "(.)*\$\{(.)+\}(.)*" then classify "unresolved" // def. in line 110
DEBUG - 	adding: Rule: if matches "\d+(\.\d+(\.\d+))?\+(\w|-)*" then classify "other" // def. in line 117
DEBUG - 	adding: Rule: if matches "((\[|\()\d+(\.\d+(\.\d+)?)?\s*,\s*\d+(\.\d+(\.\d+)?)?(\]|\))\s*)(,\s*(\[|\()\d+(\.\d+(\.\d+)?)?\s*,\s*\d+(\.\d+(\.\d+)?)?(\]|\))\s*)*" then classify "other" // def. in line 124
INFO - Parsing rules for: NPM
INFO - parsing rules from C:\Users\Jacob\Desktop\MasseyReadings\Masters\masters\rules\NPM.rules
INFO - 	running in strict mode
DEBUG - 	adding: Rule: if matches "^(\s*\^[v\s]*[1-9]\d*(\.[xX\*\d]+){0,2}|[=v\s]*\d+\.?[xX\*]+(\.[xX\*\d]+)*|[=v\s\~]*\d+([xX\*\.]+)?)(-.*)?$" then classify "var-minor" // def. in line 24
DEBUG - 	adding: Rule: if matches "^(\s*~[v\s]*\d+\.\d+(\.[xX\*\d]+)?|[=v~\s]*\d+\.\d+(\.[xX\*])?|\^[v\s]*0(\.[xX\*\d]+){0,2})(-.*)?$" then classify "var-micro" // def. in line 38
DEBUG - 	adding: Rule: if matches "^[=v\s]*\d+\.\d+\.\d+(-.*)?$" then classify "fixed" // def. in line 46
DEBUG - 	adding: Rule: if matches "^[=v\s]*[\*xX](\.[\dxX\*]+){0,2}(-.*)?$" then classify "any" // def. in line 53
DEBUG - 	adding: Rule: if matches ".+\|\|.+" then classify "other" // def. in line 59
DEBUG - 	adding: Rule: if matches "^\s*>=?[v\s]*[\dxX\*]+(\.[\dxX\*]+){0,2}(-.*)?$" then classify "at-least" // def. in line 66
DEBUG - 	adding: Rule: if matches "^\s*<=?[v\s]*[\dxX\*]+(\.[\dxX\*]+){0,2}(-.*)?$" then classify "at-most" // def. in line 73
DEBUG - 	adding: Rule: if matches "^\s*>[=v\s]*[^<]*<.*$" then classify "range" // def. in line 79
DEBUG - 	adding: Rule: if matches "^[=v\s]*[xX\*\d]+(\.[xX\*\d]+){0,2}(-[\.\w]+)?\s+-\s+[=v\s]*[xX\*\d]+(\.[xX\*\d]+){0,2}(-.*)?$" then classify "range" // def. in line 86
DEBUG - 	adding: Rule: if matches "^\s*<[^>]+>.*$" then classify "not" // def. in line 92
DEBUG - 	adding: Rule: if matches "^\s*(?i:latest)\s*$" then classify "latest" // def. in line 99
DEBUG - 	adding: Rule: if matches "^\s*(git(hub|\+(https?|ssh))?:(//)?|https?://|file:).*$" then classify "other" // def. in line 111
INFO - Parsing rules for: NuGet
INFO - parsing rules from C:\Users\Jacob\Desktop\MasseyReadings\Masters\masters\rules\NuGet.rules
INFO - 	running in strict mode
DEBUG - 	adding: Rule: if matches "\=" then classify "any" // def. in line 69
DEBUG - 	adding: Rule: if matches "\=+\s*(\w+|\.|-)+" then classify "fixed" // def. in line 75
DEBUG - 	adding: Rule: if matches "\>\=?\s*(\w+|\.|-)+" then classify "at-least" // def. in line 80
DEBUG - 	adding: Rule: if matches "\<\=?\s*(\w+|\.|-)+" then classify "at-most" // def. in line 85
DEBUG - 	adding: Rule: if matches "\>\=?\s*(\w+|\.|-)+\s*\<\=?\s*(\w+|\.|-)+" then classify "range" // def. in line 91
DEBUG - 	adding: Rule: if matches "\s*\^\s*(\w+|\.|-)+" then classify "range" // def. in line 97
DEBUG - 	adding: Rule: if matches "\>\=?\s*(\w+|\.|-|\*|\~)+" then classify "at-least" // def. in line 104
DEBUG - 	adding: Rule: if matches "\s*(\w+|\.|-)+" then classify "fixed" // def. in line 109
INFO - Parsing rules for: Packagist
INFO - parsing rules from C:\Users\Jacob\Desktop\MasseyReadings\Masters\masters\rules\Packagist.rules
INFO - 	running in strict mode
DEBUG - 	adding: Rule: if matches "(\.?\*)+((-|@|\+)\w+)?" then classify "any" // def. in line 18
DEBUG - 	adding: Rule: if matches "(\*\s+)?=*\s*(\w+|\.|-|@|\+|\/|\#)+(\s*as\s*(\w+|\.|-|@|\+|\/)+)?(\*\s+)?" then classify "fixed" // def. in line 35
DEBUG - 	adding: Rule: if matches "(\s*\|*\<\=?\s*(\w+|\.|-|@|\+)+)+" then classify "at-most" // def. in line 45
DEBUG - 	adding: Rule: if matches "(\s*\|*\>\=?\s*(\w+|\.|-|@|\+)+)+" then classify "at-least" // def. in line 55
DEBUG - 	adding: Rule: if matches "(\|*\s*(\!\=|\<\>)\s*(\w+|\.|-|@|\+)+)+" then classify "not" // def. in line 66
DEBUG - 	adding: Rule: if matches "(\s*(\|\|?)?\s*(\>\=?|\<\=?|\!\=|\<\>)\s*(\w+|\.|-|@|\+)+\s*,*)+" then classify "range" // def. in line 77
DEBUG - 	adding: Rule: if matches "(\w+|\.|-|@|\+)+\s+-\s+(\w+|\.|-|@|\+)+" then classify "range" // def. in line 85
DEBUG - 	adding: Rule: if matches "(\w+|\.){4}\*((-|@|\+)\w+)?" then classify "var-micro" // def. in line 92
DEBUG - 	adding: Rule: if matches "(\~)(\w+|\.){5}((-|@|\+)\w+(\.\d+)?)?" then classify "var-micro" // def. in line 101
DEBUG - 	adding: Rule: if matches "(\w+|\.){2}(\.?\*)+((-|@|\+)\w+)?" then classify "var-minor" // def. in line 109
DEBUG - 	adding: Rule: if matches "(\~(\w+|\.){1,5}|(\^(\w+|\.){1,7}))((-|@|\+)\w+(\.\d+)?)?" then classify "var-minor" // def. in line 132
DEBUG - 	adding: Rule: if matches "(\~|\^)(\w+|\.){7}((-|@|\+)\w+(\.\d+)?)?" then classify "range" // def. in line 138
DEBUG - 	adding: Rule: if matches "(\w+|\.){6}\*((-|@|\+)\w+)?" then classify "var-micro" // def. in line 145
DEBUG - 	adding: Rule: if matches "(\~|\^)(\w+|\.){5}((-|@|\+)\w+(\.\d+)?)?\s*,*\s*\>\=?\s*(\w+|\.|-|@|\+)+" then classify "range" // def. in line 150
DEBUG - 	adding: Rule: if matches "\>\=?\s*(\w+|\.|-|@|\+)+\s*,*\s*(\~|\^)(\w+|\.){5}((-|@|\+)\w+(\.\d+)?)?" then classify "range" // def. in line 155
DEBUG - 	adding: Rule: if matches "(\~|\^)(\w+|\.){5}((-|@|\+)\w+(\.\d+)?)?\s*,*\s*\<\=?\s*(\w+|\.|-|@|\+)+" then classify "range" // def. in line 160
DEBUG - 	adding: Rule: if matches "(\~|\^)(\w+|\.){5}((-|@|\+)\w+(\.\d+)?)?(\s*,*\s*(\!\=|\<\>)\s*(\w+|\.|-|@|\+)+)+" then classify "range" // def. in line 166
DEBUG - 	adding: Rule: if matches "((\!\=|\<\>)\s*(\w+|\.|-|@|\+)+)+(\s*,*\s*)(\~|\^)(\w+|\.){5}((-|@|\+)\w+(\.\d+)?)?" then classify "range" // def. in line 171
DEBUG - 	adding: Rule: if matches "(\w+|\.){4}(\.?\*)+((-|@|\+)\w+)?\s*\,*\s*(\!\=|\<\>)\s*(\w+|\.|-|@|\+)+" then classify "var-micro" // def. in line 176
DEBUG - 	adding: Rule: if matches "(\~|\^)((\w+\.?)|(\w+|\.){3})((-|@|\+)\w+(\.\d+)?)?\s*,*\s*\>\=?\s*(\w+|\.|-|@|\+)+" then classify "range" // def. in line 181
DEBUG - 	adding: Rule: if matches "\>\=?\s*(\w+|\.|-|@|\+)+\s*,*\s*(\~|\^)((\w+\.?)|(\w+|\.){3})((-|@|\+)\w+(\.\d+)?)?" then classify "range" // def. in line 186
DEBUG - 	adding: Rule: if matches "(\~|\^)((\w+\.?)|(\w+|\.){3})((-|@|\+)\w+(\.\d+)?)?\s*,*\s*\<\=?\s*(\w+|\.|-|@|\+)+" then classify "range" // def. in line 191
DEBUG - 	adding: Rule: if matches "(\~|\^)((\w+\.?)|(\w+|\.){3})((-|@|\+)\w+(\.\d+)?)?(\s*,*\s*(\!\=|\<\>)\s*(\w+|\.|-|@|\+)+)+" then classify "range" // def. in line 197
DEBUG - 	adding: Rule: if matches "(\s*,*\s*(\!\=|\<\>)\s*(\w+|\.|-|@|\+)+)+\s*\,*\s*(\~|\^)((\w+\.?)|(\w+|\.){3})((-|@|\+)\w+(\.\d+)?)?" then classify "range" // def. in line 202
DEBUG - 	adding: Rule: if matches "((\s*(,*|(\|\|?))\s*)?(((\~|\^)((\w+\.?)|(\w+|\.){3})((-|@|\+)\w+(\.\d+)?)?)|(\w+|\.){2}(\.?\*)+((-|@|\+)\w+)?)){2,}" then classify "var-minor" // def. in line 211
DEBUG - 	adding: Rule: if matches "((\s*(,*|(\|\|?))\s*)?(((\~|\^)(\w+|\.){5}((-|@|\+)\w+(\.\d+)?)?)|(\w+|\.){4}\*((-|@|\+)\w+)?)){2,}" then classify "var-micro" // def. in line 222
DEBUG - 	adding: Rule: if matches "(((\*\s+)?=*\s*(\w+|\.|-|@|\+|\/|\#)+(\s*as\s*(\w+|\.|-|@|\+|\/)+)?(\*\s+)?)\s*(\|\|?)\s*((\s*\|*\>\=?\s*(\w+|\.|-|@|\+)+)+))" then classify "soft" // def. in line 234
DEBUG - 	adding: Rule: if matches "((\*\s+)?=*\s*(\w+|\.|-|@|\+|\/|\#)+(\s*as\s*(\w+|\.|-|@|\+|\/)+)?(\*\s+)?)\s*(\|\|?)\s*((\s*(\|\|?)?\s*(\>\=?|\<\=?|\!\=|\<\>)\s*(\w+|\.|-|@|\+)+\s*,*)+)" then classify "soft" // def. in line 239
DEBUG - 	adding: Rule: if matches "((\*\s+)?=*\s*(\w+|\.|-|@|\+|\/|\#)+(\s*as\s*(\w+|\.|-|@|\+|\/)+)?(\*\s+)?)\s*(\|\|?)\s*(\~|\^)(\w+|\.)+((-|@|\+)\w+(\.\d+)?)?" then classify "soft" // def. in line 244
DEBUG - 	adding: Rule: if matches "(\~|\^)((\w+\.?)|(\w+|\.){3})((-|@|\+)\w+(\.\d+)?)?\s*\|\|?\s*(\*\s+)?=*\s*(\w+|\.|-|@|\+|\/|\#)+(\s*as\s*(\w+|\.|-|@|\+|\/)+)?(\*\s+)?" then classify "range" // def. in line 249
DEBUG - 	adding: Rule: if matches "(\s*((\|\|?)|,*)?\s*(\~|\^|\>\=?|\<\=?|\!\=|\<\>)?\s*(\w+|\.|-|@|\+|\*)+)+" then classify "other" // def. in line 258
DEBUG - 	adding: Rule: if matches "\$\{(.)+\}" then classify "unresolved" // def. in line 263
INFO - Parsing rules for: Pub
INFO - parsing rules from C:\Users\Jacob\Desktop\MasseyReadings\Masters\masters\rules\Pub.rules
INFO - 	running in strict mode
DEBUG - 	adding: Rule: if matches "(\>\=|\>)\s*(\w.+)\s*(\<|\<\=)\s*(\w.+)" then classify "range" // def. in line 23
DEBUG - 	adding: Rule: if matches "(\^\s*\d.\d)" then classify "range" // def. in line 30
DEBUG - 	adding: Rule: if matches "(((\{"git")\D+\d+\D+)|(\{"git")\D+)\,\s("version")\D+\d.+\<\d.+" then classify "other" // def. in line 38
DEBUG - 	adding: Rule: if matches "\^\s*\d.(\d.+|(\d\d.+))" then classify "range" // def. in line 50
DEBUG - 	adding: Rule: if matches "\{\"(version)\"\=\>\"\^(((\d.\d.\d(\D+\}\}))|(\d.(\d.|(\d\d.))\d(\D+\d.+))))" then classify "other" // def. in line 58
DEBUG - 	adding: Rule: if matches "(>|>=)\s*\d.+" then classify "at-least" // def. in line 68
DEBUG - 	adding: Rule: if matches "(\{"git")\D+\,\s("version")\D+(>=)\d.\d.\d\"\}" then classify "other" // def. in line 75
DEBUG - 	adding: Rule: if matches "(\{"git")\D+\,\s("version")\D+\d.\d\"\}" then classify "other" // def. in line 83
DEBUG - 	adding: Rule: if matches "(<|<=)((\s\w.+)|(\w.+))" then classify "at-most" // def. in line 90
DEBUG - 	adding: Rule: if matches "(\d.+)|(\w+\s\d.+)" then classify "fixed" // def. in line 98
DEBUG - 	adding: Rule: if matches "\{\"(version)\"\=\>\"\d.+\}\}" then classify "other" // def. in line 111
DEBUG - 	adding: Rule: if matches "\{\"(git)\W+(ref)(.)+(cors)(.)+\"\}\}" then classify "other" // def. in line 117
DEBUG - 	adding: Rule: if matches "\{\"(git)\W+(ref)(.)+\"\}\}" then classify "other" // def. in line 127
DEBUG - 	adding: Rule: if matches "\{\"(git)(.)+\}" then classify "other" // def. in line 139
DEBUG - 	adding: Rule: if matches "(any)" then classify "any" // def. in line 147
DEBUG - 	adding: Rule: if matches "\{\"((sdk)|(path))(.)+\}" then classify "other" // def. in line 156
INFO - Parsing rules for: Puppet
INFO - parsing rules from C:\Users\Jacob\Desktop\MasseyReadings\Masters\masters\rules\Puppet.rules
INFO - 	running in strict mode
DEBUG - 	adding: Rule: if matches "(\d|\.)+(-(\w|.)*)?" then classify "fixed" // def. in line 31
DEBUG - 	adding: Rule: if matches "latest" then classify "latest" // def. in line 37
DEBUG - 	adding: Rule: if matches "(<=|<)(\s)*(\w|\.|-)+" then classify "at-most" // def. in line 51
DEBUG - 	adding: Rule: if matches "(>=|>)(\s)*(\w|\.|-)+" then classify "at-least" // def. in line 65
DEBUG - 	adding: Rule: if matches "(>=|>)(\s)*(\w|\.|-)+(\s)*(<=|<)(\s)*(\w|\.|-)+" then classify "range" // def. in line 78
DEBUG - 	adding: Rule: if matches "\d+\.x(\w|\.|-)*" then classify "var-minor" // def. in line 86
DEBUG - 	adding: Rule: if matches "\d+\.\d+\.x(\w|\.|-)*" then classify "var-micro" // def. in line 94
DEBUG - 	adding: Rule: if matches "\*" then classify "any" // def. in line 99
INFO - Parsing rules for: Pypi
INFO - parsing rules from C:\Users\Jacob\Desktop\MasseyReadings\Masters\masters\rules\Pypi.rules
INFO - 	running in strict mode
DEBUG - 	adding: Rule: if matches "(\<|\<\=)\s*(\d.+|\d)\,(\>\=|\>)\s*(\d.+|\d)" then classify "range" // def. in line 30
DEBUG - 	adding: Rule: if matches "(==)\s*((\d.+)|(\d))" then classify "fixed" // def. in line 38
DEBUG - 	adding: Rule: if matches "\s*((\d.+)|\d)" then classify "fixed" // def. in line 46
DEBUG - 	adding: Rule: if matches "(>=)\s*((\d.+)|(\d))" then classify "at-least" // def. in line 54
DEBUG - 	adding: Rule: if matches "(>)\s*((\d.+)|(\d))" then classify "at-least" // def. in line 62
DEBUG - 	adding: Rule: if matches "(<=)\s*((\d.+)|(\d))" then classify "at-most" // def. in line 70
DEBUG - 	adding: Rule: if matches "(<)\s*((\d.+)|(\d))" then classify "at-most" // def. in line 78
DEBUG - 	adding: Rule: if matches "(~=)\s*((\d.\d.\d))" then classify "var-micro" // def. in line 86
DEBUG - 	adding: Rule: if matches "(~=)\s*((\d.\d)|(\d))" then classify "var-minor" // def. in line 93
DEBUG - 	adding: Rule: if matches "(\*)" then classify "any" // def. in line 100
INFO - Parsing rules for: Rubygems
INFO - parsing rules from C:\Users\Jacob\Desktop\MasseyReadings\Masters\masters\rules\Rubygems.rules
INFO - 	running in strict mode
DEBUG - 	adding: Rule: if matches "^\s*((>|~)[^~]+)?~>\s*\d+(\.\d+){2,}[\s"]*(,[^!]*)?$" then classify "var-micro" // def. in line 28
DEBUG - 	adding: Rule: if matches "^\s*((>|~)[^~]+)?~>\s*\d+(\.\d+){0,1}[\s"]*(,[^!]*)?$" then classify "var-minor" // def. in line 38
DEBUG - 	adding: Rule: if matches "^\s*([^,]+,\s*)?=\s*\d+(\.\d+){0,}([-\.]?[a-zA-Z][\w\.-]*\s*)?[\s"]*(,.*)?$" then classify "fixed" // def. in line 47
DEBUG - 	adding: Rule: if matches "^\s*(>[^<]*<|<[^>]+>).*$" then classify "range" // def. in line 57
DEBUG - 	adding: Rule: if matches "^\s*>=?\s*\d+(\.\d+){0,}[\s"]*(,[^!]*)?$" then classify "at-least" // def. in line 66
DEBUG - 	adding: Rule: if matches "^\s*<=?\s*\w+(\.\w+){0,}[\s"]*(,.*)*$" then classify "at-most" // def. in line 75
DEBUG - 	adding: Rule: if matches "^.*(>=?|~>)\s*\d+(\.\d+){0,4}[-\.]*[a-zA-Z].*$" then classify "var-micro" // def. in line 88
DEBUG - 	adding: Rule: if matches "^.*!=.+$" then classify "not" // def. in line 98
INFO - Finished lag service for Dub after 6 seconds
INFO - 17792 in Elm
INFO - Entered LagService.getLag for package manager Haxelib
INFO - Finished pair collector caching after 0 seconds
INFO - Finished lag service for Haxelib after 2 seconds
INFO - Entered LagService.getLag for package manager Hex
INFO - Finished pair collector caching after 0 seconds
INFO - 5770 pairs processed in the package manager Hex
INFO - Finished lag service for Hex after 18 seconds
INFO - Homebrew flexible study not supported
INFO - 3765146 in Maven
INFO - 76259797 in NPM
INFO - Entered LagService.getLag for package manager NuGet
INFO - Finished pair collector caching after 0 seconds
INFO - 2273 pairs processed in the package manager NuGet
INFO - 5089 pairs processed in the package manager NuGet
INFO - 6765 pairs processed in the package manager NuGet
INFO - 8408 pairs processed in the package manager NuGet
INFO - 10451 pairs processed in the package manager NuGet
INFO - 11930 pairs processed in the package manager NuGet
INFO - 14416 pairs processed in the package manager NuGet
INFO - 16683 pairs processed in the package manager NuGet
INFO - 17806 pairs processed in the package manager NuGet
INFO - 19174 pairs processed in the package manager NuGet
INFO - 20085 pairs processed in the package manager NuGet
INFO - 22274 pairs processed in the package manager NuGet
INFO - 23765 pairs processed in the package manager NuGet
INFO - 25259 pairs processed in the package manager NuGet
INFO - 26037 pairs processed in the package manager NuGet
INFO - 26867 pairs processed in the package manager NuGet
INFO - 29722 pairs processed in the package manager NuGet
INFO - 32393 pairs processed in the package manager NuGet
INFO - 33758 pairs processed in the package manager NuGet
INFO - 36126 pairs processed in the package manager NuGet
INFO - 38055 pairs processed in the package manager NuGet
INFO - 40789 pairs processed in the package manager NuGet
INFO - 43626 pairs processed in the package manager NuGet
INFO - 46951 pairs processed in the package manager NuGet
INFO - 50821 pairs processed in the package manager NuGet
INFO - 54568 pairs processed in the package manager NuGet
INFO - 57605 pairs processed in the package manager NuGet
INFO - 59327 pairs processed in the package manager NuGet
INFO - 62184 pairs processed in the package manager NuGet
INFO - 64120 pairs processed in the package manager NuGet
INFO - 66532 pairs processed in the package manager NuGet
INFO - 69211 pairs processed in the package manager NuGet
INFO - 71694 pairs processed in the package manager NuGet
INFO - 75216 pairs processed in the package manager NuGet
INFO - 75261 pairs processed in the package manager NuGet
INFO - 75712 pairs processed in the package manager NuGet
INFO - 75770 pairs processed in the package manager NuGet
INFO - 75799 pairs processed in the package manager NuGet
INFO - 76007 pairs processed in the package manager NuGet
INFO - 76390 pairs processed in the package manager NuGet
INFO - 76614 pairs processed in the package manager NuGet
INFO - 78565 pairs processed in the package manager NuGet
INFO - 80518 pairs processed in the package manager NuGet
INFO - 84040 pairs processed in the package manager NuGet
INFO - 87873 pairs processed in the package manager NuGet
INFO - 91217 pairs processed in the package manager NuGet
INFO - 93354 pairs processed in the package manager NuGet
INFO - 95408 pairs processed in the package manager NuGet
INFO - 98991 pairs processed in the package manager NuGet
INFO - 102197 pairs processed in the package manager NuGet
INFO - 105067 pairs processed in the package manager NuGet
INFO - 108669 pairs processed in the package manager NuGet
INFO - 110852 pairs processed in the package manager NuGet
INFO - 111239 pairs processed in the package manager NuGet
INFO - 114000 pairs processed in the package manager NuGet
INFO - 117019 pairs processed in the package manager NuGet
INFO - 119062 pairs processed in the package manager NuGet
INFO - 121949 pairs processed in the package manager NuGet
INFO - 125375 pairs processed in the package manager NuGet
INFO - 127698 pairs processed in the package manager NuGet
INFO - 130137 pairs processed in the package manager NuGet
INFO - 133043 pairs processed in the package manager NuGet
INFO - 135110 pairs processed in the package manager NuGet
INFO - 137769 pairs processed in the package manager NuGet
INFO - 140880 pairs processed in the package manager NuGet
INFO - 143776 pairs processed in the package manager NuGet
INFO - 145923 pairs processed in the package manager NuGet
INFO - 148212 pairs processed in the package manager NuGet
INFO - 150702 pairs processed in the package manager NuGet
INFO - 152065 pairs processed in the package manager NuGet
INFO - 153960 pairs processed in the package manager NuGet
INFO - 155948 pairs processed in the package manager NuGet
INFO - 158108 pairs processed in the package manager NuGet
INFO - 160621 pairs processed in the package manager NuGet
INFO - 163061 pairs processed in the package manager NuGet
INFO - 165651 pairs processed in the package manager NuGet
INFO - 168972 pairs processed in the package manager NuGet
INFO - 172630 pairs processed in the package manager NuGet
INFO - 175538 pairs processed in the package manager NuGet
INFO - 178488 pairs processed in the package manager NuGet
INFO - 181249 pairs processed in the package manager NuGet
INFO - 183837 pairs processed in the package manager NuGet
INFO - 186770 pairs processed in the package manager NuGet
INFO - 190235 pairs processed in the package manager NuGet
INFO - 192783 pairs processed in the package manager NuGet
INFO - 194986 pairs processed in the package manager NuGet
INFO - 197238 pairs processed in the package manager NuGet
INFO - 198988 pairs processed in the package manager NuGet
INFO - 201352 pairs processed in the package manager NuGet
INFO - 203375 pairs processed in the package manager NuGet
INFO - 205564 pairs processed in the package manager NuGet
INFO - 207035 pairs processed in the package manager NuGet
INFO - 208825 pairs processed in the package manager NuGet
INFO - 210617 pairs processed in the package manager NuGet
INFO - 212447 pairs processed in the package manager NuGet
INFO - 214768 pairs processed in the package manager NuGet
INFO - 217026 pairs processed in the package manager NuGet
INFO - 219306 pairs processed in the package manager NuGet
INFO - 222241 pairs processed in the package manager NuGet
INFO - 223740 pairs processed in the package manager NuGet
INFO - 224381 pairs processed in the package manager NuGet
INFO - 225112 pairs processed in the package manager NuGet
INFO - 225522 pairs processed in the package manager NuGet
INFO - 225830 pairs processed in the package manager NuGet
INFO - 226325 pairs processed in the package manager NuGet
INFO - 226710 pairs processed in the package manager NuGet
INFO - 227319 pairs processed in the package manager NuGet
INFO - 227976 pairs processed in the package manager NuGet
INFO - 228340 pairs processed in the package manager NuGet
INFO - 228678 pairs processed in the package manager NuGet
INFO - 228992 pairs processed in the package manager NuGet
INFO - 229653 pairs processed in the package manager NuGet
INFO - 230463 pairs processed in the package manager NuGet
INFO - 231261 pairs processed in the package manager NuGet
INFO - 231758 pairs processed in the package manager NuGet
INFO - 232360 pairs processed in the package manager NuGet
INFO - 232760 pairs processed in the package manager NuGet
INFO - 233120 pairs processed in the package manager NuGet
INFO - 233603 pairs processed in the package manager NuGet
INFO - 234322 pairs processed in the package manager NuGet
INFO - 234438 pairs processed in the package manager NuGet
INFO - 234722 pairs processed in the package manager NuGet
INFO - 234956 pairs processed in the package manager NuGet
INFO - 235057 pairs processed in the package manager NuGet
INFO - 235196 pairs processed in the package manager NuGet
INFO - 235433 pairs processed in the package manager NuGet
INFO - 235631 pairs processed in the package manager NuGet
INFO - 235833 pairs processed in the package manager NuGet
INFO - 236440 pairs processed in the package manager NuGet
INFO - 236915 pairs processed in the package manager NuGet
INFO - 238436 pairs processed in the package manager NuGet
INFO - 240661 pairs processed in the package manager NuGet
INFO - 242648 pairs processed in the package manager NuGet
INFO - 245091 pairs processed in the package manager NuGet
INFO - Finished lag service for NuGet after 1348 seconds
INFO - 4673413 in Packagist
INFO - Entered LagService.getLag for package manager Pub
INFO - Finished pair collector caching after 0 seconds
INFO - 4785 pairs processed in the package manager Pub
INFO - 9069 pairs processed in the package manager Pub
INFO - 13711 pairs processed in the package manager Pub
INFO - Finished lag service for Pub after 35 seconds
INFO - Entered LagService.getLag for package manager Puppet
INFO - Finished pair collector caching after 0 seconds
INFO - 7313 pairs processed in the package manager Puppet
INFO - Finished lag service for Puppet after 10 seconds
INFO - Entered LagService.getLag for package manager Pypi
INFO - Finished pair collector caching after 0 seconds
INFO - 1207 pairs processed in the package manager Pypi
INFO - 2535 pairs processed in the package manager Pypi
INFO - 3926 pairs processed in the package manager Pypi
INFO - 6051 pairs processed in the package manager Pypi
