INFO - 244915 in Atom
INFO - 521143 in Cargo
INFO - CPAN flexible study not supported
INFO - CRAN flexible study not supported
INFO - Entered LagService.getLag for package manager Dub
INFO - Finished pair collector caching after 0 seconds
INFO - Parsing rules for: Atom
INFO - parsing rules from C:\Users\Jacob\Desktop\MasseyReadings\Masters\masters\rules\Atom.rules
INFO - 	running in strict mode
DEBUG - 	adding: Rule: if matches "^(\s*\^[v\s]*[1-9]\d*(\.[xX\*\d]+){0,2}|[=v\s]*\d+.[xX\*]+(\.[xX\*\d]+)?|[=v\s\~]*\d+([xX\*\.]+)?)(-.*)?$" then classify "var-minor" // def. in line 24
DEBUG - 	adding: Rule: if matches "^(\s*~[v\s]*\d+\.\d+(\.[xX\*\d]+)?|[=v~\s]*\d+\.\d+(\.[xX\*])?|\^[v\s]*0(\.[xX\*\d]+){0,2})(-.*)?$" then classify "var-micro" // def. in line 38
DEBUG - 	adding: Rule: if matches "^[=v\s]*\d+\.\d+\.\d+(-.*)?$" then classify "fixed" // def. in line 46
DEBUG - 	adding: Rule: if matches "^[=v\s]*[\*xX](\.[\dxX\*]+){0,2}(-.*)?$" then classify "any" // def. in line 53
DEBUG - 	adding: Rule: if matches ".+\|\|.+" then classify "other" // def. in line 59
DEBUG - 	adding: Rule: if matches "^\s*>=?[v\s]*[\dxX\*]+(\.[\dxX\*]+){0,2}(-.*)?$" then classify "at-least" // def. in line 66
DEBUG - 	adding: Rule: if matches "^\s*<=?[v\s]*[\dxX\*]+(\.[\dxX\*]+){0,2}(-.*)?$" then classify "at-most" // def. in line 73
DEBUG - 	adding: Rule: if matches "^\s*>[=v\s]*[^<]*<.*$" then classify "range" // def. in line 79
DEBUG - 	adding: Rule: if matches "^[=v\s]*[xX\*\d]+(\.[xX\*\d]+){0,2}(-[\.\w]+)?\s+-\s+[=v\s]*[xX\*\d]+(\.[xX\*\d]+){0,2}(-.*)?$" then classify "range" // def. in line 86
DEBUG - 	adding: Rule: if matches "^\s*<[^>]+>.*$" then classify "not" // def. in line 92
DEBUG - 	adding: Rule: if matches "^\s*(?i:latest)\s*$" then classify "latest" // def. in line 99
DEBUG - 	adding: Rule: if matches "^\s*(git(hub|\+(https?|ssh))?:(//)?|https?://|file:).*$" then classify "other" // def. in line 111
INFO - Parsing rules for: CPAN
INFO - parsing rules from C:\Users\Jacob\Desktop\MasseyReadings\Masters\masters\rules\CPAN.rules
INFO - 	running in strict mode
DEBUG - 	adding: Rule: if matches "0" then classify "any" // def. in line 25
DEBUG - 	adding: Rule: if matches "\s*(\w+|\.)+\s*" then classify "at-least" // def. in line 31
DEBUG - 	adding: Rule: if matches "\s*\=\=\s*(\w+|\.)+\s*" then classify "fixed" // def. in line 36
DEBUG - 	adding: Rule: if matches "\s*\<\=?\s*(\w+|\.)+\s*" then classify "at-most" // def. in line 42
DEBUG - 	adding: Rule: if matches "(,?\s*\!\=\s*(\w+|\.)+\s*)+" then classify "not" // def. in line 48
DEBUG - 	adding: Rule: if matches "\s*\>\=?\s*(\w+|\.)+\s*" then classify "at-least" // def. in line 54
DEBUG - 	adding: Rule: if matches "\s*\>\=?\s*(\w+|\.)+\s*,\s*\<\=?\s*(\w+|\.)+\s*" then classify "range" // def. in line 59
DEBUG - 	adding: Rule: if matches "\s*(\!\=|\<\=?|\>\=?|\=\=)?\s*(\w+|\.)+\s*(\s*,\s*(\!\=|\<\=?|\>\=?|\=\=)?\s*(\w+|\.)+\s*)+" then classify "other" // def. in line 64
INFO - Parsing rules for: CRAN
INFO - parsing rules from C:\Users\Jacob\Desktop\MasseyReadings\Masters\masters\rules\CRAN.rules
INFO - 	running in strict mode
DEBUG - 	adding: Rule: if matches ">=\s*\d+(\.\d+)*" then classify "at-least" // def. in line 43
DEBUG - 	adding: Rule: if matches ">\s*\d+(\.\d+)*" then classify "at-least" // def. in line 49
DEBUG - 	adding: Rule: if matches "<=\s*\d+(\.\d+)*" then classify "at-most" // def. in line 56
DEBUG - 	adding: Rule: if matches "<\s*\d+(\.\d+)*" then classify "at-most" // def. in line 62
DEBUG - 	adding: Rule: if matches "==\s*\d+(\.\d+)*" then classify "fixed" // def. in line 69
DEBUG - 	adding: Rule: if matches "\*" then classify "any" // def. in line 74
INFO - Parsing rules for: Cargo
INFO - parsing rules from C:\Users\Jacob\Desktop\MasseyReadings\Masters\masters\rules\Cargo.rules
INFO - 	running in strict mode
DEBUG - 	adding: Rule: if matches "0.0.\d+(-(\w|.)*)?" then classify "fixed" // def. in line 25
DEBUG - 	adding: Rule: if matches "0.[1-9]\d*(.\d+)?(-(\w|.)*)?" then classify "var-micro" // def. in line 34
DEBUG - 	adding: Rule: if matches "0.0" then classify "var-micro" // def. in line 38
DEBUG - 	adding: Rule: if matches "[1-9]\d*(.\d+)*(-(\w|.)*)?" then classify "var-minor" // def. in line 48
DEBUG - 	adding: Rule: if matches "0" then classify "var-minor" // def. in line 52
DEBUG - 	adding: Rule: if matches "\^0.0.\d+(-(\w|.)*)?" then classify "fixed" // def. in line 63
DEBUG - 	adding: Rule: if matches "\^0.[1-9]\d*(.\d+)?(-(\w|.)*)?" then classify "var-micro" // def. in line 73
DEBUG - 	adding: Rule: if matches "\^0.0" then classify "var-micro" // def. in line 77
DEBUG - 	adding: Rule: if matches "\^[1-9]\d*(.\d+)*(-(\w|.)*)?" then classify "var-minor" // def. in line 89
DEBUG - 	adding: Rule: if matches "\^0" then classify "var-minor" // def. in line 93
DEBUG - 	adding: Rule: if matches "~\d+.\d+(.\d+)?(-(\w|.)*)?" then classify "var-micro" // def. in line 104
DEBUG - 	adding: Rule: if matches "~\d+(-(\w|.)*)?" then classify "var-minor" // def. in line 108
DEBUG - 	adding: Rule: if matches "=(\s)*(\w|\.|-)+" then classify "fixed" // def. in line 122
DEBUG - 	adding: Rule: if matches "(<=|<)(\s)*(\w|\.|-)+" then classify "at-most" // def. in line 140
DEBUG - 	adding: Rule: if matches "(>=|>)(\s)*(\w|\.|-)+" then classify "at-least" // def. in line 154
DEBUG - 	adding: Rule: if matches "(>=|>)(\s)*(\w|\.|-)+(\s)*(,)(\s)*(<=|<)(\s)*(\w|\.|-)+" then classify "range" // def. in line 170
DEBUG - 	adding: Rule: if matches "(<|<=)(\s)*(\w|\.|-)+(\s)*(,)(\s)*(>=|>)(\s)*(\w|\.|-)+" then classify "range" // def. in line 174
DEBUG - 	adding: Rule: if matches "\^(\w|\.|-)+, (<=|<|>|>=)(\s)*(\w|\.|-)+" then classify "range" // def. in line 179
DEBUG - 	adding: Rule: if matches "\d+\.\*(\w|\.|-|\*)*" then classify "var-minor" // def. in line 189
DEBUG - 	adding: Rule: if matches "\d+\.\d+\.\*(\w|\.|-)*" then classify "var-micro" // def. in line 197
DEBUG - 	adding: Rule: if matches "(\w|\s|\.|\^|>|>=|\*)+,\s*(\w|\s|\^|\.|,|>|>=|\*|~)+" then classify "other" // def. in line 202
DEBUG - 	adding: Rule: if matches "\*" then classify "any" // def. in line 207
INFO - Parsing rules for: Dub
INFO - parsing rules from C:\Users\Jacob\Desktop\MasseyReadings\Masters\masters\rules\Dub.rules
INFO - 	running in strict mode
DEBUG - 	adding: Rule: if matches "((\>\=)|(\>))((\d.+|\d))\s((\<\=)|(\<))((\d.+|\d))" then classify "range" // def. in line 16
DEBUG - 	adding: Rule: if matches "((==)\s*((\d.+)|\d))|(((\d.+)|\d))" then classify "fixed" // def. in line 29
DEBUG - 	adding: Rule: if matches "(~>)\s*((\d.\d\d)|(\d.\d)|(\d.\d\D+)|(\d))" then classify "var-minor" // def. in line 37
DEBUG - 	adding: Rule: if matches "(~>)((\s\d.+\d.+\d+)|(\d.+\d+.\d+)(\w|\.|-|\+)*)" then classify "var-micro" // def. in line 45
DEBUG - 	adding: Rule: if matches "((>)|(>=))\s*(\d.+|\d)" then classify "at-least" // def. in line 57
DEBUG - 	adding: Rule: if matches "((<=)|<)\s*((\d.+)|(\d))" then classify "at-most" // def. in line 69
DEBUG - 	adding: Rule: if matches "\*" then classify "any" // def. in line 75
DEBUG - 	adding: Rule: if matches "\~(\w.+|\d.)*" then classify "other" // def. in line 84
INFO - Parsing rules for: Elm
INFO - parsing rules from C:\Users\Jacob\Desktop\MasseyReadings\Masters\masters\rules\Elm.rules
INFO - 	running in strict mode
DEBUG - 	adding: Rule: if matches "(\w|\.)+(\s)*(<|<=)(\s)*v(\s)*(<|<=)(\s)*(\w|\.)+" then classify "range" // def. in line 24
INFO - Parsing rules for: Haxelib
INFO - parsing rules from C:\Users\Jacob\Desktop\MasseyReadings\Masters\masters\rules\Haxelib.rules
INFO - 	running in strict mode
DEBUG - 	adding: Rule: if matches "\w(\w|\.|-)*" then classify "fixed" // def. in line 20
DEBUG - 	adding: Rule: if matches "\*" then classify "any" // def. in line 25
INFO - Parsing rules for: Hex
INFO - parsing rules from C:\Users\Jacob\Desktop\MasseyReadings\Masters\masters\rules\Hex.rules
INFO - 	running in strict mode
DEBUG - 	adding: Rule: if matches "\d+.\d+(\w|\.|-|\+)*" then classify "fixed" // def. in line 24
DEBUG - 	adding: Rule: if matches "==\s*(\w|\.|-|\+)+" then classify "fixed" // def. in line 32
DEBUG - 	adding: Rule: if matches ">\s*(\w|\.|-|\+)+" then classify "at-least" // def. in line 40
DEBUG - 	adding: Rule: if matches ">=\s*(\w|\.|-|\+)+" then classify "at-least" // def. in line 48
DEBUG - 	adding: Rule: if matches "<\s*(\w|\.|-|\+)+" then classify "at-most" // def. in line 56
DEBUG - 	adding: Rule: if matches "<=\s*(\w|\.|-|\+)+" then classify "at-most" // def. in line 64
DEBUG - 	adding: Rule: if matches ">=?\s*(\w|\.|-|\+)+\s+and\s+<=?\s*(\w|\.|-|\+)+" then classify "range" // def. in line 72
DEBUG - 	adding: Rule: if matches "\s?~>\s*\d+.\d+(-(\w|\.|-|\+)+)?" then classify "var-minor" // def. in line 81
DEBUG - 	adding: Rule: if matches "\s?~>\s*\d+.\d+.\d+(-(\w|\.|-|\+)+)?" then classify "var-micro" // def. in line 92
DEBUG - 	adding: Rule: if matches "~>\s*(\w|\.|-|\+)*(\s+or\s+~>\s+(\w|\.|-|\+)*)+" then classify "other" // def. in line 103
DEBUG - 	adding: Rule: if matches "((>=?)|(<=?))\s+\d+.\d+.\d+(-(\w|.)+)?\s+and\s+~>\s+\d+.\d+.\d+(-(\w|.)+)?" then classify "var-micro" // def. in line 109
DEBUG - 	adding: Rule: if matches "~>\s+\d+.\d+.\d+(-(\w|.)+)?\s+and\s+((>=?)|(<=?))\s+\d+.\d+.\d+(-(\w|.)+)?" then classify "var-micro" // def. in line 115
DEBUG - 	adding: Rule: if matches "((>=?)|(<=?))\s+\d+.\d+(-(\w|.)+)?\s+and\s+~>\s+\d+.\d+(-(\w|.)+)?" then classify "var-minor" // def. in line 121
DEBUG - 	adding: Rule: if matches "~>\s+\d+.\d+(-(\w|.)+)?\s+and\s+((<=?)|(>=?))\s+\d+.\d+(-(\w|.)+)?" then classify "var-minor" // def. in line 127
DEBUG - 	adding: Rule: if matches "((~>)|(<=?)|(>=?)|(==))?\s*\d+\.\d+(\w|\.|-|\+)*(\s+((and)|(or))\s+((~>)|(<=?)|(>=?)|(==))?\s*\d+\.\d+(\w|\.|-|\+)*)*" then classify "other" // def. in line 135
INFO - Parsing rules for: Homebrew
INFO - parsing rules from C:\Users\Jacob\Desktop\MasseyReadings\Masters\masters\rules\Homebrew.rules
INFO - 	running in strict mode
DEBUG - 	adding: Rule: if matches "\*" then classify "any" // def. in line 13
INFO - Parsing rules for: Maven
INFO - parsing rules from C:\Users\Jacob\Desktop\MasseyReadings\Masters\masters\rules\Maven.rules
INFO - 	running in strict mode
DEBUG - 	adding: Rule: if matches "(\w|\.|-)+" then classify "soft" // def. in line 21
DEBUG - 	adding: Rule: if matches "\[(\w|\.|-)+\]" then classify "fixed" // def. in line 27
DEBUG - 	adding: Rule: if matches "\+" then classify "latest" // def. in line 33
DEBUG - 	adding: Rule: if matches "(\(|\[)\s*,(\w|\.|-|\s)+(\)|\])" then classify "at-most" // def. in line 41
DEBUG - 	adding: Rule: if matches "(\(|\[)(\w|\.|-|\s)+,\s*(\)|\])" then classify "at-least" // def. in line 49
DEBUG - 	adding: Rule: if matches "\d+\.\+" then classify "var-minor" // def. in line 62
DEBUG - 	adding: Rule: if matches "\d+\+" then classify "at-least" // def. in line 69
DEBUG - 	adding: Rule: if matches "\d+\.\d+\.\d*\+" then classify "var-micro" // def. in line 78
DEBUG - 	adding: Rule: if matches "\d+\.\d+\+" then classify "var-minor" // def. in line 84
DEBUG - 	adding: Rule: if matches "(\[|\()(\w|\.|-|\s)+,(\w|\.|-|\s)+(\]|\))" then classify "range" // def. in line 93
DEBUG - 	adding: Rule: if matches "(\[|\])\s*\d+\.\d+(\.\d+)?\s*,\s*\d+\.\d+(\.\d+)?\s*(\[|\])" then classify "range" // def. in line 104
DEBUG - 	adding: Rule: if matches "(.)*\$\{(.)+\}(.)*" then classify "unresolved" // def. in line 110
DEBUG - 	adding: Rule: if matches "\d+(\.\d+(\.\d+))?\+(\w|-)*" then classify "other" // def. in line 117
DEBUG - 	adding: Rule: if matches "((\[|\()\d+(\.\d+(\.\d+)?)?\s*,\s*\d+(\.\d+(\.\d+)?)?(\]|\))\s*)(,\s*(\[|\()\d+(\.\d+(\.\d+)?)?\s*,\s*\d+(\.\d+(\.\d+)?)?(\]|\))\s*)*" then classify "other" // def. in line 124
INFO - Parsing rules for: NPM
INFO - parsing rules from C:\Users\Jacob\Desktop\MasseyReadings\Masters\masters\rules\NPM.rules
INFO - 	running in strict mode
DEBUG - 	adding: Rule: if matches "^(\s*\^[v\s]*[1-9]\d*(\.[xX\*\d]+){0,2}|[=v\s]*\d+\.?[xX\*]+(\.[xX\*\d]+)*|[=v\s\~]*\d+([xX\*\.]+)?)(-.*)?$" then classify "var-minor" // def. in line 24
DEBUG - 	adding: Rule: if matches "^(\s*~[v\s]*\d+\.\d+(\.[xX\*\d]+)?|[=v~\s]*\d+\.\d+(\.[xX\*])?|\^[v\s]*0(\.[xX\*\d]+){0,2})(-.*)?$" then classify "var-micro" // def. in line 38
DEBUG - 	adding: Rule: if matches "^[=v\s]*\d+\.\d+\.\d+(-.*)?$" then classify "fixed" // def. in line 46
DEBUG - 	adding: Rule: if matches "^[=v\s]*[\*xX](\.[\dxX\*]+){0,2}(-.*)?$" then classify "any" // def. in line 53
DEBUG - 	adding: Rule: if matches ".+\|\|.+" then classify "other" // def. in line 59
DEBUG - 	adding: Rule: if matches "^\s*>=?[v\s]*[\dxX\*]+(\.[\dxX\*]+){0,2}(-.*)?$" then classify "at-least" // def. in line 66
DEBUG - 	adding: Rule: if matches "^\s*<=?[v\s]*[\dxX\*]+(\.[\dxX\*]+){0,2}(-.*)?$" then classify "at-most" // def. in line 73
DEBUG - 	adding: Rule: if matches "^\s*>[=v\s]*[^<]*<.*$" then classify "range" // def. in line 79
DEBUG - 	adding: Rule: if matches "^[=v\s]*[xX\*\d]+(\.[xX\*\d]+){0,2}(-[\.\w]+)?\s+-\s+[=v\s]*[xX\*\d]+(\.[xX\*\d]+){0,2}(-.*)?$" then classify "range" // def. in line 86
DEBUG - 	adding: Rule: if matches "^\s*<[^>]+>.*$" then classify "not" // def. in line 92
DEBUG - 	adding: Rule: if matches "^\s*(?i:latest)\s*$" then classify "latest" // def. in line 99
DEBUG - 	adding: Rule: if matches "^\s*(git(hub|\+(https?|ssh))?:(//)?|https?://|file:).*$" then classify "other" // def. in line 111
INFO - Parsing rules for: NuGet
INFO - parsing rules from C:\Users\Jacob\Desktop\MasseyReadings\Masters\masters\rules\NuGet.rules
INFO - 	running in strict mode
DEBUG - 	adding: Rule: if matches "\=" then classify "any" // def. in line 69
DEBUG - 	adding: Rule: if matches "\=+\s*(\w+|\.|-)+" then classify "fixed" // def. in line 75
DEBUG - 	adding: Rule: if matches "\>\=?\s*(\w+|\.|-)+" then classify "at-least" // def. in line 80
DEBUG - 	adding: Rule: if matches "\<\=?\s*(\w+|\.|-)+" then classify "at-most" // def. in line 85
DEBUG - 	adding: Rule: if matches "\>\=?\s*(\w+|\.|-)+\s*\<\=?\s*(\w+|\.|-)+" then classify "range" // def. in line 91
DEBUG - 	adding: Rule: if matches "\s*\^\s*(\w+|\.|-)+" then classify "range" // def. in line 97
DEBUG - 	adding: Rule: if matches "\>\=?\s*(\w+|\.|-|\*|\~)+" then classify "at-least" // def. in line 104
DEBUG - 	adding: Rule: if matches "\s*(\w+|\.|-)+" then classify "fixed" // def. in line 109
INFO - Parsing rules for: Packagist
INFO - parsing rules from C:\Users\Jacob\Desktop\MasseyReadings\Masters\masters\rules\Packagist.rules
INFO - 	running in strict mode
DEBUG - 	adding: Rule: if matches "(\.?\*)+((-|@|\+)\w+)?" then classify "any" // def. in line 18
DEBUG - 	adding: Rule: if matches "(\*\s+)?=*\s*(\w+|\.|-|@|\+|\/|\#)+(\s*as\s*(\w+|\.|-|@|\+|\/)+)?(\*\s+)?" then classify "fixed" // def. in line 35
DEBUG - 	adding: Rule: if matches "(\s*\|*\<\=?\s*(\w+|\.|-|@|\+)+)+" then classify "at-most" // def. in line 45
DEBUG - 	adding: Rule: if matches "(\s*\|*\>\=?\s*(\w+|\.|-|@|\+)+)+" then classify "at-least" // def. in line 55
DEBUG - 	adding: Rule: if matches "(\|*\s*(\!\=|\<\>)\s*(\w+|\.|-|@|\+)+)+" then classify "not" // def. in line 66
DEBUG - 	adding: Rule: if matches "(\s*(\|\|?)?\s*(\>\=?|\<\=?|\!\=|\<\>)\s*(\w+|\.|-|@|\+)+\s*,*)+" then classify "range" // def. in line 77
DEBUG - 	adding: Rule: if matches "(\w+|\.|-|@|\+)+\s+-\s+(\w+|\.|-|@|\+)+" then classify "range" // def. in line 85
DEBUG - 	adding: Rule: if matches "(\w+|\.){4}\*((-|@|\+)\w+)?" then classify "var-micro" // def. in line 92
DEBUG - 	adding: Rule: if matches "(\~)(\w+|\.){5}((-|@|\+)\w+(\.\d+)?)?" then classify "var-micro" // def. in line 101
DEBUG - 	adding: Rule: if matches "(\w+|\.){2}(\.?\*)+((-|@|\+)\w+)?" then classify "var-minor" // def. in line 109
DEBUG - 	adding: Rule: if matches "(\~(\w+|\.){1,5}|(\^(\w+|\.){1,7}))((-|@|\+)\w+(\.\d+)?)?" then classify "var-minor" // def. in line 132
DEBUG - 	adding: Rule: if matches "(\~|\^)(\w+|\.){7}((-|@|\+)\w+(\.\d+)?)?" then classify "range" // def. in line 138
DEBUG - 	adding: Rule: if matches "(\w+|\.){6}\*((-|@|\+)\w+)?" then classify "var-micro" // def. in line 145
DEBUG - 	adding: Rule: if matches "(\~|\^)(\w+|\.){5}((-|@|\+)\w+(\.\d+)?)?\s*,*\s*\>\=?\s*(\w+|\.|-|@|\+)+" then classify "range" // def. in line 150
DEBUG - 	adding: Rule: if matches "\>\=?\s*(\w+|\.|-|@|\+)+\s*,*\s*(\~|\^)(\w+|\.){5}((-|@|\+)\w+(\.\d+)?)?" then classify "range" // def. in line 155
DEBUG - 	adding: Rule: if matches "(\~|\^)(\w+|\.){5}((-|@|\+)\w+(\.\d+)?)?\s*,*\s*\<\=?\s*(\w+|\.|-|@|\+)+" then classify "range" // def. in line 160
DEBUG - 	adding: Rule: if matches "(\~|\^)(\w+|\.){5}((-|@|\+)\w+(\.\d+)?)?(\s*,*\s*(\!\=|\<\>)\s*(\w+|\.|-|@|\+)+)+" then classify "range" // def. in line 166
DEBUG - 	adding: Rule: if matches "((\!\=|\<\>)\s*(\w+|\.|-|@|\+)+)+(\s*,*\s*)(\~|\^)(\w+|\.){5}((-|@|\+)\w+(\.\d+)?)?" then classify "range" // def. in line 171
DEBUG - 	adding: Rule: if matches "(\w+|\.){4}(\.?\*)+((-|@|\+)\w+)?\s*\,*\s*(\!\=|\<\>)\s*(\w+|\.|-|@|\+)+" then classify "var-micro" // def. in line 176
DEBUG - 	adding: Rule: if matches "(\~|\^)((\w+\.?)|(\w+|\.){3})((-|@|\+)\w+(\.\d+)?)?\s*,*\s*\>\=?\s*(\w+|\.|-|@|\+)+" then classify "range" // def. in line 181
DEBUG - 	adding: Rule: if matches "\>\=?\s*(\w+|\.|-|@|\+)+\s*,*\s*(\~|\^)((\w+\.?)|(\w+|\.){3})((-|@|\+)\w+(\.\d+)?)?" then classify "range" // def. in line 186
DEBUG - 	adding: Rule: if matches "(\~|\^)((\w+\.?)|(\w+|\.){3})((-|@|\+)\w+(\.\d+)?)?\s*,*\s*\<\=?\s*(\w+|\.|-|@|\+)+" then classify "range" // def. in line 191
DEBUG - 	adding: Rule: if matches "(\~|\^)((\w+\.?)|(\w+|\.){3})((-|@|\+)\w+(\.\d+)?)?(\s*,*\s*(\!\=|\<\>)\s*(\w+|\.|-|@|\+)+)+" then classify "range" // def. in line 197
DEBUG - 	adding: Rule: if matches "(\s*,*\s*(\!\=|\<\>)\s*(\w+|\.|-|@|\+)+)+\s*\,*\s*(\~|\^)((\w+\.?)|(\w+|\.){3})((-|@|\+)\w+(\.\d+)?)?" then classify "range" // def. in line 202
DEBUG - 	adding: Rule: if matches "((\s*(,*|(\|\|?))\s*)?(((\~|\^)((\w+\.?)|(\w+|\.){3})((-|@|\+)\w+(\.\d+)?)?)|(\w+|\.){2}(\.?\*)+((-|@|\+)\w+)?)){2,}" then classify "var-minor" // def. in line 211
DEBUG - 	adding: Rule: if matches "((\s*(,*|(\|\|?))\s*)?(((\~|\^)(\w+|\.){5}((-|@|\+)\w+(\.\d+)?)?)|(\w+|\.){4}\*((-|@|\+)\w+)?)){2,}" then classify "var-micro" // def. in line 222
DEBUG - 	adding: Rule: if matches "(((\*\s+)?=*\s*(\w+|\.|-|@|\+|\/|\#)+(\s*as\s*(\w+|\.|-|@|\+|\/)+)?(\*\s+)?)\s*(\|\|?)\s*((\s*\|*\>\=?\s*(\w+|\.|-|@|\+)+)+))" then classify "soft" // def. in line 234
DEBUG - 	adding: Rule: if matches "((\*\s+)?=*\s*(\w+|\.|-|@|\+|\/|\#)+(\s*as\s*(\w+|\.|-|@|\+|\/)+)?(\*\s+)?)\s*(\|\|?)\s*((\s*(\|\|?)?\s*(\>\=?|\<\=?|\!\=|\<\>)\s*(\w+|\.|-|@|\+)+\s*,*)+)" then classify "soft" // def. in line 239
DEBUG - 	adding: Rule: if matches "((\*\s+)?=*\s*(\w+|\.|-|@|\+|\/|\#)+(\s*as\s*(\w+|\.|-|@|\+|\/)+)?(\*\s+)?)\s*(\|\|?)\s*(\~|\^)(\w+|\.)+((-|@|\+)\w+(\.\d+)?)?" then classify "soft" // def. in line 244
DEBUG - 	adding: Rule: if matches "(\~|\^)((\w+\.?)|(\w+|\.){3})((-|@|\+)\w+(\.\d+)?)?\s*\|\|?\s*(\*\s+)?=*\s*(\w+|\.|-|@|\+|\/|\#)+(\s*as\s*(\w+|\.|-|@|\+|\/)+)?(\*\s+)?" then classify "range" // def. in line 249
DEBUG - 	adding: Rule: if matches "(\s*((\|\|?)|,*)?\s*(\~|\^|\>\=?|\<\=?|\!\=|\<\>)?\s*(\w+|\.|-|@|\+|\*)+)+" then classify "other" // def. in line 258
DEBUG - 	adding: Rule: if matches "\$\{(.)+\}" then classify "unresolved" // def. in line 263
INFO - Parsing rules for: Pub
INFO - parsing rules from C:\Users\Jacob\Desktop\MasseyReadings\Masters\masters\rules\Pub.rules
INFO - 	running in strict mode
DEBUG - 	adding: Rule: if matches "(\>\=|\>)\s*(\w.+)\s*(\<|\<\=)\s*(\w.+)" then classify "range" // def. in line 23
DEBUG - 	adding: Rule: if matches "(\^\s*\d.\d)" then classify "range" // def. in line 30
DEBUG - 	adding: Rule: if matches "(((\{"git")\D+\d+\D+)|(\{"git")\D+)\,\s("version")\D+\d.+\<\d.+" then classify "other" // def. in line 38
DEBUG - 	adding: Rule: if matches "\^\s*\d.(\d.+|(\d\d.+))" then classify "range" // def. in line 50
DEBUG - 	adding: Rule: if matches "\{\"(version)\"\=\>\"\^(((\d.\d.\d(\D+\}\}))|(\d.(\d.|(\d\d.))\d(\D+\d.+))))" then classify "other" // def. in line 58
DEBUG - 	adding: Rule: if matches "(>|>=)\s*\d.+" then classify "at-least" // def. in line 68
DEBUG - 	adding: Rule: if matches "(\{"git")\D+\,\s("version")\D+(>=)\d.\d.\d\"\}" then classify "other" // def. in line 75
DEBUG - 	adding: Rule: if matches "(\{"git")\D+\,\s("version")\D+\d.\d\"\}" then classify "other" // def. in line 83
DEBUG - 	adding: Rule: if matches "(<|<=)((\s\w.+)|(\w.+))" then classify "at-most" // def. in line 90
DEBUG - 	adding: Rule: if matches "(\d.+)|(\w+\s\d.+)" then classify "fixed" // def. in line 98
DEBUG - 	adding: Rule: if matches "\{\"(version)\"\=\>\"\d.+\}\}" then classify "other" // def. in line 111
DEBUG - 	adding: Rule: if matches "\{\"(git)\W+(ref)(.)+(cors)(.)+\"\}\}" then classify "other" // def. in line 117
DEBUG - 	adding: Rule: if matches "\{\"(git)\W+(ref)(.)+\"\}\}" then classify "other" // def. in line 127
DEBUG - 	adding: Rule: if matches "\{\"(git)(.)+\}" then classify "other" // def. in line 139
DEBUG - 	adding: Rule: if matches "(any)" then classify "any" // def. in line 147
DEBUG - 	adding: Rule: if matches "\{\"((sdk)|(path))(.)+\}" then classify "other" // def. in line 156
INFO - Parsing rules for: Puppet
INFO - parsing rules from C:\Users\Jacob\Desktop\MasseyReadings\Masters\masters\rules\Puppet.rules
INFO - 	running in strict mode
DEBUG - 	adding: Rule: if matches "(\d|\.)+(-(\w|.)*)?" then classify "fixed" // def. in line 31
DEBUG - 	adding: Rule: if matches "latest" then classify "latest" // def. in line 37
DEBUG - 	adding: Rule: if matches "(<=|<)(\s)*(\w|\.|-)+" then classify "at-most" // def. in line 51
DEBUG - 	adding: Rule: if matches "(>=|>)(\s)*(\w|\.|-)+" then classify "at-least" // def. in line 65
DEBUG - 	adding: Rule: if matches "(>=|>)(\s)*(\w|\.|-)+(\s)*(<=|<)(\s)*(\w|\.|-)+" then classify "range" // def. in line 78
DEBUG - 	adding: Rule: if matches "\d+\.x(\w|\.|-)*" then classify "var-minor" // def. in line 86
DEBUG - 	adding: Rule: if matches "\d+\.\d+\.x(\w|\.|-)*" then classify "var-micro" // def. in line 94
DEBUG - 	adding: Rule: if matches "\*" then classify "any" // def. in line 99
INFO - Parsing rules for: Pypi
INFO - parsing rules from C:\Users\Jacob\Desktop\MasseyReadings\Masters\masters\rules\Pypi.rules
INFO - 	running in strict mode
DEBUG - 	adding: Rule: if matches "(\<|\<\=)\s*(\d.+|\d)\,(\>\=|\>)\s*(\d.+|\d)" then classify "range" // def. in line 30
DEBUG - 	adding: Rule: if matches "(==)\s*((\d.+)|(\d))" then classify "fixed" // def. in line 38
DEBUG - 	adding: Rule: if matches "\s*((\d.+)|\d)" then classify "fixed" // def. in line 46
DEBUG - 	adding: Rule: if matches "(>=)\s*((\d.+)|(\d))" then classify "at-least" // def. in line 54
DEBUG - 	adding: Rule: if matches "(>)\s*((\d.+)|(\d))" then classify "at-least" // def. in line 62
DEBUG - 	adding: Rule: if matches "(<=)\s*((\d.+)|(\d))" then classify "at-most" // def. in line 70
DEBUG - 	adding: Rule: if matches "(<)\s*((\d.+)|(\d))" then classify "at-most" // def. in line 78
DEBUG - 	adding: Rule: if matches "(~=)\s*((\d.\d.\d))" then classify "var-micro" // def. in line 86
DEBUG - 	adding: Rule: if matches "(~=)\s*((\d.\d)|(\d))" then classify "var-minor" // def. in line 93
DEBUG - 	adding: Rule: if matches "(\*)" then classify "any" // def. in line 100
INFO - Parsing rules for: Rubygems
INFO - parsing rules from C:\Users\Jacob\Desktop\MasseyReadings\Masters\masters\rules\Rubygems.rules
INFO - 	running in strict mode
DEBUG - 	adding: Rule: if matches "^\s*((>|~)[^~]+)?~>\s*\d+(\.\d+){2,}[\s"]*(,[^!]*)?$" then classify "var-micro" // def. in line 28
DEBUG - 	adding: Rule: if matches "^\s*((>|~)[^~]+)?~>\s*\d+(\.\d+){0,1}[\s"]*(,[^!]*)?$" then classify "var-minor" // def. in line 38
DEBUG - 	adding: Rule: if matches "^\s*([^,]+,\s*)?=\s*\d+(\.\d+){0,}([-\.]?[a-zA-Z][\w\.-]*\s*)?[\s"]*(,.*)?$" then classify "fixed" // def. in line 47
DEBUG - 	adding: Rule: if matches "^\s*(>[^<]*<|<[^>]+>).*$" then classify "range" // def. in line 57
DEBUG - 	adding: Rule: if matches "^\s*>=?\s*\d+(\.\d+){0,}[\s"]*(,[^!]*)?$" then classify "at-least" // def. in line 66
DEBUG - 	adding: Rule: if matches "^\s*<=?\s*\w+(\.\w+){0,}[\s"]*(,.*)*$" then classify "at-most" // def. in line 75
DEBUG - 	adding: Rule: if matches "^.*(>=?|~>)\s*\d+(\.\d+){0,4}[-\.]*[a-zA-Z].*$" then classify "var-micro" // def. in line 88
DEBUG - 	adding: Rule: if matches "^.*!=.+$" then classify "not" // def. in line 98
INFO - 965 pairs processed in the package manager Dub
INFO - Finished lag service for Dub after 10 seconds
INFO - 17792 in Elm
INFO - Entered LagService.getLag for package manager Haxelib
INFO - Finished pair collector caching after 0 seconds
INFO - Finished lag service for Haxelib after 2 seconds
INFO - Entered LagService.getLag for package manager Hex
INFO - Finished pair collector caching after 0 seconds
INFO - 3546 pairs processed in the package manager Hex
INFO - 9735 pairs processed in the package manager Hex
INFO - Finished lag service for Hex after 22 seconds
INFO - Homebrew flexible study not supported
INFO - 3765146 in Maven
INFO - 76259797 in NPM
INFO - Entered LagService.getLag for package manager NuGet
INFO - Finished pair collector caching after 0 seconds
INFO - 2233 pairs processed in the package manager NuGet
INFO - 4822 pairs processed in the package manager NuGet
INFO - 5864 pairs processed in the package manager NuGet
INFO - 7974 pairs processed in the package manager NuGet
INFO - 9028 pairs processed in the package manager NuGet
INFO - 10720 pairs processed in the package manager NuGet
INFO - 11802 pairs processed in the package manager NuGet
INFO - 14245 pairs processed in the package manager NuGet
INFO - 16346 pairs processed in the package manager NuGet
INFO - 17216 pairs processed in the package manager NuGet
INFO - 18549 pairs processed in the package manager NuGet
INFO - 19769 pairs processed in the package manager NuGet
INFO - 20567 pairs processed in the package manager NuGet
INFO - 22433 pairs processed in the package manager NuGet
INFO - 23333 pairs processed in the package manager NuGet
INFO - 24554 pairs processed in the package manager NuGet
INFO - 25823 pairs processed in the package manager NuGet
INFO - 26340 pairs processed in the package manager NuGet
INFO - 27500 pairs processed in the package manager NuGet
INFO - 30486 pairs processed in the package manager NuGet
INFO - 32447 pairs processed in the package manager NuGet
INFO - 33685 pairs processed in the package manager NuGet
INFO - 35595 pairs processed in the package manager NuGet
INFO - 36951 pairs processed in the package manager NuGet
INFO - 39263 pairs processed in the package manager NuGet
INFO - 41530 pairs processed in the package manager NuGet
INFO - 44657 pairs processed in the package manager NuGet
INFO - 48375 pairs processed in the package manager NuGet
INFO - 52471 pairs processed in the package manager NuGet
INFO - 55913 pairs processed in the package manager NuGet
INFO - 57904 pairs processed in the package manager NuGet
INFO - 60203 pairs processed in the package manager NuGet
INFO - 62794 pairs processed in the package manager NuGet
INFO - 65254 pairs processed in the package manager NuGet
INFO - 67763 pairs processed in the package manager NuGet
INFO - 69979 pairs processed in the package manager NuGet
INFO - 73040 pairs processed in the package manager NuGet
INFO - 75228 pairs processed in the package manager NuGet
INFO - 75561 pairs processed in the package manager NuGet
INFO - 75739 pairs processed in the package manager NuGet
INFO - 75777 pairs processed in the package manager NuGet
INFO - 75879 pairs processed in the package manager NuGet
INFO - 76234 pairs processed in the package manager NuGet
INFO - 76469 pairs processed in the package manager NuGet
INFO - 76646 pairs processed in the package manager NuGet
INFO - 79115 pairs processed in the package manager NuGet
INFO - 81377 pairs processed in the package manager NuGet
INFO - 84938 pairs processed in the package manager NuGet
INFO - 88559 pairs processed in the package manager NuGet
INFO - 91358 pairs processed in the package manager NuGet
INFO - 93940 pairs processed in the package manager NuGet
INFO - 95926 pairs processed in the package manager NuGet
INFO - 99344 pairs processed in the package manager NuGet
INFO - 102558 pairs processed in the package manager NuGet
INFO - 105505 pairs processed in the package manager NuGet
INFO - 109076 pairs processed in the package manager NuGet
INFO - 111095 pairs processed in the package manager NuGet
INFO - 111319 pairs processed in the package manager NuGet
INFO - 114208 pairs processed in the package manager NuGet
INFO - 117459 pairs processed in the package manager NuGet
INFO - 119135 pairs processed in the package manager NuGet
INFO - 122275 pairs processed in the package manager NuGet
INFO - 125778 pairs processed in the package manager NuGet
INFO - 127757 pairs processed in the package manager NuGet
INFO - 130400 pairs processed in the package manager NuGet
INFO - 133154 pairs processed in the package manager NuGet
INFO - 135110 pairs processed in the package manager NuGet
INFO - 137769 pairs processed in the package manager NuGet
INFO - 140932 pairs processed in the package manager NuGet
INFO - 143776 pairs processed in the package manager NuGet
INFO - 145952 pairs processed in the package manager NuGet
INFO - 148209 pairs processed in the package manager NuGet
INFO - 150702 pairs processed in the package manager NuGet
INFO - 151989 pairs processed in the package manager NuGet
INFO - 153376 pairs processed in the package manager NuGet
INFO - 154905 pairs processed in the package manager NuGet
INFO - 156121 pairs processed in the package manager NuGet
INFO - 158075 pairs processed in the package manager NuGet
INFO - 160229 pairs processed in the package manager NuGet
INFO - 162621 pairs processed in the package manager NuGet
INFO - 164675 pairs processed in the package manager NuGet
INFO - 167406 pairs processed in the package manager NuGet
INFO - 170258 pairs processed in the package manager NuGet
INFO - 173490 pairs processed in the package manager NuGet
INFO - 175538 pairs processed in the package manager NuGet
INFO - 177550 pairs processed in the package manager NuGet
INFO - 179838 pairs processed in the package manager NuGet
INFO - 181803 pairs processed in the package manager NuGet
INFO - 185321 pairs processed in the package manager NuGet
INFO - 187461 pairs processed in the package manager NuGet
INFO - 190010 pairs processed in the package manager NuGet
INFO - 192281 pairs processed in the package manager NuGet
INFO - 193894 pairs processed in the package manager NuGet
INFO - 195772 pairs processed in the package manager NuGet
INFO - 197499 pairs processed in the package manager NuGet
INFO - 198874 pairs processed in the package manager NuGet
INFO - 200578 pairs processed in the package manager NuGet
INFO - 202156 pairs processed in the package manager NuGet
INFO - 203978 pairs processed in the package manager NuGet
INFO - 205574 pairs processed in the package manager NuGet
INFO - 206901 pairs processed in the package manager NuGet
INFO - 208470 pairs processed in the package manager NuGet
INFO - 209520 pairs processed in the package manager NuGet
INFO - 211126 pairs processed in the package manager NuGet
INFO - 212499 pairs processed in the package manager NuGet
INFO - 214677 pairs processed in the package manager NuGet
INFO - 215781 pairs processed in the package manager NuGet
INFO - 217811 pairs processed in the package manager NuGet
INFO - 219792 pairs processed in the package manager NuGet
INFO - 222301 pairs processed in the package manager NuGet
INFO - 223661 pairs processed in the package manager NuGet
INFO - 224253 pairs processed in the package manager NuGet
INFO - 224533 pairs processed in the package manager NuGet
INFO - 225163 pairs processed in the package manager NuGet
INFO - 225473 pairs processed in the package manager NuGet
INFO - 225718 pairs processed in the package manager NuGet
INFO - 226104 pairs processed in the package manager NuGet
INFO - 226526 pairs processed in the package manager NuGet
INFO - 226746 pairs processed in the package manager NuGet
INFO - 227361 pairs processed in the package manager NuGet
INFO - 227797 pairs processed in the package manager NuGet
INFO - 228223 pairs processed in the package manager NuGet
INFO - 228488 pairs processed in the package manager NuGet
INFO - 228721 pairs processed in the package manager NuGet
INFO - 229074 pairs processed in the package manager NuGet
INFO - 229653 pairs processed in the package manager NuGet
INFO - 230218 pairs processed in the package manager NuGet
INFO - 230988 pairs processed in the package manager NuGet
INFO - 231561 pairs processed in the package manager NuGet
INFO - 232090 pairs processed in the package manager NuGet
INFO - 232455 pairs processed in the package manager NuGet
INFO - 232760 pairs processed in the package manager NuGet
INFO - 232999 pairs processed in the package manager NuGet
INFO - 233534 pairs processed in the package manager NuGet
INFO - 233828 pairs processed in the package manager NuGet
INFO - 234261 pairs processed in the package manager NuGet
INFO - 234352 pairs processed in the package manager NuGet
INFO - 234435 pairs processed in the package manager NuGet
INFO - 234681 pairs processed in the package manager NuGet
INFO - 234826 pairs processed in the package manager NuGet
INFO - 234956 pairs processed in the package manager NuGet
INFO - 235033 pairs processed in the package manager NuGet
INFO - 235118 pairs processed in the package manager NuGet
INFO - 235284 pairs processed in the package manager NuGet
INFO - 235329 pairs processed in the package manager NuGet
INFO - 235433 pairs processed in the package manager NuGet
INFO - 235508 pairs processed in the package manager NuGet
INFO - 235508 pairs processed in the package manager NuGet
INFO - 235512 pairs processed in the package manager NuGet
INFO - 235623 pairs processed in the package manager NuGet
INFO - 235631 pairs processed in the package manager NuGet
INFO - 235643 pairs processed in the package manager NuGet
INFO - 235727 pairs processed in the package manager NuGet
INFO - 235782 pairs processed in the package manager NuGet
INFO - 235833 pairs processed in the package manager NuGet
INFO - 235863 pairs processed in the package manager NuGet
INFO - 235879 pairs processed in the package manager NuGet
INFO - 235962 pairs processed in the package manager NuGet
INFO - 235977 pairs processed in the package manager NuGet
INFO - 235977 pairs processed in the package manager NuGet
INFO - 236105 pairs processed in the package manager NuGet
INFO - 236486 pairs processed in the package manager NuGet
INFO - 236761 pairs processed in the package manager NuGet
INFO - 236761 pairs processed in the package manager NuGet
INFO - 236856 pairs processed in the package manager NuGet
INFO - 236856 pairs processed in the package manager NuGet
INFO - 236915 pairs processed in the package manager NuGet
INFO - 236915 pairs processed in the package manager NuGet
INFO - 236938 pairs processed in the package manager NuGet
INFO - 236968 pairs processed in the package manager NuGet
INFO - 236968 pairs processed in the package manager NuGet
INFO - 237019 pairs processed in the package manager NuGet
INFO - 237021 pairs processed in the package manager NuGet
INFO - 237312 pairs processed in the package manager NuGet
INFO - 237557 pairs processed in the package manager NuGet
INFO - 238041 pairs processed in the package manager NuGet
INFO - 238574 pairs processed in the package manager NuGet
INFO - 238574 pairs processed in the package manager NuGet
INFO - 238574 pairs processed in the package manager NuGet
INFO - 238894 pairs processed in the package manager NuGet
INFO - 238931 pairs processed in the package manager NuGet
INFO - 239125 pairs processed in the package manager NuGet
INFO - 239549 pairs processed in the package manager NuGet
INFO - 240299 pairs processed in the package manager NuGet
INFO - 240501 pairs processed in the package manager NuGet
INFO - 240986 pairs processed in the package manager NuGet
INFO - 241019 pairs processed in the package manager NuGet
INFO - 241019 pairs processed in the package manager NuGet
INFO - 241150 pairs processed in the package manager NuGet
INFO - 241316 pairs processed in the package manager NuGet
INFO - 241502 pairs processed in the package manager NuGet
INFO - 242646 pairs processed in the package manager NuGet
INFO - 244934 pairs processed in the package manager NuGet
INFO - Finished lag service for NuGet after 1940 seconds
INFO - 4673413 in Packagist
INFO - Entered LagService.getLag for package manager Pub
INFO - Finished pair collector caching after 0 seconds
INFO - 4575 pairs processed in the package manager Pub
INFO - 8470 pairs processed in the package manager Pub
INFO - 12290 pairs processed in the package manager Pub
INFO - Finished lag service for Pub after 38 seconds
INFO - Entered LagService.getLag for package manager Puppet
INFO - Finished pair collector caching after 0 seconds
INFO - 7362 pairs processed in the package manager Puppet
INFO - Finished lag service for Puppet after 10 seconds
INFO - Entered LagService.getLag for package manager Pypi
INFO - Finished pair collector caching after 0 seconds
INFO - 1171 pairs processed in the package manager Pypi
INFO - 2296 pairs processed in the package manager Pypi
INFO - 3520 pairs processed in the package manager Pypi
INFO - 5280 pairs processed in the package manager Pypi
INFO - 7285 pairs processed in the package manager Pypi
INFO - 9236 pairs processed in the package manager Pypi
INFO - 11261 pairs processed in the package manager Pypi
INFO - 13293 pairs processed in the package manager Pypi
INFO - 15368 pairs processed in the package manager Pypi
INFO - 17539 pairs processed in the package manager Pypi
INFO - 19371 pairs processed in the package manager Pypi
INFO - 21274 pairs processed in the package manager Pypi
INFO - 22808 pairs processed in the package manager Pypi
INFO - 24409 pairs processed in the package manager Pypi
INFO - 26423 pairs processed in the package manager Pypi
INFO - 28504 pairs processed in the package manager Pypi
INFO - Finished lag service for Pypi after 162 seconds
INFO - 4780660 in Rubygems
