INFO - Entered LagService.getLag for package manager Cargo
INFO - Finished pair collector caching after 0 seconds
INFO - Parsing rules for: Atom
INFO - parsing rules from C:\Users\Jacob\Desktop\MasseyReadings\Masters\masters\rules\Atom.rules
INFO - 	running in strict mode
DEBUG - 	adding: Rule: if matches "^(\s*\^[v\s]*[1-9]\d*(\.[xX\*\d]+){0,2}|[=v\s]*\d+.[xX\*]+(\.[xX\*\d]+)?|[=v\s\~]*\d+([xX\*\.]+)?)(-.*)?$" then classify "var-minor" // def. in line 24
DEBUG - 	adding: Rule: if matches "^(\s*~[v\s]*\d+\.\d+(\.[xX\*\d]+)?|[=v~\s]*\d+\.\d+(\.[xX\*])?|\^[v\s]*0(\.[xX\*\d]+){0,2})(-.*)?$" then classify "var-micro" // def. in line 38
DEBUG - 	adding: Rule: if matches "^[=v\s]*\d+\.\d+\.\d+(-.*)?$" then classify "fixed" // def. in line 46
DEBUG - 	adding: Rule: if matches "^[=v\s]*[\*xX](\.[\dxX\*]+){0,2}(-.*)?$" then classify "any" // def. in line 53
DEBUG - 	adding: Rule: if matches ".+\|\|.+" then classify "other" // def. in line 59
DEBUG - 	adding: Rule: if matches "^\s*>=?[v\s]*[\dxX\*]+(\.[\dxX\*]+){0,2}(-.*)?$" then classify "at-least" // def. in line 66
DEBUG - 	adding: Rule: if matches "^\s*<=?[v\s]*[\dxX\*]+(\.[\dxX\*]+){0,2}(-.*)?$" then classify "at-most" // def. in line 73
DEBUG - 	adding: Rule: if matches "^\s*>[=v\s]*[^<]*<.*$" then classify "range" // def. in line 79
DEBUG - 	adding: Rule: if matches "^[=v\s]*[xX\*\d]+(\.[xX\*\d]+){0,2}(-[\.\w]+)?\s+-\s+[=v\s]*[xX\*\d]+(\.[xX\*\d]+){0,2}(-.*)?$" then classify "range" // def. in line 86
DEBUG - 	adding: Rule: if matches "^\s*<[^>]+>.*$" then classify "not" // def. in line 92
DEBUG - 	adding: Rule: if matches "^\s*(?i:latest)\s*$" then classify "latest" // def. in line 99
DEBUG - 	adding: Rule: if matches "^\s*(git(hub|\+(https?|ssh))?:(//)?|https?://|file:).*$" then classify "other" // def. in line 111
INFO - Parsing rules for: CPAN
INFO - parsing rules from C:\Users\Jacob\Desktop\MasseyReadings\Masters\masters\rules\CPAN.rules
INFO - 	running in strict mode
DEBUG - 	adding: Rule: if matches "0" then classify "any" // def. in line 25
DEBUG - 	adding: Rule: if matches "\s*(\w+|\.)+\s*" then classify "at-least" // def. in line 31
DEBUG - 	adding: Rule: if matches "\s*\=\=\s*(\w+|\.)+\s*" then classify "fixed" // def. in line 36
DEBUG - 	adding: Rule: if matches "\s*\<\=?\s*(\w+|\.)+\s*" then classify "at-most" // def. in line 42
DEBUG - 	adding: Rule: if matches "(,?\s*\!\=\s*(\w+|\.)+\s*)+" then classify "not" // def. in line 48
DEBUG - 	adding: Rule: if matches "\s*\>\=?\s*(\w+|\.)+\s*" then classify "at-least" // def. in line 54
DEBUG - 	adding: Rule: if matches "\s*\>\=?\s*(\w+|\.)+\s*,\s*\<\=?\s*(\w+|\.)+\s*" then classify "range" // def. in line 59
DEBUG - 	adding: Rule: if matches "\s*(\!\=|\<\=?|\>\=?|\=\=)?\s*(\w+|\.)+\s*(\s*,\s*(\!\=|\<\=?|\>\=?|\=\=)?\s*(\w+|\.)+\s*)+" then classify "other" // def. in line 64
INFO - Parsing rules for: CRAN
INFO - parsing rules from C:\Users\Jacob\Desktop\MasseyReadings\Masters\masters\rules\CRAN.rules
INFO - 	running in strict mode
DEBUG - 	adding: Rule: if matches ">=\s*\d+(\.\d+)*" then classify "at-least" // def. in line 43
DEBUG - 	adding: Rule: if matches ">\s*\d+(\.\d+)*" then classify "at-least" // def. in line 49
DEBUG - 	adding: Rule: if matches "<=\s*\d+(\.\d+)*" then classify "at-most" // def. in line 56
DEBUG - 	adding: Rule: if matches "<\s*\d+(\.\d+)*" then classify "at-most" // def. in line 62
DEBUG - 	adding: Rule: if matches "==\s*\d+(\.\d+)*" then classify "fixed" // def. in line 69
DEBUG - 	adding: Rule: if matches "\*" then classify "any" // def. in line 74
INFO - Parsing rules for: Cargo
INFO - parsing rules from C:\Users\Jacob\Desktop\MasseyReadings\Masters\masters\rules\Cargo.rules
INFO - 	running in strict mode
DEBUG - 	adding: Rule: if matches "0.0.\d+(-(\w|.)*)?" then classify "fixed" // def. in line 25
DEBUG - 	adding: Rule: if matches "0.[1-9]\d*(.\d+)?(-(\w|.)*)?" then classify "var-micro" // def. in line 34
DEBUG - 	adding: Rule: if matches "0.0" then classify "var-micro" // def. in line 38
DEBUG - 	adding: Rule: if matches "[1-9]\d*(.\d+)*(-(\w|.)*)?" then classify "var-minor" // def. in line 48
DEBUG - 	adding: Rule: if matches "0" then classify "var-minor" // def. in line 52
DEBUG - 	adding: Rule: if matches "\^0.0.\d+(-(\w|.)*)?" then classify "fixed" // def. in line 63
DEBUG - 	adding: Rule: if matches "\^0.[1-9]\d*(.\d+)?(-(\w|.)*)?" then classify "var-micro" // def. in line 73
DEBUG - 	adding: Rule: if matches "\^0.0" then classify "var-micro" // def. in line 77
DEBUG - 	adding: Rule: if matches "\^[1-9]\d*(.\d+)*(-(\w|.)*)?" then classify "var-minor" // def. in line 89
DEBUG - 	adding: Rule: if matches "\^0" then classify "var-minor" // def. in line 93
DEBUG - 	adding: Rule: if matches "~\d+.\d+(.\d+)?(-(\w|.)*)?" then classify "var-micro" // def. in line 104
DEBUG - 	adding: Rule: if matches "~\d+(-(\w|.)*)?" then classify "var-minor" // def. in line 108
DEBUG - 	adding: Rule: if matches "=(\s)*(\w|\.|-)+" then classify "fixed" // def. in line 122
DEBUG - 	adding: Rule: if matches "(<=|<)(\s)*(\w|\.|-)+" then classify "at-most" // def. in line 140
DEBUG - 	adding: Rule: if matches "(>=|>)(\s)*(\w|\.|-)+" then classify "at-least" // def. in line 154
DEBUG - 	adding: Rule: if matches "(>=|>)(\s)*(\w|\.|-)+(\s)*(,)(\s)*(<=|<)(\s)*(\w|\.|-)+" then classify "range" // def. in line 170
DEBUG - 	adding: Rule: if matches "(<|<=)(\s)*(\w|\.|-)+(\s)*(,)(\s)*(>=|>)(\s)*(\w|\.|-)+" then classify "range" // def. in line 174
DEBUG - 	adding: Rule: if matches "\^(\w|\.|-)+, (<=|<|>|>=)(\s)*(\w|\.|-)+" then classify "range" // def. in line 179
DEBUG - 	adding: Rule: if matches "\d+\.\*(\w|\.|-|\*)*" then classify "var-minor" // def. in line 189
DEBUG - 	adding: Rule: if matches "\d+\.\d+\.\*(\w|\.|-)*" then classify "var-micro" // def. in line 197
DEBUG - 	adding: Rule: if matches "(\w|\s|\.|\^|>|>=|\*)+,\s*(\w|\s|\^|\.|,|>|>=|\*|~)+" then classify "other" // def. in line 202
DEBUG - 	adding: Rule: if matches "\*" then classify "any" // def. in line 207
INFO - Parsing rules for: Dub
INFO - parsing rules from C:\Users\Jacob\Desktop\MasseyReadings\Masters\masters\rules\Dub.rules
INFO - 	running in strict mode
DEBUG - 	adding: Rule: if matches "((\>\=)|(\>))((\d.+|\d))\s((\<\=)|(\<))((\d.+|\d))" then classify "range" // def. in line 16
DEBUG - 	adding: Rule: if matches "((==)\s*((\d.+)|\d))|(((\d.+)|\d))" then classify "fixed" // def. in line 29
DEBUG - 	adding: Rule: if matches "(~>)\s*((\d.\d\d)|(\d.\d)|(\d.\d\D+)|(\d))" then classify "var-minor" // def. in line 37
DEBUG - 	adding: Rule: if matches "(~>)((\s\d.+\d.+\d+)|(\d.+\d+.\d+)(\w|\.|-|\+)*)" then classify "var-micro" // def. in line 45
DEBUG - 	adding: Rule: if matches "((>)|(>=))\s*(\d.+|\d)" then classify "at-least" // def. in line 57
DEBUG - 	adding: Rule: if matches "((<=)|<)\s*((\d.+)|(\d))" then classify "at-most" // def. in line 69
DEBUG - 	adding: Rule: if matches "\*" then classify "any" // def. in line 75
DEBUG - 	adding: Rule: if matches "\~(\w.+|\d.)*" then classify "other" // def. in line 84
INFO - Parsing rules for: Elm
INFO - parsing rules from C:\Users\Jacob\Desktop\MasseyReadings\Masters\masters\rules\Elm.rules
INFO - 	running in strict mode
DEBUG - 	adding: Rule: if matches "(\w|\.)+(\s)*(<|<=)(\s)*v(\s)*(<|<=)(\s)*(\w|\.)+" then classify "range" // def. in line 24
INFO - Parsing rules for: Haxelib
INFO - parsing rules from C:\Users\Jacob\Desktop\MasseyReadings\Masters\masters\rules\Haxelib.rules
INFO - 	running in strict mode
DEBUG - 	adding: Rule: if matches "\w(\w|\.|-)*" then classify "fixed" // def. in line 20
DEBUG - 	adding: Rule: if matches "\*" then classify "any" // def. in line 25
INFO - Parsing rules for: Hex
INFO - parsing rules from C:\Users\Jacob\Desktop\MasseyReadings\Masters\masters\rules\Hex.rules
INFO - 	running in strict mode
DEBUG - 	adding: Rule: if matches "\d+.\d+(\w|\.|-|\+)*" then classify "fixed" // def. in line 24
DEBUG - 	adding: Rule: if matches "==\s*(\w|\.|-|\+)+" then classify "fixed" // def. in line 32
DEBUG - 	adding: Rule: if matches ">\s*(\w|\.|-|\+)+" then classify "at-least" // def. in line 40
DEBUG - 	adding: Rule: if matches ">=\s*(\w|\.|-|\+)+" then classify "at-least" // def. in line 48
DEBUG - 	adding: Rule: if matches "<\s*(\w|\.|-|\+)+" then classify "at-most" // def. in line 56
DEBUG - 	adding: Rule: if matches "<=\s*(\w|\.|-|\+)+" then classify "at-most" // def. in line 64
DEBUG - 	adding: Rule: if matches ">=?\s*(\w|\.|-|\+)+\s+and\s+<=?\s*(\w|\.|-|\+)+" then classify "range" // def. in line 72
DEBUG - 	adding: Rule: if matches "\s?~>\s*\d+.\d+(-(\w|\.|-|\+)+)?" then classify "var-minor" // def. in line 81
DEBUG - 	adding: Rule: if matches "\s?~>\s*\d+.\d+.\d+(-(\w|\.|-|\+)+)?" then classify "var-micro" // def. in line 92
DEBUG - 	adding: Rule: if matches "~>\s*(\w|\.|-|\+)*(\s+or\s+~>\s+(\w|\.|-|\+)*)+" then classify "other" // def. in line 103
DEBUG - 	adding: Rule: if matches "((>=?)|(<=?))\s+\d+.\d+.\d+(-(\w|.)+)?\s+and\s+~>\s+\d+.\d+.\d+(-(\w|.)+)?" then classify "var-micro" // def. in line 109
DEBUG - 	adding: Rule: if matches "~>\s+\d+.\d+.\d+(-(\w|.)+)?\s+and\s+((>=?)|(<=?))\s+\d+.\d+.\d+(-(\w|.)+)?" then classify "var-micro" // def. in line 115
DEBUG - 	adding: Rule: if matches "((>=?)|(<=?))\s+\d+.\d+(-(\w|.)+)?\s+and\s+~>\s+\d+.\d+(-(\w|.)+)?" then classify "var-minor" // def. in line 121
DEBUG - 	adding: Rule: if matches "~>\s+\d+.\d+(-(\w|.)+)?\s+and\s+((<=?)|(>=?))\s+\d+.\d+(-(\w|.)+)?" then classify "var-minor" // def. in line 127
DEBUG - 	adding: Rule: if matches "((~>)|(<=?)|(>=?)|(==))?\s*\d+\.\d+(\w|\.|-|\+)*(\s+((and)|(or))\s+((~>)|(<=?)|(>=?)|(==))?\s*\d+\.\d+(\w|\.|-|\+)*)*" then classify "other" // def. in line 135
INFO - Parsing rules for: Homebrew
INFO - parsing rules from C:\Users\Jacob\Desktop\MasseyReadings\Masters\masters\rules\Homebrew.rules
INFO - 	running in strict mode
DEBUG - 	adding: Rule: if matches "\*" then classify "any" // def. in line 13
INFO - Parsing rules for: Maven
INFO - parsing rules from C:\Users\Jacob\Desktop\MasseyReadings\Masters\masters\rules\Maven.rules
INFO - 	running in strict mode
DEBUG - 	adding: Rule: if matches "(\w|\.|-)+" then classify "soft" // def. in line 21
DEBUG - 	adding: Rule: if matches "\[(\w|\.|-)+\]" then classify "fixed" // def. in line 27
DEBUG - 	adding: Rule: if matches "\+" then classify "latest" // def. in line 33
DEBUG - 	adding: Rule: if matches "(\(|\[)\s*,(\w|\.|-|\s)+(\)|\])" then classify "at-most" // def. in line 41
DEBUG - 	adding: Rule: if matches "(\(|\[)(\w|\.|-|\s)+,\s*(\)|\])" then classify "at-least" // def. in line 49
DEBUG - 	adding: Rule: if matches "\d+\.\+" then classify "var-minor" // def. in line 62
DEBUG - 	adding: Rule: if matches "\d+\+" then classify "at-least" // def. in line 69
DEBUG - 	adding: Rule: if matches "\d+\.\d+\.\d*\+" then classify "var-micro" // def. in line 78
DEBUG - 	adding: Rule: if matches "\d+\.\d+\+" then classify "var-minor" // def. in line 84
DEBUG - 	adding: Rule: if matches "(\[|\()(\w|\.|-|\s)+,(\w|\.|-|\s)+(\]|\))" then classify "range" // def. in line 93
DEBUG - 	adding: Rule: if matches "(\[|\])\s*\d+\.\d+(\.\d+)?\s*,\s*\d+\.\d+(\.\d+)?\s*(\[|\])" then classify "range" // def. in line 104
DEBUG - 	adding: Rule: if matches "(.)*\$\{(.)+\}(.)*" then classify "unresolved" // def. in line 110
DEBUG - 	adding: Rule: if matches "\d+(\.\d+(\.\d+))?\+(\w|-)*" then classify "other" // def. in line 117
DEBUG - 	adding: Rule: if matches "((\[|\()\d+(\.\d+(\.\d+)?)?\s*,\s*\d+(\.\d+(\.\d+)?)?(\]|\))\s*)(,\s*(\[|\()\d+(\.\d+(\.\d+)?)?\s*,\s*\d+(\.\d+(\.\d+)?)?(\]|\))\s*)*" then classify "other" // def. in line 124
INFO - Parsing rules for: NPM
INFO - parsing rules from C:\Users\Jacob\Desktop\MasseyReadings\Masters\masters\rules\NPM.rules
INFO - 	running in strict mode
DEBUG - 	adding: Rule: if matches "^(\s*\^[v\s]*[1-9]\d*(\.[xX\*\d]+){0,2}|[=v\s]*\d+\.?[xX\*]+(\.[xX\*\d]+)*|[=v\s\~]*\d+([xX\*\.]+)?)(-.*)?$" then classify "var-minor" // def. in line 24
DEBUG - 	adding: Rule: if matches "^(\s*~[v\s]*\d+\.\d+(\.[xX\*\d]+)?|[=v~\s]*\d+\.\d+(\.[xX\*])?|\^[v\s]*0(\.[xX\*\d]+){0,2})(-.*)?$" then classify "var-micro" // def. in line 38
DEBUG - 	adding: Rule: if matches "^[=v\s]*\d+\.\d+\.\d+(-.*)?$" then classify "fixed" // def. in line 46
DEBUG - 	adding: Rule: if matches "^[=v\s]*[\*xX](\.[\dxX\*]+){0,2}(-.*)?$" then classify "any" // def. in line 53
DEBUG - 	adding: Rule: if matches ".+\|\|.+" then classify "other" // def. in line 59
DEBUG - 	adding: Rule: if matches "^\s*>=?[v\s]*[\dxX\*]+(\.[\dxX\*]+){0,2}(-.*)?$" then classify "at-least" // def. in line 66
DEBUG - 	adding: Rule: if matches "^\s*<=?[v\s]*[\dxX\*]+(\.[\dxX\*]+){0,2}(-.*)?$" then classify "at-most" // def. in line 73
DEBUG - 	adding: Rule: if matches "^\s*>[=v\s]*[^<]*<.*$" then classify "range" // def. in line 79
DEBUG - 	adding: Rule: if matches "^[=v\s]*[xX\*\d]+(\.[xX\*\d]+){0,2}(-[\.\w]+)?\s+-\s+[=v\s]*[xX\*\d]+(\.[xX\*\d]+){0,2}(-.*)?$" then classify "range" // def. in line 86
DEBUG - 	adding: Rule: if matches "^\s*<[^>]+>.*$" then classify "not" // def. in line 92
DEBUG - 	adding: Rule: if matches "^\s*(?i:latest)\s*$" then classify "latest" // def. in line 99
DEBUG - 	adding: Rule: if matches "^\s*(git(hub|\+(https?|ssh))?:(//)?|https?://|file:).*$" then classify "other" // def. in line 111
INFO - Parsing rules for: NuGet
INFO - parsing rules from C:\Users\Jacob\Desktop\MasseyReadings\Masters\masters\rules\NuGet.rules
INFO - 	running in strict mode
DEBUG - 	adding: Rule: if matches "\=" then classify "any" // def. in line 69
DEBUG - 	adding: Rule: if matches "\=+\s*(\w+|\.|-)+" then classify "fixed" // def. in line 75
DEBUG - 	adding: Rule: if matches "\>\=?\s*(\w+|\.|-)+" then classify "at-least" // def. in line 80
DEBUG - 	adding: Rule: if matches "\<\=?\s*(\w+|\.|-)+" then classify "at-most" // def. in line 85
DEBUG - 	adding: Rule: if matches "\>\=?\s*(\w+|\.|-)+\s*\<\=?\s*(\w+|\.|-)+" then classify "range" // def. in line 91
DEBUG - 	adding: Rule: if matches "\s*\^\s*(\w+|\.|-)+" then classify "range" // def. in line 97
DEBUG - 	adding: Rule: if matches "\>\=?\s*(\w+|\.|-|\*|\~)+" then classify "at-least" // def. in line 104
DEBUG - 	adding: Rule: if matches "\s*(\w+|\.|-)+" then classify "fixed" // def. in line 109
INFO - Parsing rules for: Packagist
INFO - parsing rules from C:\Users\Jacob\Desktop\MasseyReadings\Masters\masters\rules\Packagist.rules
INFO - 	running in strict mode
DEBUG - 	adding: Rule: if matches "(\.?\*)+((-|@|\+)\w+)?" then classify "any" // def. in line 18
DEBUG - 	adding: Rule: if matches "(\*\s+)?=*\s*(\w+|\.|-|@|\+|\/|\#)+(\s*as\s*(\w+|\.|-|@|\+|\/)+)?(\*\s+)?" then classify "fixed" // def. in line 35
DEBUG - 	adding: Rule: if matches "(\s*\|*\<\=?\s*(\w+|\.|-|@|\+)+)+" then classify "at-most" // def. in line 45
DEBUG - 	adding: Rule: if matches "(\s*\|*\>\=?\s*(\w+|\.|-|@|\+)+)+" then classify "at-least" // def. in line 55
DEBUG - 	adding: Rule: if matches "(\|*\s*(\!\=|\<\>)\s*(\w+|\.|-|@|\+)+)+" then classify "not" // def. in line 66
DEBUG - 	adding: Rule: if matches "(\s*(\|\|?)?\s*(\>\=?|\<\=?|\!\=|\<\>)\s*(\w+|\.|-|@|\+)+\s*,*)+" then classify "range" // def. in line 77
DEBUG - 	adding: Rule: if matches "(\w+|\.|-|@|\+)+\s+-\s+(\w+|\.|-|@|\+)+" then classify "range" // def. in line 85
DEBUG - 	adding: Rule: if matches "(\w+|\.){4}\*((-|@|\+)\w+)?" then classify "var-micro" // def. in line 92
DEBUG - 	adding: Rule: if matches "(\~)(\w+|\.){5}((-|@|\+)\w+(\.\d+)?)?" then classify "var-micro" // def. in line 101
DEBUG - 	adding: Rule: if matches "(\w+|\.){2}(\.?\*)+((-|@|\+)\w+)?" then classify "var-minor" // def. in line 109
DEBUG - 	adding: Rule: if matches "(\~(\w+|\.){1,5}|(\^(\w+|\.){1,7}))((-|@|\+)\w+(\.\d+)?)?" then classify "var-minor" // def. in line 132
DEBUG - 	adding: Rule: if matches "(\~|\^)(\w+|\.){7}((-|@|\+)\w+(\.\d+)?)?" then classify "range" // def. in line 138
DEBUG - 	adding: Rule: if matches "(\w+|\.){6}\*((-|@|\+)\w+)?" then classify "var-micro" // def. in line 145
DEBUG - 	adding: Rule: if matches "(\~|\^)(\w+|\.){5}((-|@|\+)\w+(\.\d+)?)?\s*,*\s*\>\=?\s*(\w+|\.|-|@|\+)+" then classify "range" // def. in line 150
DEBUG - 	adding: Rule: if matches "\>\=?\s*(\w+|\.|-|@|\+)+\s*,*\s*(\~|\^)(\w+|\.){5}((-|@|\+)\w+(\.\d+)?)?" then classify "range" // def. in line 155
DEBUG - 	adding: Rule: if matches "(\~|\^)(\w+|\.){5}((-|@|\+)\w+(\.\d+)?)?\s*,*\s*\<\=?\s*(\w+|\.|-|@|\+)+" then classify "range" // def. in line 160
DEBUG - 	adding: Rule: if matches "(\~|\^)(\w+|\.){5}((-|@|\+)\w+(\.\d+)?)?(\s*,*\s*(\!\=|\<\>)\s*(\w+|\.|-|@|\+)+)+" then classify "range" // def. in line 166
DEBUG - 	adding: Rule: if matches "((\!\=|\<\>)\s*(\w+|\.|-|@|\+)+)+(\s*,*\s*)(\~|\^)(\w+|\.){5}((-|@|\+)\w+(\.\d+)?)?" then classify "range" // def. in line 171
DEBUG - 	adding: Rule: if matches "(\w+|\.){4}(\.?\*)+((-|@|\+)\w+)?\s*\,*\s*(\!\=|\<\>)\s*(\w+|\.|-|@|\+)+" then classify "var-micro" // def. in line 176
DEBUG - 	adding: Rule: if matches "(\~|\^)((\w+\.?)|(\w+|\.){3})((-|@|\+)\w+(\.\d+)?)?\s*,*\s*\>\=?\s*(\w+|\.|-|@|\+)+" then classify "range" // def. in line 181
DEBUG - 	adding: Rule: if matches "\>\=?\s*(\w+|\.|-|@|\+)+\s*,*\s*(\~|\^)((\w+\.?)|(\w+|\.){3})((-|@|\+)\w+(\.\d+)?)?" then classify "range" // def. in line 186
DEBUG - 	adding: Rule: if matches "(\~|\^)((\w+\.?)|(\w+|\.){3})((-|@|\+)\w+(\.\d+)?)?\s*,*\s*\<\=?\s*(\w+|\.|-|@|\+)+" then classify "range" // def. in line 191
DEBUG - 	adding: Rule: if matches "(\~|\^)((\w+\.?)|(\w+|\.){3})((-|@|\+)\w+(\.\d+)?)?(\s*,*\s*(\!\=|\<\>)\s*(\w+|\.|-|@|\+)+)+" then classify "range" // def. in line 197
DEBUG - 	adding: Rule: if matches "(\s*,*\s*(\!\=|\<\>)\s*(\w+|\.|-|@|\+)+)+\s*\,*\s*(\~|\^)((\w+\.?)|(\w+|\.){3})((-|@|\+)\w+(\.\d+)?)?" then classify "range" // def. in line 202
DEBUG - 	adding: Rule: if matches "((\s*(,*|(\|\|?))\s*)?(((\~|\^)((\w+\.?)|(\w+|\.){3})((-|@|\+)\w+(\.\d+)?)?)|(\w+|\.){2}(\.?\*)+((-|@|\+)\w+)?)){2,}" then classify "var-minor" // def. in line 211
DEBUG - 	adding: Rule: if matches "((\s*(,*|(\|\|?))\s*)?(((\~|\^)(\w+|\.){5}((-|@|\+)\w+(\.\d+)?)?)|(\w+|\.){4}\*((-|@|\+)\w+)?)){2,}" then classify "var-micro" // def. in line 222
DEBUG - 	adding: Rule: if matches "(((\*\s+)?=*\s*(\w+|\.|-|@|\+|\/|\#)+(\s*as\s*(\w+|\.|-|@|\+|\/)+)?(\*\s+)?)\s*(\|\|?)\s*((\s*\|*\>\=?\s*(\w+|\.|-|@|\+)+)+))" then classify "soft" // def. in line 234
DEBUG - 	adding: Rule: if matches "((\*\s+)?=*\s*(\w+|\.|-|@|\+|\/|\#)+(\s*as\s*(\w+|\.|-|@|\+|\/)+)?(\*\s+)?)\s*(\|\|?)\s*((\s*(\|\|?)?\s*(\>\=?|\<\=?|\!\=|\<\>)\s*(\w+|\.|-|@|\+)+\s*,*)+)" then classify "soft" // def. in line 239
DEBUG - 	adding: Rule: if matches "((\*\s+)?=*\s*(\w+|\.|-|@|\+|\/|\#)+(\s*as\s*(\w+|\.|-|@|\+|\/)+)?(\*\s+)?)\s*(\|\|?)\s*(\~|\^)(\w+|\.)+((-|@|\+)\w+(\.\d+)?)?" then classify "soft" // def. in line 244
DEBUG - 	adding: Rule: if matches "(\~|\^)((\w+\.?)|(\w+|\.){3})((-|@|\+)\w+(\.\d+)?)?\s*\|\|?\s*(\*\s+)?=*\s*(\w+|\.|-|@|\+|\/|\#)+(\s*as\s*(\w+|\.|-|@|\+|\/)+)?(\*\s+)?" then classify "range" // def. in line 249
DEBUG - 	adding: Rule: if matches "(\s*((\|\|?)|,*)?\s*(\~|\^|\>\=?|\<\=?|\!\=|\<\>)?\s*(\w+|\.|-|@|\+|\*)+)+" then classify "other" // def. in line 258
DEBUG - 	adding: Rule: if matches "\$\{(.)+\}" then classify "unresolved" // def. in line 263
INFO - Parsing rules for: Pub
INFO - parsing rules from C:\Users\Jacob\Desktop\MasseyReadings\Masters\masters\rules\Pub.rules
INFO - 	running in strict mode
DEBUG - 	adding: Rule: if matches "(\>\=|\>)\s*(\w.+)\s*(\<|\<\=)\s*(\w.+)" then classify "range" // def. in line 23
DEBUG - 	adding: Rule: if matches "(\^\s*\d.\d)" then classify "range" // def. in line 30
DEBUG - 	adding: Rule: if matches "(((\{"git")\D+\d+\D+)|(\{"git")\D+)\,\s("version")\D+\d.+\<\d.+" then classify "other" // def. in line 38
DEBUG - 	adding: Rule: if matches "\^\s*\d.(\d.+|(\d\d.+))" then classify "range" // def. in line 50
DEBUG - 	adding: Rule: if matches "\{\"(version)\"\=\>\"\^(((\d.\d.\d(\D+\}\}))|(\d.(\d.|(\d\d.))\d(\D+\d.+))))" then classify "other" // def. in line 58
DEBUG - 	adding: Rule: if matches "(>|>=)\s*\d.+" then classify "at-least" // def. in line 68
DEBUG - 	adding: Rule: if matches "(\{"git")\D+\,\s("version")\D+(>=)\d.\d.\d\"\}" then classify "other" // def. in line 75
DEBUG - 	adding: Rule: if matches "(\{"git")\D+\,\s("version")\D+\d.\d\"\}" then classify "other" // def. in line 83
DEBUG - 	adding: Rule: if matches "(<|<=)((\s\w.+)|(\w.+))" then classify "at-most" // def. in line 90
DEBUG - 	adding: Rule: if matches "(\d.+)|(\w+\s\d.+)" then classify "fixed" // def. in line 98
DEBUG - 	adding: Rule: if matches "\{\"(version)\"\=\>\"\d.+\}\}" then classify "other" // def. in line 111
DEBUG - 	adding: Rule: if matches "\{\"(git)\W+(ref)(.)+(cors)(.)+\"\}\}" then classify "other" // def. in line 117
DEBUG - 	adding: Rule: if matches "\{\"(git)\W+(ref)(.)+\"\}\}" then classify "other" // def. in line 127
DEBUG - 	adding: Rule: if matches "\{\"(git)(.)+\}" then classify "other" // def. in line 139
DEBUG - 	adding: Rule: if matches "(any)" then classify "any" // def. in line 147
DEBUG - 	adding: Rule: if matches "\{\"((sdk)|(path))(.)+\}" then classify "other" // def. in line 156
INFO - Parsing rules for: Puppet
INFO - parsing rules from C:\Users\Jacob\Desktop\MasseyReadings\Masters\masters\rules\Puppet.rules
INFO - 	running in strict mode
DEBUG - 	adding: Rule: if matches "(\d|\.)+(-(\w|.)*)?" then classify "fixed" // def. in line 31
DEBUG - 	adding: Rule: if matches "latest" then classify "latest" // def. in line 37
DEBUG - 	adding: Rule: if matches "(<=|<)(\s)*(\w|\.|-)+" then classify "at-most" // def. in line 51
DEBUG - 	adding: Rule: if matches "(>=|>)(\s)*(\w|\.|-)+" then classify "at-least" // def. in line 65
DEBUG - 	adding: Rule: if matches "(>=|>)(\s)*(\w|\.|-)+(\s)*(<=|<)(\s)*(\w|\.|-)+" then classify "range" // def. in line 78
DEBUG - 	adding: Rule: if matches "\d+\.x(\w|\.|-)*" then classify "var-minor" // def. in line 86
DEBUG - 	adding: Rule: if matches "\d+\.\d+\.x(\w|\.|-)*" then classify "var-micro" // def. in line 94
DEBUG - 	adding: Rule: if matches "\*" then classify "any" // def. in line 99
INFO - Parsing rules for: Pypi
INFO - parsing rules from C:\Users\Jacob\Desktop\MasseyReadings\Masters\masters\rules\Pypi.rules
INFO - 	running in strict mode
DEBUG - 	adding: Rule: if matches "(\<|\<\=)\s*(\d.+|\d)\,(\>\=|\>)\s*(\d.+|\d)" then classify "range" // def. in line 30
DEBUG - 	adding: Rule: if matches "(==)\s*((\d.+)|(\d))" then classify "fixed" // def. in line 38
DEBUG - 	adding: Rule: if matches "\s*((\d.+)|\d)" then classify "fixed" // def. in line 46
DEBUG - 	adding: Rule: if matches "(>=)\s*((\d.+)|(\d))" then classify "at-least" // def. in line 54
DEBUG - 	adding: Rule: if matches "(>)\s*((\d.+)|(\d))" then classify "at-least" // def. in line 62
DEBUG - 	adding: Rule: if matches "(<=)\s*((\d.+)|(\d))" then classify "at-most" // def. in line 70
DEBUG - 	adding: Rule: if matches "(<)\s*((\d.+)|(\d))" then classify "at-most" // def. in line 78
DEBUG - 	adding: Rule: if matches "(~=)\s*((\d.\d.\d))" then classify "var-micro" // def. in line 86
DEBUG - 	adding: Rule: if matches "(~=)\s*((\d.\d)|(\d))" then classify "var-minor" // def. in line 93
DEBUG - 	adding: Rule: if matches "(\*)" then classify "any" // def. in line 100
INFO - Parsing rules for: Rubygems
INFO - parsing rules from C:\Users\Jacob\Desktop\MasseyReadings\Masters\masters\rules\Rubygems.rules
INFO - 	running in strict mode
DEBUG - 	adding: Rule: if matches "^\s*((>|~)[^~]+)?~>\s*\d+(\.\d+){2,}[\s"]*(,[^!]*)?$" then classify "var-micro" // def. in line 28
DEBUG - 	adding: Rule: if matches "^\s*((>|~)[^~]+)?~>\s*\d+(\.\d+){0,1}[\s"]*(,[^!]*)?$" then classify "var-minor" // def. in line 38
DEBUG - 	adding: Rule: if matches "^\s*([^,]+,\s*)?=\s*\d+(\.\d+){0,}([-\.]?[a-zA-Z][\w\.-]*\s*)?[\s"]*(,.*)?$" then classify "fixed" // def. in line 47
DEBUG - 	adding: Rule: if matches "^\s*(>[^<]*<|<[^>]+>).*$" then classify "range" // def. in line 57
DEBUG - 	adding: Rule: if matches "^\s*>=?\s*\d+(\.\d+){0,}[\s"]*(,[^!]*)?$" then classify "at-least" // def. in line 66
DEBUG - 	adding: Rule: if matches "^\s*<=?\s*\w+(\.\w+){0,}[\s"]*(,.*)*$" then classify "at-most" // def. in line 75
DEBUG - 	adding: Rule: if matches "^.*(>=?|~>)\s*\d+(\.\d+){0,4}[-\.]*[a-zA-Z].*$" then classify "var-micro" // def. in line 88
DEBUG - 	adding: Rule: if matches "^.*!=.+$" then classify "not" // def. in line 98
INFO - 2311 pairs processed in the package manager Cargo
INFO - 7564 pairs processed in the package manager Cargo
INFO - 12930 pairs processed in the package manager Cargo
INFO - 18675 pairs processed in the package manager Cargo
INFO - 25102 pairs processed in the package manager Cargo
INFO - 31464 pairs processed in the package manager Cargo
INFO - 37987 pairs processed in the package manager Cargo
INFO - 44488 pairs processed in the package manager Cargo
INFO - 49694 pairs processed in the package manager Cargo
INFO - 55193 pairs processed in the package manager Cargo
INFO - 61514 pairs processed in the package manager Cargo
INFO - 68132 pairs processed in the package manager Cargo
INFO - 75064 pairs processed in the package manager Cargo
INFO - 81837 pairs processed in the package manager Cargo
INFO - Finished lag service for Cargo after 141 seconds
INFO - CPAN flexible study not supported
INFO - CRAN flexible study not supported
INFO - Entered LagService.getLag for package manager Dub
INFO - Finished pair collector caching after 0 seconds
INFO - Finished lag service for Dub after 3 seconds
INFO - Entered LagService.getLag for package manager Elm
INFO - Finished pair collector caching after 0 seconds
INFO - Finished lag service for Elm after 4 seconds
INFO - Homebrew flexible study not supported
INFO - Entered LagService.getLag for package manager Maven
INFO - Finished pair collector caching after 0 seconds
INFO - 2370 pairs processed in the package manager Maven
INFO - 5211 pairs processed in the package manager Maven
INFO - 8148 pairs processed in the package manager Maven
INFO - 11236 pairs processed in the package manager Maven
INFO - 14205 pairs processed in the package manager Maven
INFO - 17335 pairs processed in the package manager Maven
INFO - 20756 pairs processed in the package manager Maven
INFO - 24479 pairs processed in the package manager Maven
INFO - 27826 pairs processed in the package manager Maven
INFO - 31284 pairs processed in the package manager Maven
INFO - 34857 pairs processed in the package manager Maven
INFO - 38315 pairs processed in the package manager Maven
INFO - 41449 pairs processed in the package manager Maven
INFO - 44831 pairs processed in the package manager Maven
INFO - 48072 pairs processed in the package manager Maven
INFO - 51358 pairs processed in the package manager Maven
INFO - 54631 pairs processed in the package manager Maven
INFO - 57623 pairs processed in the package manager Maven
INFO - 60653 pairs processed in the package manager Maven
INFO - 63825 pairs processed in the package manager Maven
INFO - 67078 pairs processed in the package manager Maven
INFO - 70282 pairs processed in the package manager Maven
INFO - 73432 pairs processed in the package manager Maven
INFO - 76718 pairs processed in the package manager Maven
INFO - 79785 pairs processed in the package manager Maven
INFO - 82777 pairs processed in the package manager Maven
INFO - 85451 pairs processed in the package manager Maven
INFO - 88312 pairs processed in the package manager Maven
INFO - 91294 pairs processed in the package manager Maven
INFO - 94527 pairs processed in the package manager Maven
INFO - 97884 pairs processed in the package manager Maven
INFO - 101284 pairs processed in the package manager Maven
INFO - 104657 pairs processed in the package manager Maven
ERROR - java.lang.IllegalArgumentException: Comparison method violates its general contract!
INFO - 108022 pairs processed in the package manager Maven
INFO - 111519 pairs processed in the package manager Maven
INFO - 115061 pairs processed in the package manager Maven
INFO - 118650 pairs processed in the package manager Maven
INFO - 121926 pairs processed in the package manager Maven
INFO - 125364 pairs processed in the package manager Maven
INFO - 128867 pairs processed in the package manager Maven
INFO - 132148 pairs processed in the package manager Maven
INFO - 135496 pairs processed in the package manager Maven
INFO - 138820 pairs processed in the package manager Maven
INFO - 142426 pairs processed in the package manager Maven
INFO - 145842 pairs processed in the package manager Maven
INFO - 148947 pairs processed in the package manager Maven
INFO - 152292 pairs processed in the package manager Maven
INFO - 155710 pairs processed in the package manager Maven
INFO - 159073 pairs processed in the package manager Maven
INFO - 162385 pairs processed in the package manager Maven
INFO - 165799 pairs processed in the package manager Maven
INFO - 169316 pairs processed in the package manager Maven
INFO - 172678 pairs processed in the package manager Maven
INFO - 176079 pairs processed in the package manager Maven
INFO - 179331 pairs processed in the package manager Maven
INFO - 182798 pairs processed in the package manager Maven
INFO - 186153 pairs processed in the package manager Maven
INFO - 189594 pairs processed in the package manager Maven
INFO - 192968 pairs processed in the package manager Maven
INFO - 196261 pairs processed in the package manager Maven
INFO - 199625 pairs processed in the package manager Maven
INFO - 202960 pairs processed in the package manager Maven
INFO - 206297 pairs processed in the package manager Maven
INFO - 209584 pairs processed in the package manager Maven
INFO - 212756 pairs processed in the package manager Maven
INFO - 215986 pairs processed in the package manager Maven
INFO - 218866 pairs processed in the package manager Maven
INFO - 221877 pairs processed in the package manager Maven
INFO - 224833 pairs processed in the package manager Maven
INFO - 227862 pairs processed in the package manager Maven
INFO - 230978 pairs processed in the package manager Maven
INFO - 234028 pairs processed in the package manager Maven
INFO - 237230 pairs processed in the package manager Maven
INFO - 240366 pairs processed in the package manager Maven
INFO - 243361 pairs processed in the package manager Maven
INFO - 246443 pairs processed in the package manager Maven
INFO - 249641 pairs processed in the package manager Maven
ERROR - java.lang.IllegalArgumentException: Comparison method violates its general contract!
INFO - 253045 pairs processed in the package manager Maven
INFO - 256234 pairs processed in the package manager Maven
INFO - 259405 pairs processed in the package manager Maven
INFO - 262662 pairs processed in the package manager Maven
INFO - 265706 pairs processed in the package manager Maven
INFO - 269068 pairs processed in the package manager Maven
INFO - 272364 pairs processed in the package manager Maven
INFO - 275099 pairs processed in the package manager Maven
INFO - 277942 pairs processed in the package manager Maven
INFO - 280857 pairs processed in the package manager Maven
INFO - 284007 pairs processed in the package manager Maven
INFO - 286966 pairs processed in the package manager Maven
INFO - 289931 pairs processed in the package manager Maven
INFO - 293027 pairs processed in the package manager Maven
INFO - 296000 pairs processed in the package manager Maven
INFO - 299059 pairs processed in the package manager Maven
INFO - 302137 pairs processed in the package manager Maven
INFO - 305175 pairs processed in the package manager Maven
INFO - 308266 pairs processed in the package manager Maven
INFO - 311165 pairs processed in the package manager Maven
INFO - 314294 pairs processed in the package manager Maven
INFO - 317376 pairs processed in the package manager Maven
INFO - 320514 pairs processed in the package manager Maven
INFO - 323418 pairs processed in the package manager Maven
INFO - 326477 pairs processed in the package manager Maven
INFO - 329585 pairs processed in the package manager Maven
INFO - 332862 pairs processed in the package manager Maven
INFO - 336119 pairs processed in the package manager Maven
INFO - 339325 pairs processed in the package manager Maven
INFO - 342330 pairs processed in the package manager Maven
INFO - 345376 pairs processed in the package manager Maven
INFO - 348198 pairs processed in the package manager Maven
INFO - 351084 pairs processed in the package manager Maven
INFO - 354090 pairs processed in the package manager Maven
INFO - 357124 pairs processed in the package manager Maven
INFO - 360207 pairs processed in the package manager Maven
INFO - 363263 pairs processed in the package manager Maven
INFO - 366261 pairs processed in the package manager Maven
INFO - 369339 pairs processed in the package manager Maven
INFO - 372139 pairs processed in the package manager Maven
INFO - 375231 pairs processed in the package manager Maven
INFO - 378096 pairs processed in the package manager Maven
INFO - 381159 pairs processed in the package manager Maven
INFO - 384247 pairs processed in the package manager Maven
INFO - 387228 pairs processed in the package manager Maven
INFO - 390154 pairs processed in the package manager Maven
ERROR - java.lang.StringIndexOutOfBoundsException: String index out of range: -1
INFO - 392592 pairs processed in the package manager Maven
INFO - 394974 pairs processed in the package manager Maven
INFO - 397442 pairs processed in the package manager Maven
INFO - 400114 pairs processed in the package manager Maven
INFO - 402732 pairs processed in the package manager Maven
INFO - 405428 pairs processed in the package manager Maven
INFO - 408211 pairs processed in the package manager Maven
INFO - 411220 pairs processed in the package manager Maven
INFO - Finished lag service for Maven after 1316 seconds
INFO - Entered LagService.getLag for package manager NuGet
INFO - Finished pair collector caching after 0 seconds
INFO - 1876 pairs processed in the package manager NuGet
INFO - 3017 pairs processed in the package manager NuGet
INFO - 4732 pairs processed in the package manager NuGet
INFO - 5559 pairs processed in the package manager NuGet
INFO - 6551 pairs processed in the package manager NuGet
INFO - 7501 pairs processed in the package manager NuGet
INFO - 8794 pairs processed in the package manager NuGet
INFO - 10011 pairs processed in the package manager NuGet
INFO - 11034 pairs processed in the package manager NuGet
INFO - 12123 pairs processed in the package manager NuGet
INFO - 13623 pairs processed in the package manager NuGet
INFO - 15042 pairs processed in the package manager NuGet
INFO - 16385 pairs processed in the package manager NuGet
INFO - 16890 pairs processed in the package manager NuGet
INFO - 17246 pairs processed in the package manager NuGet
INFO - 18549 pairs processed in the package manager NuGet
INFO - 19057 pairs processed in the package manager NuGet
INFO - 19539 pairs processed in the package manager NuGet
INFO - 20018 pairs processed in the package manager NuGet
INFO - 20701 pairs processed in the package manager NuGet
INFO - 21773 pairs processed in the package manager NuGet
INFO - 22626 pairs processed in the package manager NuGet
INFO - 23233 pairs processed in the package manager NuGet
INFO - 24417 pairs processed in the package manager NuGet
INFO - 25259 pairs processed in the package manager NuGet
INFO - 25932 pairs processed in the package manager NuGet
INFO - 26037 pairs processed in the package manager NuGet
INFO - 26397 pairs processed in the package manager NuGet
INFO - 26898 pairs processed in the package manager NuGet
INFO - 28482 pairs processed in the package manager NuGet
INFO - 30551 pairs processed in the package manager NuGet
INFO - 32393 pairs processed in the package manager NuGet
INFO - 32995 pairs processed in the package manager NuGet
INFO - 34168 pairs processed in the package manager NuGet
INFO - 35284 pairs processed in the package manager NuGet
INFO - 36839 pairs processed in the package manager NuGet
INFO - 37295 pairs processed in the package manager NuGet
INFO - 38234 pairs processed in the package manager NuGet
INFO - 40318 pairs processed in the package manager NuGet
INFO - 42464 pairs processed in the package manager NuGet
INFO - 44311 pairs processed in the package manager NuGet
INFO - 47209 pairs processed in the package manager NuGet
INFO - 50430 pairs processed in the package manager NuGet
INFO - 52682 pairs processed in the package manager NuGet
INFO - 55339 pairs processed in the package manager NuGet
INFO - 57605 pairs processed in the package manager NuGet
INFO - 58006 pairs processed in the package manager NuGet
INFO - 59327 pairs processed in the package manager NuGet
INFO - 61473 pairs processed in the package manager NuGet
INFO - 62794 pairs processed in the package manager NuGet
INFO - 63743 pairs processed in the package manager NuGet
INFO - 65656 pairs processed in the package manager NuGet
INFO - 66854 pairs processed in the package manager NuGet
INFO - 68488 pairs processed in the package manager NuGet
INFO - 69979 pairs processed in the package manager NuGet
INFO - 71012 pairs processed in the package manager NuGet
INFO - 72611 pairs processed in the package manager NuGet
INFO - 75049 pairs processed in the package manager NuGet
INFO - 75228 pairs processed in the package manager NuGet
INFO - 75261 pairs processed in the package manager NuGet
INFO - 75708 pairs processed in the package manager NuGet
INFO - 75753 pairs processed in the package manager NuGet
INFO - 75779 pairs processed in the package manager NuGet
INFO - 75854 pairs processed in the package manager NuGet
INFO - 76003 pairs processed in the package manager NuGet
INFO - 76243 pairs processed in the package manager NuGet
INFO - 76469 pairs processed in the package manager NuGet
INFO - 76604 pairs processed in the package manager NuGet
INFO - 77222 pairs processed in the package manager NuGet
INFO - 79038 pairs processed in the package manager NuGet
INFO - 79679 pairs processed in the package manager NuGet
INFO - 80916 pairs processed in the package manager NuGet
INFO - 83514 pairs processed in the package manager NuGet
INFO - 85002 pairs processed in the package manager NuGet
INFO - 87108 pairs processed in the package manager NuGet
ERROR - java.lang.IllegalArgumentException: Comparison method violates its general contract!
INFO - 89200 pairs processed in the package manager NuGet
INFO - 90824 pairs processed in the package manager NuGet
INFO - 91866 pairs processed in the package manager NuGet
INFO - 93116 pairs processed in the package manager NuGet
INFO - 94728 pairs processed in the package manager NuGet
INFO - 95776 pairs processed in the package manager NuGet
INFO - 97520 pairs processed in the package manager NuGet
INFO - 99516 pairs processed in the package manager NuGet
INFO - 101369 pairs processed in the package manager NuGet
INFO - 103394 pairs processed in the package manager NuGet
INFO - 105443 pairs processed in the package manager NuGet
INFO - 107858 pairs processed in the package manager NuGet
INFO - 110070 pairs processed in the package manager NuGet
INFO - 110705 pairs processed in the package manager NuGet
INFO - 111194 pairs processed in the package manager NuGet
INFO - 111229 pairs processed in the package manager NuGet
INFO - 111405 pairs processed in the package manager NuGet
INFO - 113173 pairs processed in the package manager NuGet
INFO - 114437 pairs processed in the package manager NuGet
INFO - 116204 pairs processed in the package manager NuGet
INFO - 118623 pairs processed in the package manager NuGet
INFO - 119135 pairs processed in the package manager NuGet
INFO - 121494 pairs processed in the package manager NuGet
INFO - 123561 pairs processed in the package manager NuGet
INFO - 126009 pairs processed in the package manager NuGet
INFO - 127172 pairs processed in the package manager NuGet
INFO - 128384 pairs processed in the package manager NuGet
INFO - 129702 pairs processed in the package manager NuGet
INFO - 130768 pairs processed in the package manager NuGet
INFO - 132731 pairs processed in the package manager NuGet
INFO - 134658 pairs processed in the package manager NuGet
INFO - 135148 pairs processed in the package manager NuGet
INFO - 136756 pairs processed in the package manager NuGet
INFO - 139622 pairs processed in the package manager NuGet
INFO - 141899 pairs processed in the package manager NuGet
INFO - 143745 pairs processed in the package manager NuGet
INFO - 144821 pairs processed in the package manager NuGet
INFO - 145858 pairs processed in the package manager NuGet
INFO - 147062 pairs processed in the package manager NuGet
INFO - 148016 pairs processed in the package manager NuGet
INFO - 149528 pairs processed in the package manager NuGet
INFO - 151063 pairs processed in the package manager NuGet
INFO - 151431 pairs processed in the package manager NuGet
INFO - 152668 pairs processed in the package manager NuGet
INFO - 154031 pairs processed in the package manager NuGet
INFO - 155274 pairs processed in the package manager NuGet
INFO - 156770 pairs processed in the package manager NuGet
INFO - 158434 pairs processed in the package manager NuGet
INFO - 160229 pairs processed in the package manager NuGet
INFO - 162541 pairs processed in the package manager NuGet
INFO - 164412 pairs processed in the package manager NuGet
INFO - 167218 pairs processed in the package manager NuGet
INFO - 169490 pairs processed in the package manager NuGet
INFO - 172073 pairs processed in the package manager NuGet
INFO - 174745 pairs processed in the package manager NuGet
INFO - 175973 pairs processed in the package manager NuGet
INFO - 178363 pairs processed in the package manager NuGet
INFO - 179725 pairs processed in the package manager NuGet
INFO - 181269 pairs processed in the package manager NuGet
INFO - 182928 pairs processed in the package manager NuGet
INFO - 185837 pairs processed in the package manager NuGet
INFO - 186898 pairs processed in the package manager NuGet
INFO - 188566 pairs processed in the package manager NuGet
INFO - 191155 pairs processed in the package manager NuGet
INFO - 192384 pairs processed in the package manager NuGet
INFO - 193023 pairs processed in the package manager NuGet
INFO - 194218 pairs processed in the package manager NuGet
INFO - 195183 pairs processed in the package manager NuGet
INFO - 196284 pairs processed in the package manager NuGet
INFO - 197457 pairs processed in the package manager NuGet
INFO - 198739 pairs processed in the package manager NuGet
INFO - 200377 pairs processed in the package manager NuGet
INFO - 201754 pairs processed in the package manager NuGet
INFO - 203086 pairs processed in the package manager NuGet
INFO - 204666 pairs processed in the package manager NuGet
INFO - 205814 pairs processed in the package manager NuGet
INFO - 206708 pairs processed in the package manager NuGet
INFO - 207284 pairs processed in the package manager NuGet
INFO - 208552 pairs processed in the package manager NuGet
INFO - 209414 pairs processed in the package manager NuGet
INFO - 210022 pairs processed in the package manager NuGet
INFO - 211119 pairs processed in the package manager NuGet
INFO - 211903 pairs processed in the package manager NuGet
INFO - 213488 pairs processed in the package manager NuGet
INFO - 214831 pairs processed in the package manager NuGet
INFO - 216014 pairs processed in the package manager NuGet
INFO - 217811 pairs processed in the package manager NuGet
INFO - 218163 pairs processed in the package manager NuGet
INFO - 219091 pairs processed in the package manager NuGet
INFO - 221610 pairs processed in the package manager NuGet
INFO - 223480 pairs processed in the package manager NuGet
INFO - 223740 pairs processed in the package manager NuGet
INFO - 224381 pairs processed in the package manager NuGet
INFO - 224955 pairs processed in the package manager NuGet
INFO - 225193 pairs processed in the package manager NuGet
INFO - 225522 pairs processed in the package manager NuGet
INFO - 225743 pairs processed in the package manager NuGet
INFO - 226188 pairs processed in the package manager NuGet
INFO - 226402 pairs processed in the package manager NuGet
INFO - 226710 pairs processed in the package manager NuGet
INFO - 227186 pairs processed in the package manager NuGet
INFO - 227710 pairs processed in the package manager NuGet
INFO - 228092 pairs processed in the package manager NuGet
INFO - 228349 pairs processed in the package manager NuGet
INFO - 228678 pairs processed in the package manager NuGet
INFO - 228775 pairs processed in the package manager NuGet
INFO - 229074 pairs processed in the package manager NuGet
INFO - 229623 pairs processed in the package manager NuGet
INFO - 229891 pairs processed in the package manager NuGet
INFO - 230461 pairs processed in the package manager NuGet
INFO - 230988 pairs processed in the package manager NuGet
INFO - 231561 pairs processed in the package manager NuGet
INFO - 232094 pairs processed in the package manager NuGet
INFO - 232393 pairs processed in the package manager NuGet
INFO - 232692 pairs processed in the package manager NuGet
INFO - 232822 pairs processed in the package manager NuGet
INFO - 233238 pairs processed in the package manager NuGet
INFO - 233571 pairs processed in the package manager NuGet
INFO - 234035 pairs processed in the package manager NuGet
INFO - 234322 pairs processed in the package manager NuGet
INFO - 234374 pairs processed in the package manager NuGet
INFO - 234498 pairs processed in the package manager NuGet
INFO - 234722 pairs processed in the package manager NuGet
INFO - 234854 pairs processed in the package manager NuGet
INFO - 234960 pairs processed in the package manager NuGet
INFO - 235033 pairs processed in the package manager NuGet
INFO - 235118 pairs processed in the package manager NuGet
INFO - 235235 pairs processed in the package manager NuGet
INFO - 235351 pairs processed in the package manager NuGet
INFO - 235508 pairs processed in the package manager NuGet
INFO - 235643 pairs processed in the package manager NuGet
INFO - 235815 pairs processed in the package manager NuGet
INFO - 235977 pairs processed in the package manager NuGet
INFO - 236486 pairs processed in the package manager NuGet
INFO - 236761 pairs processed in the package manager NuGet
INFO - 236968 pairs processed in the package manager NuGet
INFO - 237603 pairs processed in the package manager NuGet
INFO - 238846 pairs processed in the package manager NuGet
INFO - 239541 pairs processed in the package manager NuGet
INFO - 240705 pairs processed in the package manager NuGet
INFO - 241019 pairs processed in the package manager NuGet
INFO - 241829 pairs processed in the package manager NuGet
INFO - 243334 pairs processed in the package manager NuGet
INFO - 244062 pairs processed in the package manager NuGet
INFO - 245266 pairs processed in the package manager NuGet
INFO - 246904 pairs processed in the package manager NuGet
INFO - Finished lag service for NuGet after 2213 seconds
INFO - Entered LagService.getLag for package manager Packagist
INFO - Finished pair collector caching after 0 seconds
INFO - 3357 pairs processed in the package manager Packagist
INFO - 6567 pairs processed in the package manager Packagist
INFO - 10390 pairs processed in the package manager Packagist
INFO - 14004 pairs processed in the package manager Packagist
INFO - 17201 pairs processed in the package manager Packagist
INFO - 20048 pairs processed in the package manager Packagist
INFO - 23334 pairs processed in the package manager Packagist
INFO - 26780 pairs processed in the package manager Packagist
INFO - 30301 pairs processed in the package manager Packagist
INFO - 33806 pairs processed in the package manager Packagist
INFO - 37399 pairs processed in the package manager Packagist
INFO - 40663 pairs processed in the package manager Packagist
INFO - 43887 pairs processed in the package manager Packagist
INFO - 47007 pairs processed in the package manager Packagist
INFO - 50076 pairs processed in the package manager Packagist
INFO - 53132 pairs processed in the package manager Packagist
INFO - 56603 pairs processed in the package manager Packagist
INFO - 59863 pairs processed in the package manager Packagist
INFO - 63440 pairs processed in the package manager Packagist
INFO - 66937 pairs processed in the package manager Packagist
INFO - 70572 pairs processed in the package manager Packagist
INFO - 74103 pairs processed in the package manager Packagist
INFO - 77416 pairs processed in the package manager Packagist
INFO - 80795 pairs processed in the package manager Packagist
INFO - 83991 pairs processed in the package manager Packagist
INFO - 86876 pairs processed in the package manager Packagist
INFO - 90601 pairs processed in the package manager Packagist
INFO - 94312 pairs processed in the package manager Packagist
INFO - 98091 pairs processed in the package manager Packagist
INFO - 101264 pairs processed in the package manager Packagist
INFO - 104617 pairs processed in the package manager Packagist
INFO - 108307 pairs processed in the package manager Packagist
INFO - 111261 pairs processed in the package manager Packagist
INFO - 114655 pairs processed in the package manager Packagist
INFO - 117895 pairs processed in the package manager Packagist
INFO - 121675 pairs processed in the package manager Packagist
INFO - 125389 pairs processed in the package manager Packagist
INFO - 129057 pairs processed in the package manager Packagist
INFO - 132509 pairs processed in the package manager Packagist
INFO - 135861 pairs processed in the package manager Packagist
INFO - 139102 pairs processed in the package manager Packagist
INFO - 142394 pairs processed in the package manager Packagist
INFO - 145631 pairs processed in the package manager Packagist
INFO - 148642 pairs processed in the package manager Packagist
INFO - 152015 pairs processed in the package manager Packagist
INFO - 155237 pairs processed in the package manager Packagist
INFO - 158758 pairs processed in the package manager Packagist
INFO - 162368 pairs processed in the package manager Packagist
INFO - 165535 pairs processed in the package manager Packagist
INFO - 169035 pairs processed in the package manager Packagist
INFO - 172293 pairs processed in the package manager Packagist
INFO - 175209 pairs processed in the package manager Packagist
INFO - 178286 pairs processed in the package manager Packagist
INFO - 181504 pairs processed in the package manager Packagist
INFO - 185112 pairs processed in the package manager Packagist
INFO - 188284 pairs processed in the package manager Packagist
INFO - 191527 pairs processed in the package manager Packagist
INFO - 194204 pairs processed in the package manager Packagist
INFO - 197151 pairs processed in the package manager Packagist
INFO - 199599 pairs processed in the package manager Packagist
INFO - 201584 pairs processed in the package manager Packagist
INFO - 203139 pairs processed in the package manager Packagist
INFO - 206402 pairs processed in the package manager Packagist
INFO - 209356 pairs processed in the package manager Packagist
INFO - 212116 pairs processed in the package manager Packagist
INFO - 214847 pairs processed in the package manager Packagist
INFO - 217714 pairs processed in the package manager Packagist
INFO - 221260 pairs processed in the package manager Packagist
INFO - 224852 pairs processed in the package manager Packagist
INFO - 228322 pairs processed in the package manager Packagist
INFO - 231687 pairs processed in the package manager Packagist
INFO - 235032 pairs processed in the package manager Packagist
INFO - 238425 pairs processed in the package manager Packagist
INFO - 242419 pairs processed in the package manager Packagist
INFO - 245922 pairs processed in the package manager Packagist
INFO - 249379 pairs processed in the package manager Packagist
INFO - 253114 pairs processed in the package manager Packagist
INFO - 256656 pairs processed in the package manager Packagist
INFO - 260157 pairs processed in the package manager Packagist
INFO - 263790 pairs processed in the package manager Packagist
INFO - 267709 pairs processed in the package manager Packagist
INFO - 271102 pairs processed in the package manager Packagist
INFO - 274436 pairs processed in the package manager Packagist
INFO - 277981 pairs processed in the package manager Packagist
INFO - 281395 pairs processed in the package manager Packagist
INFO - 285180 pairs processed in the package manager Packagist
INFO - 289089 pairs processed in the package manager Packagist
INFO - 292728 pairs processed in the package manager Packagist
INFO - 296121 pairs processed in the package manager Packagist
INFO - 299331 pairs processed in the package manager Packagist
INFO - 302412 pairs processed in the package manager Packagist
INFO - 306067 pairs processed in the package manager Packagist
INFO - 309949 pairs processed in the package manager Packagist
INFO - 313404 pairs processed in the package manager Packagist
INFO - 317234 pairs processed in the package manager Packagist
INFO - 320573 pairs processed in the package manager Packagist
INFO - 323935 pairs processed in the package manager Packagist
INFO - 327438 pairs processed in the package manager Packagist
INFO - 330946 pairs processed in the package manager Packagist
INFO - 334598 pairs processed in the package manager Packagist
INFO - 338533 pairs processed in the package manager Packagist
INFO - 342197 pairs processed in the package manager Packagist
INFO - 345640 pairs processed in the package manager Packagist
INFO - 349249 pairs processed in the package manager Packagist
INFO - 352836 pairs processed in the package manager Packagist
INFO - 355772 pairs processed in the package manager Packagist
INFO - 359323 pairs processed in the package manager Packagist
INFO - 362800 pairs processed in the package manager Packagist
INFO - 366018 pairs processed in the package manager Packagist
INFO - 369463 pairs processed in the package manager Packagist
INFO - 372845 pairs processed in the package manager Packagist
INFO - 375890 pairs processed in the package manager Packagist
INFO - 379240 pairs processed in the package manager Packagist
INFO - 383088 pairs processed in the package manager Packagist
INFO - 386538 pairs processed in the package manager Packagist
INFO - 389645 pairs processed in the package manager Packagist
INFO - 392704 pairs processed in the package manager Packagist
INFO - 396082 pairs processed in the package manager Packagist
INFO - 399056 pairs processed in the package manager Packagist
INFO - 402645 pairs processed in the package manager Packagist
INFO - 405726 pairs processed in the package manager Packagist
INFO - 408560 pairs processed in the package manager Packagist
INFO - 411377 pairs processed in the package manager Packagist
INFO - 414377 pairs processed in the package manager Packagist
INFO - 418129 pairs processed in the package manager Packagist
INFO - 421929 pairs processed in the package manager Packagist
INFO - 425385 pairs processed in the package manager Packagist
INFO - 428873 pairs processed in the package manager Packagist
INFO - 432263 pairs processed in the package manager Packagist
INFO - 434949 pairs processed in the package manager Packagist
INFO - 437490 pairs processed in the package manager Packagist
INFO - 440863 pairs processed in the package manager Packagist
INFO - 444004 pairs processed in the package manager Packagist
INFO - 446906 pairs processed in the package manager Packagist
INFO - 450494 pairs processed in the package manager Packagist
INFO - 454245 pairs processed in the package manager Packagist
INFO - 456124 pairs processed in the package manager Packagist
INFO - 459076 pairs processed in the package manager Packagist
INFO - 462762 pairs processed in the package manager Packagist
INFO - 466404 pairs processed in the package manager Packagist
INFO - 470071 pairs processed in the package manager Packagist
INFO - 473508 pairs processed in the package manager Packagist
INFO - 477047 pairs processed in the package manager Packagist
INFO - 480657 pairs processed in the package manager Packagist
INFO - 484221 pairs processed in the package manager Packagist
INFO - 487526 pairs processed in the package manager Packagist
INFO - 491435 pairs processed in the package manager Packagist
INFO - Finished lag service for Packagist after 1477 seconds
INFO - Entered LagService.getLag for package manager Puppet
INFO - Finished pair collector caching after 0 seconds
INFO - 6837 pairs processed in the package manager Puppet
INFO - Finished lag service for Puppet after 10 seconds
INFO - Entered LagService.getLag for package manager Pypi
INFO - Finished pair collector caching after 0 seconds
INFO - 1145 pairs processed in the package manager Pypi
INFO - 2383 pairs processed in the package manager Pypi
INFO - 3564 pairs processed in the package manager Pypi
INFO - 5591 pairs processed in the package manager Pypi
INFO - 7506 pairs processed in the package manager Pypi
INFO - 9404 pairs processed in the package manager Pypi
INFO - 11325 pairs processed in the package manager Pypi
INFO - 13346 pairs processed in the package manager Pypi
INFO - 15153 pairs processed in the package manager Pypi
INFO - 17274 pairs processed in the package manager Pypi
INFO - 19373 pairs processed in the package manager Pypi
INFO - 21428 pairs processed in the package manager Pypi
INFO - 23541 pairs processed in the package manager Pypi
INFO - 25743 pairs processed in the package manager Pypi
INFO - 27844 pairs processed in the package manager Pypi
INFO - Finished lag service for Pypi after 154 seconds
INFO - Entered LagService.getLag for package manager Rubygems
INFO - Finished pair collector caching after 0 seconds
INFO - 3076 pairs processed in the package manager Rubygems
INFO - 5702 pairs processed in the package manager Rubygems
INFO - 7818 pairs processed in the package manager Rubygems
INFO - 10558 pairs processed in the package manager Rubygems
INFO - 13580 pairs processed in the package manager Rubygems
INFO - 13632 pairs processed in the package manager Rubygems
INFO - 16611 pairs processed in the package manager Rubygems
INFO - 19809 pairs processed in the package manager Rubygems
INFO - 23106 pairs processed in the package manager Rubygems
INFO - 26416 pairs processed in the package manager Rubygems
INFO - 30184 pairs processed in the package manager Rubygems
INFO - 33768 pairs processed in the package manager Rubygems
INFO - 37395 pairs processed in the package manager Rubygems
INFO - 40889 pairs processed in the package manager Rubygems
INFO - 44325 pairs processed in the package manager Rubygems
INFO - 47856 pairs processed in the package manager Rubygems
INFO - 51495 pairs processed in the package manager Rubygems
INFO - 55144 pairs processed in the package manager Rubygems
INFO - 58481 pairs processed in the package manager Rubygems
INFO - 61857 pairs processed in the package manager Rubygems
INFO - 65473 pairs processed in the package manager Rubygems
INFO - 69138 pairs processed in the package manager Rubygems
INFO - 72939 pairs processed in the package manager Rubygems
INFO - 76861 pairs processed in the package manager Rubygems
INFO - 80623 pairs processed in the package manager Rubygems
INFO - 83922 pairs processed in the package manager Rubygems
INFO - 87336 pairs processed in the package manager Rubygems
INFO - 90728 pairs processed in the package manager Rubygems
INFO - 94299 pairs processed in the package manager Rubygems
INFO - 97597 pairs processed in the package manager Rubygems
INFO - 101245 pairs processed in the package manager Rubygems
INFO - 104945 pairs processed in the package manager Rubygems
INFO - 108920 pairs processed in the package manager Rubygems
INFO - 112584 pairs processed in the package manager Rubygems
INFO - 116058 pairs processed in the package manager Rubygems
INFO - 119505 pairs processed in the package manager Rubygems
INFO - 123003 pairs processed in the package manager Rubygems
INFO - 126555 pairs processed in the package manager Rubygems
INFO - 130461 pairs processed in the package manager Rubygems
INFO - 134073 pairs processed in the package manager Rubygems
INFO - 137520 pairs processed in the package manager Rubygems
INFO - 141165 pairs processed in the package manager Rubygems
INFO - 144682 pairs processed in the package manager Rubygems
INFO - 148182 pairs processed in the package manager Rubygems
INFO - 151948 pairs processed in the package manager Rubygems
INFO - 155789 pairs processed in the package manager Rubygems
INFO - 159482 pairs processed in the package manager Rubygems
INFO - 163390 pairs processed in the package manager Rubygems
INFO - 167355 pairs processed in the package manager Rubygems
INFO - 171001 pairs processed in the package manager Rubygems
INFO - 174822 pairs processed in the package manager Rubygems
INFO - 178782 pairs processed in the package manager Rubygems
INFO - 182366 pairs processed in the package manager Rubygems
INFO - 186339 pairs processed in the package manager Rubygems
INFO - 189516 pairs processed in the package manager Rubygems
INFO - 192992 pairs processed in the package manager Rubygems
INFO - 196154 pairs processed in the package manager Rubygems
INFO - 198946 pairs processed in the package manager Rubygems
INFO - 201201 pairs processed in the package manager Rubygems
INFO - 203315 pairs processed in the package manager Rubygems
INFO - 205673 pairs processed in the package manager Rubygems
INFO - 209152 pairs processed in the package manager Rubygems
INFO - 212609 pairs processed in the package manager Rubygems
INFO - 216088 pairs processed in the package manager Rubygems
INFO - 219381 pairs processed in the package manager Rubygems
INFO - 222556 pairs processed in the package manager Rubygems
INFO - 225896 pairs processed in the package manager Rubygems
INFO - 229469 pairs processed in the package manager Rubygems
INFO - 232616 pairs processed in the package manager Rubygems
INFO - 236301 pairs processed in the package manager Rubygems
INFO - 239828 pairs processed in the package manager Rubygems
INFO - 243337 pairs processed in the package manager Rubygems
INFO - 246940 pairs processed in the package manager Rubygems
INFO - 250263 pairs processed in the package manager Rubygems
INFO - 253337 pairs processed in the package manager Rubygems
INFO - 256616 pairs processed in the package manager Rubygems
INFO - 259628 pairs processed in the package manager Rubygems
INFO - 262524 pairs processed in the package manager Rubygems
INFO - 265754 pairs processed in the package manager Rubygems
INFO - 268938 pairs processed in the package manager Rubygems
INFO - 271998 pairs processed in the package manager Rubygems
INFO - 275216 pairs processed in the package manager Rubygems
INFO - 278429 pairs processed in the package manager Rubygems
INFO - 281452 pairs processed in the package manager Rubygems
INFO - 284477 pairs processed in the package manager Rubygems
INFO - 288113 pairs processed in the package manager Rubygems
INFO - 291668 pairs processed in the package manager Rubygems
INFO - 294612 pairs processed in the package manager Rubygems
INFO - 297414 pairs processed in the package manager Rubygems
INFO - 300547 pairs processed in the package manager Rubygems
INFO - 304422 pairs processed in the package manager Rubygems
INFO - 308292 pairs processed in the package manager Rubygems
INFO - 311602 pairs processed in the package manager Rubygems
INFO - 314653 pairs processed in the package manager Rubygems
INFO - 317580 pairs processed in the package manager Rubygems
INFO - 320785 pairs processed in the package manager Rubygems
INFO - 323920 pairs processed in the package manager Rubygems
INFO - 327337 pairs processed in the package manager Rubygems
INFO - 330316 pairs processed in the package manager Rubygems
INFO - 333393 pairs processed in the package manager Rubygems
INFO - 336695 pairs processed in the package manager Rubygems
INFO - 340292 pairs processed in the package manager Rubygems
INFO - 343405 pairs processed in the package manager Rubygems
INFO - 346672 pairs processed in the package manager Rubygems
INFO - 349718 pairs processed in the package manager Rubygems
INFO - 352983 pairs processed in the package manager Rubygems
INFO - 356432 pairs processed in the package manager Rubygems
INFO - 358536 pairs processed in the package manager Rubygems
INFO - 361435 pairs processed in the package manager Rubygems
ERROR - java.lang.IllegalArgumentException: Comparison method violates its general contract!
INFO - 364811 pairs processed in the package manager Rubygems
INFO - 368032 pairs processed in the package manager Rubygems
INFO - 370552 pairs processed in the package manager Rubygems
INFO - 373709 pairs processed in the package manager Rubygems
INFO - 376757 pairs processed in the package manager Rubygems
INFO - 379646 pairs processed in the package manager Rubygems
INFO - 382511 pairs processed in the package manager Rubygems
INFO - 385499 pairs processed in the package manager Rubygems
INFO - 388570 pairs processed in the package manager Rubygems
INFO - 391611 pairs processed in the package manager Rubygems
INFO - 394980 pairs processed in the package manager Rubygems
INFO - 398244 pairs processed in the package manager Rubygems
INFO - 401435 pairs processed in the package manager Rubygems
INFO - 404365 pairs processed in the package manager Rubygems
INFO - 406678 pairs processed in the package manager Rubygems
INFO - 409608 pairs processed in the package manager Rubygems
INFO - 412176 pairs processed in the package manager Rubygems
INFO - 415008 pairs processed in the package manager Rubygems
INFO - 418591 pairs processed in the package manager Rubygems
INFO - 421552 pairs processed in the package manager Rubygems
INFO - 424545 pairs processed in the package manager Rubygems
INFO - 427700 pairs processed in the package manager Rubygems
INFO - 430870 pairs processed in the package manager Rubygems
INFO - 433949 pairs processed in the package manager Rubygems
INFO - 437160 pairs processed in the package manager Rubygems
INFO - 440003 pairs processed in the package manager Rubygems
INFO - 443361 pairs processed in the package manager Rubygems
INFO - 446587 pairs processed in the package manager Rubygems
INFO - 449764 pairs processed in the package manager Rubygems
INFO - 453295 pairs processed in the package manager Rubygems
INFO - 456855 pairs processed in the package manager Rubygems
INFO - 459927 pairs processed in the package manager Rubygems
INFO - 463333 pairs processed in the package manager Rubygems
INFO - 466868 pairs processed in the package manager Rubygems
INFO - 469559 pairs processed in the package manager Rubygems
INFO - 472749 pairs processed in the package manager Rubygems
INFO - 476546 pairs processed in the package manager Rubygems
INFO - 480130 pairs processed in the package manager Rubygems
INFO - 483579 pairs processed in the package manager Rubygems
INFO - 487653 pairs processed in the package manager Rubygems
INFO - 491590 pairs processed in the package manager Rubygems
INFO - 495191 pairs processed in the package manager Rubygems
INFO - 498993 pairs processed in the package manager Rubygems
INFO - 502737 pairs processed in the package manager Rubygems
INFO - 506137 pairs processed in the package manager Rubygems
INFO - 509697 pairs processed in the package manager Rubygems
INFO - 513404 pairs processed in the package manager Rubygems
INFO - 516705 pairs processed in the package manager Rubygems
INFO - 520003 pairs processed in the package manager Rubygems
INFO - 523765 pairs processed in the package manager Rubygems
INFO - 526994 pairs processed in the package manager Rubygems
INFO - 530858 pairs processed in the package manager Rubygems
INFO - 534359 pairs processed in the package manager Rubygems
INFO - 538120 pairs processed in the package manager Rubygems
INFO - 541867 pairs processed in the package manager Rubygems
INFO - 545583 pairs processed in the package manager Rubygems
INFO - 549214 pairs processed in the package manager Rubygems
INFO - 553181 pairs processed in the package manager Rubygems
INFO - 556622 pairs processed in the package manager Rubygems
INFO - 560313 pairs processed in the package manager Rubygems
INFO - 563932 pairs processed in the package manager Rubygems
INFO - 567533 pairs processed in the package manager Rubygems
INFO - 570821 pairs processed in the package manager Rubygems
INFO - 573740 pairs processed in the package manager Rubygems
INFO - 577253 pairs processed in the package manager Rubygems
INFO - 580941 pairs processed in the package manager Rubygems
INFO - 584159 pairs processed in the package manager Rubygems
INFO - 587186 pairs processed in the package manager Rubygems
INFO - 590496 pairs processed in the package manager Rubygems
INFO - 593869 pairs processed in the package manager Rubygems
INFO - 597231 pairs processed in the package manager Rubygems
INFO - 599922 pairs processed in the package manager Rubygems
INFO - 603149 pairs processed in the package manager Rubygems
INFO - 606202 pairs processed in the package manager Rubygems
INFO - 609555 pairs processed in the package manager Rubygems
INFO - 612861 pairs processed in the package manager Rubygems
INFO - 615889 pairs processed in the package manager Rubygems
INFO - 619381 pairs processed in the package manager Rubygems
INFO - Finished lag service for Rubygems after 1877 seconds
