INFO - CPAN flexible study not supported
INFO - CRAN flexible study not supported
INFO - Dub flexible study not supported
INFO - Haxelib flexible study not supported
INFO - Homebrew flexible study not supported
INFO - Pub flexible study not supported
INFO - Puppet flexible study not supported
INFO - Entered LagService.getLag for package manager Atom
INFO - Finished pair collector caching after 0 seconds
INFO - Pair information written to file
INFO - 100000 pair results analysed
INFO - 200000 pair results analysed
INFO - Finished lag service for Atom after 0 seconds
INFO - 244915 in Cargo
INFO - 521143 in Elm
INFO - Hex flexible study not supported
INFO - 3765146 in Maven
INFO - 76259797 in NPM
INFO - NuGet flexible study not supported
INFO - 4673413 in Packagist
INFO - Pypi flexible study not supported
INFO - 4780660 in Rubygems
