INFO - CPAN flexible study not supported
INFO - CRAN flexible study not supported
INFO - Dub flexible study not supported
INFO - Elm flexible study not supported
INFO - Haxelib flexible study not supported
INFO - Homebrew flexible study not supported
INFO - Pub flexible study not supported
INFO - Puppet flexible study not supported
INFO - Entered LagService.getLag for package manager Atom
INFO - Finished pair collector caching after 0 seconds
INFO - Pair information written to file
DEBUG - There are 244915 lines in this file for analysis
INFO - Finished lag service for Atom after 0 seconds
INFO - Cargo flexible study not supported
INFO - Hex flexible study not supported
INFO - 3765146 in Maven
INFO - Entered LagService.getLag for package manager NPM
INFO - Finished pair collector caching after 0 seconds
INFO - Pair information written to file
DEBUG - There are 76259797 lines in this file for analysis
INFO - Finished lag service for NPM after 18 seconds
INFO - NuGet flexible study not supported
INFO - 4673413 in Packagist
INFO - Pypi flexible study not supported
INFO - 4780660 in Rubygems
