INFO - CPAN flexible study not supported
INFO - CRAN flexible study not supported
INFO - Dub flexible study not supported
INFO - Elm flexible study not supported
INFO - Haxelib flexible study not supported
INFO - Homebrew flexible study not supported
INFO - Pub flexible study not supported
INFO - Puppet flexible study not supported
INFO - Entered LagService.getLag for package manager Atom
INFO - Finished pair collector caching after 0 seconds
INFO - Pair information written to file
INFO - 100000 pair results analysed
INFO - 200000 pair results analysed
INFO - Finished lag service for Atom after 0 seconds
INFO - Cargo flexible study not supported
INFO - Hex flexible study not supported
INFO - 3765146 in Maven
INFO - Entered LagService.getLag for package manager NPM
INFO - Finished pair collector caching after 0 seconds
INFO - Pair information written to file
INFO - 100000 pair results analysed
INFO - 200000 pair results analysed
INFO - 300000 pair results analysed
INFO - 400000 pair results analysed
INFO - 500000 pair results analysed
INFO - 600000 pair results analysed
INFO - 700000 pair results analysed
INFO - 800000 pair results analysed
INFO - 900000 pair results analysed
INFO - 1000000 pair results analysed
INFO - 1100000 pair results analysed
INFO - 1200000 pair results analysed
INFO - 1300000 pair results analysed
INFO - 1400000 pair results analysed
INFO - 1500000 pair results analysed
INFO - 1600000 pair results analysed
INFO - 1700000 pair results analysed
INFO - 1800000 pair results analysed
INFO - 1900000 pair results analysed
INFO - 2000000 pair results analysed
INFO - 2100000 pair results analysed
INFO - 2200000 pair results analysed
INFO - 2300000 pair results analysed
INFO - 2400000 pair results analysed
INFO - 2500000 pair results analysed
INFO - 2600000 pair results analysed
INFO - 2700000 pair results analysed
INFO - 2800000 pair results analysed
INFO - 2900000 pair results analysed
INFO - 3000000 pair results analysed
INFO - 3100000 pair results analysed
INFO - 3200000 pair results analysed
INFO - 3300000 pair results analysed
INFO - 3400000 pair results analysed
INFO - 3500000 pair results analysed
INFO - 3600000 pair results analysed
INFO - 3700000 pair results analysed
INFO - 3800000 pair results analysed
INFO - 3900000 pair results analysed
INFO - 4000000 pair results analysed
INFO - 4100000 pair results analysed
INFO - 4200000 pair results analysed
INFO - 4300000 pair results analysed
INFO - 4400000 pair results analysed
INFO - 4500000 pair results analysed
INFO - 4600000 pair results analysed
INFO - 4700000 pair results analysed
INFO - 4800000 pair results analysed
INFO - 4900000 pair results analysed
INFO - 5000000 pair results analysed
INFO - 5100000 pair results analysed
INFO - 5200000 pair results analysed
INFO - 5300000 pair results analysed
INFO - 5400000 pair results analysed
INFO - 5500000 pair results analysed
INFO - 5600000 pair results analysed
INFO - 5700000 pair results analysed
INFO - 5800000 pair results analysed
INFO - 5900000 pair results analysed
INFO - 6000000 pair results analysed
INFO - 6100000 pair results analysed
INFO - 6200000 pair results analysed
INFO - 6300000 pair results analysed
INFO - 6400000 pair results analysed
INFO - 6500000 pair results analysed
INFO - 6600000 pair results analysed
INFO - 6700000 pair results analysed
INFO - 6800000 pair results analysed
INFO - 6900000 pair results analysed
INFO - 7000000 pair results analysed
INFO - 7100000 pair results analysed
INFO - 7200000 pair results analysed
INFO - 7300000 pair results analysed
INFO - 7400000 pair results analysed
INFO - 7500000 pair results analysed
INFO - 7600000 pair results analysed
INFO - 7700000 pair results analysed
INFO - 7800000 pair results analysed
INFO - 7900000 pair results analysed
INFO - 8000000 pair results analysed
INFO - 8100000 pair results analysed
INFO - 8200000 pair results analysed
INFO - 8300000 pair results analysed
INFO - 8400000 pair results analysed
INFO - 8500000 pair results analysed
INFO - 8600000 pair results analysed
INFO - 8700000 pair results analysed
INFO - 8800000 pair results analysed
INFO - 8900000 pair results analysed
INFO - 9000000 pair results analysed
INFO - 9100000 pair results analysed
INFO - 9200000 pair results analysed
INFO - 9300000 pair results analysed
INFO - 9400000 pair results analysed
INFO - 9500000 pair results analysed
INFO - 9600000 pair results analysed
INFO - 9700000 pair results analysed
INFO - 9800000 pair results analysed
INFO - 9900000 pair results analysed
INFO - 10000000 pair results analysed
INFO - 10100000 pair results analysed
INFO - 10200000 pair results analysed
INFO - 10300000 pair results analysed
INFO - 10400000 pair results analysed
INFO - 10500000 pair results analysed
INFO - 10600000 pair results analysed
INFO - 10700000 pair results analysed
INFO - 10800000 pair results analysed
INFO - 10900000 pair results analysed
INFO - 11000000 pair results analysed
INFO - 11100000 pair results analysed
INFO - 11200000 pair results analysed
INFO - 11300000 pair results analysed
INFO - 11400000 pair results analysed
INFO - 11500000 pair results analysed
INFO - 11600000 pair results analysed
INFO - 11700000 pair results analysed
INFO - 11800000 pair results analysed
INFO - 11900000 pair results analysed
INFO - 12000000 pair results analysed
INFO - 12100000 pair results analysed
INFO - 12200000 pair results analysed
INFO - 12300000 pair results analysed
INFO - 12400000 pair results analysed
INFO - 12500000 pair results analysed
INFO - 12600000 pair results analysed
INFO - 12700000 pair results analysed
INFO - 12800000 pair results analysed
INFO - 12900000 pair results analysed
INFO - 13000000 pair results analysed
INFO - 13100000 pair results analysed
INFO - 13200000 pair results analysed
INFO - 13300000 pair results analysed
INFO - 13400000 pair results analysed
INFO - 13500000 pair results analysed
INFO - 13600000 pair results analysed
INFO - 13700000 pair results analysed
INFO - 13800000 pair results analysed
INFO - 13900000 pair results analysed
INFO - 14000000 pair results analysed
INFO - 14100000 pair results analysed
INFO - 14200000 pair results analysed
INFO - 14300000 pair results analysed
INFO - 14400000 pair results analysed
INFO - 14500000 pair results analysed
INFO - 14600000 pair results analysed
INFO - 14700000 pair results analysed
INFO - 14800000 pair results analysed
INFO - 14900000 pair results analysed
INFO - 15000000 pair results analysed
INFO - 15100000 pair results analysed
INFO - 15200000 pair results analysed
INFO - 15300000 pair results analysed
INFO - 15400000 pair results analysed
INFO - 15500000 pair results analysed
INFO - 15600000 pair results analysed
INFO - 15700000 pair results analysed
INFO - 15800000 pair results analysed
INFO - 15900000 pair results analysed
INFO - 16000000 pair results analysed
INFO - 16100000 pair results analysed
INFO - 16200000 pair results analysed
INFO - 16300000 pair results analysed
INFO - 16400000 pair results analysed
INFO - 16500000 pair results analysed
INFO - 16600000 pair results analysed
INFO - 16700000 pair results analysed
INFO - 16800000 pair results analysed
INFO - 16900000 pair results analysed
INFO - 17000000 pair results analysed
INFO - 17100000 pair results analysed
INFO - 17200000 pair results analysed
INFO - 17300000 pair results analysed
INFO - 17400000 pair results analysed
INFO - 17500000 pair results analysed
INFO - 17600000 pair results analysed
INFO - 17700000 pair results analysed
INFO - 17800000 pair results analysed
INFO - 17900000 pair results analysed
INFO - 18000000 pair results analysed
INFO - 18100000 pair results analysed
INFO - 18200000 pair results analysed
INFO - 18300000 pair results analysed
INFO - 18400000 pair results analysed
INFO - 18500000 pair results analysed
INFO - 18600000 pair results analysed
INFO - 18700000 pair results analysed
INFO - 18800000 pair results analysed
INFO - 18900000 pair results analysed
INFO - 19000000 pair results analysed
INFO - 19100000 pair results analysed
INFO - 19200000 pair results analysed
INFO - 19300000 pair results analysed
INFO - 19400000 pair results analysed
INFO - 19500000 pair results analysed
INFO - 19600000 pair results analysed
INFO - 19700000 pair results analysed
INFO - 19800000 pair results analysed
INFO - 19900000 pair results analysed
INFO - 20000000 pair results analysed
INFO - 20100000 pair results analysed
INFO - 20200000 pair results analysed
INFO - 20300000 pair results analysed
INFO - 20400000 pair results analysed
INFO - 20500000 pair results analysed
INFO - 20600000 pair results analysed
INFO - 20700000 pair results analysed
INFO - 20800000 pair results analysed
INFO - 20900000 pair results analysed
INFO - 21000000 pair results analysed
INFO - 21100000 pair results analysed
INFO - 21200000 pair results analysed
INFO - 21300000 pair results analysed
INFO - 21400000 pair results analysed
INFO - 21500000 pair results analysed
INFO - 21600000 pair results analysed
INFO - 21700000 pair results analysed
INFO - 21800000 pair results analysed
INFO - 21900000 pair results analysed
INFO - 22000000 pair results analysed
INFO - 22100000 pair results analysed
INFO - 22200000 pair results analysed
INFO - 22300000 pair results analysed
INFO - 22400000 pair results analysed
INFO - 22500000 pair results analysed
INFO - 22600000 pair results analysed
INFO - 22700000 pair results analysed
INFO - 22800000 pair results analysed
INFO - 22900000 pair results analysed
INFO - 23000000 pair results analysed
INFO - 23100000 pair results analysed
INFO - 23200000 pair results analysed
INFO - 23300000 pair results analysed
INFO - 23400000 pair results analysed
INFO - 23500000 pair results analysed
INFO - 23600000 pair results analysed
INFO - 23700000 pair results analysed
INFO - 23800000 pair results analysed
INFO - 23900000 pair results analysed
INFO - 24000000 pair results analysed
INFO - 24100000 pair results analysed
INFO - 24200000 pair results analysed
INFO - 24300000 pair results analysed
INFO - 24400000 pair results analysed
INFO - 24500000 pair results analysed
INFO - 24600000 pair results analysed
INFO - 24700000 pair results analysed
INFO - 24800000 pair results analysed
INFO - 24900000 pair results analysed
INFO - 25000000 pair results analysed
INFO - 25100000 pair results analysed
INFO - 25200000 pair results analysed
INFO - 25300000 pair results analysed
INFO - 25400000 pair results analysed
INFO - 25500000 pair results analysed
INFO - 25600000 pair results analysed
INFO - 25700000 pair results analysed
INFO - 25800000 pair results analysed
INFO - 25900000 pair results analysed
INFO - 26000000 pair results analysed
INFO - 26100000 pair results analysed
INFO - 26200000 pair results analysed
INFO - 26300000 pair results analysed
INFO - 26400000 pair results analysed
INFO - 26500000 pair results analysed
INFO - 26600000 pair results analysed
INFO - 26700000 pair results analysed
INFO - 26800000 pair results analysed
INFO - 26900000 pair results analysed
INFO - 27000000 pair results analysed
INFO - 27100000 pair results analysed
INFO - 27200000 pair results analysed
INFO - 27300000 pair results analysed
INFO - 27400000 pair results analysed
INFO - 27500000 pair results analysed
INFO - 27600000 pair results analysed
INFO - 27700000 pair results analysed
INFO - 27800000 pair results analysed
INFO - 27900000 pair results analysed
INFO - 28000000 pair results analysed
INFO - 28100000 pair results analysed
INFO - 28200000 pair results analysed
INFO - 28300000 pair results analysed
INFO - 28400000 pair results analysed
INFO - 28500000 pair results analysed
INFO - 28600000 pair results analysed
INFO - 28700000 pair results analysed
INFO - 28800000 pair results analysed
INFO - 28900000 pair results analysed
INFO - 29000000 pair results analysed
INFO - 29100000 pair results analysed
INFO - 29200000 pair results analysed
INFO - 29300000 pair results analysed
INFO - 29400000 pair results analysed
INFO - 29500000 pair results analysed
INFO - 29600000 pair results analysed
INFO - 29700000 pair results analysed
INFO - 29800000 pair results analysed
INFO - 29900000 pair results analysed
INFO - 30000000 pair results analysed
INFO - 30100000 pair results analysed
INFO - 30200000 pair results analysed
INFO - 30300000 pair results analysed
INFO - 30400000 pair results analysed
INFO - 30500000 pair results analysed
INFO - 30600000 pair results analysed
INFO - 30700000 pair results analysed
INFO - 30800000 pair results analysed
INFO - 30900000 pair results analysed
INFO - 31000000 pair results analysed
INFO - 31100000 pair results analysed
INFO - 31200000 pair results analysed
INFO - 31300000 pair results analysed
INFO - 31400000 pair results analysed
INFO - 31500000 pair results analysed
INFO - 31600000 pair results analysed
INFO - 31700000 pair results analysed
INFO - 31800000 pair results analysed
INFO - 31900000 pair results analysed
INFO - 32000000 pair results analysed
INFO - 32100000 pair results analysed
INFO - 32200000 pair results analysed
INFO - 32300000 pair results analysed
INFO - 32400000 pair results analysed
INFO - 32500000 pair results analysed
INFO - 0 pairs processed in the package manager NPM
INFO - 32600000 pair results analysed
INFO - 32700000 pair results analysed
INFO - 32800000 pair results analysed
INFO - 32900000 pair results analysed
INFO - 33000000 pair results analysed
INFO - 33100000 pair results analysed
INFO - 33200000 pair results analysed
INFO - 33300000 pair results analysed
INFO - 33400000 pair results analysed
INFO - 33500000 pair results analysed
INFO - 33600000 pair results analysed
INFO - 33700000 pair results analysed
INFO - 33800000 pair results analysed
INFO - 33900000 pair results analysed
INFO - 34000000 pair results analysed
INFO - 34100000 pair results analysed
INFO - 34200000 pair results analysed
INFO - 34300000 pair results analysed
INFO - 34400000 pair results analysed
INFO - 34500000 pair results analysed
INFO - 34600000 pair results analysed
INFO - 34700000 pair results analysed
INFO - 34800000 pair results analysed
INFO - 34900000 pair results analysed
INFO - 35000000 pair results analysed
INFO - 35100000 pair results analysed
INFO - 35200000 pair results analysed
INFO - 35300000 pair results analysed
INFO - 35400000 pair results analysed
INFO - 35500000 pair results analysed
INFO - 35600000 pair results analysed
INFO - 35700000 pair results analysed
INFO - 35800000 pair results analysed
INFO - 35900000 pair results analysed
INFO - 36000000 pair results analysed
INFO - 36100000 pair results analysed
INFO - 36200000 pair results analysed
INFO - 36300000 pair results analysed
INFO - 36400000 pair results analysed
INFO - 36500000 pair results analysed
INFO - 36600000 pair results analysed
INFO - 36700000 pair results analysed
INFO - 36800000 pair results analysed
INFO - 36900000 pair results analysed
INFO - 37000000 pair results analysed
INFO - 37100000 pair results analysed
INFO - 37200000 pair results analysed
INFO - 37300000 pair results analysed
INFO - 37400000 pair results analysed
INFO - 37500000 pair results analysed
INFO - 37600000 pair results analysed
INFO - 37700000 pair results analysed
INFO - 37800000 pair results analysed
INFO - 37900000 pair results analysed
INFO - 38000000 pair results analysed
INFO - 38100000 pair results analysed
INFO - 38200000 pair results analysed
INFO - 38300000 pair results analysed
INFO - 38400000 pair results analysed
INFO - 38500000 pair results analysed
INFO - 38600000 pair results analysed
INFO - 38700000 pair results analysed
INFO - 38800000 pair results analysed
INFO - 38900000 pair results analysed
INFO - 39000000 pair results analysed
INFO - 39100000 pair results analysed
INFO - 39200000 pair results analysed
INFO - 39300000 pair results analysed
INFO - 39400000 pair results analysed
INFO - 39500000 pair results analysed
INFO - 39600000 pair results analysed
INFO - 39700000 pair results analysed
INFO - 39800000 pair results analysed
INFO - 39900000 pair results analysed
INFO - 40000000 pair results analysed
INFO - 40100000 pair results analysed
INFO - 40200000 pair results analysed
INFO - 40300000 pair results analysed
INFO - 40400000 pair results analysed
INFO - 40500000 pair results analysed
INFO - 40600000 pair results analysed
INFO - 40700000 pair results analysed
INFO - 40800000 pair results analysed
INFO - 40900000 pair results analysed
INFO - 41000000 pair results analysed
INFO - 41100000 pair results analysed
INFO - 41200000 pair results analysed
INFO - 41300000 pair results analysed
INFO - 41400000 pair results analysed
INFO - 41500000 pair results analysed
INFO - 41600000 pair results analysed
INFO - 41700000 pair results analysed
INFO - 41800000 pair results analysed
INFO - 41900000 pair results analysed
INFO - 42000000 pair results analysed
INFO - 42100000 pair results analysed
INFO - 42200000 pair results analysed
INFO - 42300000 pair results analysed
INFO - 42400000 pair results analysed
INFO - 42500000 pair results analysed
INFO - 42600000 pair results analysed
INFO - 42700000 pair results analysed
INFO - 42800000 pair results analysed
INFO - 42900000 pair results analysed
INFO - 43000000 pair results analysed
INFO - 43100000 pair results analysed
INFO - 43200000 pair results analysed
INFO - 43300000 pair results analysed
INFO - 43400000 pair results analysed
INFO - 43500000 pair results analysed
INFO - 43600000 pair results analysed
INFO - 43700000 pair results analysed
INFO - 43800000 pair results analysed
INFO - 43900000 pair results analysed
INFO - 44000000 pair results analysed
INFO - 44100000 pair results analysed
INFO - 44200000 pair results analysed
INFO - 44300000 pair results analysed
INFO - 44400000 pair results analysed
INFO - 44500000 pair results analysed
INFO - 44600000 pair results analysed
INFO - 44700000 pair results analysed
INFO - 44800000 pair results analysed
INFO - 44900000 pair results analysed
INFO - 45000000 pair results analysed
INFO - 45100000 pair results analysed
INFO - 45200000 pair results analysed
INFO - 45300000 pair results analysed
INFO - 45400000 pair results analysed
INFO - 45500000 pair results analysed
INFO - 45600000 pair results analysed
INFO - 45700000 pair results analysed
INFO - 45800000 pair results analysed
INFO - 45900000 pair results analysed
INFO - 46000000 pair results analysed
INFO - 46100000 pair results analysed
INFO - 46200000 pair results analysed
INFO - 46300000 pair results analysed
INFO - 46400000 pair results analysed
INFO - 46500000 pair results analysed
INFO - 46600000 pair results analysed
INFO - 46700000 pair results analysed
INFO - 46800000 pair results analysed
INFO - 46900000 pair results analysed
INFO - 47000000 pair results analysed
INFO - 47100000 pair results analysed
INFO - 47200000 pair results analysed
INFO - 47300000 pair results analysed
INFO - 47400000 pair results analysed
INFO - 47500000 pair results analysed
INFO - 47600000 pair results analysed
INFO - 47700000 pair results analysed
INFO - 47800000 pair results analysed
INFO - 47900000 pair results analysed
INFO - 48000000 pair results analysed
INFO - 48100000 pair results analysed
INFO - 48200000 pair results analysed
INFO - 48300000 pair results analysed
INFO - 48400000 pair results analysed
INFO - 48500000 pair results analysed
INFO - 48600000 pair results analysed
INFO - 48700000 pair results analysed
INFO - 48800000 pair results analysed
INFO - 48900000 pair results analysed
INFO - 49000000 pair results analysed
INFO - 49100000 pair results analysed
INFO - 49200000 pair results analysed
INFO - 49300000 pair results analysed
INFO - 49400000 pair results analysed
INFO - 49500000 pair results analysed
INFO - 49600000 pair results analysed
INFO - 49700000 pair results analysed
INFO - 49800000 pair results analysed
INFO - 49900000 pair results analysed
INFO - 50000000 pair results analysed
INFO - 50100000 pair results analysed
INFO - 50200000 pair results analysed
INFO - 50300000 pair results analysed
INFO - 50400000 pair results analysed
INFO - 50500000 pair results analysed
INFO - 50600000 pair results analysed
INFO - 50700000 pair results analysed
INFO - 50800000 pair results analysed
INFO - 50900000 pair results analysed
INFO - 51000000 pair results analysed
INFO - 51100000 pair results analysed
INFO - 51200000 pair results analysed
INFO - 51300000 pair results analysed
INFO - 51400000 pair results analysed
INFO - 51500000 pair results analysed
INFO - 51600000 pair results analysed
INFO - 51700000 pair results analysed
INFO - 51800000 pair results analysed
INFO - 51900000 pair results analysed
INFO - 52000000 pair results analysed
INFO - 52100000 pair results analysed
INFO - 52200000 pair results analysed
INFO - 52300000 pair results analysed
INFO - 52400000 pair results analysed
INFO - 52500000 pair results analysed
INFO - 52600000 pair results analysed
INFO - 52700000 pair results analysed
INFO - 52800000 pair results analysed
INFO - 52900000 pair results analysed
INFO - 53000000 pair results analysed
INFO - 53100000 pair results analysed
INFO - 53200000 pair results analysed
INFO - 53300000 pair results analysed
INFO - 53400000 pair results analysed
INFO - 53500000 pair results analysed
INFO - 53600000 pair results analysed
INFO - 53700000 pair results analysed
INFO - 53800000 pair results analysed
INFO - 53900000 pair results analysed
INFO - 54000000 pair results analysed
INFO - 54100000 pair results analysed
INFO - 54200000 pair results analysed
INFO - 54300000 pair results analysed
INFO - 54400000 pair results analysed
INFO - 54500000 pair results analysed
INFO - 54600000 pair results analysed
INFO - 54700000 pair results analysed
INFO - 54800000 pair results analysed
INFO - 54900000 pair results analysed
INFO - 55000000 pair results analysed
INFO - 55100000 pair results analysed
INFO - 55200000 pair results analysed
INFO - 55300000 pair results analysed
INFO - 55400000 pair results analysed
INFO - 55500000 pair results analysed
INFO - 55600000 pair results analysed
INFO - 55700000 pair results analysed
INFO - 55800000 pair results analysed
INFO - 55900000 pair results analysed
INFO - 56000000 pair results analysed
INFO - 56100000 pair results analysed
INFO - 56200000 pair results analysed
INFO - 56300000 pair results analysed
INFO - 56400000 pair results analysed
INFO - 56500000 pair results analysed
INFO - 56600000 pair results analysed
INFO - 56700000 pair results analysed
INFO - 56800000 pair results analysed
INFO - 56900000 pair results analysed
INFO - 57000000 pair results analysed
INFO - 57100000 pair results analysed
INFO - 57200000 pair results analysed
INFO - 57300000 pair results analysed
INFO - 57400000 pair results analysed
INFO - 57500000 pair results analysed
INFO - 57600000 pair results analysed
INFO - 57700000 pair results analysed
INFO - 57800000 pair results analysed
INFO - 57900000 pair results analysed
INFO - 58000000 pair results analysed
INFO - 58100000 pair results analysed
INFO - 58200000 pair results analysed
INFO - 58300000 pair results analysed
INFO - 58400000 pair results analysed
INFO - 58500000 pair results analysed
INFO - 58600000 pair results analysed
INFO - 58700000 pair results analysed
INFO - 58800000 pair results analysed
INFO - 58900000 pair results analysed
INFO - 59000000 pair results analysed
INFO - 59100000 pair results analysed
INFO - 59200000 pair results analysed
INFO - 59300000 pair results analysed
INFO - 59400000 pair results analysed
INFO - 59500000 pair results analysed
INFO - 59600000 pair results analysed
INFO - 59700000 pair results analysed
INFO - 59800000 pair results analysed
INFO - 59900000 pair results analysed
INFO - 60000000 pair results analysed
INFO - 60100000 pair results analysed
INFO - 60200000 pair results analysed
INFO - 60300000 pair results analysed
INFO - 60400000 pair results analysed
INFO - 60500000 pair results analysed
INFO - 60600000 pair results analysed
INFO - 60700000 pair results analysed
INFO - 60800000 pair results analysed
INFO - 60900000 pair results analysed
INFO - 61000000 pair results analysed
INFO - 61100000 pair results analysed
INFO - 61200000 pair results analysed
INFO - 61300000 pair results analysed
INFO - 61400000 pair results analysed
INFO - 61500000 pair results analysed
INFO - 61600000 pair results analysed
INFO - 61700000 pair results analysed
INFO - 61800000 pair results analysed
INFO - 61900000 pair results analysed
INFO - 62000000 pair results analysed
INFO - 62100000 pair results analysed
INFO - 62200000 pair results analysed
INFO - 62300000 pair results analysed
INFO - 62400000 pair results analysed
INFO - 62500000 pair results analysed
INFO - 62600000 pair results analysed
INFO - 62700000 pair results analysed
INFO - 62800000 pair results analysed
INFO - 62900000 pair results analysed
INFO - 63000000 pair results analysed
INFO - 63100000 pair results analysed
INFO - 63200000 pair results analysed
INFO - 63300000 pair results analysed
INFO - 63400000 pair results analysed
INFO - 63500000 pair results analysed
INFO - 63600000 pair results analysed
INFO - 63700000 pair results analysed
INFO - 63800000 pair results analysed
INFO - 63900000 pair results analysed
INFO - 64000000 pair results analysed
INFO - 64100000 pair results analysed
INFO - 64200000 pair results analysed
INFO - 64300000 pair results analysed
INFO - 64400000 pair results analysed
INFO - 64500000 pair results analysed
INFO - 64600000 pair results analysed
INFO - 64700000 pair results analysed
INFO - 64800000 pair results analysed
INFO - 64900000 pair results analysed
INFO - 65000000 pair results analysed
INFO - 65100000 pair results analysed
INFO - 65200000 pair results analysed
INFO - 65300000 pair results analysed
INFO - 65400000 pair results analysed
INFO - 65500000 pair results analysed
INFO - 65600000 pair results analysed
INFO - 65700000 pair results analysed
INFO - 65800000 pair results analysed
INFO - 65900000 pair results analysed
INFO - 66000000 pair results analysed
INFO - 66100000 pair results analysed
INFO - 66200000 pair results analysed
INFO - 66300000 pair results analysed
INFO - 66400000 pair results analysed
INFO - 66500000 pair results analysed
INFO - 66600000 pair results analysed
INFO - 66700000 pair results analysed
INFO - 66800000 pair results analysed
INFO - 66900000 pair results analysed
INFO - 67000000 pair results analysed
INFO - 67100000 pair results analysed
INFO - 67200000 pair results analysed
INFO - 67300000 pair results analysed
INFO - 67400000 pair results analysed
INFO - 67500000 pair results analysed
INFO - 67600000 pair results analysed
INFO - 67700000 pair results analysed
INFO - 67800000 pair results analysed
INFO - 67900000 pair results analysed
INFO - 68000000 pair results analysed
INFO - 68100000 pair results analysed
INFO - 68200000 pair results analysed
INFO - 68300000 pair results analysed
INFO - 68400000 pair results analysed
INFO - 68500000 pair results analysed
INFO - 68600000 pair results analysed
INFO - 68700000 pair results analysed
INFO - 68800000 pair results analysed
INFO - 68900000 pair results analysed
INFO - 69000000 pair results analysed
INFO - 69100000 pair results analysed
INFO - 69200000 pair results analysed
INFO - 69300000 pair results analysed
INFO - 69400000 pair results analysed
INFO - 69500000 pair results analysed
INFO - 69600000 pair results analysed
INFO - 69700000 pair results analysed
INFO - 69800000 pair results analysed
INFO - 69900000 pair results analysed
INFO - 70000000 pair results analysed
INFO - 70100000 pair results analysed
INFO - 70200000 pair results analysed
INFO - 70300000 pair results analysed
INFO - 70400000 pair results analysed
INFO - 70500000 pair results analysed
INFO - 70600000 pair results analysed
INFO - 70700000 pair results analysed
INFO - 70800000 pair results analysed
INFO - 70900000 pair results analysed
INFO - 71000000 pair results analysed
INFO - 71100000 pair results analysed
INFO - 71200000 pair results analysed
INFO - 71300000 pair results analysed
INFO - 71400000 pair results analysed
INFO - 71500000 pair results analysed
INFO - 71600000 pair results analysed
INFO - 71700000 pair results analysed
INFO - 71800000 pair results analysed
INFO - 71900000 pair results analysed
INFO - 72000000 pair results analysed
INFO - 72100000 pair results analysed
INFO - 72200000 pair results analysed
INFO - 72300000 pair results analysed
INFO - 72400000 pair results analysed
INFO - 72500000 pair results analysed
INFO - 72600000 pair results analysed
INFO - 72700000 pair results analysed
INFO - 72800000 pair results analysed
INFO - 72900000 pair results analysed
INFO - 73000000 pair results analysed
INFO - 73100000 pair results analysed
INFO - 73200000 pair results analysed
INFO - 73300000 pair results analysed
INFO - 73400000 pair results analysed
INFO - 73500000 pair results analysed
INFO - 73600000 pair results analysed
INFO - 73700000 pair results analysed
INFO - 73800000 pair results analysed
INFO - 73900000 pair results analysed
INFO - 74000000 pair results analysed
INFO - 74100000 pair results analysed
INFO - 74200000 pair results analysed
INFO - 74300000 pair results analysed
INFO - 74400000 pair results analysed
INFO - 74500000 pair results analysed
INFO - 74600000 pair results analysed
INFO - 74700000 pair results analysed
INFO - 74800000 pair results analysed
INFO - 74900000 pair results analysed
INFO - 75000000 pair results analysed
INFO - 75100000 pair results analysed
INFO - 75200000 pair results analysed
INFO - 75300000 pair results analysed
INFO - 75400000 pair results analysed
INFO - 75500000 pair results analysed
INFO - 75600000 pair results analysed
INFO - 75700000 pair results analysed
INFO - 75800000 pair results analysed
INFO - 75900000 pair results analysed
INFO - 76000000 pair results analysed
INFO - 76100000 pair results analysed
INFO - 76200000 pair results analysed
INFO - Finished lag service for NPM after 31 seconds
INFO - NuGet flexible study not supported
INFO - 4673413 in Packagist
INFO - Pypi flexible study not supported
INFO - 4780660 in Rubygems
