INFO - Connection ready
INFO - DB loaded
INFO - Read in line: 100000
INFO - Read in line: 200000
INFO - Read in line: 300000
INFO - Read in line: 400000
INFO - Read in line: 500000
INFO - Read in line: 600000
INFO - Read in line: 700000
INFO - Read in line: 800000
INFO - Read in line: 900000
INFO - Read in line: 1000000
INFO - Read in line: 1100000
INFO - Read in line: 1200000
INFO - Read in line: 1300000
INFO - Read in line: 1400000
INFO - Read in line: 1500000
INFO - Read in line: 1600000
INFO - Read in line: 1700000
INFO - Read in line: 1800000
INFO - Read in line: 1900000
INFO - Read in line: 2000000
INFO - Read in line: 2100000
INFO - Read in line: 2200000
INFO - Read in line: 2300000
INFO - Read in line: 2400000
INFO - Read in line: 2500000
INFO - Read in line: 2600000
INFO - Read in line: 2700000
INFO - Read in line: 2800000
INFO - Read in line: 2900000
INFO - Read in line: 3000000
INFO - Read in line: 3100000
INFO - Read in line: 3200000
INFO - Read in line: 3300000
INFO - Read in line: 3400000
INFO - Read in line: 3500000
INFO - Read in line: 3600000
INFO - Read in line: 3700000
INFO - Read in line: 3800000
INFO - Read in line: 3900000
INFO - Read in line: 4000000
INFO - Read in line: 4100000
INFO - Read in line: 4200000
INFO - Read in line: 4300000
INFO - Read in line: 4400000
INFO - Read in line: 4500000
INFO - Read in line: 4600000
INFO - Read in line: 4700000
INFO - Read in line: 4800000
INFO - Read in line: 4900000
INFO - Read in line: 5000000
INFO - Read in line: 5100000
INFO - Read in line: 5200000
INFO - Read in line: 5300000
INFO - Read in line: 5400000
INFO - Read in line: 5500000
INFO - Results consumed
INFO - Projects compared
INFO - Dependencies FOUND: 2044401, Not FOUND: 2800218

INFO - Got project pairs
WARN - :io.reactivex.rxjava2:rxjava is null
TRACE - 2.3.0.M1 1 0;1;2; 2.2.2
TRACE - 2.3.0.M1 1 0;1;2; 2.2.2
TRACE - 2.3.1 2 0; 2.3.0.RC2
TRACE - 2.3.2 2 0;1; 2.3.1
TRACE - 2.3.3 2 0;1;2; 2.3.2
TRACE - 2.3.4 2 0;1;2;3; 2.3.3
TRACE - 2.3.4 2 0;1;2;3; 2.3.3
TRACE - 3.5.4 2 0;1;2;3; 3.5.3
TRACE - 2.3.8 2 0;1;2;3;4;5;6;7; 2.3.7
TRACE - 3.0.0.M1 0 2; 2.4.4
TRACE - 2.3.0.M1 1 0;1;2; 2.2.2
TRACE - 2.3.0.M1 1 0;1;2; 2.2.2
TRACE - 2.3.1 2 0; 2.3.0.RC2
TRACE - 2.3.2 2 0;1; 2.3.1
TRACE - 2.3.3 2 0;1;2; 2.3.2
TRACE - 2.3.4 2 0;1;2;3; 2.3.3
TRACE - 2.3.4 2 0;1;2;3; 2.3.3
TRACE - 2.3.1 2 0; 2.3.0.RC2
TRACE - 2.3.2 2 0;1; 2.3.1
TRACE - 2.3.3 2 0;1;2; 2.3.2
TRACE - 2.3.4 2 0;1;2;3; 2.3.3
TRACE - 2.3.4 2 0;1;2;3; 2.3.3
TRACE - 3.5.4 2 0;1;2;3; 3.5.3
TRACE - 1.0.3 0  0.0.0
TRACE - 1.1.1-ea 0  0.0.0
TRACE - 1.1.1-ea 0  0.0.0
TRACE - 1.1.1-ea 0  0.0.0
TRACE - 1.1.5 0  0.0.0
TRACE - 2.3.0.M1 1 0;1;2; 2.2.2
TRACE - 2.3.0.M1 1 0;1;2; 2.2.2
TRACE - 2.3.1 2 0; 2.3.0.RC2
TRACE - 2.3.2 2 0;1; 2.3.1
TRACE - 2.3.3 2 0;1;2; 2.3.2
TRACE - 2.3.4 2 0;1;2;3; 2.3.3
TRACE - 2.3.4 2 0;1;2;3; 2.3.3
TRACE - 1.12.6.RELEASE 2 0;1;2;3;4;5; 1.12.5.RELEASE
TRACE - 4.1.2 2 0;1; 4.1.1
TRACE - 2.3.1 2 0; 2.3.0.RC2
TRACE - 2.3.1 2 0; 2.3.0.RC2
TRACE - 2.3.2 2 0;1; 2.3.1
TRACE - 2.3.3 2 0;1;2; 2.3.2
TRACE - 2.3.4 2 0;1;2;3; 2.3.3
TRACE - 2.3.4 2 0;1;2;3; 2.3.3
TRACE - 2.3.6 2 0;1;2;3;4;5; 2.3.5
TRACE - 2.3.7 2 0;1;2;3;4;5;6; 2.3.6
TRACE - 2.3.8 2 0;1;2;3;4;5;6;7; 2.3.7
TRACE - 3.0.0.M1 0 1;2; 2.4.4
TRACE - 4.1.2 2 0;1; 4.1.1
TRACE - 5.6.3 2 0;1;2; 5.6.2
TRACE - 3.3.0.CR1 0  0.0.0
TRACE - 3.3.0.CR2 0  0.0.0
TRACE - 3.3.0.SP1 0  0.0.0
TRACE - 3.0.0.M1 0 2; 2.4.4
TRACE - 1.2.1-rc.1 1 1; 1.1.42
TRACE - 2.3.0.M1 1 0;1;2; 2.2.2
TRACE - 2.3.0.M1 1 0;1;2; 2.2.2
TRACE - 2.3.1 2 0; 2.3.0.RC2
TRACE - 2.3.2 2 0;1; 2.3.1
TRACE - 2.3.3 2 0;1;2; 2.3.2
TRACE - 2.3.4 2 0;1;2;3; 2.3.3
TRACE - 2.3.4 2 0;1;2;3; 2.3.3
TRACE - 2.3.0.M1 1 0;1;2; 2.2.2
TRACE - 2.3.0.M1 1 0;1;2; 2.2.2
TRACE - 2.3.1 2 0; 2.3.0.RC2
TRACE - 2.3.2 2 0;1; 2.3.1
TRACE - 2.3.3 2 0;1;2; 2.3.2
TRACE - 2.3.4 2 0;1;2;3; 2.3.3
TRACE - 2.3.4 2 0;1;2;3; 2.3.3
TRACE - 2.3.6 2 0;1;2;3;4;5; 2.3.5
TRACE - 2.3.7 2 0;1;2;3;4;5;6; 2.3.6
TRACE - 2.3.8 2 0;1;2;3;4;5;6;7; 2.3.7
TRACE - 3.0.0.M1 0 1;2; 2.4.4
TRACE - 1.2.1-rc.1 1 1; 1.1.42
TRACE - 1.1.5 2 0;1;2;3;4; 1.1.4
TRACE - 1.1.5 2 0;1;2;3;4; 1.1.4
TRACE - 1.1.5 2 0;1;2;3;4; 1.1.4
TRACE - 1.1.5 2 0;1;2;3;4;6; 1.1.6
TRACE - 1.1.5 2 0;1;2;3;4;6; 1.1.6
TRACE - 1.1.5 2 0;1;2;3;4;6; 1.1.6
TRACE - 1.1.5 2 0;1;2;3;4;6; 1.1.6
TRACE - 1.1.5 2 0;1;2;3;4;6; 1.1.6
TRACE - 1.1.5 2 0;1;2;3;4;6; 1.1.6
TRACE - 1.1.5 2 0;1;2;3;4;6; 1.1.6
TRACE - 1.1.5 2 0;1;2;3;4;6; 1.1.6
TRACE - 1.1.5 2 0;1;2;3;4;6; 1.1.6
TRACE - 1.1.5 2 0;1;2;3;4;6; 1.1.6
TRACE - 1.1.5 2 0;1;2;3;4;6; 1.1.6
TRACE - 1.1.5 2 0;1;2;3;4;6; 1.1.6
TRACE - 1.1.5 2 0;1;2;3;4;6; 1.1.6
TRACE - 1.1.5 2 0;1;2;3;4;6; 1.1.6
TRACE - 1.1.5 2 0;1;2;3;4;6; 1.1.6
TRACE - 1.1.5 2 0;1;2;3;4;6; 1.1.6
TRACE - 1.1.5 2 0;1;2;3;4;6; 1.1.6
TRACE - 1.1.5 2 0;1;2;3;4;6; 1.1.6
TRACE - 1.1.5 2 0;1;2;3;4;6; 1.1.6
TRACE - 1.1.5 2 0;1;2;3;4;6; 1.1.6
TRACE - 1.1.5 2 0;1;2;3;4;6; 1.1.6
TRACE - 1.1.5 2 0;1;2;3;4;6; 1.1.6
TRACE - 1.1.5 2 0;1;2;3;4;6; 1.1.6
TRACE - 1.1.5 2 0;1;2;3;4;6; 1.1.6
TRACE - 1.1.5 2 0;1;2;3;4;6; 1.1.6
TRACE - 1.1.5 2 0;1;2;3;4;6; 1.1.6
TRACE - 1.1.5 2 0;1;2;3;4;6; 1.1.6
TRACE - 1.1.5 2 0;1;2;3;4;6; 1.1.6
TRACE - 1.1.5 2 0;1;2;3;4;6; 1.1.6
TRACE - 1.1.5 2 0;1;2;3;4;6; 1.1.6
TRACE - 1.1.5 2 0;1;2;3;4;6; 1.1.6
TRACE - 1.1.5 2 0;1;2;3;4;6; 1.1.6
TRACE - 1.1.5 2 0;1;2;3;4;6; 1.1.6
TRACE - 1.1.5 2 0;1;2;3;4;6; 1.1.6
TRACE - 1.1.5 2 0;1;2;3;4;6; 1.1.6
TRACE - 1.1.5 2 0;1;2;3;4;6; 1.1.6
TRACE - 1.1.5 2 0;1;2;3;4;6; 1.1.6
TRACE - 1.1.5 2 0;1;2;3;4;6; 1.1.6
TRACE - 1.1.5 2 0;1;2;3;4;6; 1.1.6
TRACE - 1.1.5 2 0;1;2;3;4;6; 1.1.6
TRACE - 1.1.5 2 0;1;2;3;4;6; 1.1.6
TRACE - 1.1.5 2 0;1;2;3;4;6; 1.1.6
TRACE - 1.1.5 2 0;1;2;3;4;6; 1.1.6
TRACE - 1.1.5 2 0;1;2;3;4;6; 1.1.6
TRACE - 1.1.5 2 0;1;2;3;4;6; 1.1.6
TRACE - 1.1.5 2 0;1;2;3;4;6; 1.1.6
TRACE - 1.1.5 2 0;1;2;3;4;6; 1.1.6
TRACE - 1.1.5 2 0;1;2;3;4;6; 1.1.6
TRACE - 1.1.5 2 0;1;2;3;4;6; 1.1.6
TRACE - 1.1.5 2 0;1;2;3;4;6; 1.1.6
TRACE - 1.1.5 2 0;1;2;3;4;6; 1.1.6
TRACE - 1.1.5 2 0;1;2;3;4;6; 1.1.6
TRACE - 1.1.5 2 0;1;2;3;4;6; 1.1.6
TRACE - 1.1.5 2 0;1;2;3;4;6; 1.1.6
TRACE - 1.1.5 2 0;1;2;3;4;6; 1.1.6
TRACE - 1.1.5 2 0;1;2;3;4;6; 1.1.6
TRACE - 1.1.5 2 0;1;2;3;4;6; 1.1.6
TRACE - 1.1.5 2 0;1;2;3;4;6; 1.1.6
TRACE - 1.1.5 2 0;1;2;3;4;6; 1.1.6
TRACE - 1.1.5 2 0;1;2;3;4;6; 1.1.6
TRACE - 1.1.5 2 0;1;2;3;4;6; 1.1.6
TRACE - 1.1.5 2 0;1;2;3;4;6; 1.1.6
TRACE - 1.1.5 2 0;1;2;3;4;6; 1.1.6
TRACE - 1.1.5 2 0;1;2;3;4;6; 1.1.6
TRACE - 1.1.5 2 0;1;2;3;4;6; 1.1.6
TRACE - 1.1.5 2 0;1;2;3;4;6; 1.1.6
TRACE - 1.1.5 2 0;1;2;3;4;6; 1.1.6
TRACE - 1.1.5 2 0;1;2;3;4;6; 1.1.6
TRACE - 1.1.5 2 0;1;2;3;4;6; 1.1.6
TRACE - 1.1.5 2 0;1;2;3;4;6; 1.1.6
TRACE - 1.1.5 2 0;1;2;3;4;6; 1.1.6
TRACE - 1.1.5 2 0;1;2;3;4;6; 1.1.6
TRACE - 1.1.5 2 0;1;2;3;4;6; 1.1.6
TRACE - 1.1.5 2 0;1;2;3;4;6; 1.1.6
TRACE - 1.1.5 2 0;1;2;3;4;6; 1.1.6
TRACE - 1.1.5 2 0;1;2;3;4;6; 1.1.6
TRACE - 1.1.5 2 0;1;2;3;4;6; 1.1.6
TRACE - 1.1.5 2 0;1;2;3;4;6; 1.1.6
TRACE - 1.1.5 2 0;1;2;3;4;6; 1.1.6
TRACE - 1.1.5 2 0;1;2;3;4;6; 1.1.6
TRACE - 1.1.5 2 0;1;2;3;4;6; 1.1.6
TRACE - 1.1.5 2 0;1;2;3;4;6; 1.1.6
TRACE - 1.1.5 2 0;1;2;3;4;6; 1.1.6
TRACE - 1.1.5 2 0;1;2;3;4;6; 1.1.6
TRACE - 1.1.5 2 0;1;2;3;4;6; 1.1.6
TRACE - 1.1.5 2 0;1;2;3;4;6; 1.1.6
TRACE - 1.1.5 2 0;1;2;3;4;6; 1.1.6
TRACE - 1.1.5 2 0;1;2;3;4;6; 1.1.6
TRACE - 1.1.5 2 0;1;2;3;4;6; 1.1.6
TRACE - 1.1.5 2 0;1;2;3;4;6; 1.1.6
TRACE - 1.1.5 2 0;1;2;3;4;6; 1.1.6
TRACE - 1.1.5 2 0;1;2;3;4;6; 1.1.6
TRACE - 1.1.5 2 0;1;2;3;4;6; 1.1.6
TRACE - 1.1.5 2 0;1;2;3;4;6; 1.1.6
TRACE - 1.1.5 2 0;1;2;3;4;6; 1.1.6
TRACE - 1.1.5 2 0;1;2;3;4;6; 1.1.6
TRACE - 2.8.1 1 0;1;2;3;4;5;6;7; 2.7.4
TRACE - 1.0.2.RELEASE 2 0; 1.0.0.M3
TRACE - 2.3.0.M1 1 0;1;2; 2.2.2
TRACE - 2.3.0.M1 1 0;1;2; 2.2.2
TRACE - 2.3.1 2 0; 2.3.0.RC2
TRACE - 2.3.2 2 0;1; 2.3.1
TRACE - 2.3.3 2 0;1;2; 2.3.2
TRACE - 2.3.4 2 0;1;2;3; 2.3.3
TRACE - 2.3.4 2 0;1;2;3; 2.3.3
TRACE - 2.3.6 2 0;1;2;3;4;5; 2.3.5
TRACE - 2.3.7 2 0;1;2;3;4;5;6; 2.3.6
TRACE - 2.3.8 2 0;1;2;3;4;5;6;7; 2.3.7
TRACE - 4.1.2 2 0;1; 4.1.1
TRACE - 4.1.2 2 0;1; 4.1.1
TRACE - 4.1.2 2 0;1; 4.1.1
TRACE - 2.3.0.M1 1 0;1;2; 2.2.2
TRACE - 2.3.0.M1 1 0;1;2; 2.2.2
TRACE - 2.3.1 2 0; 2.3.0.RC2
TRACE - 2.3.2 2 0;1; 2.3.1
TRACE - 2.3.3 2 0;1;2; 2.3.2
TRACE - 2.3.4 2 0;1;2;3; 2.3.3
TRACE - 2.3.4 2 0;1;2;3; 2.3.3
TRACE - 2.3.6 2 0;1;2;3;4;5; 2.3.5
TRACE - 2.3.7 2 0;1;2;3;4;5;6; 2.3.6
TRACE - 2.3.8 2 0;1;2;3;4;5;6;7; 2.3.7
TRACE - 3.0.0.M1 0 2; 2.4.4
TRACE - 2.3.0.M1 1 0;1;2; 2.2.2
TRACE - 2.3.0.M1 1 0;1;2; 2.2.2
TRACE - 2.3.1 2 0; 2.3.0.RC2
TRACE - 2.3.2 2 0;1; 2.3.1
TRACE - 2.3.3 2 0;1;2; 2.3.2
TRACE - 2.3.4 2 0;1;2;3; 2.3.3
TRACE - 2.3.4 2 0;1;2;3; 2.3.3
TRACE - 2.3.6 2 0;1;2;3;4;5; 2.3.5
TRACE - 2.3.7 2 0;1;2;3;4;5;6; 2.3.6
TRACE - 2.3.8 2 0;1;2;3;4;5;6;7; 2.3.7
TRACE - 3.0.0.M1 0 2; 2.4.4
TRACE - 0.4.0-RC1 0  0.0.0
TRACE - 0.15 1 1;2;3;4;5;6;7;8;9;10;11;12;13;14; 0.14.3
TRACE - 1.0.2.RELEASE 0  0.0.0
TRACE - 0.36.0 1 33;34;35;13;14;16;17;18;19;20;21;22;23;24;25;26;27;28;29;30; 0.35.1
TRACE - 0.36.0 1 33;34;35;13;14;16;17;18;19;20;21;22;23;24;25;26;27;28;29;30; 0.35.1
TRACE - 2.3.6 2 0;1;2;3;4;5; 2.3.5
TRACE - 2.3.7 2 0;1;2;3;4;5;6; 2.3.6
TRACE - 2.3.8 2 0;1;2;3;4;5;6;7; 2.3.7
TRACE - 2.3.0.M1 1 0;1;2; 2.2.2
TRACE - 2.3.0.M1 1 0;1;2; 2.2.2
TRACE - 2.3.1 2 0; 2.3.0.RC2
TRACE - 2.3.2 2 0;1; 2.3.1
TRACE - 2.3.3 2 0;1;2; 2.3.2
TRACE - 2.3.4 2 0;1;2;3; 2.3.3
TRACE - 2.3.4 2 0;1;2;3; 2.3.3
TRACE - 2.3.6 2 0;1;2;3;4;5; 2.3.5
TRACE - 2.3.7 2 0;1;2;3;4;5;6; 2.3.6
TRACE - 2.3.8 2 0;1;2;3;4;5;6;7; 2.3.7
TRACE - 3.0.0.M1 0 1;2; 2.4.4
TRACE - 4.1.0 1 0; 4.0.3
TRACE - 4.1.0 1 0; 4.0.3
TRACE - 4.1.0 1 0; 4.0.3
TRACE - 4.1.0 1 0; 4.0.3
TRACE - 6.9.8 2 4;5;6;7; 6.9.7
TRACE - 2.3.1 2 0; 2.3.0.RC2
TRACE - 2.3.2 2 0;1; 2.3.1
TRACE - 2.3.3 2 0;1;2; 2.3.2
TRACE - 2.3.4 2 0;1;2;3; 2.3.3
TRACE - 2.3.4 2 0;1;2;3; 2.3.3
TRACE - 2.3.6 2 0;1;2;3;4;5; 2.3.5
TRACE - 2.3.7 2 0;1;2;3;4;5;6; 2.3.6
TRACE - 2.3.8 2 0;1;2;3;4;5;6;7; 2.3.7
TRACE - 3.0.0.M1 0 2; 2.4.4
TRACE - 4.1.2 2 0;1; 4.1.1
TRACE - 2.3.0.M1 1 0;1;2; 2.2.2
TRACE - 2.3.1 2 0; 2.3.0.RC2
TRACE - 2.3.0.M1 1 0;1;2; 2.2.2
TRACE - 3.0.0.M1 0 2; 2.4.4
TRACE - 2.3.1 2 0; 2.3.0.RC2
TRACE - 2.3.2 2 0;1; 2.3.1
TRACE - 2.3.3 2 0;1;2; 2.3.2
TRACE - 2.3.4 2 0;1;2;3; 2.3.3
TRACE - 2.3.4 2 0;1;2;3; 2.3.3
TRACE - 2.3.6 2 0;1;2;3;4;5; 2.3.5
TRACE - 2.3.7 2 0;1;2;3;4;5;6; 2.3.6
TRACE - 2.3.8 2 0;1;2;3;4;5;6;7; 2.3.7
TRACE - 3.0.0.M1 0 2; 2.4.4
TRACE - 2.3.6 2 0;1;2;3;4;5; 2.3.5
TRACE - 2.3.7 2 0;1;2;3;4;5;6; 2.3.6
TRACE - 2.3.8 2 0;1;2;3;4;5;6;7; 2.3.7
TRACE - 3.0.0.M1 0 2; 2.4.4
TRACE - 2.3.0.M1 1 0;1;2; 2.2.2
TRACE - 2.3.0.M1 1 0;1;2; 2.2.2
TRACE - 2.3.1 2 0; 2.3.0.RC2
TRACE - 2.3.2 2 0;1; 2.3.1
TRACE - 2.3.3 2 0;1;2; 2.3.2
TRACE - 2.3.4 2 0;1;2;3; 2.3.3
TRACE - 2.3.4 2 0;1;2;3; 2.3.3
TRACE - 2.3.6 2 0;1;2;3;4;5; 2.3.5
TRACE - 2.3.7 2 0;1;2;3;4;5;6; 2.3.6
TRACE - 2.3.8 2 0;1;2;3;4;5;6;7; 2.3.7
TRACE - 2.3.1 2 0; 2.3.0.RC2
TRACE - 2.3.2 2 0;1; 2.3.1
TRACE - 2.3.3 2 0;1;2; 2.3.2
TRACE - 2.3.4 2 0;1;2;3; 2.3.3
TRACE - 2.3.4 2 0;1;2;3; 2.3.3
WARN - :org.jetbrains.kotlin:kotlin-stdlib is null
TRACE - 4.1.2 2 0;1; 4.1.1
TRACE - 1.22.0 1 2;4;5;6;7;8;9;10;11;12;13;14;15;16;17;18;19;20; 1.20.5
TRACE - 4.3.5.RELEASE 2 0;1;2;3;4; 4.3.4.RELEASE
TRACE - 2.3.0.M1 1 0;1;2; 2.2.2
TRACE - 2.3.0.M1 1 0;1;2; 2.2.2
TRACE - 2.3.1 2 0; 2.3.0.RC2
TRACE - 2.3.2 2 0;1; 2.3.1
TRACE - 2.3.3 2 0;1;2; 2.3.2
TRACE - 2.3.4 2 0;1;2;3; 2.3.3
TRACE - 2.3.4 2 0;1;2;3; 2.3.3
TRACE - 2.3.0.M1 0  0.0.0
TRACE - 2.3.0.M1 0  0.0.0
TRACE - 2.3.1 2 0; 2.3.0.RC2
TRACE - 2.3.2 2 0;1; 2.3.1
TRACE - 2.3.3 2 0;1;2; 2.3.2
TRACE - 2.3.4 2 0;1;2;3; 2.3.3
TRACE - 2.3.4 2 0;1;2;3; 2.3.3
TRACE - 2.3.6 2 0;1;2;3;4;5; 2.3.5
TRACE - 2.3.7 2 0;1;2;3;4;5;6; 2.3.6
TRACE - 2.3.8 2 0;1;2;3;4;5;6;7; 2.3.7
TRACE - 3.0.0.M1 0 2; 2.4.4
TRACE - 1.8.23 2 18;19;20;21;22; 1.8.22
TRACE - 2.1.7 2 0;1;2;3;4;5; 2.1.5
TRACE - 2.1.7 2 0;1;2;3;4;5; 2.1.5
TRACE - 5.6.3 2 0;1;2; 5.6.2
TRACE - 6.3.2 2 0;1; 6.3.1
TRACE - 4.1.2 2 0;1; 4.1.1
TRACE - 2.3.0.M1 1 0;1;2; 2.2.2
TRACE - 2.3.0.M1 1 0;1;2; 2.2.2
TRACE - 2.3.1 2 0; 2.3.0.RC2
TRACE - 2.3.2 2 0;1; 2.3.1
TRACE - 2.3.3 2 0;1;2; 2.3.2
TRACE - 2.3.4 2 0;1;2;3; 2.3.3
TRACE - 2.3.4 2 0;1;2;3; 2.3.3
TRACE - 2.3.0.M1 1 0;1;2; 2.2.2
TRACE - 2.3.0.M1 1 0;1;2; 2.2.2
TRACE - 2.3.1 2 0; 2.3.0.RC2
TRACE - 2.3.2 2 0;1; 2.3.1
TRACE - 2.3.3 2 0;1;2; 2.3.2
TRACE - 2.3.4 2 0;1;2;3; 2.3.3
TRACE - 2.3.4 2 0;1;2;3; 2.3.3
TRACE - 1.8.27 2 18;19;20;21;22;23;24;25;26; 1.8.26
TRACE - 1.9.13 2 0;1;2;3;4;5;6;7;8;9;10;11;12; 1.9.12
TRACE - 3.0.7 2 0;1;2;3;4;5;6; 3.0.6
TRACE - 2.3.8 2 0;1;2;3;4;5;6;7; 2.3.7
TRACE - 3.0.0.M1 0 2; 2.4.4
TRACE - 5.6.3 2 0;1;2; 5.6.2
TRACE - 2.3.0.M1 1 0;1;2; 2.2.2
TRACE - 2.3.0.M1 1 0;1;2; 2.2.2
TRACE - 2.3.1 2 0; 2.3.0.RC2
TRACE - 2.3.2 2 0;1; 2.3.1
TRACE - 2.3.3 2 0;1;2; 2.3.2
TRACE - 2.3.4 2 0;1;2;3; 2.3.3
TRACE - 2.3.4 2 0;1;2;3; 2.3.3
TRACE - 4.1.2 2 0;1; 4.1.1
TRACE - 2.3.0.M1 1 0;1;2; 2.2.2
TRACE - 2.3.0.M1 1 0;1;2; 2.2.2
TRACE - 2.3.1 2 0; 2.3.0.RC2
TRACE - 2.3.2 2 0;1; 2.3.1
TRACE - 2.3.3 2 0;1;2; 2.3.2
TRACE - 2.3.4 2 0;1;2;3; 2.3.3
TRACE - 2.3.4 2 0;1;2;3; 2.3.3
TRACE - 2.3.6 2 0;1;2;3;4;5; 2.3.5
TRACE - 2.3.7 2 0;1;2;3;4;5;6; 2.3.6
TRACE - 2.3.8 2 0;1;2;3;4;5;6;7; 2.3.7
TRACE - 3.0.0.M1 0 1;2; 2.4.4
TRACE - 5.6.3 2 0;1;2; 5.6.2
TRACE - 0.36.0 1 33;34;35;12;13;14;16;17;18;19;20;21;22;23;24;25;26;27;28;29;30; 0.35.1
TRACE - 0.36.0 1 33;34;35;12;13;14;16;17;18;19;20;21;22;23;24;25;26;27;28;29;30; 0.35.1
TRACE - 2.1.6 2 0;1;2;3;4;5; 2.1.5
TRACE - 2.1.6 2 0;1;2;3;4;5; 2.1.5
TRACE - 2.1.7 2 0;1;2;3;4;5; 2.1.5
TRACE - 1.1.0 1 0; 1.0.0-rc-3
TRACE - 5.6.3 2 0;1;2; 5.6.2
TRACE - 4.1.2 2 0;1; 4.1.1
TRACE - 5.6.3 2 0;1;2; 5.6.2
TRACE - 4.3.5.RELEASE 2 0;1;2;3;4; 4.3.4.RELEASE
TRACE - 1.2.1-rc.1 1 0;1; 1.1.42
TRACE - 4.1.2 2 0;1; 4.1.1
TRACE - 2.3.8 2 0;1;2;3;4;5;6;7; 2.3.7
TRACE - 3.0.0.M1 0 1;2; 2.4.4
INFO - There were 226911 pairs where both use semantic versioning
INFO - There were 2912 pairs that were discarded as they don't use semantic versioning
INFO - There were 3594 pairs with sufficient history to write to file
INFO - There were 223317 pairs discarded due to small size of history
INFO - Timelines created
