INFO - Connection ready
INFO - DB loaded
INFO - Read in line: 100000
INFO - Read in line: 200000
INFO - Read in line: 300000
INFO - Read in line: 400000
INFO - Read in line: 500000
INFO - Read in line: 600000
INFO - Read in line: 700000
INFO - Read in line: 800000
INFO - Read in line: 900000
INFO - Read in line: 1000000
INFO - Read in line: 1100000
INFO - Read in line: 1200000
INFO - Read in line: 1300000
INFO - Read in line: 1400000
INFO - Read in line: 1500000
INFO - Read in line: 1600000
INFO - Read in line: 1700000
INFO - Read in line: 1800000
INFO - Read in line: 1900000
INFO - Read in line: 2000000
INFO - Read in line: 2100000
INFO - Read in line: 2200000
INFO - Read in line: 2300000
INFO - Read in line: 2400000
INFO - Read in line: 2500000
INFO - Read in line: 2600000
INFO - Read in line: 2700000
INFO - Read in line: 2800000
INFO - Read in line: 2900000
INFO - Read in line: 3000000
INFO - Read in line: 3100000
INFO - Read in line: 3200000
INFO - Read in line: 3300000
INFO - Read in line: 3400000
INFO - Read in line: 3500000
INFO - Read in line: 3600000
INFO - Read in line: 3700000
INFO - Read in line: 3800000
INFO - Read in line: 3900000
INFO - Read in line: 4000000
INFO - Read in line: 4100000
INFO - Read in line: 4200000
INFO - Read in line: 4300000
INFO - Read in line: 4400000
INFO - Read in line: 4500000
INFO - Read in line: 4600000
INFO - Read in line: 4700000
INFO - Read in line: 4800000
INFO - Read in line: 4900000
INFO - Read in line: 5000000
INFO - Read in line: 5100000
INFO - Read in line: 5200000
INFO - Read in line: 5300000
INFO - Read in line: 5400000
INFO - Read in line: 5500000
INFO - Results consumed
INFO - Projects compared
INFO - Dependencies FOUND: 2044401, Not FOUND: 2800218

INFO - Got project pairs
WARN - :io.reactivex.rxjava2:rxjava is null
TRACE - 2.3.0.M1 1 0:masters.Trie@2677a53b;1:masters.Trie@519853ac;2:masters.Trie@172415df;
TRACE - 2.3.0.M1 1 0:masters.Trie@2677a53b;1:masters.Trie@519853ac;2:masters.Trie@172415df;
TRACE - 2.3.1 2 0:masters.Trie@1291a536;
TRACE - 2.3.2 2 0:masters.Trie@1291a536;1:masters.Trie@18791fb;
TRACE - 2.3.3 2 0:masters.Trie@1291a536;1:masters.Trie@18791fb;2:masters.Trie@363af6f9;
TRACE - 2.3.4 2 0:masters.Trie@1291a536;1:masters.Trie@18791fb;2:masters.Trie@363af6f9;3:masters.Trie@1bf95923;
TRACE - 2.3.4 2 0:masters.Trie@1291a536;1:masters.Trie@18791fb;2:masters.Trie@363af6f9;3:masters.Trie@1bf95923;
TRACE - 3.5.4 2 0:masters.Trie@1ab3cbaa;1:masters.Trie@515463fc;2:masters.Trie@6534a817;3:masters.Trie@e638be8;
TRACE - 2.3.8 2 0:masters.Trie@1172cdf4;1:masters.Trie@7bf1ed44;2:masters.Trie@c6e7390;3:masters.Trie@12a6c2ea;4:masters.Trie@153cb027;5:masters.Trie@6153f409;6:masters.Trie@1edef940;7:masters.Trie@3a4bd9e3;
TRACE - 3.0.0.M1 0 2:masters.Trie@348bade0;
TRACE - 1.2.5 2 0:masters.Trie@5d7656c8;1:masters.Trie@39961844;3:masters.Trie@443502b0;4:masters.Trie@2d38437b;
TRACE - 22.4.0 1 1:masters.Trie@3007390b;2:masters.Trie@54dc4e28;
TRACE - 22.4.1 2 0:masters.Trie@780d0195;
TRACE - 22.4.2 2 0:masters.Trie@780d0195;1:masters.Trie@714ba0fe;
TRACE - 22.5.0 1 1:masters.Trie@3007390b;2:masters.Trie@54dc4e28;4:masters.Trie@47d01df1;
TRACE - 22.5.1 2 0:masters.Trie@2b127fdf;
TRACE - 22.5.2 2 0:masters.Trie@2b127fdf;1:masters.Trie@3b03d281;
TRACE - 22.5.3 2 0:masters.Trie@2b127fdf;1:masters.Trie@3b03d281;2:masters.Trie@17e3c94f;
TRACE - 22.7.0 1 1:masters.Trie@3007390b;2:masters.Trie@54dc4e28;4:masters.Trie@47d01df1;5:masters.Trie@509b71d7;
TRACE - 22.7.1 2 0:masters.Trie@68cf009c;
TRACE - 22.7.2 2 0:masters.Trie@68cf009c;1:masters.Trie@4d7d40de;
TRACE - 23.1.1 2 0:masters.Trie@445d518f;
TRACE - 23.1.2 2 0:masters.Trie@445d518f;1:masters.Trie@4f43951a;
TRACE - 23.1.3 2 0:masters.Trie@445d518f;1:masters.Trie@4f43951a;2:masters.Trie@5f98a78e;
TRACE - 23.2.2 2 0:masters.Trie@78447713;1:masters.Trie@56bb80bd;
TRACE - 23.2.4 2 0:masters.Trie@78447713;1:masters.Trie@56bb80bd;2:masters.Trie@5832435;3:masters.Trie@1f3d47dc;
TRACE - 23.2.5 2 0:masters.Trie@78447713;1:masters.Trie@56bb80bd;2:masters.Trie@5832435;3:masters.Trie@1f3d47dc;4:masters.Trie@449a47c7;
TRACE - 23.2.6 2 0:masters.Trie@78447713;1:masters.Trie@56bb80bd;2:masters.Trie@5832435;3:masters.Trie@1f3d47dc;4:masters.Trie@449a47c7;5:masters.Trie@4eae8981;
TRACE - 23.2.7 2 0:masters.Trie@78447713;1:masters.Trie@56bb80bd;2:masters.Trie@5832435;3:masters.Trie@1f3d47dc;4:masters.Trie@449a47c7;5:masters.Trie@4eae8981;6:masters.Trie@5290aeed;
TRACE - 23.2.8 2 0:masters.Trie@78447713;1:masters.Trie@56bb80bd;2:masters.Trie@5832435;3:masters.Trie@1f3d47dc;4:masters.Trie@449a47c7;5:masters.Trie@4eae8981;6:masters.Trie@5290aeed;7:masters.Trie@27e610c4;
TRACE - 24.0.0 0 22:masters.Trie@3154df80;23:masters.Trie@b8caaaa;
TRACE - 24.0.1 2 0:masters.Trie@5c3c9af0;
TRACE - 2.3.0.M1 1 0:masters.Trie@54af231c;1:masters.Trie@23b8d88d;2:masters.Trie@5663c3ec;
TRACE - 2.3.0.M1 1 0:masters.Trie@54af231c;1:masters.Trie@23b8d88d;2:masters.Trie@5663c3ec;
TRACE - 2.3.1 2 0:masters.Trie@4e9eb0ce;
TRACE - 2.3.2 2 0:masters.Trie@4e9eb0ce;1:masters.Trie@2b076520;
TRACE - 2.3.3 2 0:masters.Trie@4e9eb0ce;1:masters.Trie@2b076520;2:masters.Trie@63b3bf0f;
TRACE - 2.3.4 2 0:masters.Trie@4e9eb0ce;1:masters.Trie@2b076520;2:masters.Trie@63b3bf0f;3:masters.Trie@2631a4d8;
TRACE - 2.3.4 2 0:masters.Trie@4e9eb0ce;1:masters.Trie@2b076520;2:masters.Trie@63b3bf0f;3:masters.Trie@2631a4d8;
TRACE - 22.4.0 1 0:masters.Trie@42178002;1:masters.Trie@4bcae43c;2:masters.Trie@27065f77;
TRACE - 22.4.1 2 0:masters.Trie@484ae377;
TRACE - 22.4.2 2 0:masters.Trie@484ae377;1:masters.Trie@36a36dec;
TRACE - 22.5.0 1 0:masters.Trie@42178002;1:masters.Trie@4bcae43c;2:masters.Trie@27065f77;4:masters.Trie@2ad49400;
TRACE - 22.5.1 2 0:masters.Trie@3f3c8bca;
TRACE - 22.5.2 2 0:masters.Trie@3f3c8bca;1:masters.Trie@20728601;
TRACE - 22.5.3 2 0:masters.Trie@3f3c8bca;1:masters.Trie@20728601;2:masters.Trie@d1343ee;
TRACE - 22.7.0 1 0:masters.Trie@42178002;1:masters.Trie@4bcae43c;2:masters.Trie@27065f77;4:masters.Trie@2ad49400;5:masters.Trie@3e9b2d8;
TRACE - 22.7.1 2 0:masters.Trie@58500bb4;
TRACE - 22.7.2 2 0:masters.Trie@58500bb4;1:masters.Trie@6ca6dc31;
TRACE - 22.8.0 1 0:masters.Trie@42178002;1:masters.Trie@4bcae43c;2:masters.Trie@27065f77;4:masters.Trie@2ad49400;5:masters.Trie@3e9b2d8;7:masters.Trie@7bbdee78;
TRACE - 22.8.1 2 0:masters.Trie@358ceca5;
TRACE - 22.8.2 2 0:masters.Trie@358ceca5;1:masters.Trie@6dd94c0b;
TRACE - 22.8.3 2 0:masters.Trie@358ceca5;1:masters.Trie@6dd94c0b;2:masters.Trie@37c452d5;
TRACE - 22.8.4 2 0:masters.Trie@358ceca5;1:masters.Trie@6dd94c0b;2:masters.Trie@37c452d5;3:masters.Trie@239eb47b;
TRACE - 22.9.0 1 0:masters.Trie@42178002;1:masters.Trie@4bcae43c;2:masters.Trie@27065f77;4:masters.Trie@2ad49400;5:masters.Trie@3e9b2d8;7:masters.Trie@7bbdee78;8:masters.Trie@71258d69;
TRACE - 22.9.1 2 0:masters.Trie@563b3e52;
TRACE - 22.9.2 2 0:masters.Trie@563b3e52;1:masters.Trie@437c9cba;
TRACE - 23.0.0 0 22:masters.Trie@1517c5c2;
TRACE - 23.0.2 2 0:masters.Trie@48844ccc;1:masters.Trie@47c23220;
TRACE - 23.1.0 1 0:masters.Trie@60fcef2e;
TRACE - 23.1.1 2 0:masters.Trie@4b6e1f26;
TRACE - 23.1.2 2 0:masters.Trie@4b6e1f26;1:masters.Trie@2166d8ab;
TRACE - 23.1.3 2 0:masters.Trie@4b6e1f26;1:masters.Trie@2166d8ab;2:masters.Trie@7763ad95;
TRACE - 23.2.0 1 0:masters.Trie@60fcef2e;1:masters.Trie@70e1a9c8;
TRACE - 23.2.1 2 0:masters.Trie@4b4d0fdd;
TRACE - 23.2.2 2 0:masters.Trie@4b4d0fdd;1:masters.Trie@5c79359f;
TRACE - 23.2.3 2 0:masters.Trie@4b4d0fdd;1:masters.Trie@5c79359f;2:masters.Trie@369c3480;
TRACE - 23.2.4 2 0:masters.Trie@4b4d0fdd;1:masters.Trie@5c79359f;2:masters.Trie@369c3480;3:masters.Trie@4bce6472;
TRACE - 23.2.5 2 0:masters.Trie@4b4d0fdd;1:masters.Trie@5c79359f;2:masters.Trie@369c3480;3:masters.Trie@4bce6472;4:masters.Trie@685eb931;
TRACE - 23.2.6 2 0:masters.Trie@4b4d0fdd;1:masters.Trie@5c79359f;2:masters.Trie@369c3480;3:masters.Trie@4bce6472;4:masters.Trie@685eb931;5:masters.Trie@7d1ebc68;
TRACE - 23.2.7 2 0:masters.Trie@4b4d0fdd;1:masters.Trie@5c79359f;2:masters.Trie@369c3480;3:masters.Trie@4bce6472;4:masters.Trie@685eb931;5:masters.Trie@7d1ebc68;6:masters.Trie@2a71bf7f;
TRACE - 23.2.8 2 0:masters.Trie@4b4d0fdd;1:masters.Trie@5c79359f;2:masters.Trie@369c3480;3:masters.Trie@4bce6472;4:masters.Trie@685eb931;5:masters.Trie@7d1ebc68;6:masters.Trie@2a71bf7f;7:masters.Trie@12a4a3b7;
TRACE - 24.0.0 0 22:masters.Trie@1517c5c2;23:masters.Trie@f2e07e3;
TRACE - 24.0.1 2 0:masters.Trie@75b0792;
TRACE - 24.1.0-rc1 1 0:masters.Trie@2076da41;
TRACE - 2.3.1 2 0:masters.Trie@1d126810;
TRACE - 24.1.1 2 0:masters.Trie@17f87ce3;
TRACE - 2.3.2 2 0:masters.Trie@1d126810;1:masters.Trie@d2c30f7;
TRACE - 24.1.2 2 0:masters.Trie@17f87ce3;1:masters.Trie@689670e0;
TRACE - 2.3.3 2 0:masters.Trie@1d126810;1:masters.Trie@d2c30f7;2:masters.Trie@7319ad9a;
TRACE - 24.1.3 2 0:masters.Trie@17f87ce3;1:masters.Trie@689670e0;2:masters.Trie@37ae8df7;
TRACE - 2.3.4 2 0:masters.Trie@1d126810;1:masters.Trie@d2c30f7;2:masters.Trie@7319ad9a;3:masters.Trie@5825c045;
TRACE - 24.2.0-beta1 1 0:masters.Trie@2076da41;1:masters.Trie@219cfd91;
TRACE - 2.3.4 2 0:masters.Trie@1d126810;1:masters.Trie@d2c30f7;2:masters.Trie@7319ad9a;3:masters.Trie@5825c045;
TRACE - 24.2.1 2 0:masters.Trie@75579225;
TRACE - 24.2.2 2 0:masters.Trie@75579225;1:masters.Trie@2e9dfd1f;
TRACE - 24.3.0 1 0:masters.Trie@2076da41;1:masters.Trie@219cfd91;2:masters.Trie@6d1f1c0e;
TRACE - 24.3.1 2 0:masters.Trie@2b290449;
TRACE - 24.5.0 1 0:masters.Trie@2076da41;1:masters.Trie@219cfd91;2:masters.Trie@6d1f1c0e;3:masters.Trie@62266db3;
TRACE - 25.0.0 0 22:masters.Trie@1517c5c2;23:masters.Trie@f2e07e3;24:masters.Trie@231211ed;
TRACE - 25.1.0 1 0:masters.Trie@36f886ed;
TRACE - 25.1.2 2 0:masters.Trie@5510c737;
TRACE - 25.1.3 2 0:masters.Trie@5510c737;2:masters.Trie@40a63d3;
TRACE - 25.2.0 1 0:masters.Trie@36f886ed;1:masters.Trie@372497c6;
TRACE - 25.3.0 1 0:masters.Trie@36f886ed;1:masters.Trie@372497c6;2:masters.Trie@4519b021;
TRACE - 3.5.4 2 0:masters.Trie@478cb286;1:masters.Trie@139add7a;2:masters.Trie@263737fd;3:masters.Trie@2d3008e9;
TRACE - 1.0.3 0 
TRACE - 1.1.1-ea 0 
TRACE - 1.1.1-ea 0 
TRACE - 1.1.1-ea 0 
TRACE - 1.1.5 0 
TRACE - 2.3.0.M1 1 0:masters.Trie@1663feca;1:masters.Trie@41a0032e;2:masters.Trie@5229367b;
TRACE - 2.3.0.M1 1 0:masters.Trie@1663feca;1:masters.Trie@41a0032e;2:masters.Trie@5229367b;
TRACE - 2.3.1 2 0:masters.Trie@5ab91ca7;
TRACE - 2.3.2 2 0:masters.Trie@5ab91ca7;1:masters.Trie@53a52c94;
TRACE - 2.3.3 2 0:masters.Trie@5ab91ca7;1:masters.Trie@53a52c94;2:masters.Trie@125dfcbd;
TRACE - 2.3.4 2 0:masters.Trie@5ab91ca7;1:masters.Trie@53a52c94;2:masters.Trie@125dfcbd;3:masters.Trie@9dc9a63;
TRACE - 2.3.4 2 0:masters.Trie@5ab91ca7;1:masters.Trie@53a52c94;2:masters.Trie@125dfcbd;3:masters.Trie@9dc9a63;
TRACE - 1.12.6.RELEASE 2 0:masters.Trie@7830363b;1:masters.Trie@38045d3a;2:masters.Trie@2aaaad19;3:masters.Trie@6f9e0e1e;4:masters.Trie@16e66c38;5:masters.Trie@c111e53;
TRACE - 4.1.2 2 0:masters.Trie@732ca8ad;1:masters.Trie@6c5db628;
TRACE - 22.4.0 1 0:masters.Trie@4bcbd183;1:masters.Trie@5c74afa5;2:masters.Trie@3243877b;
TRACE - 22.4.1 2 0:masters.Trie@a9060d9;
TRACE - 22.4.2 2 0:masters.Trie@a9060d9;1:masters.Trie@1fc2ffc1;
TRACE - 22.5.0 1 0:masters.Trie@4bcbd183;1:masters.Trie@5c74afa5;2:masters.Trie@3243877b;4:masters.Trie@6632621b;
TRACE - 22.5.1 2 0:masters.Trie@48e449f9;
TRACE - 22.5.2 2 0:masters.Trie@48e449f9;1:masters.Trie@417b6e94;
TRACE - 22.5.3 2 0:masters.Trie@48e449f9;1:masters.Trie@417b6e94;2:masters.Trie@49cfbd8d;
TRACE - 22.7.0 1 0:masters.Trie@4bcbd183;1:masters.Trie@5c74afa5;2:masters.Trie@3243877b;4:masters.Trie@6632621b;5:masters.Trie@3c182c15;
TRACE - 22.7.1 2 0:masters.Trie@565911ee;
TRACE - 22.7.2 2 0:masters.Trie@565911ee;1:masters.Trie@4c4cda7f;
TRACE - 22.8.0 1 0:masters.Trie@4bcbd183;1:masters.Trie@5c74afa5;2:masters.Trie@3243877b;4:masters.Trie@6632621b;5:masters.Trie@3c182c15;7:masters.Trie@785b25ae;
TRACE - 22.8.1 2 0:masters.Trie@55ed634;
TRACE - 22.8.2 2 0:masters.Trie@55ed634;1:masters.Trie@1b166110;
TRACE - 22.8.3 2 0:masters.Trie@55ed634;1:masters.Trie@1b166110;2:masters.Trie@31a3cf2f;
TRACE - 22.8.4 2 0:masters.Trie@55ed634;1:masters.Trie@1b166110;2:masters.Trie@31a3cf2f;3:masters.Trie@1074fae0;
TRACE - 22.9.0 1 0:masters.Trie@4bcbd183;1:masters.Trie@5c74afa5;2:masters.Trie@3243877b;4:masters.Trie@6632621b;5:masters.Trie@3c182c15;7:masters.Trie@785b25ae;8:masters.Trie@636861ac;
TRACE - 22.9.1 2 0:masters.Trie@4b5e8230;
TRACE - 22.9.2 2 0:masters.Trie@4b5e8230;1:masters.Trie@642bf6c3;
TRACE - 23.0.0 0 22:masters.Trie@533fa35c;
TRACE - 23.0.2 2 0:masters.Trie@73fadd96;1:masters.Trie@4c8a9edb;
TRACE - 23.1.0 1 0:masters.Trie@772ce467;
TRACE - 23.1.1 2 0:masters.Trie@59278c9d;
TRACE - 23.1.2 2 0:masters.Trie@59278c9d;1:masters.Trie@7c94fc42;
TRACE - 23.1.3 2 0:masters.Trie@59278c9d;1:masters.Trie@7c94fc42;2:masters.Trie@64f0d94d;
TRACE - 2.3.1 2 0:masters.Trie@567961b9;
TRACE - 23.2.0 1 0:masters.Trie@772ce467;1:masters.Trie@74ef1668;
TRACE - 23.2.1 2 0:masters.Trie@11c92f0c;
TRACE - 23.2.2 2 0:masters.Trie@11c92f0c;1:masters.Trie@4ae4a79b;
TRACE - 23.2.3 2 0:masters.Trie@11c92f0c;1:masters.Trie@4ae4a79b;2:masters.Trie@28bc353b;
TRACE - 23.2.4 2 0:masters.Trie@11c92f0c;1:masters.Trie@4ae4a79b;2:masters.Trie@28bc353b;3:masters.Trie@246c2a12;
TRACE - 23.2.5 2 0:masters.Trie@11c92f0c;1:masters.Trie@4ae4a79b;2:masters.Trie@28bc353b;3:masters.Trie@246c2a12;4:masters.Trie@7c05d0dc;
TRACE - 23.2.6 2 0:masters.Trie@11c92f0c;1:masters.Trie@4ae4a79b;2:masters.Trie@28bc353b;3:masters.Trie@246c2a12;4:masters.Trie@7c05d0dc;5:masters.Trie@133268b8;
TRACE - 23.2.7 2 0:masters.Trie@11c92f0c;1:masters.Trie@4ae4a79b;2:masters.Trie@28bc353b;3:masters.Trie@246c2a12;4:masters.Trie@7c05d0dc;5:masters.Trie@133268b8;6:masters.Trie@5a6e9208;
TRACE - 23.2.8 2 0:masters.Trie@11c92f0c;1:masters.Trie@4ae4a79b;2:masters.Trie@28bc353b;3:masters.Trie@246c2a12;4:masters.Trie@7c05d0dc;5:masters.Trie@133268b8;6:masters.Trie@5a6e9208;7:masters.Trie@1f171fed;
TRACE - 24.0.0 0 22:masters.Trie@533fa35c;23:masters.Trie@4d46afe3;
TRACE - 24.0.1 2 0:masters.Trie@4db1695b;
TRACE - 24.1.0-rc1 1 0:masters.Trie@63614c37;
TRACE - 24.1.2 2 0:masters.Trie@442edfc1;1:masters.Trie@3cef4910;
TRACE - 24.2.1 2 0:masters.Trie@7ad20467;
TRACE - 24.2.2 2 0:masters.Trie@7ad20467;1:masters.Trie@13bbeffe;
TRACE - 24.2.3 2 0:masters.Trie@7ad20467;1:masters.Trie@13bbeffe;2:masters.Trie@21d9fa9f;
TRACE - 24.3.0 1 0:masters.Trie@63614c37;1:masters.Trie@6738907d;2:masters.Trie@da351c1;
TRACE - 24.3.1 2 0:masters.Trie@412b8b94;
TRACE - 24.5.0 1 0:masters.Trie@63614c37;1:masters.Trie@6738907d;2:masters.Trie@da351c1;3:masters.Trie@2fc88c2c;
TRACE - 25.0.0 0 22:masters.Trie@533fa35c;23:masters.Trie@4d46afe3;24:masters.Trie@cd05ad0;
TRACE - 25.1.0 1 0:masters.Trie@1bea2fd2;
TRACE - 25.1.2 2 0:masters.Trie@6807010;
TRACE - 25.1.3 2 0:masters.Trie@6807010;2:masters.Trie@6dc23500;
TRACE - 25.2.0 1 0:masters.Trie@1bea2fd2;1:masters.Trie@634af4b2;
TRACE - 25.3.0 1 0:masters.Trie@1bea2fd2;1:masters.Trie@634af4b2;2:masters.Trie@2994d3b6;
TRACE - 22.4.0 1 0:masters.Trie@2c912664;1:masters.Trie@50077cc3;2:masters.Trie@64dced15;
TRACE - 22.4.1 2 0:masters.Trie@6b5a9b5b;
TRACE - 22.4.2 2 0:masters.Trie@6b5a9b5b;1:masters.Trie@4e5d3252;
TRACE - 22.5.0 1 0:masters.Trie@2c912664;1:masters.Trie@50077cc3;2:masters.Trie@64dced15;4:masters.Trie@2557ae3e;
TRACE - 22.5.1 2 0:masters.Trie@26e05bc4;
TRACE - 22.5.2 2 0:masters.Trie@26e05bc4;1:masters.Trie@19df9c00;
TRACE - 22.5.3 2 0:masters.Trie@26e05bc4;1:masters.Trie@19df9c00;2:masters.Trie@3e37e2cb;
TRACE - 22.7.0 1 0:masters.Trie@2c912664;1:masters.Trie@50077cc3;2:masters.Trie@64dced15;4:masters.Trie@2557ae3e;5:masters.Trie@26898d6d;
TRACE - 22.7.1 2 0:masters.Trie@293cc03;
TRACE - 22.7.2 2 0:masters.Trie@293cc03;1:masters.Trie@67c96fcd;
TRACE - 22.8.0 1 0:masters.Trie@2c912664;1:masters.Trie@50077cc3;2:masters.Trie@64dced15;4:masters.Trie@2557ae3e;5:masters.Trie@26898d6d;7:masters.Trie@66e9f845;
TRACE - 22.8.1 2 0:masters.Trie@c61f310;
TRACE - 22.8.2 2 0:masters.Trie@c61f310;1:masters.Trie@100ed54b;
TRACE - 22.8.3 2 0:masters.Trie@c61f310;1:masters.Trie@100ed54b;2:masters.Trie@3c957780;
TRACE - 22.8.4 2 0:masters.Trie@c61f310;1:masters.Trie@100ed54b;2:masters.Trie@3c957780;3:masters.Trie@15979b87;
TRACE - 22.9.0 1 0:masters.Trie@2c912664;1:masters.Trie@50077cc3;2:masters.Trie@64dced15;4:masters.Trie@2557ae3e;5:masters.Trie@26898d6d;7:masters.Trie@66e9f845;8:masters.Trie@166d0356;
TRACE - 22.9.1 2 0:masters.Trie@702f385d;
TRACE - 22.9.2 2 0:masters.Trie@702f385d;1:masters.Trie@671168af;
TRACE - 23.0.0 0 22:masters.Trie@4e738c69;
TRACE - 23.0.2 2 0:masters.Trie@30fa4142;1:masters.Trie@391e6ad0;
TRACE - 23.1.0 1 0:masters.Trie@55a6394c;
TRACE - 23.1.1 2 0:masters.Trie@764e755;
TRACE - 23.1.2 2 0:masters.Trie@764e755;1:masters.Trie@65f656aa;
TRACE - 23.1.3 2 0:masters.Trie@764e755;1:masters.Trie@65f656aa;2:masters.Trie@2ff4e82e;
TRACE - 23.2.0 1 0:masters.Trie@55a6394c;1:masters.Trie@4bfcc8c5;
TRACE - 23.2.1 2 0:masters.Trie@6b02c0a0;
TRACE - 23.2.2 2 0:masters.Trie@6b02c0a0;1:masters.Trie@3c16886c;
TRACE - 23.2.3 2 0:masters.Trie@6b02c0a0;1:masters.Trie@3c16886c;2:masters.Trie@34aba258;
TRACE - 23.2.4 2 0:masters.Trie@6b02c0a0;1:masters.Trie@3c16886c;2:masters.Trie@34aba258;3:masters.Trie@193cfee8;
TRACE - 23.2.5 2 0:masters.Trie@6b02c0a0;1:masters.Trie@3c16886c;2:masters.Trie@34aba258;3:masters.Trie@193cfee8;4:masters.Trie@64463aaf;
TRACE - 23.2.6 2 0:masters.Trie@6b02c0a0;1:masters.Trie@3c16886c;2:masters.Trie@34aba258;3:masters.Trie@193cfee8;4:masters.Trie@64463aaf;5:masters.Trie@6c9b8ba3;
TRACE - 23.2.7 2 0:masters.Trie@6b02c0a0;1:masters.Trie@3c16886c;2:masters.Trie@34aba258;3:masters.Trie@193cfee8;4:masters.Trie@64463aaf;5:masters.Trie@6c9b8ba3;6:masters.Trie@54b4d0a;
TRACE - 23.2.8 2 0:masters.Trie@6b02c0a0;1:masters.Trie@3c16886c;2:masters.Trie@34aba258;3:masters.Trie@193cfee8;4:masters.Trie@64463aaf;5:masters.Trie@6c9b8ba3;6:masters.Trie@54b4d0a;7:masters.Trie@7b7e28f5;
TRACE - 24.0.0 0 22:masters.Trie@4e738c69;23:masters.Trie@2eb8f677;
TRACE - 24.0.1 2 0:masters.Trie@1e4ea690;
TRACE - 2.3.1 2 0:masters.Trie@588702ac;
TRACE - 2.3.2 2 0:masters.Trie@588702ac;1:masters.Trie@96678de;
TRACE - 2.3.3 2 0:masters.Trie@588702ac;1:masters.Trie@96678de;2:masters.Trie@7a700382;
TRACE - 2.3.4 2 0:masters.Trie@588702ac;1:masters.Trie@96678de;2:masters.Trie@7a700382;3:masters.Trie@1e4dd38c;
TRACE - 2.3.4 2 0:masters.Trie@588702ac;1:masters.Trie@96678de;2:masters.Trie@7a700382;3:masters.Trie@1e4dd38c;
TRACE - 2.3.6 2 0:masters.Trie@588702ac;1:masters.Trie@96678de;2:masters.Trie@7a700382;3:masters.Trie@1e4dd38c;4:masters.Trie@7ebf208b;5:masters.Trie@44a5070a;
TRACE - 2.3.7 2 0:masters.Trie@588702ac;1:masters.Trie@96678de;2:masters.Trie@7a700382;3:masters.Trie@1e4dd38c;4:masters.Trie@7ebf208b;5:masters.Trie@44a5070a;6:masters.Trie@3eb3600f;
TRACE - 2.3.8 2 0:masters.Trie@588702ac;1:masters.Trie@96678de;2:masters.Trie@7a700382;3:masters.Trie@1e4dd38c;4:masters.Trie@7ebf208b;5:masters.Trie@44a5070a;6:masters.Trie@3eb3600f;7:masters.Trie@4e1215e6;
TRACE - 3.0.0.M1 0 1:masters.Trie@492ecfd7;2:masters.Trie@255f0caf;
TRACE - 3.0.3.RELEASE 2 0:masters.Trie@4abefacd;1:masters.Trie@55a9a4b8;2:masters.Trie@78f389a4;
TRACE - 3.0.4.RELEASE 2 0:masters.Trie@4abefacd;1:masters.Trie@55a9a4b8;2:masters.Trie@78f389a4;3:masters.Trie@2318f92e;
TRACE - 3.0.6.RELEASE 2 0:masters.Trie@4abefacd;1:masters.Trie@55a9a4b8;2:masters.Trie@78f389a4;3:masters.Trie@2318f92e;4:masters.Trie@1ecd1712;5:masters.Trie@6d9fc17;
TRACE - 3.1.0.RELEASE 1 0:masters.Trie@6203fbc1;
TRACE - 4.1.2 2 0:masters.Trie@6b6bf26;1:masters.Trie@70b55d65;
TRACE - 5.6.3 2 0:masters.Trie@c9b313;1:masters.Trie@5e2a3bc9;2:masters.Trie@614507ac;
TRACE - 6.2.2 2 0:masters.Trie@3c22555f;1:masters.Trie@71be38e3;
TRACE - 6.1.4 2 1:masters.Trie@7ec5b16e;2:masters.Trie@3774b17d;3:masters.Trie@19529261;
TRACE - 6.2.4 2 0:masters.Trie@3c22555f;1:masters.Trie@71be38e3;2:masters.Trie@19abd888;3:masters.Trie@4a365412;
TRACE - 6.3.2 2 0:masters.Trie@585beb70;1:masters.Trie@5597bb80;
TRACE - 2.100 1 10:masters.Trie@497f8037;11:masters.Trie@4d98eccd;12:masters.Trie@5be74c13;13:masters.Trie@5a0a5db1;14:masters.Trie@6fc110ff;15:masters.Trie@65b5774e;16:masters.Trie@453283f;17:masters.Trie@cbc1ad1;18:masters.Trie@6b1db551;19:masters.Trie@25dca07b;20:masters.Trie@3853662f;21:masters.Trie@54d58966;22:masters.Trie@52640990;23:masters.Trie@127ba4df;24:masters.Trie@313acaa1;25:masters.Trie@495cfb59;26:masters.Trie@3b06536b;27:masters.Trie@74145588;28:masters.Trie@131cf669;29:masters.Trie@3d344160;30:masters.Trie@34a0c0a6;31:masters.Trie@62ce7baf;32:masters.Trie@16956621;33:masters.Trie@9b50ad2;34:masters.Trie@3ba24eb2;35:masters.Trie@2aa0596a;36:masters.Trie@17399671;37:masters.Trie@36fbedde;38:masters.Trie@1f05e26d;39:masters.Trie@374683ee;40:masters.Trie@6c171169;41:masters.Trie@56b8428;42:masters.Trie@354d1862;43:masters.Trie@3617b4d6;44:masters.Trie@62df7724;45:masters.Trie@3bccf593;46:masters.Trie@661f7480;47:masters.Trie@6d25cd91;48:masters.Trie@74dae146;49:masters.Trie@28e6e223;50:masters.Trie@35c028cb;51:masters.Trie@764a32a7;52:masters.Trie@55393df9;53:masters.Trie@4ad12a87;54:masters.Trie@7ee3c566;55:masters.Trie@591b1f17;56:masters.Trie@45d13738;57:masters.Trie@617a817;58:masters.Trie@66bf9546;59:masters.Trie@67dddd21;60:masters.Trie@2b795e15;61:masters.Trie@10951c7d;62:masters.Trie@a1abe8c;63:masters.Trie@3275e3b;64:masters.Trie@624f21bc;65:masters.Trie@5a01bf7c;66:masters.Trie@530946e;67:masters.Trie@3cdfc475;68:masters.Trie@27064093;69:masters.Trie@702bf150;70:masters.Trie@713988df;71:masters.Trie@330706e1;72:masters.Trie@2690daca;73:masters.Trie@91e1e39;74:masters.Trie@345c00b5;75:masters.Trie@3f6728d1;76:masters.Trie@1f01f37d;77:masters.Trie@6697d972;78:masters.Trie@329a34bd;79:masters.Trie@343da39f;80:masters.Trie@2437247e;81:masters.Trie@7c3325c3;82:masters.Trie@1f6fd924;83:masters.Trie@4697b00d;84:masters.Trie@5b9e7875;85:masters.Trie@3ee653f8;86:masters.Trie@5fa10bf9;87:masters.Trie@244ddfd8;88:masters.Trie@cb856f4;89:masters.Trie@cdad08;90:masters.Trie@57e4802b;91:masters.Trie@1d1d2610;92:masters.Trie@535cdcb1;93:masters.Trie@3e149e3f;94:masters.Trie@4d82b40e;95:masters.Trie@395b2608;96:masters.Trie@c57ccc6;97:masters.Trie@16a85e15;98:masters.Trie@4e52aa0a;99:masters.Trie@2ed9aeae;
TRACE - 3.3.0.CR1 0 
TRACE - 2.102 1 10:masters.Trie@497f8037;11:masters.Trie@4d98eccd;12:masters.Trie@5be74c13;13:masters.Trie@5a0a5db1;14:masters.Trie@6fc110ff;15:masters.Trie@65b5774e;16:masters.Trie@453283f;17:masters.Trie@cbc1ad1;18:masters.Trie@6b1db551;19:masters.Trie@25dca07b;20:masters.Trie@3853662f;21:masters.Trie@54d58966;22:masters.Trie@52640990;23:masters.Trie@127ba4df;24:masters.Trie@313acaa1;25:masters.Trie@495cfb59;26:masters.Trie@3b06536b;27:masters.Trie@74145588;28:masters.Trie@131cf669;29:masters.Trie@3d344160;30:masters.Trie@34a0c0a6;31:masters.Trie@62ce7baf;32:masters.Trie@16956621;33:masters.Trie@9b50ad2;34:masters.Trie@3ba24eb2;35:masters.Trie@2aa0596a;36:masters.Trie@17399671;37:masters.Trie@36fbedde;38:masters.Trie@1f05e26d;39:masters.Trie@374683ee;40:masters.Trie@6c171169;41:masters.Trie@56b8428;42:masters.Trie@354d1862;43:masters.Trie@3617b4d6;44:masters.Trie@62df7724;45:masters.Trie@3bccf593;46:masters.Trie@661f7480;47:masters.Trie@6d25cd91;48:masters.Trie@74dae146;49:masters.Trie@28e6e223;50:masters.Trie@35c028cb;51:masters.Trie@764a32a7;52:masters.Trie@55393df9;53:masters.Trie@4ad12a87;54:masters.Trie@7ee3c566;55:masters.Trie@591b1f17;56:masters.Trie@45d13738;57:masters.Trie@617a817;58:masters.Trie@66bf9546;59:masters.Trie@67dddd21;60:masters.Trie@2b795e15;61:masters.Trie@10951c7d;62:masters.Trie@a1abe8c;63:masters.Trie@3275e3b;64:masters.Trie@624f21bc;65:masters.Trie@5a01bf7c;66:masters.Trie@530946e;67:masters.Trie@3cdfc475;68:masters.Trie@27064093;69:masters.Trie@702bf150;70:masters.Trie@713988df;71:masters.Trie@330706e1;72:masters.Trie@2690daca;73:masters.Trie@91e1e39;74:masters.Trie@345c00b5;75:masters.Trie@3f6728d1;76:masters.Trie@1f01f37d;77:masters.Trie@6697d972;78:masters.Trie@329a34bd;79:masters.Trie@343da39f;80:masters.Trie@2437247e;81:masters.Trie@7c3325c3;82:masters.Trie@1f6fd924;83:masters.Trie@4697b00d;84:masters.Trie@5b9e7875;85:masters.Trie@3ee653f8;86:masters.Trie@5fa10bf9;87:masters.Trie@244ddfd8;88:masters.Trie@cb856f4;89:masters.Trie@cdad08;90:masters.Trie@57e4802b;91:masters.Trie@1d1d2610;92:masters.Trie@535cdcb1;93:masters.Trie@3e149e3f;94:masters.Trie@4d82b40e;95:masters.Trie@395b2608;96:masters.Trie@c57ccc6;97:masters.Trie@16a85e15;98:masters.Trie@4e52aa0a;99:masters.Trie@2ed9aeae;100:masters.Trie@1cda764f;101:masters.Trie@4856cb37;
TRACE - 3.3.0.CR2 0 
TRACE - 2.103 1 10:masters.Trie@497f8037;11:masters.Trie@4d98eccd;12:masters.Trie@5be74c13;13:masters.Trie@5a0a5db1;14:masters.Trie@6fc110ff;15:masters.Trie@65b5774e;16:masters.Trie@453283f;17:masters.Trie@cbc1ad1;18:masters.Trie@6b1db551;19:masters.Trie@25dca07b;20:masters.Trie@3853662f;21:masters.Trie@54d58966;22:masters.Trie@52640990;23:masters.Trie@127ba4df;24:masters.Trie@313acaa1;25:masters.Trie@495cfb59;26:masters.Trie@3b06536b;27:masters.Trie@74145588;28:masters.Trie@131cf669;29:masters.Trie@3d344160;30:masters.Trie@34a0c0a6;31:masters.Trie@62ce7baf;32:masters.Trie@16956621;33:masters.Trie@9b50ad2;34:masters.Trie@3ba24eb2;35:masters.Trie@2aa0596a;36:masters.Trie@17399671;37:masters.Trie@36fbedde;38:masters.Trie@1f05e26d;39:masters.Trie@374683ee;40:masters.Trie@6c171169;41:masters.Trie@56b8428;42:masters.Trie@354d1862;43:masters.Trie@3617b4d6;44:masters.Trie@62df7724;45:masters.Trie@3bccf593;46:masters.Trie@661f7480;47:masters.Trie@6d25cd91;48:masters.Trie@74dae146;49:masters.Trie@28e6e223;50:masters.Trie@35c028cb;51:masters.Trie@764a32a7;52:masters.Trie@55393df9;53:masters.Trie@4ad12a87;54:masters.Trie@7ee3c566;55:masters.Trie@591b1f17;56:masters.Trie@45d13738;57:masters.Trie@617a817;58:masters.Trie@66bf9546;59:masters.Trie@67dddd21;60:masters.Trie@2b795e15;61:masters.Trie@10951c7d;62:masters.Trie@a1abe8c;63:masters.Trie@3275e3b;64:masters.Trie@624f21bc;65:masters.Trie@5a01bf7c;66:masters.Trie@530946e;67:masters.Trie@3cdfc475;68:masters.Trie@27064093;69:masters.Trie@702bf150;70:masters.Trie@713988df;71:masters.Trie@330706e1;72:masters.Trie@2690daca;73:masters.Trie@91e1e39;74:masters.Trie@345c00b5;75:masters.Trie@3f6728d1;76:masters.Trie@1f01f37d;77:masters.Trie@6697d972;78:masters.Trie@329a34bd;79:masters.Trie@343da39f;80:masters.Trie@2437247e;81:masters.Trie@7c3325c3;82:masters.Trie@1f6fd924;83:masters.Trie@4697b00d;84:masters.Trie@5b9e7875;85:masters.Trie@3ee653f8;86:masters.Trie@5fa10bf9;87:masters.Trie@244ddfd8;88:masters.Trie@cb856f4;89:masters.Trie@cdad08;90:masters.Trie@57e4802b;91:masters.Trie@1d1d2610;92:masters.Trie@535cdcb1;93:masters.Trie@3e149e3f;94:masters.Trie@4d82b40e;95:masters.Trie@395b2608;96:masters.Trie@c57ccc6;97:masters.Trie@16a85e15;98:masters.Trie@4e52aa0a;99:masters.Trie@2ed9aeae;100:masters.Trie@1cda764f;101:masters.Trie@4856cb37;102:masters.Trie@138f3acd;
TRACE - 3.3.0.SP1 0 
TRACE - 3.0.0.M1 0 2:masters.Trie@21c8dc31;
TRACE - 1.1.34 2 32:masters.Trie@70405acc;33:masters.Trie@3f672285;26:masters.Trie@4196492d;28:masters.Trie@2b254a80;29:masters.Trie@5941f312;31:masters.Trie@5fb481b5;
TRACE - 1.2.1-rc.1 1 1:masters.Trie@2c98644f;
TRACE - 1.2.5-rc.1 2 1:masters.Trie@2d685a16;2:masters.Trie@7be7f5ca;3:masters.Trie@257a2a;4:masters.Trie@6f70cc7d;
TRACE - 1.5.2 2 0:masters.Trie@27936f;1:masters.Trie@44aa6f04;
TRACE - 1.6.0 1 1:masters.Trie@2c98644f;2:masters.Trie@6ff5b991;3:masters.Trie@60f9336;4:masters.Trie@3a0fc473;5:masters.Trie@2dca4e79;
TRACE - 1.8.16 2 0:masters.Trie@6fb15360;1:masters.Trie@155dfb83;2:masters.Trie@51b59907;4:masters.Trie@2ef3acce;5:masters.Trie@4bbcc023;6:masters.Trie@3147bb34;7:masters.Trie@4cc771ba;8:masters.Trie@7f613130;9:masters.Trie@52f15b27;10:masters.Trie@5ee3d456;11:masters.Trie@29de2491;12:masters.Trie@5f40682b;
TRACE - 2.3.0.M1 1 0:masters.Trie@7b03887;1:masters.Trie@47311d43;2:masters.Trie@1f935398;
TRACE - 2.3.0.M1 1 0:masters.Trie@7b03887;1:masters.Trie@47311d43;2:masters.Trie@1f935398;
TRACE - 2.3.1 2 0:masters.Trie@434e7171;
TRACE - 2.3.2 2 0:masters.Trie@434e7171;1:masters.Trie@45bc0d9f;
TRACE - 2.3.3 2 0:masters.Trie@434e7171;1:masters.Trie@45bc0d9f;2:masters.Trie@a28cb6e;
TRACE - 2.3.4 2 0:masters.Trie@434e7171;1:masters.Trie@45bc0d9f;2:masters.Trie@a28cb6e;3:masters.Trie@f224620;
TRACE - 2.3.4 2 0:masters.Trie@434e7171;1:masters.Trie@45bc0d9f;2:masters.Trie@a28cb6e;3:masters.Trie@f224620;
TRACE - 4.8 1 0:masters.Trie@41b29b4e;1:masters.Trie@4b013a0d;2:masters.Trie@22e37654;3:masters.Trie@49f23ebe;4:masters.Trie@1ccfa425;5:masters.Trie@5e5c34e3;6:masters.Trie@67b4a8aa;7:masters.Trie@3feb6d2c;
TRACE - 2.3.0.M1 1 0:masters.Trie@66d5e40e;1:masters.Trie@2a7056bb;2:masters.Trie@4dbe3e90;
TRACE - 2.3.0.M1 1 0:masters.Trie@66d5e40e;1:masters.Trie@2a7056bb;2:masters.Trie@4dbe3e90;
TRACE - 2.3.1 2 0:masters.Trie@24cd5071;
TRACE - 2.3.2 2 0:masters.Trie@24cd5071;1:masters.Trie@6df12572;
TRACE - 2.3.3 2 0:masters.Trie@24cd5071;1:masters.Trie@6df12572;2:masters.Trie@451c63f9;
TRACE - 2.3.4 2 0:masters.Trie@24cd5071;1:masters.Trie@6df12572;2:masters.Trie@451c63f9;3:masters.Trie@79ea9f74;
TRACE - 2.3.4 2 0:masters.Trie@24cd5071;1:masters.Trie@6df12572;2:masters.Trie@451c63f9;3:masters.Trie@79ea9f74;
TRACE - 2.3.6 2 0:masters.Trie@24cd5071;1:masters.Trie@6df12572;2:masters.Trie@451c63f9;3:masters.Trie@79ea9f74;4:masters.Trie@376a16e0;5:masters.Trie@53547fca;
TRACE - 2.3.7 2 0:masters.Trie@24cd5071;1:masters.Trie@6df12572;2:masters.Trie@451c63f9;3:masters.Trie@79ea9f74;4:masters.Trie@376a16e0;5:masters.Trie@53547fca;6:masters.Trie@75f1cdf2;
TRACE - 2.3.8 2 0:masters.Trie@24cd5071;1:masters.Trie@6df12572;2:masters.Trie@451c63f9;3:masters.Trie@79ea9f74;4:masters.Trie@376a16e0;5:masters.Trie@53547fca;6:masters.Trie@75f1cdf2;7:masters.Trie@584ded07;
TRACE - 3.0.0.M1 0 1:masters.Trie@3ff73df8;2:masters.Trie@4f2dafe3;
TRACE - 1.2.1-rc.1 1 1:masters.Trie@39c53e20;
TRACE - 1.2.5-rc.1 2 1:masters.Trie@44e5072a;2:masters.Trie@7799cf1f;3:masters.Trie@2d9deafc;4:masters.Trie@3d39e551;
TRACE - 1.5.2 2 0:masters.Trie@5189798b;1:masters.Trie@68d1b592;
TRACE - 1.6.0 1 1:masters.Trie@39c53e20;2:masters.Trie@2ad9787e;3:masters.Trie@58b81319;4:masters.Trie@42676ca4;5:masters.Trie@27ff3c5f;
TRACE - 1.8.16 2 0:masters.Trie@4684ba56;1:masters.Trie@5ebc5944;2:masters.Trie@27c70c7b;4:masters.Trie@7984c118;5:masters.Trie@1a318274;6:masters.Trie@267b8e0f;7:masters.Trie@3940fa6f;8:masters.Trie@6613605e;9:masters.Trie@70a76cca;10:masters.Trie@a568f27;11:masters.Trie@347b9f80;12:masters.Trie@499708c1;
TRACE - 4.0.1-2c0d6d9-20171014100524 2 0:masters.Trie@344875a9;
TRACE - 1.1.5 2 0:masters.Trie@7c70d065;1:masters.Trie@446c3548;2:masters.Trie@65433d50;3:masters.Trie@612a8b39;4:masters.Trie@1b239c81;
TRACE - 1.1.5 2 0:masters.Trie@7c70d065;1:masters.Trie@446c3548;2:masters.Trie@65433d50;3:masters.Trie@612a8b39;4:masters.Trie@1b239c81;
TRACE - 1.1.5 2 0:masters.Trie@7c70d065;1:masters.Trie@446c3548;2:masters.Trie@65433d50;3:masters.Trie@612a8b39;4:masters.Trie@1b239c81;
TRACE - 1.1.5 2 0:masters.Trie@7c70d065;1:masters.Trie@446c3548;2:masters.Trie@65433d50;3:masters.Trie@612a8b39;4:masters.Trie@1b239c81;6:masters.Trie@3e402cd8;
TRACE - 1.1.5 2 0:masters.Trie@7c70d065;1:masters.Trie@446c3548;2:masters.Trie@65433d50;3:masters.Trie@612a8b39;4:masters.Trie@1b239c81;6:masters.Trie@3e402cd8;
TRACE - 1.1.5 2 0:masters.Trie@7c70d065;1:masters.Trie@446c3548;2:masters.Trie@65433d50;3:masters.Trie@612a8b39;4:masters.Trie@1b239c81;6:masters.Trie@3e402cd8;
TRACE - 1.1.5 2 0:masters.Trie@7c70d065;1:masters.Trie@446c3548;2:masters.Trie@65433d50;3:masters.Trie@612a8b39;4:masters.Trie@1b239c81;6:masters.Trie@3e402cd8;
TRACE - 1.1.5 2 0:masters.Trie@7c70d065;1:masters.Trie@446c3548;2:masters.Trie@65433d50;3:masters.Trie@612a8b39;4:masters.Trie@1b239c81;6:masters.Trie@3e402cd8;
TRACE - 1.1.5 2 0:masters.Trie@7c70d065;1:masters.Trie@446c3548;2:masters.Trie@65433d50;3:masters.Trie@612a8b39;4:masters.Trie@1b239c81;6:masters.Trie@3e402cd8;
TRACE - 1.1.5 2 0:masters.Trie@7c70d065;1:masters.Trie@446c3548;2:masters.Trie@65433d50;3:masters.Trie@612a8b39;4:masters.Trie@1b239c81;6:masters.Trie@3e402cd8;
TRACE - 1.1.5 2 0:masters.Trie@7c70d065;1:masters.Trie@446c3548;2:masters.Trie@65433d50;3:masters.Trie@612a8b39;4:masters.Trie@1b239c81;6:masters.Trie@3e402cd8;
TRACE - 1.1.5 2 0:masters.Trie@7c70d065;1:masters.Trie@446c3548;2:masters.Trie@65433d50;3:masters.Trie@612a8b39;4:masters.Trie@1b239c81;6:masters.Trie@3e402cd8;
TRACE - 1.1.5 2 0:masters.Trie@7c70d065;1:masters.Trie@446c3548;2:masters.Trie@65433d50;3:masters.Trie@612a8b39;4:masters.Trie@1b239c81;6:masters.Trie@3e402cd8;
TRACE - 1.1.5 2 0:masters.Trie@7c70d065;1:masters.Trie@446c3548;2:masters.Trie@65433d50;3:masters.Trie@612a8b39;4:masters.Trie@1b239c81;6:masters.Trie@3e402cd8;
TRACE - 1.1.5 2 0:masters.Trie@7c70d065;1:masters.Trie@446c3548;2:masters.Trie@65433d50;3:masters.Trie@612a8b39;4:masters.Trie@1b239c81;6:masters.Trie@3e402cd8;
TRACE - 1.1.5 2 0:masters.Trie@7c70d065;1:masters.Trie@446c3548;2:masters.Trie@65433d50;3:masters.Trie@612a8b39;4:masters.Trie@1b239c81;6:masters.Trie@3e402cd8;
TRACE - 1.1.5 2 0:masters.Trie@7c70d065;1:masters.Trie@446c3548;2:masters.Trie@65433d50;3:masters.Trie@612a8b39;4:masters.Trie@1b239c81;6:masters.Trie@3e402cd8;
TRACE - 1.1.5 2 0:masters.Trie@7c70d065;1:masters.Trie@446c3548;2:masters.Trie@65433d50;3:masters.Trie@612a8b39;4:masters.Trie@1b239c81;6:masters.Trie@3e402cd8;
TRACE - 1.1.5 2 0:masters.Trie@7c70d065;1:masters.Trie@446c3548;2:masters.Trie@65433d50;3:masters.Trie@612a8b39;4:masters.Trie@1b239c81;6:masters.Trie@3e402cd8;
TRACE - 1.1.5 2 0:masters.Trie@7c70d065;1:masters.Trie@446c3548;2:masters.Trie@65433d50;3:masters.Trie@612a8b39;4:masters.Trie@1b239c81;6:masters.Trie@3e402cd8;
TRACE - 1.1.5 2 0:masters.Trie@7c70d065;1:masters.Trie@446c3548;2:masters.Trie@65433d50;3:masters.Trie@612a8b39;4:masters.Trie@1b239c81;6:masters.Trie@3e402cd8;
TRACE - 1.1.5 2 0:masters.Trie@7c70d065;1:masters.Trie@446c3548;2:masters.Trie@65433d50;3:masters.Trie@612a8b39;4:masters.Trie@1b239c81;6:masters.Trie@3e402cd8;
TRACE - 1.1.5 2 0:masters.Trie@7c70d065;1:masters.Trie@446c3548;2:masters.Trie@65433d50;3:masters.Trie@612a8b39;4:masters.Trie@1b239c81;6:masters.Trie@3e402cd8;
TRACE - 1.1.5 2 0:masters.Trie@7c70d065;1:masters.Trie@446c3548;2:masters.Trie@65433d50;3:masters.Trie@612a8b39;4:masters.Trie@1b239c81;6:masters.Trie@3e402cd8;
TRACE - 1.1.5 2 0:masters.Trie@7c70d065;1:masters.Trie@446c3548;2:masters.Trie@65433d50;3:masters.Trie@612a8b39;4:masters.Trie@1b239c81;6:masters.Trie@3e402cd8;
TRACE - 1.1.5 2 0:masters.Trie@7c70d065;1:masters.Trie@446c3548;2:masters.Trie@65433d50;3:masters.Trie@612a8b39;4:masters.Trie@1b239c81;6:masters.Trie@3e402cd8;
TRACE - 1.1.5 2 0:masters.Trie@7c70d065;1:masters.Trie@446c3548;2:masters.Trie@65433d50;3:masters.Trie@612a8b39;4:masters.Trie@1b239c81;6:masters.Trie@3e402cd8;
TRACE - 1.1.5 2 0:masters.Trie@7c70d065;1:masters.Trie@446c3548;2:masters.Trie@65433d50;3:masters.Trie@612a8b39;4:masters.Trie@1b239c81;6:masters.Trie@3e402cd8;
TRACE - 1.1.5 2 0:masters.Trie@7c70d065;1:masters.Trie@446c3548;2:masters.Trie@65433d50;3:masters.Trie@612a8b39;4:masters.Trie@1b239c81;6:masters.Trie@3e402cd8;
TRACE - 1.1.5 2 0:masters.Trie@7c70d065;1:masters.Trie@446c3548;2:masters.Trie@65433d50;3:masters.Trie@612a8b39;4:masters.Trie@1b239c81;6:masters.Trie@3e402cd8;
TRACE - 1.1.5 2 0:masters.Trie@7c70d065;1:masters.Trie@446c3548;2:masters.Trie@65433d50;3:masters.Trie@612a8b39;4:masters.Trie@1b239c81;6:masters.Trie@3e402cd8;
TRACE - 1.1.5 2 0:masters.Trie@7c70d065;1:masters.Trie@446c3548;2:masters.Trie@65433d50;3:masters.Trie@612a8b39;4:masters.Trie@1b239c81;6:masters.Trie@3e402cd8;
TRACE - 1.1.5 2 0:masters.Trie@7c70d065;1:masters.Trie@446c3548;2:masters.Trie@65433d50;3:masters.Trie@612a8b39;4:masters.Trie@1b239c81;6:masters.Trie@3e402cd8;
TRACE - 1.1.5 2 0:masters.Trie@7c70d065;1:masters.Trie@446c3548;2:masters.Trie@65433d50;3:masters.Trie@612a8b39;4:masters.Trie@1b239c81;6:masters.Trie@3e402cd8;
TRACE - 1.1.5 2 0:masters.Trie@7c70d065;1:masters.Trie@446c3548;2:masters.Trie@65433d50;3:masters.Trie@612a8b39;4:masters.Trie@1b239c81;6:masters.Trie@3e402cd8;
TRACE - 1.1.5 2 0:masters.Trie@7c70d065;1:masters.Trie@446c3548;2:masters.Trie@65433d50;3:masters.Trie@612a8b39;4:masters.Trie@1b239c81;6:masters.Trie@3e402cd8;
TRACE - 1.1.5 2 0:masters.Trie@7c70d065;1:masters.Trie@446c3548;2:masters.Trie@65433d50;3:masters.Trie@612a8b39;4:masters.Trie@1b239c81;6:masters.Trie@3e402cd8;
TRACE - 1.1.5 2 0:masters.Trie@7c70d065;1:masters.Trie@446c3548;2:masters.Trie@65433d50;3:masters.Trie@612a8b39;4:masters.Trie@1b239c81;6:masters.Trie@3e402cd8;
TRACE - 1.1.5 2 0:masters.Trie@7c70d065;1:masters.Trie@446c3548;2:masters.Trie@65433d50;3:masters.Trie@612a8b39;4:masters.Trie@1b239c81;6:masters.Trie@3e402cd8;
TRACE - 1.1.5 2 0:masters.Trie@7c70d065;1:masters.Trie@446c3548;2:masters.Trie@65433d50;3:masters.Trie@612a8b39;4:masters.Trie@1b239c81;6:masters.Trie@3e402cd8;
TRACE - 1.1.5 2 0:masters.Trie@7c70d065;1:masters.Trie@446c3548;2:masters.Trie@65433d50;3:masters.Trie@612a8b39;4:masters.Trie@1b239c81;6:masters.Trie@3e402cd8;
TRACE - 1.1.5 2 0:masters.Trie@7c70d065;1:masters.Trie@446c3548;2:masters.Trie@65433d50;3:masters.Trie@612a8b39;4:masters.Trie@1b239c81;6:masters.Trie@3e402cd8;
TRACE - 1.1.5 2 0:masters.Trie@7c70d065;1:masters.Trie@446c3548;2:masters.Trie@65433d50;3:masters.Trie@612a8b39;4:masters.Trie@1b239c81;6:masters.Trie@3e402cd8;
TRACE - 1.1.5 2 0:masters.Trie@7c70d065;1:masters.Trie@446c3548;2:masters.Trie@65433d50;3:masters.Trie@612a8b39;4:masters.Trie@1b239c81;6:masters.Trie@3e402cd8;
TRACE - 1.1.5 2 0:masters.Trie@7c70d065;1:masters.Trie@446c3548;2:masters.Trie@65433d50;3:masters.Trie@612a8b39;4:masters.Trie@1b239c81;6:masters.Trie@3e402cd8;
TRACE - 1.1.5 2 0:masters.Trie@7c70d065;1:masters.Trie@446c3548;2:masters.Trie@65433d50;3:masters.Trie@612a8b39;4:masters.Trie@1b239c81;6:masters.Trie@3e402cd8;
TRACE - 1.1.5 2 0:masters.Trie@7c70d065;1:masters.Trie@446c3548;2:masters.Trie@65433d50;3:masters.Trie@612a8b39;4:masters.Trie@1b239c81;6:masters.Trie@3e402cd8;
TRACE - 1.1.5 2 0:masters.Trie@7c70d065;1:masters.Trie@446c3548;2:masters.Trie@65433d50;3:masters.Trie@612a8b39;4:masters.Trie@1b239c81;6:masters.Trie@3e402cd8;
TRACE - 1.1.5 2 0:masters.Trie@7c70d065;1:masters.Trie@446c3548;2:masters.Trie@65433d50;3:masters.Trie@612a8b39;4:masters.Trie@1b239c81;6:masters.Trie@3e402cd8;
TRACE - 1.1.5 2 0:masters.Trie@7c70d065;1:masters.Trie@446c3548;2:masters.Trie@65433d50;3:masters.Trie@612a8b39;4:masters.Trie@1b239c81;6:masters.Trie@3e402cd8;
TRACE - 1.1.5 2 0:masters.Trie@7c70d065;1:masters.Trie@446c3548;2:masters.Trie@65433d50;3:masters.Trie@612a8b39;4:masters.Trie@1b239c81;6:masters.Trie@3e402cd8;
TRACE - 1.1.5 2 0:masters.Trie@7c70d065;1:masters.Trie@446c3548;2:masters.Trie@65433d50;3:masters.Trie@612a8b39;4:masters.Trie@1b239c81;6:masters.Trie@3e402cd8;
TRACE - 1.1.5 2 0:masters.Trie@7c70d065;1:masters.Trie@446c3548;2:masters.Trie@65433d50;3:masters.Trie@612a8b39;4:masters.Trie@1b239c81;6:masters.Trie@3e402cd8;
TRACE - 1.1.5 2 0:masters.Trie@7c70d065;1:masters.Trie@446c3548;2:masters.Trie@65433d50;3:masters.Trie@612a8b39;4:masters.Trie@1b239c81;6:masters.Trie@3e402cd8;
TRACE - 1.1.5 2 0:masters.Trie@7c70d065;1:masters.Trie@446c3548;2:masters.Trie@65433d50;3:masters.Trie@612a8b39;4:masters.Trie@1b239c81;6:masters.Trie@3e402cd8;
TRACE - 1.1.5 2 0:masters.Trie@7c70d065;1:masters.Trie@446c3548;2:masters.Trie@65433d50;3:masters.Trie@612a8b39;4:masters.Trie@1b239c81;6:masters.Trie@3e402cd8;
TRACE - 1.1.5 2 0:masters.Trie@7c70d065;1:masters.Trie@446c3548;2:masters.Trie@65433d50;3:masters.Trie@612a8b39;4:masters.Trie@1b239c81;6:masters.Trie@3e402cd8;
TRACE - 1.1.5 2 0:masters.Trie@7c70d065;1:masters.Trie@446c3548;2:masters.Trie@65433d50;3:masters.Trie@612a8b39;4:masters.Trie@1b239c81;6:masters.Trie@3e402cd8;
TRACE - 1.1.5 2 0:masters.Trie@7c70d065;1:masters.Trie@446c3548;2:masters.Trie@65433d50;3:masters.Trie@612a8b39;4:masters.Trie@1b239c81;6:masters.Trie@3e402cd8;
TRACE - 1.1.5 2 0:masters.Trie@7c70d065;1:masters.Trie@446c3548;2:masters.Trie@65433d50;3:masters.Trie@612a8b39;4:masters.Trie@1b239c81;6:masters.Trie@3e402cd8;
TRACE - 1.1.5 2 0:masters.Trie@7c70d065;1:masters.Trie@446c3548;2:masters.Trie@65433d50;3:masters.Trie@612a8b39;4:masters.Trie@1b239c81;6:masters.Trie@3e402cd8;
TRACE - 1.1.5 2 0:masters.Trie@7c70d065;1:masters.Trie@446c3548;2:masters.Trie@65433d50;3:masters.Trie@612a8b39;4:masters.Trie@1b239c81;6:masters.Trie@3e402cd8;
TRACE - 1.1.5 2 0:masters.Trie@7c70d065;1:masters.Trie@446c3548;2:masters.Trie@65433d50;3:masters.Trie@612a8b39;4:masters.Trie@1b239c81;6:masters.Trie@3e402cd8;
TRACE - 1.1.5 2 0:masters.Trie@7c70d065;1:masters.Trie@446c3548;2:masters.Trie@65433d50;3:masters.Trie@612a8b39;4:masters.Trie@1b239c81;6:masters.Trie@3e402cd8;
TRACE - 1.1.5 2 0:masters.Trie@7c70d065;1:masters.Trie@446c3548;2:masters.Trie@65433d50;3:masters.Trie@612a8b39;4:masters.Trie@1b239c81;6:masters.Trie@3e402cd8;
TRACE - 1.1.5 2 0:masters.Trie@7c70d065;1:masters.Trie@446c3548;2:masters.Trie@65433d50;3:masters.Trie@612a8b39;4:masters.Trie@1b239c81;6:masters.Trie@3e402cd8;
TRACE - 1.1.5 2 0:masters.Trie@7c70d065;1:masters.Trie@446c3548;2:masters.Trie@65433d50;3:masters.Trie@612a8b39;4:masters.Trie@1b239c81;6:masters.Trie@3e402cd8;
TRACE - 1.1.5 2 0:masters.Trie@7c70d065;1:masters.Trie@446c3548;2:masters.Trie@65433d50;3:masters.Trie@612a8b39;4:masters.Trie@1b239c81;6:masters.Trie@3e402cd8;
TRACE - 1.1.5 2 0:masters.Trie@7c70d065;1:masters.Trie@446c3548;2:masters.Trie@65433d50;3:masters.Trie@612a8b39;4:masters.Trie@1b239c81;6:masters.Trie@3e402cd8;
TRACE - 1.1.5 2 0:masters.Trie@7c70d065;1:masters.Trie@446c3548;2:masters.Trie@65433d50;3:masters.Trie@612a8b39;4:masters.Trie@1b239c81;6:masters.Trie@3e402cd8;
TRACE - 1.1.5 2 0:masters.Trie@7c70d065;1:masters.Trie@446c3548;2:masters.Trie@65433d50;3:masters.Trie@612a8b39;4:masters.Trie@1b239c81;6:masters.Trie@3e402cd8;
TRACE - 1.1.5 2 0:masters.Trie@7c70d065;1:masters.Trie@446c3548;2:masters.Trie@65433d50;3:masters.Trie@612a8b39;4:masters.Trie@1b239c81;6:masters.Trie@3e402cd8;
TRACE - 1.1.5 2 0:masters.Trie@7c70d065;1:masters.Trie@446c3548;2:masters.Trie@65433d50;3:masters.Trie@612a8b39;4:masters.Trie@1b239c81;6:masters.Trie@3e402cd8;
TRACE - 1.1.5 2 0:masters.Trie@7c70d065;1:masters.Trie@446c3548;2:masters.Trie@65433d50;3:masters.Trie@612a8b39;4:masters.Trie@1b239c81;6:masters.Trie@3e402cd8;
TRACE - 1.1.5 2 0:masters.Trie@7c70d065;1:masters.Trie@446c3548;2:masters.Trie@65433d50;3:masters.Trie@612a8b39;4:masters.Trie@1b239c81;6:masters.Trie@3e402cd8;
TRACE - 1.1.5 2 0:masters.Trie@7c70d065;1:masters.Trie@446c3548;2:masters.Trie@65433d50;3:masters.Trie@612a8b39;4:masters.Trie@1b239c81;6:masters.Trie@3e402cd8;
TRACE - 1.1.5 2 0:masters.Trie@7c70d065;1:masters.Trie@446c3548;2:masters.Trie@65433d50;3:masters.Trie@612a8b39;4:masters.Trie@1b239c81;6:masters.Trie@3e402cd8;
TRACE - 1.1.5 2 0:masters.Trie@7c70d065;1:masters.Trie@446c3548;2:masters.Trie@65433d50;3:masters.Trie@612a8b39;4:masters.Trie@1b239c81;6:masters.Trie@3e402cd8;
TRACE - 1.1.5 2 0:masters.Trie@7c70d065;1:masters.Trie@446c3548;2:masters.Trie@65433d50;3:masters.Trie@612a8b39;4:masters.Trie@1b239c81;6:masters.Trie@3e402cd8;
TRACE - 1.1.5 2 0:masters.Trie@7c70d065;1:masters.Trie@446c3548;2:masters.Trie@65433d50;3:masters.Trie@612a8b39;4:masters.Trie@1b239c81;6:masters.Trie@3e402cd8;
TRACE - 1.1.5 2 0:masters.Trie@7c70d065;1:masters.Trie@446c3548;2:masters.Trie@65433d50;3:masters.Trie@612a8b39;4:masters.Trie@1b239c81;6:masters.Trie@3e402cd8;
TRACE - 1.1.5 2 0:masters.Trie@7c70d065;1:masters.Trie@446c3548;2:masters.Trie@65433d50;3:masters.Trie@612a8b39;4:masters.Trie@1b239c81;6:masters.Trie@3e402cd8;
TRACE - 1.1.5 2 0:masters.Trie@7c70d065;1:masters.Trie@446c3548;2:masters.Trie@65433d50;3:masters.Trie@612a8b39;4:masters.Trie@1b239c81;6:masters.Trie@3e402cd8;
TRACE - 1.1.5 2 0:masters.Trie@7c70d065;1:masters.Trie@446c3548;2:masters.Trie@65433d50;3:masters.Trie@612a8b39;4:masters.Trie@1b239c81;6:masters.Trie@3e402cd8;
TRACE - 1.1.5 2 0:masters.Trie@7c70d065;1:masters.Trie@446c3548;2:masters.Trie@65433d50;3:masters.Trie@612a8b39;4:masters.Trie@1b239c81;6:masters.Trie@3e402cd8;
TRACE - 1.1.5 2 0:masters.Trie@7c70d065;1:masters.Trie@446c3548;2:masters.Trie@65433d50;3:masters.Trie@612a8b39;4:masters.Trie@1b239c81;6:masters.Trie@3e402cd8;
TRACE - 1.1.5 2 0:masters.Trie@7c70d065;1:masters.Trie@446c3548;2:masters.Trie@65433d50;3:masters.Trie@612a8b39;4:masters.Trie@1b239c81;6:masters.Trie@3e402cd8;
TRACE - 1.1.5 2 0:masters.Trie@7c70d065;1:masters.Trie@446c3548;2:masters.Trie@65433d50;3:masters.Trie@612a8b39;4:masters.Trie@1b239c81;6:masters.Trie@3e402cd8;
TRACE - 1.1.5 2 0:masters.Trie@7c70d065;1:masters.Trie@446c3548;2:masters.Trie@65433d50;3:masters.Trie@612a8b39;4:masters.Trie@1b239c81;6:masters.Trie@3e402cd8;
TRACE - 1.1.5 2 0:masters.Trie@7c70d065;1:masters.Trie@446c3548;2:masters.Trie@65433d50;3:masters.Trie@612a8b39;4:masters.Trie@1b239c81;6:masters.Trie@3e402cd8;
TRACE - 1.1.5 2 0:masters.Trie@7c70d065;1:masters.Trie@446c3548;2:masters.Trie@65433d50;3:masters.Trie@612a8b39;4:masters.Trie@1b239c81;6:masters.Trie@3e402cd8;
TRACE - 1.1.5 2 0:masters.Trie@7c70d065;1:masters.Trie@446c3548;2:masters.Trie@65433d50;3:masters.Trie@612a8b39;4:masters.Trie@1b239c81;6:masters.Trie@3e402cd8;
TRACE - 1.1.5 2 0:masters.Trie@7c70d065;1:masters.Trie@446c3548;2:masters.Trie@65433d50;3:masters.Trie@612a8b39;4:masters.Trie@1b239c81;6:masters.Trie@3e402cd8;
TRACE - 1.1.5 2 0:masters.Trie@7c70d065;1:masters.Trie@446c3548;2:masters.Trie@65433d50;3:masters.Trie@612a8b39;4:masters.Trie@1b239c81;6:masters.Trie@3e402cd8;
TRACE - 1.1.5 2 0:masters.Trie@7c70d065;1:masters.Trie@446c3548;2:masters.Trie@65433d50;3:masters.Trie@612a8b39;4:masters.Trie@1b239c81;6:masters.Trie@3e402cd8;
TRACE - 1.1.5 2 0:masters.Trie@7c70d065;1:masters.Trie@446c3548;2:masters.Trie@65433d50;3:masters.Trie@612a8b39;4:masters.Trie@1b239c81;6:masters.Trie@3e402cd8;
TRACE - 1.1.5 2 0:masters.Trie@7c70d065;1:masters.Trie@446c3548;2:masters.Trie@65433d50;3:masters.Trie@612a8b39;4:masters.Trie@1b239c81;6:masters.Trie@3e402cd8;
TRACE - 1.1.5 2 0:masters.Trie@7c70d065;1:masters.Trie@446c3548;2:masters.Trie@65433d50;3:masters.Trie@612a8b39;4:masters.Trie@1b239c81;6:masters.Trie@3e402cd8;
TRACE - 1.1.5 2 0:masters.Trie@7c70d065;1:masters.Trie@446c3548;2:masters.Trie@65433d50;3:masters.Trie@612a8b39;4:masters.Trie@1b239c81;6:masters.Trie@3e402cd8;
TRACE - 2.8.1 1 0:masters.Trie@42952ffd;1:masters.Trie@775307d5;2:masters.Trie@70935a2a;3:masters.Trie@4f0a9e0c;4:masters.Trie@248baad7;5:masters.Trie@4b097c3c;6:masters.Trie@21a13d7d;7:masters.Trie@3ac02dbb;
TRACE - 1.4.2 2 0:masters.Trie@1b12f3db;1:masters.Trie@6129bda1;
TRACE - 1.5.2 2 0:masters.Trie@1cec0d2d;1:masters.Trie@718e9351;
TRACE - 1.0.2.RELEASE 2 0:masters.Trie@3da83f2;
TRACE - 2.3.0.M1 1 0:masters.Trie@5ee40878;1:masters.Trie@6120c46b;2:masters.Trie@2313d11d;
TRACE - 2.3.0.M1 1 0:masters.Trie@5ee40878;1:masters.Trie@6120c46b;2:masters.Trie@2313d11d;
TRACE - 2.3.1 2 0:masters.Trie@47f55a5e;
TRACE - 2.3.2 2 0:masters.Trie@47f55a5e;1:masters.Trie@39ac3d10;
TRACE - 2.3.3 2 0:masters.Trie@47f55a5e;1:masters.Trie@39ac3d10;2:masters.Trie@5e48b5d2;
TRACE - 2.3.4 2 0:masters.Trie@47f55a5e;1:masters.Trie@39ac3d10;2:masters.Trie@5e48b5d2;3:masters.Trie@636e1c3f;
TRACE - 2.3.4 2 0:masters.Trie@47f55a5e;1:masters.Trie@39ac3d10;2:masters.Trie@5e48b5d2;3:masters.Trie@636e1c3f;
TRACE - 2.3.6 2 0:masters.Trie@47f55a5e;1:masters.Trie@39ac3d10;2:masters.Trie@5e48b5d2;3:masters.Trie@636e1c3f;4:masters.Trie@ea48da6;5:masters.Trie@563875df;
TRACE - 2.3.7 2 0:masters.Trie@47f55a5e;1:masters.Trie@39ac3d10;2:masters.Trie@5e48b5d2;3:masters.Trie@636e1c3f;4:masters.Trie@ea48da6;5:masters.Trie@563875df;6:masters.Trie@4dc5acef;
TRACE - 2.3.8 2 0:masters.Trie@47f55a5e;1:masters.Trie@39ac3d10;2:masters.Trie@5e48b5d2;3:masters.Trie@636e1c3f;4:masters.Trie@ea48da6;5:masters.Trie@563875df;6:masters.Trie@4dc5acef;7:masters.Trie@5ed9de8c;
TRACE - 4.1.2 2 0:masters.Trie@12bf4622;1:masters.Trie@6a5116a3;
TRACE - 1.1.1 2 0:masters.Trie@43e4e526;
TRACE - 1.1.2 2 0:masters.Trie@43e4e526;1:masters.Trie@430c89fa;
TRACE - 1.1.3 2 0:masters.Trie@43e4e526;1:masters.Trie@430c89fa;2:masters.Trie@6bee0e33;
TRACE - 1.2.0-beta1 1 0:masters.Trie@50785b00;1:masters.Trie@345149fc;
TRACE - 22.4.0 1 0:masters.Trie@5c4768c;1:masters.Trie@27348360;2:masters.Trie@50a65f12;
TRACE - 22.4.1 2 0:masters.Trie@73483e7;
TRACE - 22.4.2 2 0:masters.Trie@73483e7;1:masters.Trie@21e2e59b;
TRACE - 22.5.0 1 0:masters.Trie@5c4768c;1:masters.Trie@27348360;2:masters.Trie@50a65f12;4:masters.Trie@224e5d44;
TRACE - 4.1.2 2 0:masters.Trie@29dfc05;1:masters.Trie@3c0c74c6;
TRACE - 22.5.1 2 0:masters.Trie@4072c8d0;
TRACE - 22.5.2 2 0:masters.Trie@4072c8d0;1:masters.Trie@63fa5082;
TRACE - 22.5.3 2 0:masters.Trie@4072c8d0;1:masters.Trie@63fa5082;2:masters.Trie@5582bf5b;
TRACE - 22.7.0 1 0:masters.Trie@5c4768c;1:masters.Trie@27348360;2:masters.Trie@50a65f12;4:masters.Trie@224e5d44;5:masters.Trie@5766cd2;
TRACE - 22.7.1 2 0:masters.Trie@539410e4;
TRACE - 22.7.2 2 0:masters.Trie@539410e4;1:masters.Trie@62db3454;
TRACE - 22.8.0 1 0:masters.Trie@5c4768c;1:masters.Trie@27348360;2:masters.Trie@50a65f12;4:masters.Trie@224e5d44;5:masters.Trie@5766cd2;7:masters.Trie@22e33733;
TRACE - 22.8.1 2 0:masters.Trie@1445cf41;
TRACE - 22.8.2 2 0:masters.Trie@1445cf41;1:masters.Trie@6725ee1d;
TRACE - 22.8.3 2 0:masters.Trie@1445cf41;1:masters.Trie@6725ee1d;2:masters.Trie@5c670f39;
TRACE - 22.8.4 2 0:masters.Trie@1445cf41;1:masters.Trie@6725ee1d;2:masters.Trie@5c670f39;3:masters.Trie@6786f129;
TRACE - 22.9.0 1 0:masters.Trie@5c4768c;1:masters.Trie@27348360;2:masters.Trie@50a65f12;4:masters.Trie@224e5d44;5:masters.Trie@5766cd2;7:masters.Trie@22e33733;8:masters.Trie@5d83155f;
TRACE - 22.9.1 2 0:masters.Trie@159e5df4;
TRACE - 22.9.2 2 0:masters.Trie@159e5df4;1:masters.Trie@71e496b9;
TRACE - 23.0.0 0 22:masters.Trie@213b3e15;
TRACE - 23.0.2 2 0:masters.Trie@64d7fe80;1:masters.Trie@3c16e13;
TRACE - 23.1.0 1 0:masters.Trie@5645718c;
TRACE - 23.1.1 2 0:masters.Trie@2e7626c7;
TRACE - 23.1.2 2 0:masters.Trie@2e7626c7;1:masters.Trie@750eee77;
TRACE - 23.1.3 2 0:masters.Trie@2e7626c7;1:masters.Trie@750eee77;2:masters.Trie@7d37b733;
TRACE - 23.2.0 1 0:masters.Trie@5645718c;1:masters.Trie@836008;
TRACE - 23.2.1 2 0:masters.Trie@1fdc3ec1;
TRACE - 23.2.2 2 0:masters.Trie@1fdc3ec1;1:masters.Trie@1d23161b;
TRACE - 23.2.3 2 0:masters.Trie@1fdc3ec1;1:masters.Trie@1d23161b;2:masters.Trie@5d6da4a3;
TRACE - 23.2.4 2 0:masters.Trie@1fdc3ec1;1:masters.Trie@1d23161b;2:masters.Trie@5d6da4a3;3:masters.Trie@46f50c26;
TRACE - 23.2.5 2 0:masters.Trie@1fdc3ec1;1:masters.Trie@1d23161b;2:masters.Trie@5d6da4a3;3:masters.Trie@46f50c26;4:masters.Trie@3821180f;
TRACE - 23.2.6 2 0:masters.Trie@1fdc3ec1;1:masters.Trie@1d23161b;2:masters.Trie@5d6da4a3;3:masters.Trie@46f50c26;4:masters.Trie@3821180f;5:masters.Trie@3d3752de;
TRACE - 23.2.7 2 0:masters.Trie@1fdc3ec1;1:masters.Trie@1d23161b;2:masters.Trie@5d6da4a3;3:masters.Trie@46f50c26;4:masters.Trie@3821180f;5:masters.Trie@3d3752de;6:masters.Trie@d4fa167;
TRACE - 23.2.8 2 0:masters.Trie@1fdc3ec1;1:masters.Trie@1d23161b;2:masters.Trie@5d6da4a3;3:masters.Trie@46f50c26;4:masters.Trie@3821180f;5:masters.Trie@3d3752de;6:masters.Trie@d4fa167;7:masters.Trie@633508d4;
TRACE - 24.0.0 0 22:masters.Trie@213b3e15;23:masters.Trie@536495dd;
TRACE - 24.0.1 2 0:masters.Trie@54429ccd;
TRACE - 24.1.0-rc1 1 0:masters.Trie@24765bbb;
TRACE - 24.1.1 2 0:masters.Trie@6f4e9449;
TRACE - 24.1.2 2 0:masters.Trie@6f4e9449;1:masters.Trie@18f33e00;
TRACE - 24.1.3 2 0:masters.Trie@6f4e9449;1:masters.Trie@18f33e00;2:masters.Trie@58977d27;
TRACE - 24.2.0-beta1 1 0:masters.Trie@24765bbb;1:masters.Trie@4e2a5e0d;
TRACE - 24.2.1 2 0:masters.Trie@555d675d;
TRACE - 24.2.2 2 0:masters.Trie@555d675d;1:masters.Trie@545f40c8;
TRACE - 24.2.3 2 0:masters.Trie@555d675d;1:masters.Trie@545f40c8;2:masters.Trie@37c26121;
TRACE - 24.3.0 1 0:masters.Trie@24765bbb;1:masters.Trie@4e2a5e0d;2:masters.Trie@2b048be2;
TRACE - 24.3.1 2 0:masters.Trie@155d6650;
TRACE - 24.5.0 1 0:masters.Trie@24765bbb;1:masters.Trie@4e2a5e0d;2:masters.Trie@2b048be2;3:masters.Trie@3b2a3d33;
TRACE - 25.0.0 0 22:masters.Trie@213b3e15;23:masters.Trie@536495dd;24:masters.Trie@1fc5981e;
TRACE - 25.1.0 1 0:masters.Trie@10915b9f;
TRACE - 25.1.2 2 0:masters.Trie@6e00d03b;
TRACE - 25.1.3 2 0:masters.Trie@6e00d03b;2:masters.Trie@4a9ab6d;
TRACE - 25.2.0 1 0:masters.Trie@10915b9f;1:masters.Trie@379fd68e;
TRACE - 25.3.0 1 0:masters.Trie@10915b9f;1:masters.Trie@379fd68e;2:masters.Trie@2d482e41;
TRACE - 4.1.2 2 0:masters.Trie@3a3e5809;1:masters.Trie@47557a9;
TRACE - 2.3.0.M1 1 0:masters.Trie@743aa14c;1:masters.Trie@61b9b499;2:masters.Trie@1fbce95;
TRACE - 2.3.0.M1 1 0:masters.Trie@743aa14c;1:masters.Trie@61b9b499;2:masters.Trie@1fbce95;
TRACE - 2.3.1 2 0:masters.Trie@11464d98;
TRACE - 2.3.2 2 0:masters.Trie@11464d98;1:masters.Trie@30d7be3d;
TRACE - 2.3.3 2 0:masters.Trie@11464d98;1:masters.Trie@30d7be3d;2:masters.Trie@1c66c9c2;
TRACE - 2.3.4 2 0:masters.Trie@11464d98;1:masters.Trie@30d7be3d;2:masters.Trie@1c66c9c2;3:masters.Trie@43b623bd;
TRACE - 2.3.4 2 0:masters.Trie@11464d98;1:masters.Trie@30d7be3d;2:masters.Trie@1c66c9c2;3:masters.Trie@43b623bd;
TRACE - 2.3.6 2 0:masters.Trie@11464d98;1:masters.Trie@30d7be3d;2:masters.Trie@1c66c9c2;3:masters.Trie@43b623bd;4:masters.Trie@60bf8cde;5:masters.Trie@6d94f0a2;
TRACE - 2.3.7 2 0:masters.Trie@11464d98;1:masters.Trie@30d7be3d;2:masters.Trie@1c66c9c2;3:masters.Trie@43b623bd;4:masters.Trie@60bf8cde;5:masters.Trie@6d94f0a2;6:masters.Trie@47960c0b;
TRACE - 2.3.8 2 0:masters.Trie@11464d98;1:masters.Trie@30d7be3d;2:masters.Trie@1c66c9c2;3:masters.Trie@43b623bd;4:masters.Trie@60bf8cde;5:masters.Trie@6d94f0a2;6:masters.Trie@47960c0b;7:masters.Trie@35cf648f;
TRACE - 3.0.0.M1 0 2:masters.Trie@298ad794;
TRACE - 2.3.0.M1 1 0:masters.Trie@6dd670f2;1:masters.Trie@5759d73;2:masters.Trie@6d1345a9;
TRACE - 2.3.0.M1 1 0:masters.Trie@6dd670f2;1:masters.Trie@5759d73;2:masters.Trie@6d1345a9;
TRACE - 2.3.1 2 0:masters.Trie@f15b2a6;
TRACE - 2.3.2 2 0:masters.Trie@f15b2a6;1:masters.Trie@511a0256;
TRACE - 2.3.3 2 0:masters.Trie@f15b2a6;1:masters.Trie@511a0256;2:masters.Trie@782d9303;
TRACE - 2.3.4 2 0:masters.Trie@f15b2a6;1:masters.Trie@511a0256;2:masters.Trie@782d9303;3:masters.Trie@f64bfa2;
TRACE - 2.3.4 2 0:masters.Trie@f15b2a6;1:masters.Trie@511a0256;2:masters.Trie@782d9303;3:masters.Trie@f64bfa2;
TRACE - 2.3.6 2 0:masters.Trie@f15b2a6;1:masters.Trie@511a0256;2:masters.Trie@782d9303;3:masters.Trie@f64bfa2;4:masters.Trie@2d46ac6a;5:masters.Trie@2ccf1326;
TRACE - 2.3.7 2 0:masters.Trie@f15b2a6;1:masters.Trie@511a0256;2:masters.Trie@782d9303;3:masters.Trie@f64bfa2;4:masters.Trie@2d46ac6a;5:masters.Trie@2ccf1326;6:masters.Trie@38ee3837;
TRACE - 2.3.8 2 0:masters.Trie@f15b2a6;1:masters.Trie@511a0256;2:masters.Trie@782d9303;3:masters.Trie@f64bfa2;4:masters.Trie@2d46ac6a;5:masters.Trie@2ccf1326;6:masters.Trie@38ee3837;7:masters.Trie@12dd0927;
TRACE - 3.0.0.M1 0 2:masters.Trie@ae0c2ea;
TRACE - 4.0 0 1:masters.Trie@13b545d5;2:masters.Trie@8314e06;3:masters.Trie@1a03b45b;
TRACE - 22.4.0 1 0:masters.Trie@54e36b58;1:masters.Trie@25c3b005;2:masters.Trie@48d30d6c;
TRACE - 22.4.1 2 0:masters.Trie@1726faf4;
TRACE - 22.4.2 2 0:masters.Trie@1726faf4;1:masters.Trie@58d0fae3;
TRACE - 22.5.0 1 0:masters.Trie@54e36b58;1:masters.Trie@25c3b005;2:masters.Trie@48d30d6c;4:masters.Trie@602b3a64;
TRACE - 22.5.1 2 0:masters.Trie@30c3e360;
TRACE - 22.5.2 2 0:masters.Trie@30c3e360;1:masters.Trie@10924ed6;
TRACE - 22.5.3 2 0:masters.Trie@30c3e360;1:masters.Trie@10924ed6;2:masters.Trie@4fcab9c5;
TRACE - 22.7.0 1 0:masters.Trie@54e36b58;1:masters.Trie@25c3b005;2:masters.Trie@48d30d6c;4:masters.Trie@602b3a64;5:masters.Trie@760b4242;
TRACE - 22.7.1 2 0:masters.Trie@59fc6700;
TRACE - 22.7.2 2 0:masters.Trie@59fc6700;1:masters.Trie@5b1a6617;
TRACE - 22.8.0 1 0:masters.Trie@54e36b58;1:masters.Trie@25c3b005;2:masters.Trie@48d30d6c;4:masters.Trie@602b3a64;5:masters.Trie@760b4242;7:masters.Trie@4184e820;
TRACE - 22.8.1 2 0:masters.Trie@6d31ab00;
TRACE - 22.8.2 2 0:masters.Trie@6d31ab00;1:masters.Trie@57cf15c1;
TRACE - 22.8.3 2 0:masters.Trie@6d31ab00;1:masters.Trie@57cf15c1;2:masters.Trie@5fedfbf1;
TRACE - 22.8.4 2 0:masters.Trie@6d31ab00;1:masters.Trie@57cf15c1;2:masters.Trie@5fedfbf1;3:masters.Trie@394ecdc4;
TRACE - 22.9.0 1 0:masters.Trie@54e36b58;1:masters.Trie@25c3b005;2:masters.Trie@48d30d6c;4:masters.Trie@602b3a64;5:masters.Trie@760b4242;7:masters.Trie@4184e820;8:masters.Trie@59471846;
TRACE - 22.9.1 2 0:masters.Trie@76897fb2;
TRACE - 22.9.2 2 0:masters.Trie@76897fb2;1:masters.Trie@460b30e1;
TRACE - 23.0.0 0 22:masters.Trie@9e4e509;
TRACE - 23.0.2 2 0:masters.Trie@6880495b;1:masters.Trie@55c9cf16;
TRACE - 23.1.0 1 0:masters.Trie@4ada6176;
TRACE - 23.1.1 2 0:masters.Trie@64380989;
TRACE - 23.1.2 2 0:masters.Trie@64380989;1:masters.Trie@e185ec4;
TRACE - 23.1.3 2 0:masters.Trie@64380989;1:masters.Trie@e185ec4;2:masters.Trie@1532816e;
TRACE - 23.2.0 1 0:masters.Trie@4ada6176;1:masters.Trie@c7a836f;
TRACE - 23.2.1 2 0:masters.Trie@28aaa728;
TRACE - 23.2.2 2 0:masters.Trie@28aaa728;1:masters.Trie@64083287;
TRACE - 23.2.3 2 0:masters.Trie@28aaa728;1:masters.Trie@64083287;2:masters.Trie@65b0f699;
TRACE - 23.2.4 2 0:masters.Trie@28aaa728;1:masters.Trie@64083287;2:masters.Trie@65b0f699;3:masters.Trie@3d8970bb;
TRACE - 23.2.5 2 0:masters.Trie@28aaa728;1:masters.Trie@64083287;2:masters.Trie@65b0f699;3:masters.Trie@3d8970bb;4:masters.Trie@406713c5;
TRACE - 23.2.6 2 0:masters.Trie@28aaa728;1:masters.Trie@64083287;2:masters.Trie@65b0f699;3:masters.Trie@3d8970bb;4:masters.Trie@406713c5;5:masters.Trie@65de9d44;
TRACE - 23.2.7 2 0:masters.Trie@28aaa728;1:masters.Trie@64083287;2:masters.Trie@65b0f699;3:masters.Trie@3d8970bb;4:masters.Trie@406713c5;5:masters.Trie@65de9d44;6:masters.Trie@7b8bb58;
TRACE - 23.2.8 2 0:masters.Trie@28aaa728;1:masters.Trie@64083287;2:masters.Trie@65b0f699;3:masters.Trie@3d8970bb;4:masters.Trie@406713c5;5:masters.Trie@65de9d44;6:masters.Trie@7b8bb58;7:masters.Trie@71420fbc;
TRACE - 24.0.0 0 22:masters.Trie@9e4e509;23:masters.Trie@943c36a;
TRACE - 24.0.1 2 0:masters.Trie@18665bbb;
TRACE - 24.1.0-rc1 1 0:masters.Trie@5a465194;
TRACE - 24.1.2 2 0:masters.Trie@3b189a8f;1:masters.Trie@2cd74615;
TRACE - 24.2.1 2 0:masters.Trie@6c67bb7;
TRACE - 24.2.2 2 0:masters.Trie@6c67bb7;1:masters.Trie@6ee4500a;
TRACE - 24.2.3 2 0:masters.Trie@6c67bb7;1:masters.Trie@6ee4500a;2:masters.Trie@115773bb;
TRACE - 24.3.0 1 0:masters.Trie@5a465194;1:masters.Trie@726786a;2:masters.Trie@3288b0fa;
TRACE - 24.3.1 2 0:masters.Trie@7ea0d2a1;
TRACE - 24.5.0 1 0:masters.Trie@5a465194;1:masters.Trie@726786a;2:masters.Trie@3288b0fa;3:masters.Trie@54c0bc65;
TRACE - 25.0.0 0 22:masters.Trie@9e4e509;23:masters.Trie@943c36a;24:masters.Trie@60916bbf;
TRACE - 25.1.0 1 0:masters.Trie@17e90837;
TRACE - 25.1.2 2 0:masters.Trie@6fa4e5b1;
TRACE - 25.1.3 2 0:masters.Trie@6fa4e5b1;2:masters.Trie@3e565fb4;
TRACE - 25.2.0 1 0:masters.Trie@17e90837;1:masters.Trie@55711752;
TRACE - 25.3.0 1 0:masters.Trie@17e90837;1:masters.Trie@55711752;2:masters.Trie@a86057b;
TRACE - 0.4.0-RC1 0 
TRACE - 0.15 1 1:masters.Trie@4521a2db;2:masters.Trie@c1a8bd1;3:masters.Trie@4578077a;4:masters.Trie@292e13b2;5:masters.Trie@61d15b36;6:masters.Trie@394d00de;7:masters.Trie@3c8b935a;8:masters.Trie@6561b4fa;9:masters.Trie@e024b8b;10:masters.Trie@5f18e165;11:masters.Trie@3fe9a89f;12:masters.Trie@57c70dfc;13:masters.Trie@4b055a9c;14:masters.Trie@530e8950;
TRACE - 1.0.2.RELEASE 0 
TRACE - 0.36.0 1 33:masters.Trie@635123e7;34:masters.Trie@14509dd2;35:masters.Trie@5a7568cb;13:masters.Trie@253c3266;14:masters.Trie@4f18733d;16:masters.Trie@5f36d901;17:masters.Trie@2e74d11c;18:masters.Trie@6a9f79b6;19:masters.Trie@66126e43;20:masters.Trie@f054d51;21:masters.Trie@771919c;22:masters.Trie@16b20a0d;23:masters.Trie@63270eee;24:masters.Trie@46eda81e;25:masters.Trie@4d9b3c2e;26:masters.Trie@4b7fb5f2;27:masters.Trie@1074920d;28:masters.Trie@3b726545;29:masters.Trie@2f9c4449;30:masters.Trie@19fab46d;
TRACE - 0.36.0 1 33:masters.Trie@635123e7;34:masters.Trie@14509dd2;35:masters.Trie@5a7568cb;13:masters.Trie@253c3266;14:masters.Trie@4f18733d;16:masters.Trie@5f36d901;17:masters.Trie@2e74d11c;18:masters.Trie@6a9f79b6;19:masters.Trie@66126e43;20:masters.Trie@f054d51;21:masters.Trie@771919c;22:masters.Trie@16b20a0d;23:masters.Trie@63270eee;24:masters.Trie@46eda81e;25:masters.Trie@4d9b3c2e;26:masters.Trie@4b7fb5f2;27:masters.Trie@1074920d;28:masters.Trie@3b726545;29:masters.Trie@2f9c4449;30:masters.Trie@19fab46d;
TRACE - 2.3.6 2 0:masters.Trie@2423104e;1:masters.Trie@1d0172f2;2:masters.Trie@1fc24e2a;3:masters.Trie@18e490e5;4:masters.Trie@24f952d7;5:masters.Trie@32793258;
TRACE - 2.3.7 2 0:masters.Trie@2423104e;1:masters.Trie@1d0172f2;2:masters.Trie@1fc24e2a;3:masters.Trie@18e490e5;4:masters.Trie@24f952d7;5:masters.Trie@32793258;6:masters.Trie@3f478923;
TRACE - 2.3.8 2 0:masters.Trie@2423104e;1:masters.Trie@1d0172f2;2:masters.Trie@1fc24e2a;3:masters.Trie@18e490e5;4:masters.Trie@24f952d7;5:masters.Trie@32793258;6:masters.Trie@3f478923;7:masters.Trie@3185596;
TRACE - 2.3.0.M1 1 0:masters.Trie@4247e0f7;1:masters.Trie@4ee0bcf4;2:masters.Trie@13f6f9fd;
TRACE - 2.3.0.M1 1 0:masters.Trie@4247e0f7;1:masters.Trie@4ee0bcf4;2:masters.Trie@13f6f9fd;
TRACE - 2.3.1 2 0:masters.Trie@29619b25;
TRACE - 2.3.2 2 0:masters.Trie@29619b25;1:masters.Trie@545c96a6;
TRACE - 2.3.3 2 0:masters.Trie@29619b25;1:masters.Trie@545c96a6;2:masters.Trie@1f1097c5;
TRACE - 2.3.4 2 0:masters.Trie@29619b25;1:masters.Trie@545c96a6;2:masters.Trie@1f1097c5;3:masters.Trie@3b0daccb;
TRACE - 2.3.4 2 0:masters.Trie@29619b25;1:masters.Trie@545c96a6;2:masters.Trie@1f1097c5;3:masters.Trie@3b0daccb;
TRACE - 2.3.6 2 0:masters.Trie@29619b25;1:masters.Trie@545c96a6;2:masters.Trie@1f1097c5;3:masters.Trie@3b0daccb;4:masters.Trie@1e10b03c;5:masters.Trie@2ec9fcfe;
TRACE - 2.3.7 2 0:masters.Trie@29619b25;1:masters.Trie@545c96a6;2:masters.Trie@1f1097c5;3:masters.Trie@3b0daccb;4:masters.Trie@1e10b03c;5:masters.Trie@2ec9fcfe;6:masters.Trie@357ce85d;
TRACE - 2.3.8 2 0:masters.Trie@29619b25;1:masters.Trie@545c96a6;2:masters.Trie@1f1097c5;3:masters.Trie@3b0daccb;4:masters.Trie@1e10b03c;5:masters.Trie@2ec9fcfe;6:masters.Trie@357ce85d;7:masters.Trie@63c171cd;
TRACE - 3.0.0.M1 0 1:masters.Trie@78cbacd9;2:masters.Trie@19848132;
TRACE - 4.1.0 1 0:masters.Trie@21d17efe;
TRACE - 4.1.0 1 0:masters.Trie@21d17efe;
TRACE - 4.1.0 1 0:masters.Trie@21d17efe;
TRACE - 4.1.0 1 0:masters.Trie@21d17efe;
TRACE - 6.9.8 2 4:masters.Trie@6d19d0c8;5:masters.Trie@1689c4c1;6:masters.Trie@158459a2;7:masters.Trie@54f10a61;
TRACE - 2.3.1 2 0:masters.Trie@2daab9a5;
TRACE - 2.3.2 2 0:masters.Trie@2daab9a5;1:masters.Trie@5daa918;
TRACE - 2.3.3 2 0:masters.Trie@2daab9a5;1:masters.Trie@5daa918;2:masters.Trie@48a91be6;
TRACE - 2.3.4 2 0:masters.Trie@2daab9a5;1:masters.Trie@5daa918;2:masters.Trie@48a91be6;3:masters.Trie@4bc8742;
TRACE - 2.3.4 2 0:masters.Trie@2daab9a5;1:masters.Trie@5daa918;2:masters.Trie@48a91be6;3:masters.Trie@4bc8742;
TRACE - 2.3.6 2 0:masters.Trie@2daab9a5;1:masters.Trie@5daa918;2:masters.Trie@48a91be6;3:masters.Trie@4bc8742;4:masters.Trie@7ca361e1;5:masters.Trie@2ce18504;
TRACE - 2.3.7 2 0:masters.Trie@2daab9a5;1:masters.Trie@5daa918;2:masters.Trie@48a91be6;3:masters.Trie@4bc8742;4:masters.Trie@7ca361e1;5:masters.Trie@2ce18504;6:masters.Trie@2c17dd55;
TRACE - 2.3.8 2 0:masters.Trie@2daab9a5;1:masters.Trie@5daa918;2:masters.Trie@48a91be6;3:masters.Trie@4bc8742;4:masters.Trie@7ca361e1;5:masters.Trie@2ce18504;6:masters.Trie@2c17dd55;7:masters.Trie@4cf1d902;
TRACE - 3.0.0.M1 0 2:masters.Trie@2bba0514;
TRACE - 4.1.2 2 0:masters.Trie@72a4988a;1:masters.Trie@6fcd5bce;
TRACE - 2.3.0.M1 1 0:masters.Trie@b536cc2;1:masters.Trie@19bce588;2:masters.Trie@5bc71674;
TRACE - 2.3.1 2 0:masters.Trie@7d8e2a90;
TRACE - 2.3.0.M1 1 0:masters.Trie@b536cc2;1:masters.Trie@19bce588;2:masters.Trie@5bc71674;
TRACE - 3.0.0.M1 0 2:masters.Trie@51e65435;
TRACE - 2.3.1 2 0:masters.Trie@20ae2abd;
TRACE - 2.3.2 2 0:masters.Trie@20ae2abd;1:masters.Trie@300b7716;
TRACE - 2.3.3 2 0:masters.Trie@20ae2abd;1:masters.Trie@300b7716;2:masters.Trie@4e65443a;
TRACE - 2.3.4 2 0:masters.Trie@20ae2abd;1:masters.Trie@300b7716;2:masters.Trie@4e65443a;3:masters.Trie@2d729f34;
TRACE - 2.3.4 2 0:masters.Trie@20ae2abd;1:masters.Trie@300b7716;2:masters.Trie@4e65443a;3:masters.Trie@2d729f34;
TRACE - 2.3.6 2 0:masters.Trie@20ae2abd;1:masters.Trie@300b7716;2:masters.Trie@4e65443a;3:masters.Trie@2d729f34;4:masters.Trie@7c58b3e5;5:masters.Trie@1780c8bf;
TRACE - 2.3.7 2 0:masters.Trie@20ae2abd;1:masters.Trie@300b7716;2:masters.Trie@4e65443a;3:masters.Trie@2d729f34;4:masters.Trie@7c58b3e5;5:masters.Trie@1780c8bf;6:masters.Trie@73201ae1;
TRACE - 2.3.8 2 0:masters.Trie@20ae2abd;1:masters.Trie@300b7716;2:masters.Trie@4e65443a;3:masters.Trie@2d729f34;4:masters.Trie@7c58b3e5;5:masters.Trie@1780c8bf;6:masters.Trie@73201ae1;7:masters.Trie@4a92b08e;
TRACE - 3.0.0.M1 0 2:masters.Trie@73ecf5a2;
TRACE - 2.3.6 2 0:masters.Trie@4e963fd5;1:masters.Trie@2f264d21;2:masters.Trie@845159c;3:masters.Trie@22c9ace4;4:masters.Trie@5dde57ff;5:masters.Trie@400c5620;
TRACE - 2.3.7 2 0:masters.Trie@4e963fd5;1:masters.Trie@2f264d21;2:masters.Trie@845159c;3:masters.Trie@22c9ace4;4:masters.Trie@5dde57ff;5:masters.Trie@400c5620;6:masters.Trie@60455248;
TRACE - 2.3.8 2 0:masters.Trie@4e963fd5;1:masters.Trie@2f264d21;2:masters.Trie@845159c;3:masters.Trie@22c9ace4;4:masters.Trie@5dde57ff;5:masters.Trie@400c5620;6:masters.Trie@60455248;7:masters.Trie@f847c28;
TRACE - 3.0.0.M1 0 2:masters.Trie@204ab388;
TRACE - 2.3.0.M1 1 0:masters.Trie@77cd1fa7;1:masters.Trie@2f3a7253;2:masters.Trie@1844775f;
TRACE - 2.3.0.M1 1 0:masters.Trie@77cd1fa7;1:masters.Trie@2f3a7253;2:masters.Trie@1844775f;
TRACE - 2.3.1 2 0:masters.Trie@44bad434;
TRACE - 2.3.2 2 0:masters.Trie@44bad434;1:masters.Trie@5b95cb23;
TRACE - 2.3.3 2 0:masters.Trie@44bad434;1:masters.Trie@5b95cb23;2:masters.Trie@27c182e8;
TRACE - 2.3.4 2 0:masters.Trie@44bad434;1:masters.Trie@5b95cb23;2:masters.Trie@27c182e8;3:masters.Trie@1c04e7c0;
TRACE - 2.3.4 2 0:masters.Trie@44bad434;1:masters.Trie@5b95cb23;2:masters.Trie@27c182e8;3:masters.Trie@1c04e7c0;
TRACE - 2.3.6 2 0:masters.Trie@44bad434;1:masters.Trie@5b95cb23;2:masters.Trie@27c182e8;3:masters.Trie@1c04e7c0;4:masters.Trie@e8d9b00;5:masters.Trie@7bb48521;
TRACE - 2.3.7 2 0:masters.Trie@44bad434;1:masters.Trie@5b95cb23;2:masters.Trie@27c182e8;3:masters.Trie@1c04e7c0;4:masters.Trie@e8d9b00;5:masters.Trie@7bb48521;6:masters.Trie@50c98e7d;
TRACE - 2.3.8 2 0:masters.Trie@44bad434;1:masters.Trie@5b95cb23;2:masters.Trie@27c182e8;3:masters.Trie@1c04e7c0;4:masters.Trie@e8d9b00;5:masters.Trie@7bb48521;6:masters.Trie@50c98e7d;7:masters.Trie@6b485943;
TRACE - 2.8.3 2 0:masters.Trie@27fba82e;1:masters.Trie@99d7b67;2:masters.Trie@5f2bc216;
TRACE - 2.8.5 2 0:masters.Trie@27fba82e;1:masters.Trie@99d7b67;2:masters.Trie@5f2bc216;3:masters.Trie@5abdf116;4:masters.Trie@20fd88b7;
TRACE - 2.3.1 2 0:masters.Trie@5e62a6b3;
TRACE - 2.3.2 2 0:masters.Trie@5e62a6b3;1:masters.Trie@170402c8;
TRACE - 2.3.3 2 0:masters.Trie@5e62a6b3;1:masters.Trie@170402c8;2:masters.Trie@6deaa53e;
TRACE - 2.3.4 2 0:masters.Trie@5e62a6b3;1:masters.Trie@170402c8;2:masters.Trie@6deaa53e;3:masters.Trie@6191cdfb;
TRACE - 2.3.4 2 0:masters.Trie@5e62a6b3;1:masters.Trie@170402c8;2:masters.Trie@6deaa53e;3:masters.Trie@6191cdfb;
TRACE - 22.4.0 1 0:masters.Trie@2a8db844;1:masters.Trie@1da8fd9f;2:masters.Trie@25537841;
TRACE - 22.4.1 2 0:masters.Trie@4ac28705;
TRACE - 22.4.2 2 0:masters.Trie@4ac28705;1:masters.Trie@d4a4981;
TRACE - 22.5.0 1 0:masters.Trie@2a8db844;1:masters.Trie@1da8fd9f;2:masters.Trie@25537841;4:masters.Trie@57d409b2;
TRACE - 22.5.1 2 0:masters.Trie@697bf279;
TRACE - 22.5.2 2 0:masters.Trie@697bf279;1:masters.Trie@375fbafc;
TRACE - 22.5.3 2 0:masters.Trie@697bf279;1:masters.Trie@375fbafc;2:masters.Trie@6806fbd7;
TRACE - 22.7.0 1 0:masters.Trie@2a8db844;1:masters.Trie@1da8fd9f;2:masters.Trie@25537841;4:masters.Trie@57d409b2;5:masters.Trie@1fe8f6fc;
TRACE - 22.7.1 2 0:masters.Trie@29362742;
TRACE - 22.7.2 2 0:masters.Trie@29362742;1:masters.Trie@6374f0c2;
TRACE - 22.8.0 1 0:masters.Trie@2a8db844;1:masters.Trie@1da8fd9f;2:masters.Trie@25537841;4:masters.Trie@57d409b2;5:masters.Trie@1fe8f6fc;7:masters.Trie@3cf37738;
TRACE - 22.8.1 2 0:masters.Trie@64f4294c;
TRACE - 22.8.2 2 0:masters.Trie@64f4294c;1:masters.Trie@7c600ea7;
TRACE - 22.8.3 2 0:masters.Trie@64f4294c;1:masters.Trie@7c600ea7;2:masters.Trie@38d61309;
TRACE - 22.8.4 2 0:masters.Trie@64f4294c;1:masters.Trie@7c600ea7;2:masters.Trie@38d61309;3:masters.Trie@1fbbe99c;
TRACE - 22.9.0 1 0:masters.Trie@2a8db844;1:masters.Trie@1da8fd9f;2:masters.Trie@25537841;4:masters.Trie@57d409b2;5:masters.Trie@1fe8f6fc;7:masters.Trie@3cf37738;8:masters.Trie@5a401d6e;
TRACE - 22.9.1 2 0:masters.Trie@262935b7;
TRACE - 22.9.2 2 0:masters.Trie@262935b7;1:masters.Trie@2eef2420;
TRACE - 23.0.0 0 22:masters.Trie@6ed8cf68;
TRACE - 23.0.2 2 0:masters.Trie@342904b0;1:masters.Trie@5bc20b0f;
TRACE - 23.1.0 1 0:masters.Trie@cdbea73;
TRACE - 23.1.1 2 0:masters.Trie@24d0d70f;
TRACE - 23.1.2 2 0:masters.Trie@24d0d70f;1:masters.Trie@58a05ba1;
TRACE - 23.1.3 2 0:masters.Trie@24d0d70f;1:masters.Trie@58a05ba1;2:masters.Trie@1371b9c9;
TRACE - 23.2.0 1 0:masters.Trie@cdbea73;1:masters.Trie@40aa41a6;
TRACE - 23.2.1 2 0:masters.Trie@62608e13;
TRACE - 23.2.2 2 0:masters.Trie@62608e13;1:masters.Trie@3847bcad;
TRACE - 23.2.3 2 0:masters.Trie@62608e13;1:masters.Trie@3847bcad;2:masters.Trie@2666e59d;
TRACE - 23.2.4 2 0:masters.Trie@62608e13;1:masters.Trie@3847bcad;2:masters.Trie@2666e59d;3:masters.Trie@34d33786;
TRACE - 23.2.5 2 0:masters.Trie@62608e13;1:masters.Trie@3847bcad;2:masters.Trie@2666e59d;3:masters.Trie@34d33786;4:masters.Trie@52253719;
TRACE - 23.2.6 2 0:masters.Trie@62608e13;1:masters.Trie@3847bcad;2:masters.Trie@2666e59d;3:masters.Trie@34d33786;4:masters.Trie@52253719;5:masters.Trie@57025b24;
TRACE - 23.2.7 2 0:masters.Trie@62608e13;1:masters.Trie@3847bcad;2:masters.Trie@2666e59d;3:masters.Trie@34d33786;4:masters.Trie@52253719;5:masters.Trie@57025b24;6:masters.Trie@46591654;
TRACE - 23.2.8 2 0:masters.Trie@62608e13;1:masters.Trie@3847bcad;2:masters.Trie@2666e59d;3:masters.Trie@34d33786;4:masters.Trie@52253719;5:masters.Trie@57025b24;6:masters.Trie@46591654;7:masters.Trie@6b9b761e;
TRACE - 24.0.0 0 22:masters.Trie@6ed8cf68;23:masters.Trie@10fd098b;
TRACE - 24.0.1 2 0:masters.Trie@5563abcb;
TRACE - 24.1.0-rc1 1 0:masters.Trie@5b06fc85;
TRACE - 24.1.1 2 0:masters.Trie@6b1d4a7d;
TRACE - 24.1.2 2 0:masters.Trie@6b1d4a7d;1:masters.Trie@1354b7c4;
TRACE - 24.1.3 2 0:masters.Trie@6b1d4a7d;1:masters.Trie@1354b7c4;2:masters.Trie@5b217b96;
TRACE - 24.2.0-beta1 1 0:masters.Trie@5b06fc85;1:masters.Trie@372f46a3;
TRACE - 24.2.1 2 0:masters.Trie@3660bc99;
TRACE - 24.2.2 2 0:masters.Trie@3660bc99;1:masters.Trie@3cd706;
TRACE - 24.2.3 2 0:masters.Trie@3660bc99;1:masters.Trie@3cd706;2:masters.Trie@5091e15c;
TRACE - 24.3.0 1 0:masters.Trie@5b06fc85;1:masters.Trie@372f46a3;2:masters.Trie@1d46afb3;
TRACE - 24.3.1 2 0:masters.Trie@2e714cf6;
TRACE - 24.5.0 1 0:masters.Trie@5b06fc85;1:masters.Trie@372f46a3;2:masters.Trie@1d46afb3;3:masters.Trie@48132ad9;
TRACE - 25.0.0 0 22:masters.Trie@6ed8cf68;23:masters.Trie@10fd098b;24:masters.Trie@1757a986;
TRACE - 25.1.0 1 0:masters.Trie@3fc4a7e8;
TRACE - 25.1.2 2 0:masters.Trie@1b765a1a;
TRACE - 25.1.3 2 0:masters.Trie@1b765a1a;2:masters.Trie@4a62fe4f;
TRACE - 25.2.0 1 0:masters.Trie@3fc4a7e8;1:masters.Trie@60d3751c;
TRACE - 25.3.0 1 0:masters.Trie@3fc4a7e8;1:masters.Trie@60d3751c;2:masters.Trie@7ab27509;
WARN - :org.jetbrains.kotlin:kotlin-stdlib is null
TRACE - 7.2.12 2 0:masters.Trie@3fd76b4c;1:masters.Trie@1a2259dc;2:masters.Trie@569d824d;3:masters.Trie@4b13ddf8;4:masters.Trie@4f9a42dd;5:masters.Trie@47fe0e4b;6:masters.Trie@7dcb6313;7:masters.Trie@28629d4f;8:masters.Trie@35f3ae34;9:masters.Trie@2c86297;10:masters.Trie@24bd4a26;11:masters.Trie@1889331b;
TRACE - 7.2.17 2 0:masters.Trie@3fd76b4c;1:masters.Trie@1a2259dc;2:masters.Trie@569d824d;3:masters.Trie@4b13ddf8;4:masters.Trie@4f9a42dd;5:masters.Trie@47fe0e4b;6:masters.Trie@7dcb6313;7:masters.Trie@28629d4f;8:masters.Trie@35f3ae34;9:masters.Trie@2c86297;10:masters.Trie@24bd4a26;11:masters.Trie@1889331b;12:masters.Trie@3023bc30;13:masters.Trie@71bebc79;14:masters.Trie@3f1c2412;15:masters.Trie@6e5cd901;16:masters.Trie@43b32ac6;
TRACE - 4.1.2 2 0:masters.Trie@2d9fae41;1:masters.Trie@280ea4b8;
TRACE - 1.22.0 1 2:masters.Trie@62380e50;4:masters.Trie@113ce7e4;5:masters.Trie@4e75238d;6:masters.Trie@5a209e04;7:masters.Trie@78c8419e;8:masters.Trie@ebd8aa4;9:masters.Trie@69b3a9b5;10:masters.Trie@37bdca39;11:masters.Trie@d43a9e1;12:masters.Trie@6f49fa47;13:masters.Trie@1b43081a;14:masters.Trie@42f6f549;15:masters.Trie@526a4057;16:masters.Trie@72d1139f;17:masters.Trie@7151c607;18:masters.Trie@47839d9;19:masters.Trie@410b9f9;20:masters.Trie@7ea70f0f;
TRACE - 4.3.5.RELEASE 2 0:masters.Trie@4b68bc5f;1:masters.Trie@23cff3e6;2:masters.Trie@6473e22;3:masters.Trie@3bf7a2c9;4:masters.Trie@35f36bac;
TRACE - 2.3.0.M1 1 0:masters.Trie@24d8c183;1:masters.Trie@477c6ed1;2:masters.Trie@17412dd9;
TRACE - 2.3.0.M1 1 0:masters.Trie@24d8c183;1:masters.Trie@477c6ed1;2:masters.Trie@17412dd9;
TRACE - 2.3.1 2 0:masters.Trie@4ab770ed;
TRACE - 2.3.2 2 0:masters.Trie@4ab770ed;1:masters.Trie@280174e1;
TRACE - 2.3.3 2 0:masters.Trie@4ab770ed;1:masters.Trie@280174e1;2:masters.Trie@caf9dd6;
TRACE - 2.3.4 2 0:masters.Trie@4ab770ed;1:masters.Trie@280174e1;2:masters.Trie@caf9dd6;3:masters.Trie@121e467f;
TRACE - 2.3.4 2 0:masters.Trie@4ab770ed;1:masters.Trie@280174e1;2:masters.Trie@caf9dd6;3:masters.Trie@121e467f;
TRACE - 2.3.0.M1 0 
TRACE - 2.3.0.M1 0 
TRACE - 2.3.1 2 0:masters.Trie@97f8ab1;
TRACE - 2.3.2 2 0:masters.Trie@97f8ab1;1:masters.Trie@56bd8b32;
TRACE - 2.3.3 2 0:masters.Trie@97f8ab1;1:masters.Trie@56bd8b32;2:masters.Trie@4a1b4dfe;
TRACE - 2.3.4 2 0:masters.Trie@97f8ab1;1:masters.Trie@56bd8b32;2:masters.Trie@4a1b4dfe;3:masters.Trie@633097bf;
TRACE - 2.3.4 2 0:masters.Trie@97f8ab1;1:masters.Trie@56bd8b32;2:masters.Trie@4a1b4dfe;3:masters.Trie@633097bf;
TRACE - 2.3.6 2 0:masters.Trie@97f8ab1;1:masters.Trie@56bd8b32;2:masters.Trie@4a1b4dfe;3:masters.Trie@633097bf;4:masters.Trie@166fb36a;5:masters.Trie@2cb14e8e;
TRACE - 2.3.7 2 0:masters.Trie@97f8ab1;1:masters.Trie@56bd8b32;2:masters.Trie@4a1b4dfe;3:masters.Trie@633097bf;4:masters.Trie@166fb36a;5:masters.Trie@2cb14e8e;6:masters.Trie@3cd5825b;
TRACE - 2.3.8 2 0:masters.Trie@97f8ab1;1:masters.Trie@56bd8b32;2:masters.Trie@4a1b4dfe;3:masters.Trie@633097bf;4:masters.Trie@166fb36a;5:masters.Trie@2cb14e8e;6:masters.Trie@3cd5825b;7:masters.Trie@5bbf6711;
TRACE - 3.0.0.M1 0 2:masters.Trie@30206bef;
TRACE - 1.8.21 2 18:masters.Trie@53bd56cf;19:masters.Trie@e705a71;20:masters.Trie@7570a536;
TRACE - 1.8.23 2 18:masters.Trie@53bd56cf;19:masters.Trie@e705a71;20:masters.Trie@7570a536;21:masters.Trie@1c839cac;22:masters.Trie@25b1badd;
TRACE - 3.0.3.RELEASE 2 0:masters.Trie@1643865b;1:masters.Trie@6141992;2:masters.Trie@26b361ae;
TRACE - 3.0.4.RELEASE 2 0:masters.Trie@1643865b;1:masters.Trie@6141992;2:masters.Trie@26b361ae;3:masters.Trie@157f1984;
TRACE - 3.0.6.RELEASE 2 0:masters.Trie@1643865b;1:masters.Trie@6141992;2:masters.Trie@26b361ae;3:masters.Trie@157f1984;4:masters.Trie@1f04342e;5:masters.Trie@39fa66d5;
TRACE - 3.1.0.RELEASE 1 0:masters.Trie@479ce55;
TRACE - 2.1.7 2 0:masters.Trie@1b99f22;1:masters.Trie@444ad83d;2:masters.Trie@45947e3c;3:masters.Trie@30ddef6;4:masters.Trie@4e80113a;5:masters.Trie@5c19b3e7;
TRACE - 2.1.7 2 0:masters.Trie@69ffee37;1:masters.Trie@56766b04;2:masters.Trie@50117ae9;3:masters.Trie@7e91d54c;4:masters.Trie@680902ff;5:masters.Trie@d426ab1;
TRACE - 5.6.1 2 0:masters.Trie@42d9898c;
TRACE - 5.6.3 2 0:masters.Trie@42d9898c;1:masters.Trie@43e3c8b3;2:masters.Trie@76e3b498;
TRACE - 6.2.2 2 0:masters.Trie@3a9732c3;1:masters.Trie@348c59f4;
TRACE - 6.1.4 2 1:masters.Trie@6977a986;2:masters.Trie@25b9744;3:masters.Trie@159bce6;
TRACE - 6.2.4 2 0:masters.Trie@3a9732c3;1:masters.Trie@348c59f4;2:masters.Trie@574c06c0;3:masters.Trie@3a3ae36;
TRACE - 6.3.2 2 0:masters.Trie@5d9ce8b1;1:masters.Trie@11eed168;
TRACE - 4.1.2 2 0:masters.Trie@63df6cc9;1:masters.Trie@405aaa2f;
TRACE - 2.3.0.M1 1 0:masters.Trie@26a3bf93;1:masters.Trie@38ef676f;2:masters.Trie@28cd9a3;
TRACE - 2.3.0.M1 1 0:masters.Trie@26a3bf93;1:masters.Trie@38ef676f;2:masters.Trie@28cd9a3;
TRACE - 2.3.1 2 0:masters.Trie@650e3d0b;
TRACE - 2.3.2 2 0:masters.Trie@650e3d0b;1:masters.Trie@5eea491e;
TRACE - 2.3.3 2 0:masters.Trie@650e3d0b;1:masters.Trie@5eea491e;2:masters.Trie@1d7d99b3;
TRACE - 2.3.4 2 0:masters.Trie@650e3d0b;1:masters.Trie@5eea491e;2:masters.Trie@1d7d99b3;3:masters.Trie@79d80a7e;
TRACE - 2.3.4 2 0:masters.Trie@650e3d0b;1:masters.Trie@5eea491e;2:masters.Trie@1d7d99b3;3:masters.Trie@79d80a7e;
TRACE - 2.3.0.M1 1 0:masters.Trie@3a9a53c6;1:masters.Trie@570dc00d;2:masters.Trie@19ca0217;
TRACE - 2.3.0.M1 1 0:masters.Trie@3a9a53c6;1:masters.Trie@570dc00d;2:masters.Trie@19ca0217;
TRACE - 2.3.1 2 0:masters.Trie@85d1c42;
TRACE - 2.3.2 2 0:masters.Trie@85d1c42;1:masters.Trie@60b16aec;
TRACE - 2.3.3 2 0:masters.Trie@85d1c42;1:masters.Trie@60b16aec;2:masters.Trie@5985c35f;
TRACE - 2.3.4 2 0:masters.Trie@85d1c42;1:masters.Trie@60b16aec;2:masters.Trie@5985c35f;3:masters.Trie@1096a8c2;
TRACE - 2.3.4 2 0:masters.Trie@85d1c42;1:masters.Trie@60b16aec;2:masters.Trie@5985c35f;3:masters.Trie@1096a8c2;
TRACE - 1.8.27 2 18:masters.Trie@565f9fc2;19:masters.Trie@26940bf0;20:masters.Trie@6aaeb27;21:masters.Trie@18a31ea1;22:masters.Trie@322833f8;23:masters.Trie@346575c6;24:masters.Trie@65c743be;25:masters.Trie@65911fb1;26:masters.Trie@16554708;
TRACE - 1.9.0 1 8:masters.Trie@901db41;
TRACE - 1.9.13 2 0:masters.Trie@5604b36c;1:masters.Trie@3b05528a;2:masters.Trie@7542fe5;3:masters.Trie@88379d;4:masters.Trie@73e46b33;5:masters.Trie@62e4f6c7;6:masters.Trie@44e9c679;7:masters.Trie@51c35a6;8:masters.Trie@55f17bc5;9:masters.Trie@1066ed72;10:masters.Trie@1a362b09;11:masters.Trie@7e639cec;12:masters.Trie@2092ffb6;
TRACE - 1.9.13 2 0:masters.Trie@5604b36c;1:masters.Trie@3b05528a;2:masters.Trie@7542fe5;3:masters.Trie@88379d;4:masters.Trie@73e46b33;5:masters.Trie@62e4f6c7;6:masters.Trie@44e9c679;7:masters.Trie@51c35a6;8:masters.Trie@55f17bc5;9:masters.Trie@1066ed72;10:masters.Trie@1a362b09;11:masters.Trie@7e639cec;12:masters.Trie@2092ffb6;
TRACE - 2.0.18 2 0:masters.Trie@7388bab;1:masters.Trie@2cfd9626;2:masters.Trie@4e9beba9;3:masters.Trie@7943d283;4:masters.Trie@3a656bd3;5:masters.Trie@7ae9861f;6:masters.Trie@6b3efc48;7:masters.Trie@c8efc66;8:masters.Trie@1da425d7;9:masters.Trie@2bcb9102;10:masters.Trie@370bf48f;11:masters.Trie@4c9d53c4;12:masters.Trie@70ab5d1d;13:masters.Trie@79f918b;14:masters.Trie@6f58b27b;15:masters.Trie@497dcf27;16:masters.Trie@631430a0;
TRACE - 3.0.0 0 1:masters.Trie@18fce680;2:masters.Trie@329d548e;
TRACE - 3.0.3 2 0:masters.Trie@153ea10d;1:masters.Trie@576d123a;2:masters.Trie@28da36b1;
TRACE - 3.0.5 2 0:masters.Trie@153ea10d;1:masters.Trie@576d123a;2:masters.Trie@28da36b1;3:masters.Trie@703b2e00;4:masters.Trie@106dcfc3;
TRACE - 3.0.6 2 0:masters.Trie@153ea10d;1:masters.Trie@576d123a;2:masters.Trie@28da36b1;3:masters.Trie@703b2e00;4:masters.Trie@106dcfc3;5:masters.Trie@2faee336;
TRACE - 3.0.7 2 0:masters.Trie@153ea10d;1:masters.Trie@576d123a;2:masters.Trie@28da36b1;3:masters.Trie@703b2e00;4:masters.Trie@106dcfc3;5:masters.Trie@2faee336;6:masters.Trie@563827cc;
TRACE - 3.1.5 2 0:masters.Trie@7f5a4825;1:masters.Trie@1b783da;2:masters.Trie@59d87789;3:masters.Trie@4e493d39;4:masters.Trie@63ff5fb5;
TRACE - 3.2.1 2 0:masters.Trie@5e6ba943;
TRACE - 3.4.8 2 0:masters.Trie@4495f938;1:masters.Trie@43b2b466;2:masters.Trie@5a294952;3:masters.Trie@590bc2e5;4:masters.Trie@323cbcc5;5:masters.Trie@64fb3f60;6:masters.Trie@74088974;7:masters.Trie@739361fa;
TRACE - 3.6.0 1 0:masters.Trie@241e21d9;1:masters.Trie@19a31a05;2:masters.Trie@2950636c;3:masters.Trie@41244b0d;4:masters.Trie@14e1aa19;5:masters.Trie@1513e9b2;
TRACE - 3.0.3.RELEASE 2 0:masters.Trie@2554cf7;1:masters.Trie@48c889e7;2:masters.Trie@6481d9ea;
TRACE - 3.0.4.RELEASE 2 0:masters.Trie@2554cf7;1:masters.Trie@48c889e7;2:masters.Trie@6481d9ea;3:masters.Trie@11a2f001;
TRACE - 3.0.6.RELEASE 2 0:masters.Trie@2554cf7;1:masters.Trie@48c889e7;2:masters.Trie@6481d9ea;3:masters.Trie@11a2f001;4:masters.Trie@39382436;5:masters.Trie@35b31547;
TRACE - 3.1.0.RELEASE 1 0:masters.Trie@5f97d492;
TRACE - 2.3.8 2 0:masters.Trie@69274467;1:masters.Trie@57bcb829;2:masters.Trie@3d9aa0c5;3:masters.Trie@775bca45;4:masters.Trie@248cacb5;5:masters.Trie@16c325fd;6:masters.Trie@7eb73368;7:masters.Trie@5797c719;
TRACE - 3.0.0.M1 0 2:masters.Trie@163f305a;
TRACE - 5.6.3 2 0:masters.Trie@6d2a862b;1:masters.Trie@61049029;2:masters.Trie@10c53dbb;
TRACE - 2.3.0.M1 1 0:masters.Trie@7049099e;1:masters.Trie@1b44fb71;2:masters.Trie@6cac5c7d;
TRACE - 2.3.0.M1 1 0:masters.Trie@7049099e;1:masters.Trie@1b44fb71;2:masters.Trie@6cac5c7d;
TRACE - 2.3.1 2 0:masters.Trie@49593992;
TRACE - 2.3.2 2 0:masters.Trie@49593992;1:masters.Trie@71e4ccde;
TRACE - 2.3.3 2 0:masters.Trie@49593992;1:masters.Trie@71e4ccde;2:masters.Trie@4d473ee0;
TRACE - 2.3.4 2 0:masters.Trie@49593992;1:masters.Trie@71e4ccde;2:masters.Trie@4d473ee0;3:masters.Trie@4306dc81;
TRACE - 2.3.4 2 0:masters.Trie@49593992;1:masters.Trie@71e4ccde;2:masters.Trie@4d473ee0;3:masters.Trie@4306dc81;
TRACE - 4.1.2 2 0:masters.Trie@30ebdedf;1:masters.Trie@50264b03;
TRACE - 2.3.0.M1 1 0:masters.Trie@4887ccea;1:masters.Trie@5d990c07;2:masters.Trie@33ea2c4d;
TRACE - 2.3.0.M1 1 0:masters.Trie@4887ccea;1:masters.Trie@5d990c07;2:masters.Trie@33ea2c4d;
TRACE - 2.3.1 2 0:masters.Trie@51761760;
TRACE - 2.3.2 2 0:masters.Trie@51761760;1:masters.Trie@27606138;
TRACE - 2.3.3 2 0:masters.Trie@51761760;1:masters.Trie@27606138;2:masters.Trie@328cb8e7;
TRACE - 2.3.4 2 0:masters.Trie@51761760;1:masters.Trie@27606138;2:masters.Trie@328cb8e7;3:masters.Trie@50e662bf;
TRACE - 2.3.4 2 0:masters.Trie@51761760;1:masters.Trie@27606138;2:masters.Trie@328cb8e7;3:masters.Trie@50e662bf;
TRACE - 2.3.6 2 0:masters.Trie@51761760;1:masters.Trie@27606138;2:masters.Trie@328cb8e7;3:masters.Trie@50e662bf;4:masters.Trie@31cab2d4;5:masters.Trie@15076c74;
TRACE - 2.3.7 2 0:masters.Trie@51761760;1:masters.Trie@27606138;2:masters.Trie@328cb8e7;3:masters.Trie@50e662bf;4:masters.Trie@31cab2d4;5:masters.Trie@15076c74;6:masters.Trie@429ba5b3;
TRACE - 2.3.8 2 0:masters.Trie@51761760;1:masters.Trie@27606138;2:masters.Trie@328cb8e7;3:masters.Trie@50e662bf;4:masters.Trie@31cab2d4;5:masters.Trie@15076c74;6:masters.Trie@429ba5b3;7:masters.Trie@210bd4c5;
TRACE - 3.0.0.M1 0 1:masters.Trie@45b38e22;2:masters.Trie@6bf92e2c;
TRACE - 5.6.3 2 0:masters.Trie@29f75e27;1:masters.Trie@10d59eec;2:masters.Trie@5595c107;
TRACE - 6.1.4 2 1:masters.Trie@6c0416eb;2:masters.Trie@7f917b2a;3:masters.Trie@430fb8ca;
TRACE - 6.2.4 2 0:masters.Trie@38e9d455;1:masters.Trie@74162eed;2:masters.Trie@2a436e;3:masters.Trie@3edd6249;
TRACE - 0.36.0 1 33:masters.Trie@48e052bb;34:masters.Trie@d447c0c;35:masters.Trie@5f276ff9;12:masters.Trie@a3d917e;13:masters.Trie@40026f08;14:masters.Trie@6e08df18;16:masters.Trie@ab43d87;17:masters.Trie@6ce4ebce;18:masters.Trie@3fcda375;19:masters.Trie@17955b8b;20:masters.Trie@3c6604fb;21:masters.Trie@77173222;22:masters.Trie@2513e1be;23:masters.Trie@18e7bf94;24:masters.Trie@142a21af;25:masters.Trie@5a62972a;26:masters.Trie@604693c9;27:masters.Trie@45789b4a;28:masters.Trie@9aed13;29:masters.Trie@4e0fe1ed;30:masters.Trie@1a83fb3e;
TRACE - 0.36.0 1 33:masters.Trie@48e052bb;34:masters.Trie@d447c0c;35:masters.Trie@5f276ff9;12:masters.Trie@a3d917e;13:masters.Trie@40026f08;14:masters.Trie@6e08df18;16:masters.Trie@ab43d87;17:masters.Trie@6ce4ebce;18:masters.Trie@3fcda375;19:masters.Trie@17955b8b;20:masters.Trie@3c6604fb;21:masters.Trie@77173222;22:masters.Trie@2513e1be;23:masters.Trie@18e7bf94;24:masters.Trie@142a21af;25:masters.Trie@5a62972a;26:masters.Trie@604693c9;27:masters.Trie@45789b4a;28:masters.Trie@9aed13;29:masters.Trie@4e0fe1ed;30:masters.Trie@1a83fb3e;
TRACE - 2.1.6 2 0:masters.Trie@3ff2b37f;1:masters.Trie@5c6debaf;2:masters.Trie@45c52359;3:masters.Trie@4f911c2a;4:masters.Trie@655227ec;5:masters.Trie@56d1887a;
TRACE - 2.1.6 2 0:masters.Trie@3ff2b37f;1:masters.Trie@5c6debaf;2:masters.Trie@45c52359;3:masters.Trie@4f911c2a;4:masters.Trie@655227ec;5:masters.Trie@56d1887a;
TRACE - 2.1.7 2 0:masters.Trie@3ff2b37f;1:masters.Trie@5c6debaf;2:masters.Trie@45c52359;3:masters.Trie@4f911c2a;4:masters.Trie@655227ec;5:masters.Trie@56d1887a;
TRACE - 1.1.0 1 0:masters.Trie@3ae2a612;
TRACE - 6.0 0 1:masters.Trie@59330599;2:masters.Trie@21d2931d;3:masters.Trie@c66a34d;4:masters.Trie@6db4c517;5:masters.Trie@2cea1af5;
TRACE - 5.6.3 2 0:masters.Trie@7450a8dd;1:masters.Trie@b02f76e;2:masters.Trie@5219bab2;
TRACE - 4.1.2 2 0:masters.Trie@19152e0e;1:masters.Trie@20d08aaa;
TRACE - 5.6.3 2 0:masters.Trie@6b876fda;1:masters.Trie@17c6fded;2:masters.Trie@2793d445;
TRACE - 4.3.5.RELEASE 2 0:masters.Trie@7dd59d28;1:masters.Trie@94cb839;2:masters.Trie@53846332;3:masters.Trie@7c799d66;4:masters.Trie@2d94631c;
TRACE - 1.0.53 2 49:masters.Trie@70337693;50:masters.Trie@1d43e08;51:masters.Trie@1df100db;52:masters.Trie@2a2f5fd;
TRACE - 1.1.34 2 0:masters.Trie@694e9cd4;1:masters.Trie@49cacb8b;2:masters.Trie@5c28fdb1;3:masters.Trie@4930f6d4;4:masters.Trie@54857b1a;5:masters.Trie@4b8c6492;6:masters.Trie@50d2dd27;7:masters.Trie@1e1a17bf;9:masters.Trie@61b8f2cd;10:masters.Trie@4938a29c;12:masters.Trie@f457579;13:masters.Trie@41ac3cc1;14:masters.Trie@672480a3;17:masters.Trie@6b84f299;19:masters.Trie@4f4eac2d;20:masters.Trie@6f24db31;21:masters.Trie@2cc66fee;22:masters.Trie@609a50d5;24:masters.Trie@5a8fa72f;25:masters.Trie@133b121c;26:masters.Trie@c1da68a;28:masters.Trie@3e334324;29:masters.Trie@19222d12;31:masters.Trie@52c267d8;32:masters.Trie@330aa2fc;33:masters.Trie@1784edda;
TRACE - 7.2.10 2 0:masters.Trie@291ecfc8;1:masters.Trie@593786c8;2:masters.Trie@595117be;3:masters.Trie@719e291b;4:masters.Trie@2e21d86f;5:masters.Trie@4bc51aa5;6:masters.Trie@1af80884;7:masters.Trie@1a2e2c31;8:masters.Trie@3aec6dbb;9:masters.Trie@591f4871;
TRACE - 1.2.1-rc.1 1 0:masters.Trie@1f460885;1:masters.Trie@5e7b5012;
TRACE - 7.2.12 2 0:masters.Trie@291ecfc8;1:masters.Trie@593786c8;2:masters.Trie@595117be;3:masters.Trie@719e291b;4:masters.Trie@2e21d86f;5:masters.Trie@4bc51aa5;6:masters.Trie@1af80884;7:masters.Trie@1a2e2c31;8:masters.Trie@3aec6dbb;9:masters.Trie@591f4871;10:masters.Trie@379c7fe;11:masters.Trie@685d2c04;
TRACE - 1.2.5-rc.1 2 1:masters.Trie@38001463;2:masters.Trie@85ad484;3:masters.Trie@2777f72a;4:masters.Trie@2388c816;
TRACE - 7.2.17 2 0:masters.Trie@291ecfc8;1:masters.Trie@593786c8;2:masters.Trie@595117be;3:masters.Trie@719e291b;4:masters.Trie@2e21d86f;5:masters.Trie@4bc51aa5;6:masters.Trie@1af80884;7:masters.Trie@1a2e2c31;8:masters.Trie@3aec6dbb;9:masters.Trie@591f4871;10:masters.Trie@379c7fe;11:masters.Trie@685d2c04;12:masters.Trie@31851501;13:masters.Trie@12fa8f80;14:masters.Trie@5f71fc16;15:masters.Trie@5ecdd6f0;16:masters.Trie@47f9ed35;
TRACE - 1.5.2 2 0:masters.Trie@1b936308;1:masters.Trie@45b37a0a;
TRACE - 7.2.20 2 0:masters.Trie@291ecfc8;1:masters.Trie@593786c8;2:masters.Trie@595117be;3:masters.Trie@719e291b;4:masters.Trie@2e21d86f;5:masters.Trie@4bc51aa5;6:masters.Trie@1af80884;7:masters.Trie@1a2e2c31;8:masters.Trie@3aec6dbb;9:masters.Trie@591f4871;10:masters.Trie@379c7fe;11:masters.Trie@685d2c04;12:masters.Trie@31851501;13:masters.Trie@12fa8f80;14:masters.Trie@5f71fc16;15:masters.Trie@5ecdd6f0;16:masters.Trie@47f9ed35;17:masters.Trie@1b9ecc5;18:masters.Trie@517821a8;19:masters.Trie@61321721;
TRACE - 1.6.0 1 0:masters.Trie@1f460885;1:masters.Trie@5e7b5012;2:masters.Trie@5de51b31;3:masters.Trie@3848b0e3;4:masters.Trie@38c30fc1;5:masters.Trie@667e51f9;
TRACE - 7.2.21 2 0:masters.Trie@291ecfc8;1:masters.Trie@593786c8;2:masters.Trie@595117be;3:masters.Trie@719e291b;4:masters.Trie@2e21d86f;5:masters.Trie@4bc51aa5;6:masters.Trie@1af80884;7:masters.Trie@1a2e2c31;8:masters.Trie@3aec6dbb;9:masters.Trie@591f4871;10:masters.Trie@379c7fe;11:masters.Trie@685d2c04;12:masters.Trie@31851501;13:masters.Trie@12fa8f80;14:masters.Trie@5f71fc16;15:masters.Trie@5ecdd6f0;16:masters.Trie@47f9ed35;17:masters.Trie@1b9ecc5;18:masters.Trie@517821a8;19:masters.Trie@61321721;20:masters.Trie@692ade77;
TRACE - 1.8.16 2 0:masters.Trie@13b7f294;1:masters.Trie@6e8587a9;2:masters.Trie@4e9830bf;4:masters.Trie@5afd410c;5:masters.Trie@76f23b95;6:masters.Trie@3408422d;7:masters.Trie@3b1a91db;8:masters.Trie@b5f4295;9:masters.Trie@6c96eef8;10:masters.Trie@1af9d06d;11:masters.Trie@75820ea0;12:masters.Trie@4b8b16f;
TRACE - 7.2.22 2 0:masters.Trie@291ecfc8;1:masters.Trie@593786c8;2:masters.Trie@595117be;3:masters.Trie@719e291b;4:masters.Trie@2e21d86f;5:masters.Trie@4bc51aa5;6:masters.Trie@1af80884;7:masters.Trie@1a2e2c31;8:masters.Trie@3aec6dbb;9:masters.Trie@591f4871;10:masters.Trie@379c7fe;11:masters.Trie@685d2c04;12:masters.Trie@31851501;13:masters.Trie@12fa8f80;14:masters.Trie@5f71fc16;15:masters.Trie@5ecdd6f0;16:masters.Trie@47f9ed35;17:masters.Trie@1b9ecc5;18:masters.Trie@517821a8;19:masters.Trie@61321721;20:masters.Trie@692ade77;21:masters.Trie@27bbc853;
TRACE - 7.2.22 2 0:masters.Trie@291ecfc8;1:masters.Trie@593786c8;2:masters.Trie@595117be;3:masters.Trie@719e291b;4:masters.Trie@2e21d86f;5:masters.Trie@4bc51aa5;6:masters.Trie@1af80884;7:masters.Trie@1a2e2c31;8:masters.Trie@3aec6dbb;9:masters.Trie@591f4871;10:masters.Trie@379c7fe;11:masters.Trie@685d2c04;12:masters.Trie@31851501;13:masters.Trie@12fa8f80;14:masters.Trie@5f71fc16;15:masters.Trie@5ecdd6f0;16:masters.Trie@47f9ed35;17:masters.Trie@1b9ecc5;18:masters.Trie@517821a8;19:masters.Trie@61321721;20:masters.Trie@692ade77;21:masters.Trie@27bbc853;
TRACE - 4.1.2 2 0:masters.Trie@476a0bbd;1:masters.Trie@19889bf6;
TRACE - 2.3.8 2 0:masters.Trie@41f59be7;1:masters.Trie@3198ed18;2:masters.Trie@13ad4e0;3:masters.Trie@f38db58;4:masters.Trie@627f43fb;5:masters.Trie@14798281;6:masters.Trie@4333c93a;7:masters.Trie@a98281f;
TRACE - 3.0.0.M1 0 1:masters.Trie@12e0c22c;2:masters.Trie@4a55377b;
TRACE - 22.4.0 1 0:masters.Trie@37ded86d;1:masters.Trie@46244aa8;2:masters.Trie@79c2fd7d;
TRACE - 22.4.1 2 0:masters.Trie@c25b46;
TRACE - 22.4.2 2 0:masters.Trie@c25b46;1:masters.Trie@411ee683;
TRACE - 22.5.0 1 0:masters.Trie@37ded86d;1:masters.Trie@46244aa8;2:masters.Trie@79c2fd7d;4:masters.Trie@250b9502;
TRACE - 22.5.1 2 0:masters.Trie@4b4cadcb;
TRACE - 22.5.2 2 0:masters.Trie@4b4cadcb;1:masters.Trie@59c6d78f;
TRACE - 22.5.3 2 0:masters.Trie@4b4cadcb;1:masters.Trie@59c6d78f;2:masters.Trie@6f5a18ca;
TRACE - 22.7.0 1 0:masters.Trie@37ded86d;1:masters.Trie@46244aa8;2:masters.Trie@79c2fd7d;4:masters.Trie@250b9502;5:masters.Trie@168033a6;
TRACE - 22.7.1 2 0:masters.Trie@388ce648;
TRACE - 22.7.2 2 0:masters.Trie@388ce648;1:masters.Trie@57193479;
TRACE - 22.8.0 1 0:masters.Trie@37ded86d;1:masters.Trie@46244aa8;2:masters.Trie@79c2fd7d;4:masters.Trie@250b9502;5:masters.Trie@168033a6;7:masters.Trie@683afa18;
TRACE - 22.8.1 2 0:masters.Trie@7f30e9ba;
TRACE - 22.8.2 2 0:masters.Trie@7f30e9ba;1:masters.Trie@20d1feb2;
TRACE - 22.8.3 2 0:masters.Trie@7f30e9ba;1:masters.Trie@20d1feb2;2:masters.Trie@3e75bc2d;
TRACE - 22.8.4 2 0:masters.Trie@7f30e9ba;1:masters.Trie@20d1feb2;2:masters.Trie@3e75bc2d;3:masters.Trie@1206bc1;
TRACE - 22.9.0 1 0:masters.Trie@37ded86d;1:masters.Trie@46244aa8;2:masters.Trie@79c2fd7d;4:masters.Trie@250b9502;5:masters.Trie@168033a6;7:masters.Trie@683afa18;8:masters.Trie@79a53f66;
TRACE - 22.9.1 2 0:masters.Trie@562e7a8e;
TRACE - 22.9.2 2 0:masters.Trie@562e7a8e;1:masters.Trie@452920b2;
TRACE - 23.0.0 0 22:masters.Trie@47d535b5;
TRACE - 23.0.2 2 0:masters.Trie@17db7c26;1:masters.Trie@32849e59;
TRACE - 23.1.0 1 0:masters.Trie@3ea4040b;
TRACE - 23.1.1 2 0:masters.Trie@50b2e6f7;
TRACE - 23.1.2 2 0:masters.Trie@50b2e6f7;1:masters.Trie@1cc49a8b;
TRACE - 23.1.3 2 0:masters.Trie@50b2e6f7;1:masters.Trie@1cc49a8b;2:masters.Trie@aa4b91c;
TRACE - 23.2.0 1 0:masters.Trie@3ea4040b;1:masters.Trie@143e601f;
TRACE - 23.2.1 2 0:masters.Trie@537cb931;
TRACE - 23.2.2 2 0:masters.Trie@537cb931;1:masters.Trie@6b547117;
TRACE - 23.2.3 2 0:masters.Trie@537cb931;1:masters.Trie@6b547117;2:masters.Trie@44175938;
TRACE - 23.2.4 2 0:masters.Trie@537cb931;1:masters.Trie@6b547117;2:masters.Trie@44175938;3:masters.Trie@23cee73d;
TRACE - 23.2.5 2 0:masters.Trie@537cb931;1:masters.Trie@6b547117;2:masters.Trie@44175938;3:masters.Trie@23cee73d;4:masters.Trie@154d6744;
TRACE - 23.2.6 2 0:masters.Trie@537cb931;1:masters.Trie@6b547117;2:masters.Trie@44175938;3:masters.Trie@23cee73d;4:masters.Trie@154d6744;5:masters.Trie@5dd97033;
TRACE - 23.2.7 2 0:masters.Trie@537cb931;1:masters.Trie@6b547117;2:masters.Trie@44175938;3:masters.Trie@23cee73d;4:masters.Trie@154d6744;5:masters.Trie@5dd97033;6:masters.Trie@23793c29;
TRACE - 23.2.8 2 0:masters.Trie@537cb931;1:masters.Trie@6b547117;2:masters.Trie@44175938;3:masters.Trie@23cee73d;4:masters.Trie@154d6744;5:masters.Trie@5dd97033;6:masters.Trie@23793c29;7:masters.Trie@77dac074;
TRACE - 24.0.0 0 22:masters.Trie@47d535b5;23:masters.Trie@9d3fe8c;
TRACE - 24.0.1 2 0:masters.Trie@1f1d4f6d;
TRACE - 24.1.0-rc1 1 0:masters.Trie@756fb0d3;
TRACE - 24.1.1 2 0:masters.Trie@5417076a;
TRACE - 24.1.2 2 0:masters.Trie@5417076a;1:masters.Trie@42a6a4fa;
TRACE - 24.1.3 2 0:masters.Trie@5417076a;1:masters.Trie@42a6a4fa;2:masters.Trie@37b5ede4;
TRACE - 24.2.0-beta1 1 0:masters.Trie@756fb0d3;1:masters.Trie@3f542ae9;
TRACE - 24.2.1 2 0:masters.Trie@5314563e;
TRACE - 24.2.2 2 0:masters.Trie@5314563e;1:masters.Trie@24e2a9d2;
TRACE - 24.2.3 2 0:masters.Trie@5314563e;1:masters.Trie@24e2a9d2;2:masters.Trie@3ca0ba67;
TRACE - 24.3.0 1 0:masters.Trie@756fb0d3;1:masters.Trie@3f542ae9;2:masters.Trie@223dcc78;
TRACE - 24.3.1 2 0:masters.Trie@5369cba7;
TRACE - 24.5.0 1 0:masters.Trie@756fb0d3;1:masters.Trie@3f542ae9;2:masters.Trie@223dcc78;3:masters.Trie@62f44421;
TRACE - 25.0.0 0 22:masters.Trie@47d535b5;23:masters.Trie@9d3fe8c;24:masters.Trie@5b3ea99a;
TRACE - 25.1.0 1 0:masters.Trie@17acf089;
TRACE - 25.1.2 2 0:masters.Trie@a052528;
TRACE - 25.1.3 2 0:masters.Trie@a052528;2:masters.Trie@4a90bd05;
TRACE - 25.2.0 1 0:masters.Trie@17acf089;1:masters.Trie@644cbfb4;
TRACE - 25.3.0 1 0:masters.Trie@17acf089;1:masters.Trie@644cbfb4;2:masters.Trie@1494330c;
INFO - There were 226911 pairs where both use semantic versioning
INFO - There were 2912 pairs that were discarded as they don't use semantic versioning
INFO - There were 3594 pairs with sufficient history to write to file
INFO - There were 223317 pairs discarded due to small size of history
INFO - Timelines created
