INFO - Connection ready
INFO - DB loaded
INFO - Read in line: 100000
INFO - Read in line: 200000
INFO - Read in line: 300000
INFO - Read in line: 400000
INFO - Read in line: 500000
INFO - Read in line: 600000
INFO - Read in line: 700000
INFO - Read in line: 800000
INFO - Read in line: 900000
INFO - Read in line: 1000000
INFO - Read in line: 1100000
INFO - Read in line: 1200000
INFO - Read in line: 1300000
INFO - Read in line: 1400000
INFO - Read in line: 1500000
INFO - Read in line: 1600000
INFO - Read in line: 1700000
INFO - Read in line: 1800000
INFO - Read in line: 1900000
INFO - Read in line: 2000000
INFO - Read in line: 2100000
INFO - Read in line: 2200000
INFO - Read in line: 2300000
INFO - Read in line: 2400000
INFO - Read in line: 2500000
INFO - Read in line: 2600000
INFO - Read in line: 2700000
INFO - Read in line: 2800000
INFO - Read in line: 2900000
INFO - Read in line: 3000000
INFO - Read in line: 3100000
INFO - Read in line: 3200000
INFO - Read in line: 3300000
INFO - Read in line: 3400000
INFO - Read in line: 3500000
INFO - Read in line: 3600000
INFO - Read in line: 3700000
INFO - Read in line: 3800000
INFO - Read in line: 3900000
INFO - Read in line: 4000000
INFO - Read in line: 4100000
INFO - Read in line: 4200000
INFO - Read in line: 4300000
INFO - Read in line: 4400000
INFO - Read in line: 4500000
INFO - Read in line: 4600000
INFO - Read in line: 4700000
INFO - Read in line: 4800000
INFO - Read in line: 4900000
INFO - Read in line: 5000000
INFO - Read in line: 5100000
INFO - Read in line: 5200000
INFO - Read in line: 5300000
INFO - Read in line: 5400000
INFO - Read in line: 5500000
INFO - Results consumed
INFO - Projects compared
INFO - Dependencies FOUND: 2044401, Not FOUND: 2800218

INFO - Got project pairs
INFO - There were 760 pairs where both use semantic versioning
INFO - There were 13 pairs that were discarded as they don't use semantic versioning
INFO - Dates size: 0
TRACE - Date: 2015-02-07 	 Number: 2
TRACE - Date: 2015-09-03 	 Number: 4
TRACE - Date: 2015-07-02 	 Number: 9
TRACE - Date: 2015-02-25 	 Number: 5
TRACE - Date: 2015-04-03 	 Number: 8
TRACE - Date: 2016-11-09 	 Number: 8
TRACE - Date: 2015-02-20 	 Number: 23
TRACE - Date: 2015-04-21 	 Number: 13
TRACE - Date: 2017-04-19 	 Number: 1
TRACE - Date: 2016-02-10 	 Number: 27
TRACE - Date: 2015-05-29 	 Number: 14
TRACE - Date: 2016-04-25 	 Number: 27
INFO - Timelines created
WARN - :io.reactivex.rxjava2:rxjava is null
WARN - :org.jetbrains.kotlin:kotlin-stdlib is null
