INFO - Connection ready
INFO - DB loaded
INFO - Read in line: 100000
INFO - Read in line: 200000
INFO - Read in line: 300000
INFO - Read in line: 400000
INFO - Read in line: 500000
INFO - Read in line: 600000
INFO - Read in line: 700000
INFO - Read in line: 800000
INFO - Read in line: 900000
INFO - Read in line: 1000000
INFO - Read in line: 1100000
INFO - Read in line: 1200000
INFO - Read in line: 1300000
INFO - Read in line: 1400000
INFO - Read in line: 1500000
INFO - Read in line: 1600000
INFO - Read in line: 1700000
INFO - Read in line: 1800000
INFO - Read in line: 1900000
INFO - Read in line: 2000000
INFO - Read in line: 2100000
INFO - Read in line: 2200000
INFO - Read in line: 2300000
INFO - Read in line: 2400000
INFO - Read in line: 2500000
INFO - Read in line: 2600000
INFO - Read in line: 2700000
INFO - Read in line: 2800000
INFO - Read in line: 2900000
INFO - Read in line: 3000000
INFO - Read in line: 3100000
INFO - Read in line: 3200000
INFO - Read in line: 3300000
INFO - Read in line: 3400000
INFO - Read in line: 3500000
INFO - Read in line: 3600000
INFO - Read in line: 3700000
INFO - Read in line: 3800000
INFO - Read in line: 3900000
INFO - Read in line: 4000000
INFO - Read in line: 4100000
INFO - Read in line: 4200000
INFO - Read in line: 4300000
INFO - Read in line: 4400000
INFO - Read in line: 4500000
INFO - Read in line: 4600000
INFO - Read in line: 4700000
INFO - Read in line: 4800000
INFO - Read in line: 4900000
INFO - Read in line: 5000000
INFO - Read in line: 5100000
INFO - Read in line: 5200000
INFO - Read in line: 5300000
INFO - Read in line: 5400000
INFO - Read in line: 5500000
INFO - Results consumed
INFO - Projects compared
INFO - Dependencies FOUND: 2044401, Not FOUND: 2800218

INFO - Got project pairs
WARN - :io.reactivex.rxjava2:rxjava is null
TRACE - 2.3.0.M1 1 0;1;2; 2.2.2
TRACE - 2.3.0.M1 1 0;1;2; 2.2.2
TRACE - 2.3.1 2 0; 2.3.0.RC2
TRACE - 2.3.2 2 0;1; 2.3.1
TRACE - 2.3.3 2 0;1;2; 2.3.2
TRACE - 2.3.4 2 0;1;2;3; 2.3.3
TRACE - 2.3.4 2 0;1;2;3; 2.3.3
TRACE - 3.5.4 2 0;1;2;3; 3.5.3
TRACE - 2.3.8 2 0;1;2;3;4;5;6;7; 2.3.7
TRACE - 1.2.5 2 0;1;3;4; 1.2.4
TRACE - 22.4.0 1 1;2; 22.2.1
TRACE - 22.4.1 2 0; 22.4.0
TRACE - 22.4.2 2 0;1; 22.4.1
TRACE - 22.5.0 1 1;2;4; 22.4.2
TRACE - 22.5.1 2 0; 22.5.0
TRACE - 22.5.2 2 0;1; 22.5.1
TRACE - 22.5.3 2 0;1;2; 22.5.2
TRACE - 22.7.0 1 1;2;4;5; 22.5.3
TRACE - 22.7.1 2 0; 22.7.0
TRACE - 22.7.2 2 0;1; 22.7.1
TRACE - 23.1.1 2 0; 23.1.0
TRACE - 23.1.2 2 0;1; 23.1.1
TRACE - 23.1.3 2 0;1;2; 23.1.2
TRACE - 23.2.2 2 0;1; 23.2.1
TRACE - 23.2.4 2 0;1;2;3; 23.2.3
TRACE - 23.2.5 2 0;1;2;3;4; 23.2.4
TRACE - 23.2.6 2 0;1;2;3;4;5; 23.2.5
TRACE - 23.2.7 2 0;1;2;3;4;5;6; 23.2.6
TRACE - 23.2.8 2 0;1;2;3;4;5;6;7; 23.2.7
TRACE - 24.0.0 0 22;23; 23.2.8
TRACE - 24.0.1 2 0; 24.0.0
TRACE - 2.3.0.M1 1 0;1;2; 2.2.2
TRACE - 2.3.0.M1 1 0;1;2; 2.2.2
TRACE - 2.3.1 2 0; 2.3.0.RC2
TRACE - 2.3.2 2 0;1; 2.3.1
TRACE - 2.3.3 2 0;1;2; 2.3.2
TRACE - 2.3.4 2 0;1;2;3; 2.3.3
TRACE - 2.3.4 2 0;1;2;3; 2.3.3
TRACE - 22.4.0 1 0;1;2; 22.2.1
TRACE - 22.4.1 2 0; 22.4.0
TRACE - 22.4.2 2 0;1; 22.4.1
TRACE - 22.5.0 1 0;1;2;4; 22.4.2
TRACE - 22.5.1 2 0; 22.5.0
TRACE - 22.5.2 2 0;1; 22.5.1
TRACE - 22.5.3 2 0;1;2; 22.5.2
TRACE - 22.7.0 1 0;1;2;4;5; 22.5.3
TRACE - 22.7.1 2 0; 22.7.0
TRACE - 22.7.2 2 0;1; 22.7.1
TRACE - 22.8.0 1 0;1;2;4;5;7; 22.7.2
TRACE - 22.8.1 2 0; 22.8.0
TRACE - 22.8.2 2 0;1; 22.8.1
TRACE - 22.8.3 2 0;1;2; 22.8.2
TRACE - 22.8.4 2 0;1;2;3; 22.8.3
TRACE - 22.9.0 1 0;1;2;4;5;7;8; 22.8.4
TRACE - 22.9.1 2 0; 22.9.0
TRACE - 22.9.2 2 0;1; 22.9.1
TRACE - 23.0.0 0 22; 22.9.2
TRACE - 23.0.2 2 0;1; 23.0.1
TRACE - 23.1.0 1 0; 23.0.2
TRACE - 23.1.1 2 0; 23.1.0
TRACE - 23.1.2 2 0;1; 23.1.1
TRACE - 23.1.3 2 0;1;2; 23.1.2
TRACE - 23.2.0 1 0;1; 23.1.3
TRACE - 23.2.1 2 0; 23.2.0
TRACE - 23.2.2 2 0;1; 23.2.1
TRACE - 23.2.3 2 0;1;2; 23.2.2
TRACE - 23.2.4 2 0;1;2;3; 23.2.3
TRACE - 23.2.5 2 0;1;2;3;4; 23.2.4
TRACE - 23.2.6 2 0;1;2;3;4;5; 23.2.5
TRACE - 23.2.7 2 0;1;2;3;4;5;6; 23.2.6
TRACE - 23.2.8 2 0;1;2;3;4;5;6;7; 23.2.7
TRACE - 24.0.0 0 22;23; 23.2.8
TRACE - 24.0.1 2 0; 24.0.0
TRACE - 24.1.1 2 0; 24.1.0-rc3
TRACE - 2.3.1 2 0; 2.3.0.RC2
TRACE - 24.1.2 2 0;1; 24.1.1
TRACE - 2.3.2 2 0;1; 2.3.1
TRACE - 24.1.3 2 0;1;2; 24.1.2
TRACE - 2.3.3 2 0;1;2; 2.3.2
TRACE - 24.2.1 2 0; 24.2.0-beta2
TRACE - 2.3.4 2 0;1;2;3; 2.3.3
TRACE - 24.2.2 2 0;1; 24.2.1
TRACE - 2.3.4 2 0;1;2;3; 2.3.3
TRACE - 24.3.0 1 0;1;2; 24.2.3
TRACE - 24.3.1 2 0; 24.3.0
TRACE - 24.5.0 1 0;1;2;3; 24.3.1
TRACE - 25.0.0 0 22;23;24; 24.5.0
TRACE - 25.1.0 1 0; 25.0.0
TRACE - 25.1.2 2 0; 25.1.0
TRACE - 25.1.3 2 0;2; 25.1.2
TRACE - 25.2.0 1 0;1; 25.1.3
TRACE - 3.5.4 2 0;1;2;3; 3.5.3
TRACE - 1.0.3 0  0.0.0
TRACE - 1.1.1-ea 0  0.0.0
TRACE - 1.1.1-ea 0  0.0.0
TRACE - 1.1.1-ea 0  0.0.0
TRACE - 1.1.5 0  0.0.0
TRACE - 2.3.0.M1 1 0;1;2; 2.2.2
TRACE - 2.3.0.M1 1 0;1;2; 2.2.2
TRACE - 2.3.1 2 0; 2.3.0.RC2
TRACE - 2.3.2 2 0;1; 2.3.1
TRACE - 2.3.3 2 0;1;2; 2.3.2
TRACE - 2.3.4 2 0;1;2;3; 2.3.3
TRACE - 2.3.4 2 0;1;2;3; 2.3.3
TRACE - 1.12.6.RELEASE 2 0;1;2;3;4;5; 1.12.5.RELEASE
TRACE - 4.1.2 2 0;1; 4.1.1
TRACE - 22.4.0 1 0;1;2; 22.2.1
TRACE - 22.4.1 2 0; 22.4.0
TRACE - 22.4.2 2 0;1; 22.4.1
TRACE - 22.5.0 1 0;1;2;4; 22.4.2
TRACE - 22.5.1 2 0; 22.5.0
TRACE - 22.5.2 2 0;1; 22.5.1
TRACE - 22.5.3 2 0;1;2; 22.5.2
TRACE - 22.7.0 1 0;1;2;4;5; 22.5.3
TRACE - 22.7.1 2 0; 22.7.0
TRACE - 22.7.2 2 0;1; 22.7.1
TRACE - 22.8.0 1 0;1;2;4;5;7; 22.7.2
TRACE - 22.8.1 2 0; 22.8.0
TRACE - 22.8.2 2 0;1; 22.8.1
TRACE - 22.8.3 2 0;1;2; 22.8.2
TRACE - 22.8.4 2 0;1;2;3; 22.8.3
TRACE - 22.9.0 1 0;1;2;4;5;7;8; 22.8.4
TRACE - 22.9.1 2 0; 22.9.0
TRACE - 22.9.2 2 0;1; 22.9.1
TRACE - 23.0.0 0 22; 22.9.2
TRACE - 23.0.2 2 0;1; 23.0.1
TRACE - 23.1.0 1 0; 23.0.2
TRACE - 23.1.1 2 0; 23.1.0
TRACE - 23.1.2 2 0;1; 23.1.1
TRACE - 23.1.3 2 0;1;2; 23.1.2
TRACE - 23.2.0 1 0;1; 23.1.3
TRACE - 23.2.1 2 0; 23.2.0
TRACE - 23.2.2 2 0;1; 23.2.1
TRACE - 23.2.3 2 0;1;2; 23.2.2
TRACE - 23.2.4 2 0;1;2;3; 23.2.3
TRACE - 2.3.1 2 0; 2.3.0.RC2
TRACE - 23.2.5 2 0;1;2;3;4; 23.2.4
TRACE - 23.2.6 2 0;1;2;3;4;5; 23.2.5
TRACE - 23.2.7 2 0;1;2;3;4;5;6; 23.2.6
TRACE - 23.2.8 2 0;1;2;3;4;5;6;7; 23.2.7
TRACE - 24.0.0 0 22;23; 23.2.8
TRACE - 24.0.1 2 0; 24.0.0
TRACE - 24.1.2 2 0;1; 24.1.1
TRACE - 24.2.1 2 0; 24.2.0-beta3
TRACE - 24.2.2 2 0;1; 24.2.1
TRACE - 24.2.3 2 0;1;2; 24.2.2
TRACE - 24.3.0 1 0;1;2; 24.2.3
TRACE - 24.3.1 2 0; 24.3.0
TRACE - 24.5.0 1 0;1;2;3; 24.3.1
TRACE - 25.0.0 0 22;23;24; 24.5.0
TRACE - 25.1.0 1 0; 25.0.0
TRACE - 25.1.2 2 0; 25.1.0
TRACE - 25.1.3 2 0;2; 25.1.2
TRACE - 25.2.0 1 0;1; 25.1.3
TRACE - 22.4.0 1 0;1;2; 22.2.1
TRACE - 22.4.1 2 0; 22.4.0
TRACE - 22.4.2 2 0;1; 22.4.1
TRACE - 22.5.0 1 0;1;2;4; 22.4.2
TRACE - 22.5.1 2 0; 22.5.0
TRACE - 22.5.2 2 0;1; 22.5.1
TRACE - 22.5.3 2 0;1;2; 22.5.2
TRACE - 22.7.0 1 0;1;2;4;5; 22.5.3
TRACE - 22.7.1 2 0; 22.7.0
TRACE - 22.7.2 2 0;1; 22.7.1
TRACE - 22.8.0 1 0;1;2;4;5;7; 22.7.2
TRACE - 22.8.1 2 0; 22.8.0
TRACE - 22.8.2 2 0;1; 22.8.1
TRACE - 22.8.3 2 0;1;2; 22.8.2
TRACE - 22.8.4 2 0;1;2;3; 22.8.3
TRACE - 22.9.0 1 0;1;2;4;5;7;8; 22.8.4
TRACE - 22.9.1 2 0; 22.9.0
TRACE - 22.9.2 2 0;1; 22.9.1
TRACE - 23.0.0 0 22; 22.9.2
TRACE - 23.0.2 2 0;1; 23.0.1
TRACE - 23.1.0 1 0; 23.0.2
TRACE - 23.1.1 2 0; 23.1.0
TRACE - 23.1.2 2 0;1; 23.1.1
TRACE - 23.1.3 2 0;1;2; 23.1.2
TRACE - 23.2.0 1 0;1; 23.1.3
TRACE - 23.2.1 2 0; 23.2.0
TRACE - 23.2.2 2 0;1; 23.2.1
TRACE - 23.2.3 2 0;1;2; 23.2.2
TRACE - 23.2.4 2 0;1;2;3; 23.2.3
TRACE - 23.2.5 2 0;1;2;3;4; 23.2.4
TRACE - 23.2.6 2 0;1;2;3;4;5; 23.2.5
TRACE - 23.2.7 2 0;1;2;3;4;5;6; 23.2.6
TRACE - 23.2.8 2 0;1;2;3;4;5;6;7; 23.2.7
TRACE - 24.0.0 0 22;23; 23.2.8
TRACE - 24.0.1 2 0; 24.0.0
TRACE - 2.3.1 2 0; 2.3.0.RC2
TRACE - 2.3.2 2 0;1; 2.3.1
TRACE - 2.3.3 2 0;1;2; 2.3.2
TRACE - 2.3.4 2 0;1;2;3; 2.3.3
TRACE - 2.3.4 2 0;1;2;3; 2.3.3
TRACE - 2.3.6 2 0;1;2;3;4;5; 2.3.5
TRACE - 2.3.7 2 0;1;2;3;4;5;6; 2.3.6
TRACE - 2.3.8 2 0;1;2;3;4;5;6;7; 2.3.7
TRACE - 3.0.3.RELEASE 2 0;1;2; 3.0.2.RELEASE
TRACE - 3.0.4.RELEASE 2 0;1;2;3; 3.0.3.RELEASE
TRACE - 3.0.6.RELEASE 2 0;1;2;3;4;5; 3.0.5.RELEASE
TRACE - 3.1.0.RELEASE 1 0; 3.0.6.RELEASE
TRACE - 4.1.2 2 0;1; 4.1.1
TRACE - 5.6.3 2 0;1;2; 5.6.2
TRACE - 6.2.2 2 0;1; 6.2.1
TRACE - 6.1.4 2 1;2;3; 6.1.3
TRACE - 6.2.4 2 0;1;2;3; 6.2.3
TRACE - 6.3.2 2 0;1; 6.3.1
TRACE - 2.100 1 10;11;12;13;14;15;16;17;18;19;20;21;22;23;24;25;26;27;28;29;30;31;32;33;34;35;36;37;38;39;40;41;42;43;44;45;46;47;48;49;50;51;52;53;54;55;56;57;58;59;60;61;62;63;64;65;66;67;68;69;70;71;72;73;74;75;76;77;78;79;80;81;82;83;84;85;86;87;88;89;90;91;92;93;94;95;96;97;98;99; 2.99
TRACE - 2.102 1 10;11;12;13;14;15;16;17;18;19;20;21;22;23;24;25;26;27;28;29;30;31;32;33;34;35;36;37;38;39;40;41;42;43;44;45;46;47;48;49;50;51;52;53;54;55;56;57;58;59;60;61;62;63;64;65;66;67;68;69;70;71;72;73;74;75;76;77;78;79;80;81;82;83;84;85;86;87;88;89;90;91;92;93;94;95;96;97;98;99;100;101; 2.101
TRACE - 2.103 1 10;11;12;13;14;15;16;17;18;19;20;21;22;23;24;25;26;27;28;29;30;31;32;33;34;35;36;37;38;39;40;41;42;43;44;45;46;47;48;49;50;51;52;53;54;55;56;57;58;59;60;61;62;63;64;65;66;67;68;69;70;71;72;73;74;75;76;77;78;79;80;81;82;83;84;85;86;87;88;89;90;91;92;93;94;95;96;97;98;99;100;101;102; 2.102
TRACE - 1.1.34 2 32;33;26;28;29;31; 1.1.33
TRACE - 1.5.2 2 0;1; 1.5.1-rc.5
TRACE - 1.6.0 1 1;2;3;4;5; 1.5.11
TRACE - 1.8.16 2 0;1;2;4;5;6;7;8;9;10;11;12; 1.8.12
TRACE - 2.3.0.M1 1 0;1;2; 2.2.2
TRACE - 2.3.0.M1 1 0;1;2; 2.2.2
TRACE - 2.3.1 2 0; 2.3.0.RC2
TRACE - 2.3.2 2 0;1; 2.3.1
TRACE - 2.3.3 2 0;1;2; 2.3.2
TRACE - 2.3.4 2 0;1;2;3; 2.3.3
TRACE - 2.3.4 2 0;1;2;3; 2.3.3
TRACE - 4.8 1 0;1;2;3;4;5;6;7; 4.7.1
TRACE - 2.3.0.M1 1 0;1;2; 2.2.2
TRACE - 2.3.0.M1 1 0;1;2; 2.2.2
TRACE - 2.3.1 2 0; 2.3.0.RC2
TRACE - 2.3.2 2 0;1; 2.3.1
TRACE - 2.3.3 2 0;1;2; 2.3.2
TRACE - 2.3.4 2 0;1;2;3; 2.3.3
TRACE - 2.3.4 2 0;1;2;3; 2.3.3
TRACE - 2.3.6 2 0;1;2;3;4;5; 2.3.5
TRACE - 2.3.7 2 0;1;2;3;4;5;6; 2.3.6
TRACE - 2.3.8 2 0;1;2;3;4;5;6;7; 2.3.7
TRACE - 1.5.2 2 0;1; 1.5.1-rc.5
TRACE - 1.6.0 1 1;2;3;4;5; 1.5.11
TRACE - 1.8.16 2 0;1;2;4;5;6;7;8;9;10;11;12; 1.8.12
TRACE - 4.0.1-2c0d6d9-20171014100524 2 0; 4.0.0-RC5
TRACE - 1.1.5 2 0;1;2;3;4; 1.1.4
TRACE - 1.1.5 2 0;1;2;3;4; 1.1.4
TRACE - 1.1.5 2 0;1;2;3;4; 1.1.4
TRACE - 1.1.5 2 0;1;2;3;4;6; 1.1.6
TRACE - 1.1.5 2 0;1;2;3;4;6; 1.1.6
TRACE - 1.1.5 2 0;1;2;3;4;6; 1.1.6
TRACE - 1.1.5 2 0;1;2;3;4;6; 1.1.6
TRACE - 1.1.5 2 0;1;2;3;4;6; 1.1.6
TRACE - 1.1.5 2 0;1;2;3;4;6; 1.1.6
TRACE - 1.1.5 2 0;1;2;3;4;6; 1.1.6
TRACE - 1.1.5 2 0;1;2;3;4;6; 1.1.6
TRACE - 1.1.5 2 0;1;2;3;4;6; 1.1.6
TRACE - 1.1.5 2 0;1;2;3;4;6; 1.1.6
TRACE - 1.1.5 2 0;1;2;3;4;6; 1.1.6
TRACE - 1.1.5 2 0;1;2;3;4;6; 1.1.6
TRACE - 1.1.5 2 0;1;2;3;4;6; 1.1.6
TRACE - 1.1.5 2 0;1;2;3;4;6; 1.1.6
TRACE - 1.1.5 2 0;1;2;3;4;6; 1.1.6
TRACE - 1.1.5 2 0;1;2;3;4;6; 1.1.6
TRACE - 1.1.5 2 0;1;2;3;4;6; 1.1.6
TRACE - 1.1.5 2 0;1;2;3;4;6; 1.1.6
TRACE - 1.1.5 2 0;1;2;3;4;6; 1.1.6
TRACE - 1.1.5 2 0;1;2;3;4;6; 1.1.6
TRACE - 1.1.5 2 0;1;2;3;4;6; 1.1.6
TRACE - 1.1.5 2 0;1;2;3;4;6; 1.1.6
TRACE - 1.1.5 2 0;1;2;3;4;6; 1.1.6
TRACE - 1.1.5 2 0;1;2;3;4;6; 1.1.6
TRACE - 1.1.5 2 0;1;2;3;4;6; 1.1.6
TRACE - 1.1.5 2 0;1;2;3;4;6; 1.1.6
TRACE - 1.1.5 2 0;1;2;3;4;6; 1.1.6
TRACE - 1.1.5 2 0;1;2;3;4;6; 1.1.6
TRACE - 1.1.5 2 0;1;2;3;4;6; 1.1.6
TRACE - 1.1.5 2 0;1;2;3;4;6; 1.1.6
TRACE - 1.1.5 2 0;1;2;3;4;6; 1.1.6
TRACE - 1.1.5 2 0;1;2;3;4;6; 1.1.6
TRACE - 1.1.5 2 0;1;2;3;4;6; 1.1.6
TRACE - 1.1.5 2 0;1;2;3;4;6; 1.1.6
TRACE - 1.1.5 2 0;1;2;3;4;6; 1.1.6
TRACE - 1.1.5 2 0;1;2;3;4;6; 1.1.6
TRACE - 1.1.5 2 0;1;2;3;4;6; 1.1.6
TRACE - 1.1.5 2 0;1;2;3;4;6; 1.1.6
TRACE - 1.1.5 2 0;1;2;3;4;6; 1.1.6
TRACE - 1.1.5 2 0;1;2;3;4;6; 1.1.6
TRACE - 1.1.5 2 0;1;2;3;4;6; 1.1.6
TRACE - 1.1.5 2 0;1;2;3;4;6; 1.1.6
TRACE - 1.1.5 2 0;1;2;3;4;6; 1.1.6
TRACE - 1.1.5 2 0;1;2;3;4;6; 1.1.6
TRACE - 1.1.5 2 0;1;2;3;4;6; 1.1.6
TRACE - 1.1.5 2 0;1;2;3;4;6; 1.1.6
TRACE - 1.1.5 2 0;1;2;3;4;6; 1.1.6
TRACE - 1.1.5 2 0;1;2;3;4;6; 1.1.6
TRACE - 1.1.5 2 0;1;2;3;4;6; 1.1.6
TRACE - 1.1.5 2 0;1;2;3;4;6; 1.1.6
TRACE - 1.1.5 2 0;1;2;3;4;6; 1.1.6
TRACE - 1.1.5 2 0;1;2;3;4;6; 1.1.6
TRACE - 1.1.5 2 0;1;2;3;4;6; 1.1.6
TRACE - 1.1.5 2 0;1;2;3;4;6; 1.1.6
TRACE - 1.1.5 2 0;1;2;3;4;6; 1.1.6
TRACE - 1.1.5 2 0;1;2;3;4;6; 1.1.6
TRACE - 1.1.5 2 0;1;2;3;4;6; 1.1.6
TRACE - 1.1.5 2 0;1;2;3;4;6; 1.1.6
TRACE - 1.1.5 2 0;1;2;3;4;6; 1.1.6
TRACE - 1.1.5 2 0;1;2;3;4;6; 1.1.6
TRACE - 1.1.5 2 0;1;2;3;4;6; 1.1.6
TRACE - 1.1.5 2 0;1;2;3;4;6; 1.1.6
TRACE - 1.1.5 2 0;1;2;3;4;6; 1.1.6
TRACE - 1.1.5 2 0;1;2;3;4;6; 1.1.6
TRACE - 1.1.5 2 0;1;2;3;4;6; 1.1.6
TRACE - 1.1.5 2 0;1;2;3;4;6; 1.1.6
TRACE - 1.1.5 2 0;1;2;3;4;6; 1.1.6
TRACE - 1.1.5 2 0;1;2;3;4;6; 1.1.6
TRACE - 1.1.5 2 0;1;2;3;4;6; 1.1.6
TRACE - 1.1.5 2 0;1;2;3;4;6; 1.1.6
TRACE - 1.1.5 2 0;1;2;3;4;6; 1.1.6
TRACE - 1.1.5 2 0;1;2;3;4;6; 1.1.6
TRACE - 1.1.5 2 0;1;2;3;4;6; 1.1.6
TRACE - 1.1.5 2 0;1;2;3;4;6; 1.1.6
TRACE - 1.1.5 2 0;1;2;3;4;6; 1.1.6
TRACE - 1.1.5 2 0;1;2;3;4;6; 1.1.6
TRACE - 1.1.5 2 0;1;2;3;4;6; 1.1.6
TRACE - 1.1.5 2 0;1;2;3;4;6; 1.1.6
TRACE - 1.1.5 2 0;1;2;3;4;6; 1.1.6
TRACE - 1.1.5 2 0;1;2;3;4;6; 1.1.6
TRACE - 1.1.5 2 0;1;2;3;4;6; 1.1.6
TRACE - 1.1.5 2 0;1;2;3;4;6; 1.1.6
TRACE - 1.1.5 2 0;1;2;3;4;6; 1.1.6
TRACE - 1.1.5 2 0;1;2;3;4;6; 1.1.6
TRACE - 1.1.5 2 0;1;2;3;4;6; 1.1.6
TRACE - 1.1.5 2 0;1;2;3;4;6; 1.1.6
TRACE - 1.1.5 2 0;1;2;3;4;6; 1.1.6
TRACE - 1.1.5 2 0;1;2;3;4;6; 1.1.6
TRACE - 1.1.5 2 0;1;2;3;4;6; 1.1.6
TRACE - 1.1.5 2 0;1;2;3;4;6; 1.1.6
TRACE - 1.1.5 2 0;1;2;3;4;6; 1.1.6
TRACE - 1.1.5 2 0;1;2;3;4;6; 1.1.6
TRACE - 1.1.5 2 0;1;2;3;4;6; 1.1.6
TRACE - 1.1.5 2 0;1;2;3;4;6; 1.1.6
TRACE - 1.1.5 2 0;1;2;3;4;6; 1.1.6
TRACE - 1.1.5 2 0;1;2;3;4;6; 1.1.6
TRACE - 2.8.1 1 0;1;2;3;4;5;6;7; 2.7.4
TRACE - 1.4.2 2 0;1; 1.4.1
TRACE - 1.5.2 2 0;1; 1.5.1
TRACE - 1.0.2.RELEASE 2 0; 1.0.0.M3
TRACE - 2.3.0.M1 1 0;1;2; 2.2.2
TRACE - 2.3.0.M1 1 0;1;2; 2.2.2
TRACE - 2.3.1 2 0; 2.3.0.RC2
TRACE - 2.3.2 2 0;1; 2.3.1
TRACE - 2.3.3 2 0;1;2; 2.3.2
TRACE - 2.3.4 2 0;1;2;3; 2.3.3
TRACE - 2.3.4 2 0;1;2;3; 2.3.3
TRACE - 2.3.6 2 0;1;2;3;4;5; 2.3.5
TRACE - 2.3.7 2 0;1;2;3;4;5;6; 2.3.6
TRACE - 2.3.8 2 0;1;2;3;4;5;6;7; 2.3.7
TRACE - 4.1.2 2 0;1; 4.1.1
TRACE - 1.1.1 2 0; 1.1.0-rc3
TRACE - 1.1.2 2 0;1; 1.1.1
TRACE - 1.1.3 2 0;1;2; 1.1.2
TRACE - 4.1.2 2 0;1; 4.1.1
TRACE - 22.4.0 1 0;1;2; 22.2.1
TRACE - 22.4.1 2 0; 22.4.0
TRACE - 22.4.2 2 0;1; 22.4.1
TRACE - 22.5.0 1 0;1;2;4; 22.4.2
TRACE - 22.5.1 2 0; 22.5.0
TRACE - 22.5.2 2 0;1; 22.5.1
TRACE - 22.5.3 2 0;1;2; 22.5.2
TRACE - 22.7.0 1 0;1;2;4;5; 22.5.3
TRACE - 22.7.1 2 0; 22.7.0
TRACE - 22.7.2 2 0;1; 22.7.1
TRACE - 22.8.0 1 0;1;2;4;5;7; 22.7.2
TRACE - 22.8.1 2 0; 22.8.0
TRACE - 22.8.2 2 0;1; 22.8.1
TRACE - 22.8.3 2 0;1;2; 22.8.2
TRACE - 22.8.4 2 0;1;2;3; 22.8.3
TRACE - 22.9.0 1 0;1;2;4;5;7;8; 22.8.4
TRACE - 22.9.1 2 0; 22.9.0
TRACE - 22.9.2 2 0;1; 22.9.1
TRACE - 23.0.0 0 22; 22.9.2
TRACE - 23.0.2 2 0;1; 23.0.1
TRACE - 23.1.0 1 0; 23.0.2
TRACE - 23.1.1 2 0; 23.1.0
TRACE - 23.1.2 2 0;1; 23.1.1
TRACE - 23.1.3 2 0;1;2; 23.1.2
TRACE - 23.2.0 1 0;1; 23.1.3
TRACE - 23.2.1 2 0; 23.2.0
TRACE - 23.2.2 2 0;1; 23.2.1
TRACE - 23.2.3 2 0;1;2; 23.2.2
TRACE - 23.2.4 2 0;1;2;3; 23.2.3
TRACE - 23.2.5 2 0;1;2;3;4; 23.2.4
TRACE - 23.2.6 2 0;1;2;3;4;5; 23.2.5
TRACE - 23.2.7 2 0;1;2;3;4;5;6; 23.2.6
TRACE - 23.2.8 2 0;1;2;3;4;5;6;7; 23.2.7
TRACE - 24.0.0 0 22;23; 23.2.8
TRACE - 24.0.1 2 0; 24.0.0
TRACE - 24.1.1 2 0; 24.1.0-rc3
TRACE - 24.1.2 2 0;1; 24.1.1
TRACE - 24.1.3 2 0;1;2; 24.1.2
TRACE - 24.2.1 2 0; 24.2.0-beta2
TRACE - 24.2.2 2 0;1; 24.2.1
TRACE - 24.2.3 2 0;1;2; 24.2.2
TRACE - 24.3.0 1 0;1;2; 24.2.3
TRACE - 24.3.1 2 0; 24.3.0
TRACE - 24.5.0 1 0;1;2;3; 24.3.1
TRACE - 25.0.0 0 22;23;24; 24.5.0
TRACE - 25.1.0 1 0; 25.0.0
TRACE - 25.1.2 2 0; 25.1.0
TRACE - 25.1.3 2 0;2; 25.1.2
TRACE - 25.2.0 1 0;1; 25.1.3
TRACE - 4.1.2 2 0;1; 4.1.1
TRACE - 2.3.0.M1 1 0;1;2; 2.2.2
TRACE - 2.3.0.M1 1 0;1;2; 2.2.2
TRACE - 2.3.1 2 0; 2.3.0.RC2
TRACE - 2.3.2 2 0;1; 2.3.1
TRACE - 2.3.3 2 0;1;2; 2.3.2
TRACE - 2.3.4 2 0;1;2;3; 2.3.3
TRACE - 2.3.4 2 0;1;2;3; 2.3.3
TRACE - 2.3.6 2 0;1;2;3;4;5; 2.3.5
TRACE - 2.3.7 2 0;1;2;3;4;5;6; 2.3.6
TRACE - 2.3.8 2 0;1;2;3;4;5;6;7; 2.3.7
TRACE - 2.3.0.M1 1 0;1;2; 2.2.2
TRACE - 2.3.0.M1 1 0;1;2; 2.2.2
TRACE - 2.3.1 2 0; 2.3.0.RC2
TRACE - 2.3.2 2 0;1; 2.3.1
TRACE - 2.3.3 2 0;1;2; 2.3.2
TRACE - 2.3.4 2 0;1;2;3; 2.3.3
TRACE - 2.3.4 2 0;1;2;3; 2.3.3
TRACE - 2.3.6 2 0;1;2;3;4;5; 2.3.5
TRACE - 2.3.7 2 0;1;2;3;4;5;6; 2.3.6
TRACE - 2.3.8 2 0;1;2;3;4;5;6;7; 2.3.7
TRACE - 4.0 0 1;2;3; 3.7
TRACE - 22.4.0 1 0;1;2; 22.2.1
TRACE - 22.4.1 2 0; 22.4.0
TRACE - 22.4.2 2 0;1; 22.4.1
TRACE - 22.5.0 1 0;1;2;4; 22.4.2
TRACE - 22.5.1 2 0; 22.5.0
TRACE - 22.5.2 2 0;1; 22.5.1
TRACE - 22.5.3 2 0;1;2; 22.5.2
TRACE - 22.7.0 1 0;1;2;4;5; 22.5.3
TRACE - 22.7.1 2 0; 22.7.0
TRACE - 22.7.2 2 0;1; 22.7.1
TRACE - 22.8.0 1 0;1;2;4;5;7; 22.7.2
TRACE - 22.8.1 2 0; 22.8.0
TRACE - 22.8.2 2 0;1; 22.8.1
TRACE - 22.8.3 2 0;1;2; 22.8.2
TRACE - 22.8.4 2 0;1;2;3; 22.8.3
TRACE - 22.9.0 1 0;1;2;4;5;7;8; 22.8.4
TRACE - 22.9.1 2 0; 22.9.0
TRACE - 22.9.2 2 0;1; 22.9.1
TRACE - 23.0.0 0 22; 22.9.2
TRACE - 23.0.2 2 0;1; 23.0.1
TRACE - 23.1.0 1 0; 23.0.2
TRACE - 23.1.1 2 0; 23.1.0
TRACE - 23.1.2 2 0;1; 23.1.1
TRACE - 23.1.3 2 0;1;2; 23.1.2
TRACE - 23.2.0 1 0;1; 23.1.3
TRACE - 23.2.1 2 0; 23.2.0
TRACE - 23.2.2 2 0;1; 23.2.1
TRACE - 23.2.3 2 0;1;2; 23.2.2
TRACE - 23.2.4 2 0;1;2;3; 23.2.3
TRACE - 23.2.5 2 0;1;2;3;4; 23.2.4
TRACE - 23.2.6 2 0;1;2;3;4;5; 23.2.5
TRACE - 23.2.7 2 0;1;2;3;4;5;6; 23.2.6
TRACE - 23.2.8 2 0;1;2;3;4;5;6;7; 23.2.7
TRACE - 24.0.0 0 22;23; 23.2.8
TRACE - 24.0.1 2 0; 24.0.0
TRACE - 24.1.2 2 0;1; 24.1.1
TRACE - 24.2.1 2 0; 24.2.0-beta2
TRACE - 24.2.2 2 0;1; 24.2.1
TRACE - 24.2.3 2 0;1;2; 24.2.2
TRACE - 24.3.0 1 0;1;2; 24.2.3
TRACE - 24.3.1 2 0; 24.3.0
TRACE - 24.5.0 1 0;1;2;3; 24.3.1
TRACE - 25.0.0 0 22;23;24; 24.5.0
TRACE - 25.1.0 1 0; 25.0.0
TRACE - 25.1.2 2 0; 25.1.0
TRACE - 25.1.3 2 0;2; 25.1.2
TRACE - 25.2.0 1 0;1; 25.1.3
TRACE - 0.15 1 1;2;3;4;5;6;7;8;9;10;11;12;13;14; 0.14.3
TRACE - 1.0.2.RELEASE 0  0.0.0
TRACE - 0.36.0 1 33;34;35;13;14;16;17;18;19;20;21;22;23;24;25;26;27;28;29;30; 0.35.1
TRACE - 0.36.0 1 33;34;35;13;14;16;17;18;19;20;21;22;23;24;25;26;27;28;29;30; 0.35.1
TRACE - 2.3.6 2 0;1;2;3;4;5; 2.3.5
TRACE - 2.3.7 2 0;1;2;3;4;5;6; 2.3.6
TRACE - 2.3.8 2 0;1;2;3;4;5;6;7; 2.3.7
TRACE - 2.3.0.M1 1 0;1;2; 2.2.2
TRACE - 2.3.0.M1 1 0;1;2; 2.2.2
TRACE - 2.3.1 2 0; 2.3.0.RC2
TRACE - 2.3.2 2 0;1; 2.3.1
TRACE - 2.3.3 2 0;1;2; 2.3.2
TRACE - 2.3.4 2 0;1;2;3; 2.3.3
TRACE - 2.3.4 2 0;1;2;3; 2.3.3
TRACE - 2.3.6 2 0;1;2;3;4;5; 2.3.5
TRACE - 2.3.7 2 0;1;2;3;4;5;6; 2.3.6
TRACE - 2.3.8 2 0;1;2;3;4;5;6;7; 2.3.7
TRACE - 4.1.0 1 0; 4.0.3
TRACE - 4.1.0 1 0; 4.0.3
TRACE - 4.1.0 1 0; 4.0.3
TRACE - 4.1.0 1 0; 4.0.3
TRACE - 6.9.8 2 4;5;6;7; 6.9.7
TRACE - 2.3.1 2 0; 2.3.0.RC2
TRACE - 2.3.2 2 0;1; 2.3.1
TRACE - 2.3.3 2 0;1;2; 2.3.2
TRACE - 2.3.4 2 0;1;2;3; 2.3.3
TRACE - 2.3.4 2 0;1;2;3; 2.3.3
TRACE - 2.3.6 2 0;1;2;3;4;5; 2.3.5
TRACE - 2.3.7 2 0;1;2;3;4;5;6; 2.3.6
TRACE - 2.3.8 2 0;1;2;3;4;5;6;7; 2.3.7
TRACE - 4.1.2 2 0;1; 4.1.1
TRACE - 2.3.0.M1 1 0;1;2; 2.2.2
TRACE - 2.3.0.M1 1 0;1;2; 2.2.2
TRACE - 2.3.1 2 0; 2.3.0.RC2
TRACE - 2.3.1 2 0; 2.3.0.RC2
TRACE - 2.3.2 2 0;1; 2.3.1
TRACE - 2.3.3 2 0;1;2; 2.3.2
TRACE - 2.3.4 2 0;1;2;3; 2.3.3
TRACE - 2.3.4 2 0;1;2;3; 2.3.3
TRACE - 2.3.6 2 0;1;2;3;4;5; 2.3.5
TRACE - 2.3.7 2 0;1;2;3;4;5;6; 2.3.6
TRACE - 2.3.8 2 0;1;2;3;4;5;6;7; 2.3.7
TRACE - 2.3.6 2 0;1;2;3;4;5; 2.3.5
TRACE - 2.3.7 2 0;1;2;3;4;5;6; 2.3.6
TRACE - 2.3.8 2 0;1;2;3;4;5;6;7; 2.3.7
TRACE - 2.3.0.M1 1 0;1;2; 2.2.2
TRACE - 2.3.0.M1 1 0;1;2; 2.2.2
TRACE - 2.3.1 2 0; 2.3.0.RC2
TRACE - 2.3.2 2 0;1; 2.3.1
TRACE - 2.3.3 2 0;1;2; 2.3.2
TRACE - 2.3.4 2 0;1;2;3; 2.3.3
TRACE - 2.3.4 2 0;1;2;3; 2.3.3
TRACE - 2.3.6 2 0;1;2;3;4;5; 2.3.5
TRACE - 2.3.7 2 0;1;2;3;4;5;6; 2.3.6
TRACE - 2.3.8 2 0;1;2;3;4;5;6;7; 2.3.7
TRACE - 2.8.3 2 0;1;2; 2.8.2
TRACE - 2.3.1 2 0; 2.3.0.RC2
TRACE - 2.3.2 2 0;1; 2.3.1
TRACE - 2.3.3 2 0;1;2; 2.3.2
TRACE - 2.3.4 2 0;1;2;3; 2.3.3
TRACE - 2.3.4 2 0;1;2;3; 2.3.3
TRACE - 22.4.0 1 0;1;2; 22.2.1
TRACE - 22.4.1 2 0; 22.4.0
TRACE - 22.4.2 2 0;1; 22.4.1
TRACE - 22.5.0 1 0;1;2;4; 22.4.2
TRACE - 22.5.1 2 0; 22.5.0
TRACE - 22.5.2 2 0;1; 22.5.1
TRACE - 22.5.3 2 0;1;2; 22.5.2
TRACE - 22.7.0 1 0;1;2;4;5; 22.5.3
TRACE - 22.7.1 2 0; 22.7.0
TRACE - 22.7.2 2 0;1; 22.7.1
TRACE - 22.8.0 1 0;1;2;4;5;7; 22.7.2
TRACE - 22.8.1 2 0; 22.8.0
TRACE - 22.8.2 2 0;1; 22.8.1
TRACE - 22.8.3 2 0;1;2; 22.8.2
TRACE - 22.8.4 2 0;1;2;3; 22.8.3
TRACE - 22.9.0 1 0;1;2;4;5;7;8; 22.8.4
TRACE - 22.9.1 2 0; 22.9.0
TRACE - 22.9.2 2 0;1; 22.9.1
TRACE - 23.0.0 0 22; 22.9.2
TRACE - 23.0.2 2 0;1; 23.0.1
TRACE - 23.1.0 1 0; 23.0.2
TRACE - 23.1.1 2 0; 23.1.0
TRACE - 23.1.2 2 0;1; 23.1.1
TRACE - 23.1.3 2 0;1;2; 23.1.2
TRACE - 23.2.0 1 0;1; 23.1.3
TRACE - 23.2.1 2 0; 23.2.0
TRACE - 23.2.2 2 0;1; 23.2.1
TRACE - 23.2.3 2 0;1;2; 23.2.2
TRACE - 23.2.4 2 0;1;2;3; 23.2.3
TRACE - 23.2.5 2 0;1;2;3;4; 23.2.4
TRACE - 23.2.6 2 0;1;2;3;4;5; 23.2.5
TRACE - 23.2.7 2 0;1;2;3;4;5;6; 23.2.6
TRACE - 23.2.8 2 0;1;2;3;4;5;6;7; 23.2.7
TRACE - 24.0.0 0 22;23; 23.2.8
TRACE - 24.0.1 2 0; 24.0.0
TRACE - 24.1.1 2 0; 24.1.0-rc3
TRACE - 24.1.2 2 0;1; 24.1.1
TRACE - 24.1.3 2 0;1;2; 24.1.2
TRACE - 24.2.1 2 0; 24.2.0-beta2
TRACE - 24.2.2 2 0;1; 24.2.1
TRACE - 24.2.3 2 0;1;2; 24.2.2
TRACE - 24.3.0 1 0;1;2; 24.2.3
TRACE - 24.3.1 2 0; 24.3.0
TRACE - 24.5.0 1 0;1;2;3; 24.3.1
TRACE - 25.0.0 0 22;23;24; 24.5.0
TRACE - 25.1.0 1 0; 25.0.0
TRACE - 25.1.2 2 0; 25.1.0
TRACE - 25.1.3 2 0;2; 25.1.2
TRACE - 25.2.0 1 0;1; 25.1.3
WARN - :org.jetbrains.kotlin:kotlin-stdlib is null
TRACE - 7.2.12 2 0;1;2;3;4;5;6;7;8;9;10;11; 7.2.11
TRACE - 7.2.17 2 0;1;2;3;4;5;6;7;8;9;10;11;12;13;14;15;16; 7.2.16
TRACE - 4.1.2 2 0;1; 4.1.1
TRACE - 2.3.0.M1 1 0;1;2; 2.2.2
TRACE - 2.3.0.M1 1 0;1;2; 2.2.2
TRACE - 2.3.1 2 0; 2.3.0.RC2
TRACE - 2.3.2 2 0;1; 2.3.1
TRACE - 2.3.3 2 0;1;2; 2.3.2
TRACE - 2.3.4 2 0;1;2;3; 2.3.3
TRACE - 2.3.4 2 0;1;2;3; 2.3.3
TRACE - 2.3.1 2 0; 2.3.0.RC2
TRACE - 2.3.2 2 0;1; 2.3.1
TRACE - 2.3.3 2 0;1;2; 2.3.2
TRACE - 2.3.4 2 0;1;2;3; 2.3.3
TRACE - 2.3.4 2 0;1;2;3; 2.3.3
TRACE - 2.3.6 2 0;1;2;3;4;5; 2.3.5
TRACE - 2.3.7 2 0;1;2;3;4;5;6; 2.3.6
TRACE - 2.3.8 2 0;1;2;3;4;5;6;7; 2.3.7
TRACE - 1.8.21 2 18;19;20; 1.8.20
TRACE - 1.8.23 2 18;19;20;21;22; 1.8.22
TRACE - 3.0.3.RELEASE 2 0;1;2; 3.0.2.RELEASE
TRACE - 3.0.4.RELEASE 2 0;1;2;3; 3.0.3.RELEASE
TRACE - 3.0.6.RELEASE 2 0;1;2;3;4;5; 3.0.5.RELEASE
TRACE - 3.1.0.RELEASE 1 0; 3.0.6.RELEASE
TRACE - 5.6.1 2 0; 5.6.0
TRACE - 5.6.3 2 0;1;2; 5.6.2
TRACE - 6.2.2 2 0;1; 6.2.1
TRACE - 6.1.4 2 1;2;3; 6.1.3
TRACE - 6.2.4 2 0;1;2;3; 6.2.3
TRACE - 6.3.2 2 0;1; 6.3.1
TRACE - 4.1.2 2 0;1; 4.1.1
TRACE - 2.3.0.M1 1 0;1;2; 2.2.2
TRACE - 2.3.0.M1 1 0;1;2; 2.2.2
TRACE - 2.3.1 2 0; 2.3.0.RC2
TRACE - 2.3.2 2 0;1; 2.3.1
TRACE - 2.3.3 2 0;1;2; 2.3.2
TRACE - 2.3.4 2 0;1;2;3; 2.3.3
TRACE - 2.3.4 2 0;1;2;3; 2.3.3
TRACE - 2.3.0.M1 1 0;1;2; 2.2.2
TRACE - 2.3.0.M1 1 0;1;2; 2.2.2
TRACE - 2.3.1 2 0; 2.3.0.RC2
TRACE - 2.3.2 2 0;1; 2.3.1
TRACE - 2.3.3 2 0;1;2; 2.3.2
TRACE - 2.3.4 2 0;1;2;3; 2.3.3
TRACE - 2.3.4 2 0;1;2;3; 2.3.3
TRACE - 1.8.27 2 18;19;20;21;22;23;24;25;26; 1.8.26
TRACE - 1.9.0 1 8; 1.8.27
TRACE - 1.9.13 2 0;1;2;3;4;5;6;7;8;9;10;11;12; 1.9.12
TRACE - 1.9.13 2 0;1;2;3;4;5;6;7;8;9;10;11;12; 1.9.12
TRACE - 2.0.18 2 0;1;2;3;4;5;6;7;8;9;10;11;12;13;14;15;16; 2.0.16
TRACE - 3.0.0 0 1;2; 2.0.31
TRACE - 3.0.3 2 0;1;2; 3.0.2
TRACE - 3.0.5 2 0;1;2;3;4; 3.0.4
TRACE - 3.0.6 2 0;1;2;3;4;5; 3.0.5
TRACE - 3.0.7 2 0;1;2;3;4;5;6; 3.0.6
TRACE - 3.1.5 2 0;1;2;3;4; 3.1.4
TRACE - 3.2.1 2 0; 3.2.0
TRACE - 3.4.8 2 0;1;2;3;4;5;6;7; 3.4.7
TRACE - 3.6.0 1 0;1;2;3;4;5; 3.5.1
TRACE - 3.0.3.RELEASE 2 0;1;2; 3.0.2.RELEASE
TRACE - 3.0.4.RELEASE 2 0;1;2;3; 3.0.3.RELEASE
TRACE - 3.0.6.RELEASE 2 0;1;2;3;4;5; 3.0.5.RELEASE
TRACE - 3.1.0.RELEASE 1 0; 3.0.6.RELEASE
TRACE - 2.3.8 2 0;1;2;3;4;5;6;7; 2.3.7
TRACE - 5.6.3 2 0;1;2; 5.6.2
TRACE - 2.3.0.M1 1 0;1;2; 2.2.2
TRACE - 2.3.0.M1 1 0;1;2; 2.2.2
TRACE - 2.3.1 2 0; 2.3.0.RC2
TRACE - 2.3.2 2 0;1; 2.3.1
TRACE - 2.3.3 2 0;1;2; 2.3.2
TRACE - 2.3.4 2 0;1;2;3; 2.3.3
TRACE - 2.3.4 2 0;1;2;3; 2.3.3
TRACE - 4.1.2 2 0;1; 4.1.1
TRACE - 2.3.0.M1 1 0;1;2; 2.2.2
TRACE - 2.3.0.M1 1 0;1;2; 2.2.2
TRACE - 2.3.1 2 0; 2.3.0.RC2
TRACE - 2.3.2 2 0;1; 2.3.1
TRACE - 2.3.3 2 0;1;2; 2.3.2
TRACE - 2.3.4 2 0;1;2;3; 2.3.3
TRACE - 2.3.4 2 0;1;2;3; 2.3.3
TRACE - 2.3.6 2 0;1;2;3;4;5; 2.3.5
TRACE - 2.3.7 2 0;1;2;3;4;5;6; 2.3.6
TRACE - 2.3.8 2 0;1;2;3;4;5;6;7; 2.3.7
TRACE - 5.6.3 2 0;1;2; 5.6.2
TRACE - 6.1.4 2 1;2;3; 6.1.3
TRACE - 6.2.4 2 0;1;2;3; 6.2.3
TRACE - 0.36.0 1 33;34;35;12;13;14;16;17;18;19;20;21;22;23;24;25;26;27;28;29;30; 0.35.1
TRACE - 0.36.0 1 33;34;35;12;13;14;16;17;18;19;20;21;22;23;24;25;26;27;28;29;30; 0.35.1
TRACE - 2.1.6 2 0;1;2;3;4;5; 2.1.5
TRACE - 2.1.6 2 0;1;2;3;4;5; 2.1.5
TRACE - 1.1.0 1 0; 1.0.0-rc-3
TRACE - 6.0 0 1;2;3;4;5; 5.7
TRACE - 5.6.3 2 0;1;2; 5.6.2
TRACE - 4.1.2 2 0;1; 4.1.1
TRACE - 5.6.3 2 0;1;2; 5.6.2
TRACE - 7.2.10 2 0;1;2;3;4;5;6;7;8;9; 7.2.9
TRACE - 7.2.12 2 0;1;2;3;4;5;6;7;8;9;10;11; 7.2.11
TRACE - 7.2.17 2 0;1;2;3;4;5;6;7;8;9;10;11;12;13;14;15;16; 7.2.16
TRACE - 7.2.20 2 0;1;2;3;4;5;6;7;8;9;10;11;12;13;14;15;16;17;18;19; 7.2.19
TRACE - 7.2.21 2 0;1;2;3;4;5;6;7;8;9;10;11;12;13;14;15;16;17;18;19;20; 7.2.20
TRACE - 7.2.22 2 0;1;2;3;4;5;6;7;8;9;10;11;12;13;14;15;16;17;18;19;20;21; 7.2.21
TRACE - 7.2.22 2 0;1;2;3;4;5;6;7;8;9;10;11;12;13;14;15;16;17;18;19;20;21; 7.2.21
TRACE - 1.0.53 2 49;50;51;52; 1.0.52
TRACE - 1.1.34 2 0;1;2;3;4;5;6;7;9;10;12;13;14;17;19;20;21;22;24;25;26;28;29;31;32;33; 1.1.33
TRACE - 1.5.2 2 0;1; 1.5.1-rc.5
TRACE - 1.6.0 1 0;1;2;3;4;5; 1.5.11
TRACE - 1.8.16 2 0;1;2;4;5;6;7;8;9;10;11;12; 1.8.12
TRACE - 4.1.2 2 0;1; 4.1.1
TRACE - 2.3.8 2 0;1;2;3;4;5;6;7; 2.3.7
TRACE - 22.4.0 1 0;1;2; 22.2.1
TRACE - 22.4.1 2 0; 22.4.0
TRACE - 22.4.2 2 0;1; 22.4.1
TRACE - 22.5.0 1 0;1;2;4; 22.4.2
TRACE - 22.5.1 2 0; 22.5.0
TRACE - 22.5.2 2 0;1; 22.5.1
TRACE - 22.5.3 2 0;1;2; 22.5.2
TRACE - 22.7.0 1 0;1;2;4;5; 22.5.3
TRACE - 22.7.1 2 0; 22.7.0
TRACE - 22.7.2 2 0;1; 22.7.1
TRACE - 22.8.0 1 0;1;2;4;5;7; 22.7.2
TRACE - 22.8.1 2 0; 22.8.0
TRACE - 22.8.2 2 0;1; 22.8.1
TRACE - 22.8.3 2 0;1;2; 22.8.2
TRACE - 22.8.4 2 0;1;2;3; 22.8.3
TRACE - 22.9.0 1 0;1;2;4;5;7;8; 22.8.4
TRACE - 22.9.1 2 0; 22.9.0
TRACE - 22.9.2 2 0;1; 22.9.1
TRACE - 23.0.0 0 22; 22.9.2
TRACE - 23.0.2 2 0;1; 23.0.1
TRACE - 23.1.0 1 0; 23.0.2
TRACE - 23.1.1 2 0; 23.1.0
TRACE - 23.1.2 2 0;1; 23.1.1
TRACE - 23.1.3 2 0;1;2; 23.1.2
TRACE - 23.2.0 1 0;1; 23.1.3
TRACE - 23.2.1 2 0; 23.2.0
TRACE - 23.2.2 2 0;1; 23.2.1
TRACE - 23.2.3 2 0;1;2; 23.2.2
TRACE - 23.2.4 2 0;1;2;3; 23.2.3
TRACE - 23.2.5 2 0;1;2;3;4; 23.2.4
TRACE - 23.2.6 2 0;1;2;3;4;5; 23.2.5
TRACE - 23.2.7 2 0;1;2;3;4;5;6; 23.2.6
TRACE - 23.2.8 2 0;1;2;3;4;5;6;7; 23.2.7
TRACE - 24.0.0 0 22;23; 23.2.8
TRACE - 24.0.1 2 0; 24.0.0
TRACE - 24.1.1 2 0; 24.1.0-rc3
TRACE - 24.1.2 2 0;1; 24.1.1
TRACE - 24.1.3 2 0;1;2; 24.1.2
TRACE - 24.2.1 2 0; 24.2.0-beta2
TRACE - 24.2.2 2 0;1; 24.2.1
TRACE - 24.2.3 2 0;1;2; 24.2.2
TRACE - 24.3.0 1 0;1;2; 24.2.3
TRACE - 24.3.1 2 0; 24.3.0
TRACE - 24.5.0 1 0;1;2;3; 24.3.1
TRACE - 25.0.0 0 22;23;24; 24.5.0
TRACE - 25.1.0 1 0; 25.0.0
TRACE - 25.1.2 2 0; 25.1.0
TRACE - 25.1.3 2 0;2; 25.1.2
TRACE - 25.2.0 1 0;1; 25.1.3
INFO - There were 226911 pairs where both use semantic versioning
INFO - There were 2912 pairs that were discarded as they don't use semantic versioning
INFO - There were 3594 pairs with sufficient history to write to file
INFO - There were 223317 pairs discarded due to small size of history
INFO - There were 51 dependencies that were declared before publish timestamp
INFO - These were published an average of 29612 minutes after being declared
INFO - Timelines created
