INFO - Connection ready
INFO - DB loaded
INFO - Read in line: 100000
INFO - Read in line: 200000
INFO - Read in line: 300000
INFO - Read in line: 400000
INFO - Read in line: 500000
INFO - Read in line: 600000
INFO - Read in line: 700000
INFO - Read in line: 800000
INFO - Read in line: 900000
INFO - Read in line: 1000000
INFO - Read in line: 1100000
INFO - Read in line: 1200000
INFO - Read in line: 1300000
INFO - Read in line: 1400000
INFO - Read in line: 1500000
INFO - Read in line: 1600000
INFO - Read in line: 1700000
INFO - Read in line: 1800000
INFO - Read in line: 1900000
INFO - Read in line: 2000000
INFO - Read in line: 2100000
INFO - Read in line: 2200000
INFO - Read in line: 2300000
INFO - Read in line: 2400000
INFO - Read in line: 2500000
INFO - Read in line: 2600000
INFO - Read in line: 2700000
INFO - Read in line: 2800000
INFO - Read in line: 2900000
INFO - Read in line: 3000000
INFO - Read in line: 3100000
INFO - Read in line: 3200000
INFO - Read in line: 3300000
INFO - Read in line: 3400000
INFO - Read in line: 3500000
INFO - Read in line: 3600000
INFO - Read in line: 3700000
INFO - Read in line: 3800000
INFO - Read in line: 3900000
INFO - Read in line: 4000000
INFO - Read in line: 4100000
INFO - Read in line: 4200000
INFO - Read in line: 4300000
INFO - Read in line: 4400000
INFO - Read in line: 4500000
INFO - Read in line: 4600000
INFO - Read in line: 4700000
INFO - Read in line: 4800000
INFO - Read in line: 4900000
INFO - Read in line: 5000000
INFO - Read in line: 5100000
INFO - Read in line: 5200000
INFO - Read in line: 5300000
INFO - Read in line: 5400000
INFO - Read in line: 5500000
INFO - Results consumed
INFO - Projects compared
INFO - Dependencies FOUND: 2044401, Not FOUND: 2800218

INFO - Got project pairs
WARN - :io.reactivex.rxjava2:rxjava is null
TRACE - 1.0.3 0  0.0.0
TRACE - 1.1.5 0  0.0.0
TRACE - 1.1.5 2 0;1;2;3;4; 1.1.4
TRACE - 1.1.5 2 0;1;2;3;4; 1.1.4
TRACE - 1.1.5 2 0;1;2;3;4; 1.1.4
TRACE - 1.1.5 2 0;1;2;3;4;6; 1.1.6
TRACE - 1.1.5 2 0;1;2;3;4;6; 1.1.6
TRACE - 1.1.5 2 0;1;2;3;4;6; 1.1.6
TRACE - 1.1.5 2 0;1;2;3;4;6; 1.1.6
TRACE - 1.1.5 2 0;1;2;3;4;6; 1.1.6
TRACE - 1.1.5 2 0;1;2;3;4;6; 1.1.6
TRACE - 1.1.5 2 0;1;2;3;4;6; 1.1.6
TRACE - 1.1.5 2 0;1;2;3;4;6; 1.1.6
TRACE - 1.1.5 2 0;1;2;3;4;6; 1.1.6
TRACE - 1.1.5 2 0;1;2;3;4;6; 1.1.6
TRACE - 1.1.5 2 0;1;2;3;4;6; 1.1.6
TRACE - 1.1.5 2 0;1;2;3;4;6; 1.1.6
TRACE - 1.1.5 2 0;1;2;3;4;6; 1.1.6
TRACE - 1.1.5 2 0;1;2;3;4;6; 1.1.6
TRACE - 1.1.5 2 0;1;2;3;4;6; 1.1.6
TRACE - 1.1.5 2 0;1;2;3;4;6; 1.1.6
TRACE - 1.1.5 2 0;1;2;3;4;6; 1.1.6
TRACE - 1.1.5 2 0;1;2;3;4;6; 1.1.6
TRACE - 1.1.5 2 0;1;2;3;4;6; 1.1.6
TRACE - 1.1.5 2 0;1;2;3;4;6; 1.1.6
TRACE - 1.1.5 2 0;1;2;3;4;6; 1.1.6
TRACE - 1.1.5 2 0;1;2;3;4;6; 1.1.6
TRACE - 1.1.5 2 0;1;2;3;4;6; 1.1.6
TRACE - 1.1.5 2 0;1;2;3;4;6; 1.1.6
TRACE - 1.1.5 2 0;1;2;3;4;6; 1.1.6
TRACE - 1.1.5 2 0;1;2;3;4;6; 1.1.6
TRACE - 1.1.5 2 0;1;2;3;4;6; 1.1.6
TRACE - 1.1.5 2 0;1;2;3;4;6; 1.1.6
TRACE - 1.1.5 2 0;1;2;3;4;6; 1.1.6
TRACE - 1.1.5 2 0;1;2;3;4;6; 1.1.6
TRACE - 1.1.5 2 0;1;2;3;4;6; 1.1.6
TRACE - 1.1.5 2 0;1;2;3;4;6; 1.1.6
TRACE - 1.1.5 2 0;1;2;3;4;6; 1.1.6
TRACE - 1.1.5 2 0;1;2;3;4;6; 1.1.6
TRACE - 1.1.5 2 0;1;2;3;4;6; 1.1.6
TRACE - 1.1.5 2 0;1;2;3;4;6; 1.1.6
TRACE - 1.1.5 2 0;1;2;3;4;6; 1.1.6
TRACE - 1.1.5 2 0;1;2;3;4;6; 1.1.6
TRACE - 1.1.5 2 0;1;2;3;4;6; 1.1.6
TRACE - 1.1.5 2 0;1;2;3;4;6; 1.1.6
TRACE - 1.1.5 2 0;1;2;3;4;6; 1.1.6
TRACE - 1.1.5 2 0;1;2;3;4;6; 1.1.6
TRACE - 1.1.5 2 0;1;2;3;4;6; 1.1.6
TRACE - 1.1.5 2 0;1;2;3;4;6; 1.1.6
TRACE - 1.1.5 2 0;1;2;3;4;6; 1.1.6
TRACE - 1.1.5 2 0;1;2;3;4;6; 1.1.6
TRACE - 1.1.5 2 0;1;2;3;4;6; 1.1.6
TRACE - 1.1.5 2 0;1;2;3;4;6; 1.1.6
TRACE - 1.1.5 2 0;1;2;3;4;6; 1.1.6
TRACE - 1.1.5 2 0;1;2;3;4;6; 1.1.6
TRACE - 1.1.5 2 0;1;2;3;4;6; 1.1.6
TRACE - 1.1.5 2 0;1;2;3;4;6; 1.1.6
TRACE - 1.1.5 2 0;1;2;3;4;6; 1.1.6
TRACE - 1.1.5 2 0;1;2;3;4;6; 1.1.6
TRACE - 1.1.5 2 0;1;2;3;4;6; 1.1.6
TRACE - 1.1.5 2 0;1;2;3;4;6; 1.1.6
TRACE - 1.1.5 2 0;1;2;3;4;6; 1.1.6
TRACE - 1.1.5 2 0;1;2;3;4;6; 1.1.6
TRACE - 1.1.5 2 0;1;2;3;4;6; 1.1.6
TRACE - 1.1.5 2 0;1;2;3;4;6; 1.1.6
TRACE - 1.1.5 2 0;1;2;3;4;6; 1.1.6
TRACE - 1.1.5 2 0;1;2;3;4;6; 1.1.6
TRACE - 1.1.5 2 0;1;2;3;4;6; 1.1.6
TRACE - 1.1.5 2 0;1;2;3;4;6; 1.1.6
TRACE - 1.1.5 2 0;1;2;3;4;6; 1.1.6
TRACE - 1.1.5 2 0;1;2;3;4;6; 1.1.6
TRACE - 1.1.5 2 0;1;2;3;4;6; 1.1.6
TRACE - 1.1.5 2 0;1;2;3;4;6; 1.1.6
TRACE - 1.1.5 2 0;1;2;3;4;6; 1.1.6
TRACE - 1.1.5 2 0;1;2;3;4;6; 1.1.6
TRACE - 1.1.5 2 0;1;2;3;4;6; 1.1.6
TRACE - 1.1.5 2 0;1;2;3;4;6; 1.1.6
TRACE - 1.1.5 2 0;1;2;3;4;6; 1.1.6
TRACE - 1.1.5 2 0;1;2;3;4;6; 1.1.6
TRACE - 1.1.5 2 0;1;2;3;4;6; 1.1.6
TRACE - 1.1.5 2 0;1;2;3;4;6; 1.1.6
TRACE - 1.1.5 2 0;1;2;3;4;6; 1.1.6
TRACE - 1.1.5 2 0;1;2;3;4;6; 1.1.6
TRACE - 1.1.5 2 0;1;2;3;4;6; 1.1.6
TRACE - 1.1.5 2 0;1;2;3;4;6; 1.1.6
TRACE - 1.1.5 2 0;1;2;3;4;6; 1.1.6
TRACE - 1.1.5 2 0;1;2;3;4;6; 1.1.6
TRACE - 1.1.5 2 0;1;2;3;4;6; 1.1.6
TRACE - 1.1.5 2 0;1;2;3;4;6; 1.1.6
TRACE - 1.1.5 2 0;1;2;3;4;6; 1.1.6
TRACE - 1.1.5 2 0;1;2;3;4;6; 1.1.6
TRACE - 1.1.5 2 0;1;2;3;4;6; 1.1.6
TRACE - 1.1.5 2 0;1;2;3;4;6; 1.1.6
TRACE - 1.1.5 2 0;1;2;3;4;6; 1.1.6
TRACE - 1.1.5 2 0;1;2;3;4;6; 1.1.6
TRACE - 1.1.5 2 0;1;2;3;4;6; 1.1.6
TRACE - 1.1.5 2 0;1;2;3;4;6; 1.1.6
TRACE - 1.1.5 2 0;1;2;3;4;6; 1.1.6
TRACE - 1.1.5 2 0;1;2;3;4;6; 1.1.6
TRACE - 1.1.5 2 0;1;2;3;4;6; 1.1.6
TRACE - 1.1.5 2 0;1;2;3;4;6; 1.1.6
TRACE - 2.8.1 1 0;1;2;3;4;5;6;7; 2.7.4
WARN - :org.jetbrains.kotlin:kotlin-stdlib is null
INFO - There were 226911 pairs where both use semantic versioning
INFO - There were 2912 pairs that were discarded as they don't use semantic versioning
INFO - There were 3594 pairs with sufficient history to write to file
INFO - There were 223317 pairs discarded due to small size of history
INFO - There were 689 dependencies that were declared before publish timestamp
INFO - These were published an average of 8317 minutes after being declared
INFO - Timelines created
