INFO - Connection ready
INFO - DB loaded
INFO - Read in line: 100000
INFO - Read in line: 200000
INFO - Read in line: 300000
INFO - Read in line: 400000
INFO - Read in line: 500000
INFO - Read in line: 600000
INFO - Read in line: 700000
INFO - Read in line: 800000
INFO - Read in line: 900000
INFO - Read in line: 1000000
INFO - Read in line: 1100000
INFO - Read in line: 1200000
INFO - Read in line: 1300000
INFO - Read in line: 1400000
INFO - Read in line: 1500000
INFO - Read in line: 1600000
INFO - Read in line: 1700000
INFO - Read in line: 1800000
INFO - Read in line: 1900000
INFO - Read in line: 2000000
INFO - Read in line: 2100000
INFO - Read in line: 2200000
INFO - Read in line: 2300000
INFO - Read in line: 2400000
INFO - Read in line: 2500000
INFO - Read in line: 2600000
INFO - Read in line: 2700000
INFO - Read in line: 2800000
INFO - Read in line: 2900000
INFO - Read in line: 3000000
INFO - Read in line: 3100000
INFO - Read in line: 3200000
INFO - Read in line: 3300000
INFO - Read in line: 3400000
INFO - Read in line: 3500000
INFO - Read in line: 3600000
INFO - Read in line: 3700000
INFO - Read in line: 3800000
INFO - Read in line: 3900000
INFO - Read in line: 4000000
INFO - Read in line: 4100000
INFO - Read in line: 4200000
INFO - Read in line: 4300000
INFO - Read in line: 4400000
INFO - Read in line: 4500000
INFO - Read in line: 4600000
INFO - Read in line: 4700000
INFO - Read in line: 4800000
INFO - Read in line: 4900000
INFO - Read in line: 5000000
INFO - Read in line: 5100000
INFO - Read in line: 5200000
INFO - Read in line: 5300000
INFO - Read in line: 5400000
INFO - Read in line: 5500000
INFO - Results consumed
INFO - Projects compared
INFO - Dependencies FOUND: 2044401, Not FOUND: 2800218

INFO - Got project pairs
WARN - :io.reactivex.rxjava2:rxjava is null
TRACE - 2.3.0.M1 java.util.stream.ReferencePipeline$3@6977ad7c
TRACE - 2.3.0.M1 java.util.stream.ReferencePipeline$3@54d5851a
TRACE - 2.3.1 java.util.stream.ReferencePipeline$3@624d60a6
TRACE - 2.3.2 java.util.stream.ReferencePipeline$3@36852dde
TRACE - 2.3.3 java.util.stream.ReferencePipeline$3@3ea87b91
TRACE - 2.3.4 java.util.stream.ReferencePipeline$3@462dd40b
TRACE - 2.3.4 java.util.stream.ReferencePipeline$3@4fecc438
TRACE - 3.5.4 java.util.stream.ReferencePipeline$3@40e8e725
TRACE - 2.3.8 java.util.stream.ReferencePipeline$3@5018ebc6
TRACE - 3.0.0.M1 java.util.stream.ReferencePipeline$3@2d1176a7
TRACE - 1.2.5 java.util.stream.ReferencePipeline$3@5b46282
TRACE - 22.4.0 java.util.stream.ReferencePipeline$3@4c81a170
TRACE - 22.4.1 java.util.stream.ReferencePipeline$3@fc44e7c
TRACE - 22.4.2 java.util.stream.ReferencePipeline$3@2613f6eb
TRACE - 22.5.0 java.util.stream.ReferencePipeline$3@67585978
TRACE - 22.5.1 java.util.stream.ReferencePipeline$3@440d66d7
TRACE - 22.5.2 java.util.stream.ReferencePipeline$3@69176784
TRACE - 22.5.3 java.util.stream.ReferencePipeline$3@500a60e3
TRACE - 22.7.0 java.util.stream.ReferencePipeline$3@75bc7003
TRACE - 22.7.1 java.util.stream.ReferencePipeline$3@5a288bbd
TRACE - 22.7.2 java.util.stream.ReferencePipeline$3@8d1ec3b
TRACE - 23.1.1 java.util.stream.ReferencePipeline$3@b5f88ba
TRACE - 23.1.2 java.util.stream.ReferencePipeline$3@1d75ddba
TRACE - 23.1.3 java.util.stream.ReferencePipeline$3@31ec8ca
TRACE - 23.2.2 java.util.stream.ReferencePipeline$3@4a94ca6
TRACE - 23.2.4 java.util.stream.ReferencePipeline$3@73440ed1
TRACE - 23.2.5 java.util.stream.ReferencePipeline$3@406f850e
TRACE - 23.2.6 java.util.stream.ReferencePipeline$3@35c24d51
TRACE - 23.2.7 java.util.stream.ReferencePipeline$3@7b40eb33
TRACE - 23.2.8 java.util.stream.ReferencePipeline$3@28a1400c
TRACE - 24.0.0 java.util.stream.ReferencePipeline$3@14daf7e3
TRACE - 24.0.1 java.util.stream.ReferencePipeline$3@33d598ec
TRACE - 2.3.0.M1 java.util.stream.ReferencePipeline$3@34cd9695
TRACE - 2.3.0.M1 java.util.stream.ReferencePipeline$3@230253a3
TRACE - 2.3.1 java.util.stream.ReferencePipeline$3@24544929
TRACE - 2.3.2 java.util.stream.ReferencePipeline$3@7ba19939
TRACE - 2.3.3 java.util.stream.ReferencePipeline$3@2300d1e6
TRACE - 2.3.4 java.util.stream.ReferencePipeline$3@12ae116e
TRACE - 2.3.4 java.util.stream.ReferencePipeline$3@14b51f13
TRACE - 22.4.0 java.util.stream.ReferencePipeline$3@2d5e6ca7
TRACE - 22.4.1 java.util.stream.ReferencePipeline$3@27a607d7
TRACE - 22.4.2 java.util.stream.ReferencePipeline$3@62a48d47
TRACE - 22.5.0 java.util.stream.ReferencePipeline$3@3cc1eee0
TRACE - 22.5.1 java.util.stream.ReferencePipeline$3@538c2c63
TRACE - 22.5.2 java.util.stream.ReferencePipeline$3@4403117a
TRACE - 22.5.3 java.util.stream.ReferencePipeline$3@28b7208
TRACE - 22.7.0 java.util.stream.ReferencePipeline$3@310e3a57
TRACE - 22.7.1 java.util.stream.ReferencePipeline$3@353f721
TRACE - 22.7.2 java.util.stream.ReferencePipeline$3@5f07bef0
TRACE - 22.8.0 java.util.stream.ReferencePipeline$3@6c58c2a
TRACE - 22.8.1 java.util.stream.ReferencePipeline$3@46d9d227
TRACE - 22.8.2 java.util.stream.ReferencePipeline$3@5aafdf22
TRACE - 22.8.3 java.util.stream.ReferencePipeline$3@38bd1ab9
TRACE - 22.8.4 java.util.stream.ReferencePipeline$3@12337558
TRACE - 22.9.0 java.util.stream.ReferencePipeline$3@1a73c5d3
TRACE - 22.9.1 java.util.stream.ReferencePipeline$3@3e014f70
TRACE - 22.9.2 java.util.stream.ReferencePipeline$3@6e39e2db
TRACE - 23.0.0 java.util.stream.ReferencePipeline$3@67a9d3f1
TRACE - 23.0.2 java.util.stream.ReferencePipeline$3@63f0cf8a
TRACE - 23.1.0 java.util.stream.ReferencePipeline$3@573e664b
TRACE - 23.1.1 java.util.stream.ReferencePipeline$3@7630794d
TRACE - 23.1.2 java.util.stream.ReferencePipeline$3@5faf1a21
TRACE - 23.1.3 java.util.stream.ReferencePipeline$3@3a4612c1
TRACE - 23.2.0 java.util.stream.ReferencePipeline$3@1eee37fc
TRACE - 23.2.1 java.util.stream.ReferencePipeline$3@6be1df7d
TRACE - 23.2.2 java.util.stream.ReferencePipeline$3@4c38ae32
TRACE - 23.2.3 java.util.stream.ReferencePipeline$3@46626d6e
TRACE - 23.2.4 java.util.stream.ReferencePipeline$3@295cf389
TRACE - 23.2.5 java.util.stream.ReferencePipeline$3@4ca3cbe8
TRACE - 23.2.6 java.util.stream.ReferencePipeline$3@4563b570
TRACE - 23.2.7 java.util.stream.ReferencePipeline$3@10bfb9af
TRACE - 23.2.8 java.util.stream.ReferencePipeline$3@5e31c08a
TRACE - 24.0.0 java.util.stream.ReferencePipeline$3@c9fbc2f
TRACE - 24.0.1 java.util.stream.ReferencePipeline$3@548f40f9
TRACE - 24.1.0-rc1 java.util.stream.ReferencePipeline$3@3910e906
TRACE - 24.1.1 java.util.stream.ReferencePipeline$3@69f54b3e
TRACE - 24.1.2 java.util.stream.ReferencePipeline$3@187aeceb
TRACE - 24.1.3 java.util.stream.ReferencePipeline$3@365cef95
TRACE - 24.2.0-beta1 java.util.stream.ReferencePipeline$3@8ba7881
TRACE - 2.3.1 java.util.stream.ReferencePipeline$3@2cafddc1
TRACE - 24.2.1 java.util.stream.ReferencePipeline$3@4b556e13
TRACE - 2.3.2 java.util.stream.ReferencePipeline$3@2b6c4b54
TRACE - 24.2.2 java.util.stream.ReferencePipeline$3@487ce26
TRACE - 2.3.3 java.util.stream.ReferencePipeline$3@7a728e95
TRACE - 24.3.0 java.util.stream.ReferencePipeline$3@55f6b964
TRACE - 2.3.4 java.util.stream.ReferencePipeline$3@28e105cf
TRACE - 24.3.1 java.util.stream.ReferencePipeline$3@e53ad2b
TRACE - 2.3.4 java.util.stream.ReferencePipeline$3@1bb4e7c6
TRACE - 24.5.0 java.util.stream.ReferencePipeline$3@6e967f04
TRACE - 25.0.0 java.util.stream.ReferencePipeline$3@54da6a0e
TRACE - 25.1.0 java.util.stream.ReferencePipeline$3@3487c468
TRACE - 25.1.2 java.util.stream.ReferencePipeline$3@272e0d26
TRACE - 25.1.3 java.util.stream.ReferencePipeline$3@7a1d2898
TRACE - 25.2.0 java.util.stream.ReferencePipeline$3@7d10a7cf
TRACE - 25.3.0 java.util.stream.ReferencePipeline$3@77be8881
TRACE - 1.0.3 java.util.stream.ReferencePipeline$3@202efc6d
TRACE - 1.1.1-ea java.util.stream.ReferencePipeline$3@33645918
TRACE - 1.1.1-ea java.util.stream.ReferencePipeline$3@4bb2be64
TRACE - 1.1.1-ea java.util.stream.ReferencePipeline$3@48cbcd13
TRACE - 1.1.5 java.util.stream.ReferencePipeline$3@1fd18df3
TRACE - 3.5.4 java.util.stream.ReferencePipeline$3@1cc22ec6
TRACE - 2.3.0.M1 java.util.stream.ReferencePipeline$3@647e6dda
TRACE - 2.3.0.M1 java.util.stream.ReferencePipeline$3@7edbe316
TRACE - 2.3.1 java.util.stream.ReferencePipeline$3@6090a191
TRACE - 2.3.2 java.util.stream.ReferencePipeline$3@779700e4
TRACE - 2.3.3 java.util.stream.ReferencePipeline$3@3a84d84d
TRACE - 2.3.4 java.util.stream.ReferencePipeline$3@1b664f58
TRACE - 2.3.4 java.util.stream.ReferencePipeline$3@7e1ff98c
TRACE - 1.12.6.RELEASE java.util.stream.ReferencePipeline$3@63aa34ed
TRACE - 4.1.2 java.util.stream.ReferencePipeline$3@4680469f
TRACE - 22.4.0 java.util.stream.ReferencePipeline$3@524b390f
TRACE - 22.4.1 java.util.stream.ReferencePipeline$3@3c2303f5
TRACE - 22.4.2 java.util.stream.ReferencePipeline$3@1ccca6c3
TRACE - 22.5.0 java.util.stream.ReferencePipeline$3@20fae84b
TRACE - 22.5.1 java.util.stream.ReferencePipeline$3@2bf22e1a
TRACE - 22.5.2 java.util.stream.ReferencePipeline$3@f6aac3a
TRACE - 22.5.3 java.util.stream.ReferencePipeline$3@7669e9aa
TRACE - 22.7.0 java.util.stream.ReferencePipeline$3@126ff9c
TRACE - 22.7.1 java.util.stream.ReferencePipeline$3@3b9e835c
TRACE - 22.7.2 java.util.stream.ReferencePipeline$3@61cff369
TRACE - 22.8.0 java.util.stream.ReferencePipeline$3@58526243
TRACE - 22.8.1 java.util.stream.ReferencePipeline$3@6ebebcca
TRACE - 22.8.2 java.util.stream.ReferencePipeline$3@21f54622
TRACE - 22.8.3 java.util.stream.ReferencePipeline$3@3fbfadce
TRACE - 22.8.4 java.util.stream.ReferencePipeline$3@74b49000
TRACE - 22.9.0 java.util.stream.ReferencePipeline$3@6ff72ab0
TRACE - 22.9.1 java.util.stream.ReferencePipeline$3@64b8b53a
TRACE - 22.9.2 java.util.stream.ReferencePipeline$3@26aba5be
TRACE - 23.0.0 java.util.stream.ReferencePipeline$3@764f05fb
TRACE - 23.0.2 java.util.stream.ReferencePipeline$3@203b1328
TRACE - 23.1.0 java.util.stream.ReferencePipeline$3@10b6370
TRACE - 23.1.1 java.util.stream.ReferencePipeline$3@7af6b0ba
TRACE - 23.1.2 java.util.stream.ReferencePipeline$3@741802c2
TRACE - 23.1.3 java.util.stream.ReferencePipeline$3@c42ed3a
TRACE - 23.2.0 java.util.stream.ReferencePipeline$3@56081f21
TRACE - 23.2.1 java.util.stream.ReferencePipeline$3@19b4063a
TRACE - 23.2.2 java.util.stream.ReferencePipeline$3@2d8e09dc
TRACE - 23.2.3 java.util.stream.ReferencePipeline$3@36be0a6a
TRACE - 23.2.4 java.util.stream.ReferencePipeline$3@2059fa8b
TRACE - 23.2.5 java.util.stream.ReferencePipeline$3@19e5bd6c
TRACE - 23.2.6 java.util.stream.ReferencePipeline$3@44f88765
TRACE - 23.2.7 java.util.stream.ReferencePipeline$3@25338ca
TRACE - 23.2.8 java.util.stream.ReferencePipeline$3@6db117a9
TRACE - 24.0.0 java.util.stream.ReferencePipeline$3@590bc9ae
TRACE - 24.0.1 java.util.stream.ReferencePipeline$3@5948be45
TRACE - 24.1.0-rc1 java.util.stream.ReferencePipeline$3@424648ce
TRACE - 24.1.2 java.util.stream.ReferencePipeline$3@27af0370
TRACE - 24.2.1 java.util.stream.ReferencePipeline$3@206ef892
TRACE - 24.2.2 java.util.stream.ReferencePipeline$3@3cc8c04c
TRACE - 24.2.3 java.util.stream.ReferencePipeline$3@4c38ef23
TRACE - 24.3.0 java.util.stream.ReferencePipeline$3@13d3d157
TRACE - 24.3.1 java.util.stream.ReferencePipeline$3@44ae11d7
TRACE - 24.5.0 java.util.stream.ReferencePipeline$3@3e9e63ae
TRACE - 2.3.1 java.util.stream.ReferencePipeline$3@3f228958
TRACE - 25.0.0 java.util.stream.ReferencePipeline$3@3554d2a9
TRACE - 25.1.0 java.util.stream.ReferencePipeline$3@3880f43d
TRACE - 25.1.2 java.util.stream.ReferencePipeline$3@c147a53
TRACE - 25.1.3 java.util.stream.ReferencePipeline$3@415afb6c
TRACE - 25.2.0 java.util.stream.ReferencePipeline$3@5288a874
TRACE - 25.3.0 java.util.stream.ReferencePipeline$3@6d969f04
TRACE - 22.4.0 java.util.stream.ReferencePipeline$3@3140568b
TRACE - 22.4.1 java.util.stream.ReferencePipeline$3@2d1aa65e
TRACE - 22.4.2 java.util.stream.ReferencePipeline$3@42f302a
TRACE - 22.5.0 java.util.stream.ReferencePipeline$3@5fd7aba
TRACE - 22.5.1 java.util.stream.ReferencePipeline$3@363a8080
TRACE - 22.5.2 java.util.stream.ReferencePipeline$3@4eeaf84f
TRACE - 22.5.3 java.util.stream.ReferencePipeline$3@33392fd8
TRACE - 22.7.0 java.util.stream.ReferencePipeline$3@5dffbbaf
TRACE - 22.7.1 java.util.stream.ReferencePipeline$3@3f230e10
TRACE - 22.7.2 java.util.stream.ReferencePipeline$3@2692b13b
TRACE - 22.8.0 java.util.stream.ReferencePipeline$3@5caf1dde
TRACE - 22.8.1 java.util.stream.ReferencePipeline$3@7c2df727
TRACE - 22.8.2 java.util.stream.ReferencePipeline$3@5bd9353c
TRACE - 22.8.3 java.util.stream.ReferencePipeline$3@68714c15
TRACE - 22.8.4 java.util.stream.ReferencePipeline$3@4c14fd28
TRACE - 22.9.0 java.util.stream.ReferencePipeline$3@5f13bf42
TRACE - 22.9.1 java.util.stream.ReferencePipeline$3@4df11149
TRACE - 22.9.2 java.util.stream.ReferencePipeline$3@2f82fd06
TRACE - 23.0.0 java.util.stream.ReferencePipeline$3@4414a863
TRACE - 23.0.2 java.util.stream.ReferencePipeline$3@63ff60c
TRACE - 23.1.0 java.util.stream.ReferencePipeline$3@4301d4db
TRACE - 23.1.1 java.util.stream.ReferencePipeline$3@7bd37b70
TRACE - 23.1.2 java.util.stream.ReferencePipeline$3@1ae583d9
TRACE - 23.1.3 java.util.stream.ReferencePipeline$3@6393891f
TRACE - 23.2.0 java.util.stream.ReferencePipeline$3@2e792eba
TRACE - 23.2.1 java.util.stream.ReferencePipeline$3@4e11d8fe
TRACE - 23.2.2 java.util.stream.ReferencePipeline$3@785c61ae
TRACE - 23.2.3 java.util.stream.ReferencePipeline$3@778d4cb
TRACE - 23.2.4 java.util.stream.ReferencePipeline$3@60932660
TRACE - 23.2.5 java.util.stream.ReferencePipeline$3@2085c4a4
TRACE - 23.2.6 java.util.stream.ReferencePipeline$3@3bcf800b
TRACE - 23.2.7 java.util.stream.ReferencePipeline$3@7ad0d535
TRACE - 23.2.8 java.util.stream.ReferencePipeline$3@3094c29
TRACE - 24.0.0 java.util.stream.ReferencePipeline$3@da71808
TRACE - 24.0.1 java.util.stream.ReferencePipeline$3@4a2f1e6f
TRACE - 2.3.1 java.util.stream.ReferencePipeline$3@362a0362
TRACE - 2.3.2 java.util.stream.ReferencePipeline$3@7f8b798a
TRACE - 2.3.3 java.util.stream.ReferencePipeline$3@4a59492b
TRACE - 2.3.4 java.util.stream.ReferencePipeline$3@7837ea69
TRACE - 2.3.4 java.util.stream.ReferencePipeline$3@1ee0c71e
TRACE - 2.3.6 java.util.stream.ReferencePipeline$3@3a83ba61
TRACE - 2.3.7 java.util.stream.ReferencePipeline$3@3a93ac0b
TRACE - 2.3.8 java.util.stream.ReferencePipeline$3@7d307d92
TRACE - 3.0.0.M1 java.util.stream.ReferencePipeline$3@65709d1d
TRACE - 3.0.3.RELEASE java.util.stream.ReferencePipeline$3@24470a40
TRACE - 3.0.4.RELEASE java.util.stream.ReferencePipeline$3@1836d45c
TRACE - 3.0.6.RELEASE java.util.stream.ReferencePipeline$3@2a8996eb
TRACE - 3.1.0.RELEASE java.util.stream.ReferencePipeline$3@6e79999b
TRACE - 4.1.2 java.util.stream.ReferencePipeline$3@427fb607
TRACE - 5.6.3 java.util.stream.ReferencePipeline$3@42876360
TRACE - 6.2.2 java.util.stream.ReferencePipeline$3@65536ccf
TRACE - 6.1.4 java.util.stream.ReferencePipeline$3@1b71511a
TRACE - 6.2.4 java.util.stream.ReferencePipeline$3@7a88af1c
TRACE - 6.3.2 java.util.stream.ReferencePipeline$3@36d4f4e
TRACE - 3.3.0.CR1 java.util.stream.ReferencePipeline$3@5468a4bf
TRACE - 3.3.0.CR2 java.util.stream.ReferencePipeline$3@43b47d4e
TRACE - 3.3.0.SP1 java.util.stream.ReferencePipeline$3@1a03b483
TRACE - 2.100 java.util.stream.ReferencePipeline$3@1d03ce16
TRACE - 3.0.0.M1 java.util.stream.ReferencePipeline$3@6278f5f
TRACE - 2.102 java.util.stream.ReferencePipeline$3@3b851f46
TRACE - 2.103 java.util.stream.ReferencePipeline$3@1224ebc5
TRACE - 1.1.34 java.util.stream.ReferencePipeline$3@2239b023
TRACE - 1.2.1-rc.1 java.util.stream.ReferencePipeline$3@97a8575
TRACE - 1.2.5-rc.1 java.util.stream.ReferencePipeline$3@2c315ea3
TRACE - 1.5.2 java.util.stream.ReferencePipeline$3@1656610d
TRACE - 1.6.0 java.util.stream.ReferencePipeline$3@7981634c
TRACE - 1.8.16 java.util.stream.ReferencePipeline$3@248d0024
TRACE - 2.3.0.M1 java.util.stream.ReferencePipeline$3@72f08b1e
TRACE - 2.3.0.M1 java.util.stream.ReferencePipeline$3@5c4a3528
TRACE - 2.3.1 java.util.stream.ReferencePipeline$3@3a12de84
TRACE - 2.3.2 java.util.stream.ReferencePipeline$3@18053d1c
TRACE - 2.3.3 java.util.stream.ReferencePipeline$3@6edbed79
TRACE - 2.3.4 java.util.stream.ReferencePipeline$3@63b576ff
TRACE - 2.3.4 java.util.stream.ReferencePipeline$3@4f7f72f3
TRACE - 4.8 java.util.stream.ReferencePipeline$3@7da67ef8
TRACE - 2.3.0.M1 java.util.stream.ReferencePipeline$3@6c4e09d7
TRACE - 2.3.0.M1 java.util.stream.ReferencePipeline$3@5301bb0d
TRACE - 2.3.1 java.util.stream.ReferencePipeline$3@3aff891c
TRACE - 2.3.2 java.util.stream.ReferencePipeline$3@74e06105
TRACE - 2.3.3 java.util.stream.ReferencePipeline$3@68fcdeff
TRACE - 2.3.4 java.util.stream.ReferencePipeline$3@36fbd93e
TRACE - 2.3.4 java.util.stream.ReferencePipeline$3@708a1194
TRACE - 2.3.6 java.util.stream.ReferencePipeline$3@715bec9
TRACE - 2.3.7 java.util.stream.ReferencePipeline$3@99093f2
TRACE - 2.3.8 java.util.stream.ReferencePipeline$3@61ca99d7
TRACE - 3.0.0.M1 java.util.stream.ReferencePipeline$3@41ec32cb
TRACE - 1.2.1-rc.1 java.util.stream.ReferencePipeline$3@6ba53fc9
TRACE - 1.2.5-rc.1 java.util.stream.ReferencePipeline$3@66a73e4c
TRACE - 1.5.2 java.util.stream.ReferencePipeline$3@5316176e
TRACE - 1.6.0 java.util.stream.ReferencePipeline$3@73cc1dad
TRACE - 1.8.16 java.util.stream.ReferencePipeline$3@31d53f6a
TRACE - 1.1.5 java.util.stream.ReferencePipeline$3@7ea35bdd
TRACE - 4.0.1-2c0d6d9-20171014100524 java.util.stream.ReferencePipeline$3@2573f64a
TRACE - 1.1.5 java.util.stream.ReferencePipeline$3@4fa2d155
TRACE - 1.1.5 java.util.stream.ReferencePipeline$3@7e854d0
TRACE - 1.1.5 java.util.stream.ReferencePipeline$3@33345634
TRACE - 1.1.5 java.util.stream.ReferencePipeline$3@57ad9e3c
TRACE - 1.1.5 java.util.stream.ReferencePipeline$3@edcd5e5
TRACE - 1.1.5 java.util.stream.ReferencePipeline$3@4bd75e3a
TRACE - 1.1.5 java.util.stream.ReferencePipeline$3@5ac33482
TRACE - 1.1.5 java.util.stream.ReferencePipeline$3@61241d98
TRACE - 1.1.5 java.util.stream.ReferencePipeline$3@93f8fa4
TRACE - 1.1.5 java.util.stream.ReferencePipeline$3@78683637
TRACE - 1.1.5 java.util.stream.ReferencePipeline$3@3b4c6a9c
TRACE - 1.1.5 java.util.stream.ReferencePipeline$3@7a4568b0
TRACE - 1.1.5 java.util.stream.ReferencePipeline$3@f728af3
TRACE - 1.1.5 java.util.stream.ReferencePipeline$3@3612dca4
TRACE - 1.1.5 java.util.stream.ReferencePipeline$3@6ed25870
TRACE - 1.1.5 java.util.stream.ReferencePipeline$3@3f83bdf2
TRACE - 1.1.5 java.util.stream.ReferencePipeline$3@243d8de3
TRACE - 1.1.5 java.util.stream.ReferencePipeline$3@4ea923c
TRACE - 1.1.5 java.util.stream.ReferencePipeline$3@78074b09
TRACE - 1.1.5 java.util.stream.ReferencePipeline$3@5a4905d6
TRACE - 1.1.5 java.util.stream.ReferencePipeline$3@1253c9e9
TRACE - 1.1.5 java.util.stream.ReferencePipeline$3@42f8c2ed
TRACE - 1.1.5 java.util.stream.ReferencePipeline$3@e586b8
TRACE - 1.1.5 java.util.stream.ReferencePipeline$3@129044c7
TRACE - 1.1.5 java.util.stream.ReferencePipeline$3@1e00cbfd
TRACE - 1.1.5 java.util.stream.ReferencePipeline$3@1aeb8d7a
TRACE - 1.1.5 java.util.stream.ReferencePipeline$3@369718d9
TRACE - 1.1.5 java.util.stream.ReferencePipeline$3@2631c4b0
TRACE - 1.1.5 java.util.stream.ReferencePipeline$3@3e76aca8
TRACE - 1.1.5 java.util.stream.ReferencePipeline$3@78b06641
TRACE - 1.1.5 java.util.stream.ReferencePipeline$3@76eff85e
TRACE - 1.1.5 java.util.stream.ReferencePipeline$3@5ed3b677
TRACE - 1.1.5 java.util.stream.ReferencePipeline$3@55cb52e9
TRACE - 1.1.5 java.util.stream.ReferencePipeline$3@2e32a47f
TRACE - 1.1.5 java.util.stream.ReferencePipeline$3@279694ef
TRACE - 1.1.5 java.util.stream.ReferencePipeline$3@64b5fe64
TRACE - 1.1.5 java.util.stream.ReferencePipeline$3@6b66b401
TRACE - 1.1.5 java.util.stream.ReferencePipeline$3@504ce44e
TRACE - 1.1.5 java.util.stream.ReferencePipeline$3@43ee2344
TRACE - 1.1.5 java.util.stream.ReferencePipeline$3@863b383
TRACE - 1.1.5 java.util.stream.ReferencePipeline$3@567bd832
TRACE - 1.1.5 java.util.stream.ReferencePipeline$3@61a22827
TRACE - 1.1.5 java.util.stream.ReferencePipeline$3@5364c354
TRACE - 1.1.5 java.util.stream.ReferencePipeline$3@460e8d10
TRACE - 1.1.5 java.util.stream.ReferencePipeline$3@4e3c77ab
TRACE - 1.1.5 java.util.stream.ReferencePipeline$3@3e2f9d5b
TRACE - 1.1.5 java.util.stream.ReferencePipeline$3@4ba487a9
TRACE - 1.1.5 java.util.stream.ReferencePipeline$3@79f0f5c0
TRACE - 1.1.5 java.util.stream.ReferencePipeline$3@545c447a
TRACE - 1.1.5 java.util.stream.ReferencePipeline$3@16dbdeef
TRACE - 1.1.5 java.util.stream.ReferencePipeline$3@79ad9a52
TRACE - 1.1.5 java.util.stream.ReferencePipeline$3@78d3e52
TRACE - 1.1.5 java.util.stream.ReferencePipeline$3@31c4d54d
TRACE - 1.1.5 java.util.stream.ReferencePipeline$3@79a0593c
TRACE - 1.1.5 java.util.stream.ReferencePipeline$3@6cca2350
TRACE - 1.1.5 java.util.stream.ReferencePipeline$3@2dbff35
TRACE - 1.1.5 java.util.stream.ReferencePipeline$3@15a22c9e
TRACE - 1.1.5 java.util.stream.ReferencePipeline$3@6eb0feaf
TRACE - 1.1.5 java.util.stream.ReferencePipeline$3@535d808a
TRACE - 1.1.5 java.util.stream.ReferencePipeline$3@ea2ff83
TRACE - 1.1.5 java.util.stream.ReferencePipeline$3@a60f415
TRACE - 1.1.5 java.util.stream.ReferencePipeline$3@63cc2670
TRACE - 1.1.5 java.util.stream.ReferencePipeline$3@5c2aa353
TRACE - 1.1.5 java.util.stream.ReferencePipeline$3@45ed01b2
TRACE - 1.1.5 java.util.stream.ReferencePipeline$3@48a09546
TRACE - 1.1.5 java.util.stream.ReferencePipeline$3@4a5dd584
TRACE - 1.1.5 java.util.stream.ReferencePipeline$3@43e4c7a7
TRACE - 1.1.5 java.util.stream.ReferencePipeline$3@6e29bef8
TRACE - 1.1.5 java.util.stream.ReferencePipeline$3@22ef1cde
TRACE - 1.1.5 java.util.stream.ReferencePipeline$3@63a0cf2
TRACE - 1.1.5 java.util.stream.ReferencePipeline$3@63863a6d
TRACE - 1.1.5 java.util.stream.ReferencePipeline$3@407b869b
TRACE - 1.1.5 java.util.stream.ReferencePipeline$3@1aa87ba6
TRACE - 1.1.5 java.util.stream.ReferencePipeline$3@4ca3b99d
TRACE - 1.1.5 java.util.stream.ReferencePipeline$3@1e24b736
TRACE - 1.1.5 java.util.stream.ReferencePipeline$3@277b537
TRACE - 1.1.5 java.util.stream.ReferencePipeline$3@5b5b9b94
TRACE - 1.1.5 java.util.stream.ReferencePipeline$3@a65be33
TRACE - 1.1.5 java.util.stream.ReferencePipeline$3@3143354e
TRACE - 1.1.5 java.util.stream.ReferencePipeline$3@ea2e05c
TRACE - 1.1.5 java.util.stream.ReferencePipeline$3@9225d27
TRACE - 1.1.5 java.util.stream.ReferencePipeline$3@2e11ee16
TRACE - 1.1.5 java.util.stream.ReferencePipeline$3@6d057df
TRACE - 1.1.5 java.util.stream.ReferencePipeline$3@1f69e759
TRACE - 1.1.5 java.util.stream.ReferencePipeline$3@4b95af6
TRACE - 1.1.5 java.util.stream.ReferencePipeline$3@25f97529
TRACE - 1.1.5 java.util.stream.ReferencePipeline$3@2193a0e6
TRACE - 1.1.5 java.util.stream.ReferencePipeline$3@7110c8a2
TRACE - 1.1.5 java.util.stream.ReferencePipeline$3@3f30429c
TRACE - 1.1.5 java.util.stream.ReferencePipeline$3@510e286e
TRACE - 1.1.5 java.util.stream.ReferencePipeline$3@6da62639
TRACE - 1.1.5 java.util.stream.ReferencePipeline$3@1a04a6f7
TRACE - 1.1.5 java.util.stream.ReferencePipeline$3@279d3389
TRACE - 1.1.5 java.util.stream.ReferencePipeline$3@7f0224c
TRACE - 1.1.5 java.util.stream.ReferencePipeline$3@5b3b5b65
TRACE - 1.1.5 java.util.stream.ReferencePipeline$3@64b77deb
TRACE - 1.1.5 java.util.stream.ReferencePipeline$3@2a781b8f
TRACE - 1.1.5 java.util.stream.ReferencePipeline$3@2c1cbece
TRACE - 2.8.1 java.util.stream.ReferencePipeline$3@6edf3242
TRACE - 1.4.2 java.util.stream.ReferencePipeline$3@4f30e4d6
TRACE - 1.5.2 java.util.stream.ReferencePipeline$3@6db36c1c
TRACE - 1.0.2.RELEASE java.util.stream.ReferencePipeline$3@208b3f55
TRACE - 2.3.0.M1 java.util.stream.ReferencePipeline$3@2d7d385b
TRACE - 2.3.0.M1 java.util.stream.ReferencePipeline$3@727a403a
TRACE - 2.3.1 java.util.stream.ReferencePipeline$3@18348999
TRACE - 2.3.2 java.util.stream.ReferencePipeline$3@5197be9f
TRACE - 2.3.3 java.util.stream.ReferencePipeline$3@15ecfb16
TRACE - 2.3.4 java.util.stream.ReferencePipeline$3@35371201
TRACE - 2.3.4 java.util.stream.ReferencePipeline$3@9733d7f
TRACE - 2.3.6 java.util.stream.ReferencePipeline$3@657c0988
TRACE - 2.3.7 java.util.stream.ReferencePipeline$3@173a6a7a
TRACE - 2.3.8 java.util.stream.ReferencePipeline$3@1a90c586
TRACE - 4.1.2 java.util.stream.ReferencePipeline$3@a188b6e
TRACE - 1.1.1 java.util.stream.ReferencePipeline$3@432568b8
TRACE - 1.1.2 java.util.stream.ReferencePipeline$3@28fdc87c
TRACE - 1.1.3 java.util.stream.ReferencePipeline$3@4fbdfda4
TRACE - 1.2.0-beta1 java.util.stream.ReferencePipeline$3@42044e8b
TRACE - 22.4.0 java.util.stream.ReferencePipeline$3@34aff307
TRACE - 22.4.1 java.util.stream.ReferencePipeline$3@5491a6d1
TRACE - 22.4.2 java.util.stream.ReferencePipeline$3@5331a76c
TRACE - 22.5.0 java.util.stream.ReferencePipeline$3@69cacae6
TRACE - 22.5.1 java.util.stream.ReferencePipeline$3@22b63b13
TRACE - 22.5.2 java.util.stream.ReferencePipeline$3@7bc8b6ba
TRACE - 22.5.3 java.util.stream.ReferencePipeline$3@251c6468
TRACE - 22.7.0 java.util.stream.ReferencePipeline$3@1abe07d7
TRACE - 4.1.2 java.util.stream.ReferencePipeline$3@2a0c9edb
TRACE - 22.7.1 java.util.stream.ReferencePipeline$3@943c930
TRACE - 22.7.2 java.util.stream.ReferencePipeline$3@3780c3c4
TRACE - 22.8.0 java.util.stream.ReferencePipeline$3@7179de78
TRACE - 22.8.1 java.util.stream.ReferencePipeline$3@1b13ff3f
TRACE - 22.8.2 java.util.stream.ReferencePipeline$3@c8ebf24
TRACE - 22.8.3 java.util.stream.ReferencePipeline$3@3d21d392
TRACE - 22.8.4 java.util.stream.ReferencePipeline$3@2945050
TRACE - 22.9.0 java.util.stream.ReferencePipeline$3@6faad3a
TRACE - 22.9.1 java.util.stream.ReferencePipeline$3@7f74455e
TRACE - 22.9.2 java.util.stream.ReferencePipeline$3@4c7aa461
TRACE - 23.0.0 java.util.stream.ReferencePipeline$3@6c4c6b6e
TRACE - 23.0.2 java.util.stream.ReferencePipeline$3@3f0c88a0
TRACE - 23.1.0 java.util.stream.ReferencePipeline$3@620f74aa
TRACE - 23.1.1 java.util.stream.ReferencePipeline$3@7bcf9d26
TRACE - 23.1.2 java.util.stream.ReferencePipeline$3@74d79e2a
TRACE - 23.1.3 java.util.stream.ReferencePipeline$3@2f455198
TRACE - 23.2.0 java.util.stream.ReferencePipeline$3@3676cafe
TRACE - 23.2.1 java.util.stream.ReferencePipeline$3@315747bb
TRACE - 23.2.2 java.util.stream.ReferencePipeline$3@79b9a975
TRACE - 23.2.3 java.util.stream.ReferencePipeline$3@7cf5ee4b
TRACE - 23.2.4 java.util.stream.ReferencePipeline$3@7c54fa11
TRACE - 23.2.5 java.util.stream.ReferencePipeline$3@77b510bf
TRACE - 23.2.6 java.util.stream.ReferencePipeline$3@4373ed3d
TRACE - 23.2.7 java.util.stream.ReferencePipeline$3@1027d4ae
TRACE - 23.2.8 java.util.stream.ReferencePipeline$3@4bf830c9
TRACE - 24.0.0 java.util.stream.ReferencePipeline$3@1417f1e1
TRACE - 24.0.1 java.util.stream.ReferencePipeline$3@48d1ec5b
TRACE - 24.1.0-rc1 java.util.stream.ReferencePipeline$3@66fdd34b
TRACE - 24.1.1 java.util.stream.ReferencePipeline$3@6c89d925
TRACE - 24.1.2 java.util.stream.ReferencePipeline$3@47bab5ac
TRACE - 24.1.3 java.util.stream.ReferencePipeline$3@4e2a34
TRACE - 24.2.0-beta1 java.util.stream.ReferencePipeline$3@8a1d6fd
TRACE - 24.2.1 java.util.stream.ReferencePipeline$3@2ac3663d
TRACE - 24.2.2 java.util.stream.ReferencePipeline$3@38c6a11c
TRACE - 24.2.3 java.util.stream.ReferencePipeline$3@492833ba
TRACE - 24.3.0 java.util.stream.ReferencePipeline$3@4f38025c
TRACE - 24.3.1 java.util.stream.ReferencePipeline$3@7efb6708
TRACE - 24.5.0 java.util.stream.ReferencePipeline$3@7338f78a
TRACE - 25.0.0 java.util.stream.ReferencePipeline$3@7b05bfb4
TRACE - 25.1.0 java.util.stream.ReferencePipeline$3@7420786a
TRACE - 25.1.2 java.util.stream.ReferencePipeline$3@51c692c1
TRACE - 25.1.3 java.util.stream.ReferencePipeline$3@6576bbd4
TRACE - 25.2.0 java.util.stream.ReferencePipeline$3@33d850d1
TRACE - 25.3.0 java.util.stream.ReferencePipeline$3@444c9de8
TRACE - 4.1.2 java.util.stream.ReferencePipeline$3@f2de3ec
TRACE - 2.3.0.M1 java.util.stream.ReferencePipeline$3@d11f590
TRACE - 2.3.0.M1 java.util.stream.ReferencePipeline$3@1e23a0ea
TRACE - 2.3.1 java.util.stream.ReferencePipeline$3@695e22b
TRACE - 2.3.2 java.util.stream.ReferencePipeline$3@114f9d99
TRACE - 2.3.3 java.util.stream.ReferencePipeline$3@13705755
TRACE - 2.3.4 java.util.stream.ReferencePipeline$3@10579121
TRACE - 2.3.4 java.util.stream.ReferencePipeline$3@39fabdba
TRACE - 2.3.6 java.util.stream.ReferencePipeline$3@54345c49
TRACE - 2.3.7 java.util.stream.ReferencePipeline$3@45ef7365
TRACE - 2.3.8 java.util.stream.ReferencePipeline$3@691d2c60
TRACE - 3.0.0.M1 java.util.stream.ReferencePipeline$3@5664b94
TRACE - 2.3.0.M1 java.util.stream.ReferencePipeline$3@4b0021c9
TRACE - 2.3.0.M1 java.util.stream.ReferencePipeline$3@57a071da
TRACE - 2.3.1 java.util.stream.ReferencePipeline$3@19add3bb
TRACE - 2.3.2 java.util.stream.ReferencePipeline$3@797f71e1
TRACE - 2.3.3 java.util.stream.ReferencePipeline$3@33bb196e
TRACE - 2.3.4 java.util.stream.ReferencePipeline$3@67418062
TRACE - 2.3.4 java.util.stream.ReferencePipeline$3@1086b73a
TRACE - 2.3.6 java.util.stream.ReferencePipeline$3@12f42cb2
TRACE - 2.3.7 java.util.stream.ReferencePipeline$3@79ef37eb
TRACE - 2.3.8 java.util.stream.ReferencePipeline$3@12c6ea24
TRACE - 3.0.0.M1 java.util.stream.ReferencePipeline$3@375cb021
TRACE - 4.0 java.util.stream.ReferencePipeline$3@26f9650
TRACE - 22.4.0 java.util.stream.ReferencePipeline$3@eecbb88
TRACE - 22.4.1 java.util.stream.ReferencePipeline$3@507375af
TRACE - 22.4.2 java.util.stream.ReferencePipeline$3@464689e7
TRACE - 22.5.0 java.util.stream.ReferencePipeline$3@556b3ac9
TRACE - 22.5.1 java.util.stream.ReferencePipeline$3@3eb0fb17
TRACE - 22.5.2 java.util.stream.ReferencePipeline$3@75a53f63
TRACE - 22.5.3 java.util.stream.ReferencePipeline$3@75e8981
TRACE - 22.7.0 java.util.stream.ReferencePipeline$3@bef56d1
TRACE - 22.7.1 java.util.stream.ReferencePipeline$3@32be6cf8
TRACE - 22.7.2 java.util.stream.ReferencePipeline$3@6ebc03eb
TRACE - 22.8.0 java.util.stream.ReferencePipeline$3@1ddd8d3c
TRACE - 22.8.1 java.util.stream.ReferencePipeline$3@6c751988
TRACE - 22.8.2 java.util.stream.ReferencePipeline$3@2ded6152
TRACE - 22.8.3 java.util.stream.ReferencePipeline$3@23409c5f
TRACE - 22.8.4 java.util.stream.ReferencePipeline$3@52854166
TRACE - 22.9.0 java.util.stream.ReferencePipeline$3@16f8abe7
TRACE - 22.9.1 java.util.stream.ReferencePipeline$3@5059af9b
TRACE - 22.9.2 java.util.stream.ReferencePipeline$3@77dc73ab
TRACE - 23.0.0 java.util.stream.ReferencePipeline$3@f2a9247
TRACE - 23.0.2 java.util.stream.ReferencePipeline$3@5cdeb7d6
TRACE - 23.1.0 java.util.stream.ReferencePipeline$3@41e6fea1
TRACE - 23.1.1 java.util.stream.ReferencePipeline$3@55b38c1d
TRACE - 23.1.2 java.util.stream.ReferencePipeline$3@ed08446
TRACE - 23.1.3 java.util.stream.ReferencePipeline$3@2799e24d
TRACE - 23.2.0 java.util.stream.ReferencePipeline$3@517c03e9
TRACE - 23.2.1 java.util.stream.ReferencePipeline$3@18e6aebf
TRACE - 23.2.2 java.util.stream.ReferencePipeline$3@129efb51
TRACE - 23.2.3 java.util.stream.ReferencePipeline$3@7afdf8c5
TRACE - 23.2.4 java.util.stream.ReferencePipeline$3@4bafcf38
TRACE - 23.2.5 java.util.stream.ReferencePipeline$3@669113a4
TRACE - 23.2.6 java.util.stream.ReferencePipeline$3@3302854
TRACE - 23.2.7 java.util.stream.ReferencePipeline$3@161ed327
TRACE - 23.2.8 java.util.stream.ReferencePipeline$3@237d18d3
TRACE - 24.0.0 java.util.stream.ReferencePipeline$3@4d9f232b
TRACE - 24.0.1 java.util.stream.ReferencePipeline$3@4fefc044
TRACE - 24.1.0-rc1 java.util.stream.ReferencePipeline$3@2f08b575
TRACE - 24.1.2 java.util.stream.ReferencePipeline$3@64789bc7
TRACE - 24.2.1 java.util.stream.ReferencePipeline$3@50ca6a18
TRACE - 0.4.0-RC1 java.util.stream.ReferencePipeline$3@47e8bc4
TRACE - 24.2.2 java.util.stream.ReferencePipeline$3@61966da5
TRACE - 24.2.3 java.util.stream.ReferencePipeline$3@bdfcfff
TRACE - 24.3.0 java.util.stream.ReferencePipeline$3@2bd9cbe0
TRACE - 24.3.1 java.util.stream.ReferencePipeline$3@2840ee29
TRACE - 24.5.0 java.util.stream.ReferencePipeline$3@7ae945c1
TRACE - 25.0.0 java.util.stream.ReferencePipeline$3@fbccd54
TRACE - 25.1.0 java.util.stream.ReferencePipeline$3@6a5f8188
TRACE - 25.1.2 java.util.stream.ReferencePipeline$3@45c11b4c
TRACE - 25.1.3 java.util.stream.ReferencePipeline$3@75b68978
TRACE - 25.2.0 java.util.stream.ReferencePipeline$3@1c893cf7
TRACE - 25.3.0 java.util.stream.ReferencePipeline$3@a4cbd2f
TRACE - 0.15 java.util.stream.ReferencePipeline$3@73c69965
TRACE - 1.0.2.RELEASE java.util.stream.ReferencePipeline$3@479adc51
TRACE - 0.36.0 java.util.stream.ReferencePipeline$3@23fb262c
TRACE - 0.36.0 java.util.stream.ReferencePipeline$3@3097623a
TRACE - 2.3.6 java.util.stream.ReferencePipeline$3@6c741dce
TRACE - 2.3.7 java.util.stream.ReferencePipeline$3@4c049d39
TRACE - 2.3.8 java.util.stream.ReferencePipeline$3@2c94f224
TRACE - 2.3.0.M1 java.util.stream.ReferencePipeline$3@4d0ca823
TRACE - 2.3.0.M1 java.util.stream.ReferencePipeline$3@4d72f3ce
TRACE - 2.3.1 java.util.stream.ReferencePipeline$3@7aff2b1f
TRACE - 2.3.2 java.util.stream.ReferencePipeline$3@3d358894
TRACE - 2.3.3 java.util.stream.ReferencePipeline$3@155072a1
TRACE - 2.3.4 java.util.stream.ReferencePipeline$3@4f661f46
TRACE - 2.3.4 java.util.stream.ReferencePipeline$3@4cc27266
TRACE - 2.3.6 java.util.stream.ReferencePipeline$3@5d223242
TRACE - 2.3.7 java.util.stream.ReferencePipeline$3@4b71863d
TRACE - 2.3.8 java.util.stream.ReferencePipeline$3@34122c3a
TRACE - 3.0.0.M1 java.util.stream.ReferencePipeline$3@6b9c399c
TRACE - 4.1.0 java.util.stream.ReferencePipeline$3@42eb4cf
TRACE - 4.1.0 java.util.stream.ReferencePipeline$3@219ce9a4
TRACE - 4.1.0 java.util.stream.ReferencePipeline$3@7313880e
TRACE - 4.1.0 java.util.stream.ReferencePipeline$3@3c30d03
TRACE - 6.9.8 java.util.stream.ReferencePipeline$3@21795f3a
TRACE - 2.3.1 java.util.stream.ReferencePipeline$3@7101e8da
TRACE - 2.3.2 java.util.stream.ReferencePipeline$3@ae70f3
TRACE - 2.3.3 java.util.stream.ReferencePipeline$3@202d0ed3
TRACE - 2.3.4 java.util.stream.ReferencePipeline$3@4b460563
TRACE - 2.3.4 java.util.stream.ReferencePipeline$3@35ff63e9
TRACE - 2.3.6 java.util.stream.ReferencePipeline$3@46a5a44d
TRACE - 2.3.7 java.util.stream.ReferencePipeline$3@eb661dc
TRACE - 2.3.8 java.util.stream.ReferencePipeline$3@75201074
TRACE - 3.0.0.M1 java.util.stream.ReferencePipeline$3@3b0ec512
TRACE - 4.1.2 java.util.stream.ReferencePipeline$3@50e289f2
TRACE - 2.3.0.M1 java.util.stream.ReferencePipeline$3@62a05b2b
TRACE - 2.3.1 java.util.stream.ReferencePipeline$3@558cd2e
TRACE - 2.3.0.M1 java.util.stream.ReferencePipeline$3@2ef6a0dc
TRACE - 3.0.0.M1 java.util.stream.ReferencePipeline$3@7cd02b47
TRACE - 2.3.1 java.util.stream.ReferencePipeline$3@46730d6e
TRACE - 2.3.2 java.util.stream.ReferencePipeline$3@4d7dc256
TRACE - 2.3.3 java.util.stream.ReferencePipeline$3@2d64a1d1
TRACE - 2.3.4 java.util.stream.ReferencePipeline$3@368f04e1
TRACE - 2.3.4 java.util.stream.ReferencePipeline$3@68c97723
TRACE - 2.3.6 java.util.stream.ReferencePipeline$3@4b85771e
TRACE - 2.3.7 java.util.stream.ReferencePipeline$3@43672d96
TRACE - 2.3.8 java.util.stream.ReferencePipeline$3@d018117
TRACE - 3.0.0.M1 java.util.stream.ReferencePipeline$3@2ed28ffb
TRACE - 2.3.6 java.util.stream.ReferencePipeline$3@2714d119
TRACE - 2.3.7 java.util.stream.ReferencePipeline$3@557d5db4
TRACE - 2.3.8 java.util.stream.ReferencePipeline$3@193dfb1f
TRACE - 3.0.0.M1 java.util.stream.ReferencePipeline$3@671e237e
TRACE - 2.3.0.M1 java.util.stream.ReferencePipeline$3@2760b68f
TRACE - 2.3.0.M1 java.util.stream.ReferencePipeline$3@60678c30
TRACE - 2.3.1 java.util.stream.ReferencePipeline$3@45b11ffa
TRACE - 2.3.2 java.util.stream.ReferencePipeline$3@4feb9e09
TRACE - 2.3.3 java.util.stream.ReferencePipeline$3@6d9d8db5
TRACE - 2.3.4 java.util.stream.ReferencePipeline$3@31479a3a
TRACE - 2.3.4 java.util.stream.ReferencePipeline$3@7cc41d27
TRACE - 2.3.6 java.util.stream.ReferencePipeline$3@6fcccf60
TRACE - 2.3.7 java.util.stream.ReferencePipeline$3@6e3d0709
TRACE - 2.3.8 java.util.stream.ReferencePipeline$3@63a6c6be
TRACE - 2.8.3 java.util.stream.ReferencePipeline$3@2e15eba6
TRACE - 2.8.5 java.util.stream.ReferencePipeline$3@31181470
TRACE - 2.3.1 java.util.stream.ReferencePipeline$3@6683aa9d
TRACE - 2.3.2 java.util.stream.ReferencePipeline$3@59accb04
TRACE - 2.3.3 java.util.stream.ReferencePipeline$3@2f3f362d
TRACE - 2.3.4 java.util.stream.ReferencePipeline$3@39acf567
TRACE - 2.3.4 java.util.stream.ReferencePipeline$3@4200678d
TRACE - 22.4.0 java.util.stream.ReferencePipeline$3@6de7bab3
TRACE - 22.4.1 java.util.stream.ReferencePipeline$3@18b1b4cb
TRACE - 22.4.2 java.util.stream.ReferencePipeline$3@55dac49a
TRACE - 22.5.0 java.util.stream.ReferencePipeline$3@11337aca
TRACE - 22.5.1 java.util.stream.ReferencePipeline$3@41d1687d
TRACE - 22.5.2 java.util.stream.ReferencePipeline$3@54538b60
TRACE - 22.5.3 java.util.stream.ReferencePipeline$3@572e6b64
TRACE - 22.7.0 java.util.stream.ReferencePipeline$3@5d41be61
TRACE - 22.7.1 java.util.stream.ReferencePipeline$3@1799a734
TRACE - 22.7.2 java.util.stream.ReferencePipeline$3@5f59262c
TRACE - 22.8.0 java.util.stream.ReferencePipeline$3@7b8803e8
TRACE - 22.8.1 java.util.stream.ReferencePipeline$3@2b6a084e
TRACE - 22.8.2 java.util.stream.ReferencePipeline$3@7110aa10
TRACE - 22.8.3 java.util.stream.ReferencePipeline$3@676e9a58
TRACE - 22.8.4 java.util.stream.ReferencePipeline$3@5cc2521e
TRACE - 22.9.0 java.util.stream.ReferencePipeline$3@279119b0
TRACE - 22.9.1 java.util.stream.ReferencePipeline$3@53a56778
TRACE - 22.9.2 java.util.stream.ReferencePipeline$3@408a9b0e
TRACE - 23.0.0 java.util.stream.ReferencePipeline$3@e1663a3
TRACE - 23.0.2 java.util.stream.ReferencePipeline$3@2165b748
TRACE - 23.1.0 java.util.stream.ReferencePipeline$3@59039abb
TRACE - 23.1.1 java.util.stream.ReferencePipeline$3@4d45287e
TRACE - 23.1.2 java.util.stream.ReferencePipeline$3@7073510e
TRACE - 23.1.3 java.util.stream.ReferencePipeline$3@7c2077bf
TRACE - 23.2.0 java.util.stream.ReferencePipeline$3@39b3fcc2
TRACE - 23.2.1 java.util.stream.ReferencePipeline$3@5dd13552
TRACE - 23.2.2 java.util.stream.ReferencePipeline$3@37c0f4c7
TRACE - 23.2.3 java.util.stream.ReferencePipeline$3@48a2e00f
TRACE - 23.2.4 java.util.stream.ReferencePipeline$3@6ed14035
TRACE - 23.2.5 java.util.stream.ReferencePipeline$3@3afe8318
TRACE - 23.2.6 java.util.stream.ReferencePipeline$3@aa83e4c
TRACE - 23.2.7 java.util.stream.ReferencePipeline$3@55d5158e
TRACE - 23.2.8 java.util.stream.ReferencePipeline$3@316127e9
TRACE - 24.0.0 java.util.stream.ReferencePipeline$3@7fc9849e
TRACE - 24.0.1 java.util.stream.ReferencePipeline$3@34588f75
TRACE - 24.1.0-rc1 java.util.stream.ReferencePipeline$3@49dc8515
TRACE - 24.1.1 java.util.stream.ReferencePipeline$3@71babda8
TRACE - 24.1.2 java.util.stream.ReferencePipeline$3@42642a75
TRACE - 24.1.3 java.util.stream.ReferencePipeline$3@3237266b
TRACE - 24.2.0-beta1 java.util.stream.ReferencePipeline$3@1f6ef915
TRACE - 24.2.1 java.util.stream.ReferencePipeline$3@3b9d40ad
TRACE - 24.2.2 java.util.stream.ReferencePipeline$3@58c9f229
TRACE - 24.2.3 java.util.stream.ReferencePipeline$3@53468325
TRACE - 24.3.0 java.util.stream.ReferencePipeline$3@3b086e09
TRACE - 24.3.1 java.util.stream.ReferencePipeline$3@6a41d9ed
TRACE - 24.5.0 java.util.stream.ReferencePipeline$3@7d0e2636
TRACE - 25.0.0 java.util.stream.ReferencePipeline$3@1ab6cd19
TRACE - 25.1.0 java.util.stream.ReferencePipeline$3@62b69060
TRACE - 25.1.2 java.util.stream.ReferencePipeline$3@6dca36a
TRACE - 25.1.3 java.util.stream.ReferencePipeline$3@a6f1a11
TRACE - 25.2.0 java.util.stream.ReferencePipeline$3@261dc040
TRACE - 25.3.0 java.util.stream.ReferencePipeline$3@70fe7173
WARN - :org.jetbrains.kotlin:kotlin-stdlib is null
TRACE - 7.2.12 java.util.stream.ReferencePipeline$3@7d4b7022
TRACE - 7.2.17 java.util.stream.ReferencePipeline$3@2b93bff8
TRACE - 4.1.2 java.util.stream.ReferencePipeline$3@75ca6020
TRACE - 1.22.0 java.util.stream.ReferencePipeline$3@723a5978
TRACE - 4.3.5.RELEASE java.util.stream.ReferencePipeline$3@3f57d2c8
TRACE - 2.3.0.M1 java.util.stream.ReferencePipeline$3@660b8b7
TRACE - 2.3.0.M1 java.util.stream.ReferencePipeline$3@ded9cf3
TRACE - 2.3.1 java.util.stream.ReferencePipeline$3@4e1f01dd
TRACE - 2.3.2 java.util.stream.ReferencePipeline$3@33e8914a
TRACE - 2.3.3 java.util.stream.ReferencePipeline$3@30ce3280
TRACE - 2.3.4 java.util.stream.ReferencePipeline$3@51252a6e
TRACE - 2.3.4 java.util.stream.ReferencePipeline$3@6782d87e
TRACE - 2.3.0.M1 java.util.stream.ReferencePipeline$3@10976705
TRACE - 2.3.0.M1 java.util.stream.ReferencePipeline$3@510c1da5
TRACE - 2.3.1 java.util.stream.ReferencePipeline$3@29023bb0
TRACE - 2.3.2 java.util.stream.ReferencePipeline$3@58b257c6
TRACE - 2.3.3 java.util.stream.ReferencePipeline$3@7336ac9a
TRACE - 2.3.4 java.util.stream.ReferencePipeline$3@42e6666c
TRACE - 2.3.4 java.util.stream.ReferencePipeline$3@7a011a3b
TRACE - 2.3.6 java.util.stream.ReferencePipeline$3@30476eda
TRACE - 2.3.7 java.util.stream.ReferencePipeline$3@76535634
TRACE - 2.3.8 java.util.stream.ReferencePipeline$3@7779b94
TRACE - 3.0.0.M1 java.util.stream.ReferencePipeline$3@75558983
TRACE - 1.8.21 java.util.stream.ReferencePipeline$3@34b74d1b
TRACE - 1.8.23 java.util.stream.ReferencePipeline$3@12dbf1cf
TRACE - 3.0.3.RELEASE java.util.stream.ReferencePipeline$3@135a4bf5
TRACE - 3.0.4.RELEASE java.util.stream.ReferencePipeline$3@6197641d
TRACE - 3.0.6.RELEASE java.util.stream.ReferencePipeline$3@29c0b7af
TRACE - 3.1.0.RELEASE java.util.stream.ReferencePipeline$3@2a362e0d
TRACE - 2.1.7 java.util.stream.ReferencePipeline$3@3669ad8d
TRACE - 2.1.7 java.util.stream.ReferencePipeline$3@6a67093
TRACE - 5.6.1 java.util.stream.ReferencePipeline$3@531d9a34
TRACE - 5.6.3 java.util.stream.ReferencePipeline$3@3cd7e0bd
TRACE - 6.2.2 java.util.stream.ReferencePipeline$3@2dbedb22
TRACE - 6.1.4 java.util.stream.ReferencePipeline$3@18a904ee
TRACE - 6.2.4 java.util.stream.ReferencePipeline$3@275ae1f5
TRACE - 6.3.2 java.util.stream.ReferencePipeline$3@248b2fab
TRACE - 4.1.2 java.util.stream.ReferencePipeline$3@2481e013
TRACE - 2.3.0.M1 java.util.stream.ReferencePipeline$3@79c640d1
TRACE - 2.3.0.M1 java.util.stream.ReferencePipeline$3@fe31079
TRACE - 2.3.1 java.util.stream.ReferencePipeline$3@eaa92f8
TRACE - 2.3.2 java.util.stream.ReferencePipeline$3@7f60acc9
TRACE - 2.3.3 java.util.stream.ReferencePipeline$3@34ebbb3c
TRACE - 2.3.4 java.util.stream.ReferencePipeline$3@231c1500
TRACE - 2.3.4 java.util.stream.ReferencePipeline$3@79fb7ec9
TRACE - 2.3.0.M1 java.util.stream.ReferencePipeline$3@7eef184d
TRACE - 2.3.0.M1 java.util.stream.ReferencePipeline$3@12610352
TRACE - 2.3.1 java.util.stream.ReferencePipeline$3@297191b1
TRACE - 2.3.2 java.util.stream.ReferencePipeline$3@70310c8d
TRACE - 2.3.3 java.util.stream.ReferencePipeline$3@761a4fb6
TRACE - 2.3.4 java.util.stream.ReferencePipeline$3@6c7bb9b4
TRACE - 2.3.4 java.util.stream.ReferencePipeline$3@49a24193
TRACE - 1.8.27 java.util.stream.ReferencePipeline$3@342d5f52
TRACE - 1.9.0 java.util.stream.ReferencePipeline$3@5b91f221
TRACE - 1.9.13 java.util.stream.ReferencePipeline$3@40a15745
TRACE - 1.9.13 java.util.stream.ReferencePipeline$3@607037b0
TRACE - 2.0.18 java.util.stream.ReferencePipeline$3@3ef92323
TRACE - 3.0.0 java.util.stream.ReferencePipeline$3@6aadde27
TRACE - 3.0.3 java.util.stream.ReferencePipeline$3@20fcb748
TRACE - 3.0.5 java.util.stream.ReferencePipeline$3@41d0c950
TRACE - 3.0.6 java.util.stream.ReferencePipeline$3@36c70a72
TRACE - 3.0.7 java.util.stream.ReferencePipeline$3@329fb66b
TRACE - 3.1.5 java.util.stream.ReferencePipeline$3@771c0187
TRACE - 3.2.1 java.util.stream.ReferencePipeline$3@30c1cc7d
TRACE - 3.4.8 java.util.stream.ReferencePipeline$3@3e5bd48d
TRACE - 3.6.0 java.util.stream.ReferencePipeline$3@71b801c3
